<?xml version="1.0" encoding="utf-8"?>
<!DOCTYPE coverage SYSTEM "http://cobertura.sourceforge.net/xml/coverage-04.dtd">
<coverage line-rate="0.272189349112426" branch-rate="0.0581395348837209" lines-covered="46" lines-valid="169" branches-covered="5" branches-valid="86" complexity="109" version="0" timestamp="1711837414">
  <sources>
    <source>C:\Users\Angel\</source>
  </sources>
  <packages>
    <package name="LARemodeling" line-rate="0.0962962962962963" branch-rate="0.0581395348837209" complexity="103">
      <classes>
        <class name="AspNetCoreGeneratedDocument.Views__ViewStart" filename="C:\Users\Angel\OneDrive\Desktop\repos\LARemodeling\LARemodeling\Views\_ViewStart.cshtml" line-rate="0" branch-rate="1" complexity="1">
          <methods>
            <method name="ExecuteAsync" signature="()" line-rate="0" branch-rate="1" complexity="1">
              <lines>
                <line number="2" hits="0" branch="false" />
              </lines>
            </method>
          </methods>
          <lines>
            <line number="2" hits="0" branch="false" />
          </lines>
        </class>
        <class name="AspNetCoreGeneratedDocument.Views_Home_Index" filename="C:\Users\Angel\OneDrive\Desktop\repos\LARemodeling\LARemodeling\Views\Home\Index.cshtml" line-rate="0" branch-rate="0" complexity="22">
          <methods>
            <method name="ExecuteAsync" signature="()" line-rate="0" branch-rate="0" complexity="22">
              <lines>
                <line number="92" hits="0" branch="true" condition-coverage="0% (0/8)" />
                <line number="93" hits="0" branch="false" />
                <line number="94" hits="0" branch="true" condition-coverage="0% (0/8)" />
                <line number="96" hits="0" branch="true" condition-coverage="0% (0/4)" />
                <line number="98" hits="0" branch="true" condition-coverage="0% (0/2)" />
              </lines>
            </method>
          </methods>
          <lines>
            <line number="92" hits="0" branch="true" condition-coverage="0% (0/8)" />
            <line number="93" hits="0" branch="false" />
            <line number="94" hits="0" branch="true" condition-coverage="0% (0/8)" />
            <line number="96" hits="0" branch="true" condition-coverage="0% (0/4)" />
            <line number="98" hits="0" branch="true" condition-coverage="0% (0/2)" />
          </lines>
        </class>
        <class name="AspNetCoreGeneratedDocument.Views_Home_InquiryManager" filename="C:\Users\Angel\OneDrive\Desktop\repos\LARemodeling\LARemodeling\Views\Home\InquiryManager.cshtml" line-rate="0" branch-rate="0" complexity="6">
          <methods>
            <method name="&lt;ExecuteAsync" signature="()" line-rate="0" branch-rate="0" complexity="2">
              <lines>
                <line number="28" hits="0" branch="true" condition-coverage="0% (0/2)" />
              </lines>
            </method>
            <method name="ExecuteAsync" signature="()" line-rate="0" branch-rate="0" complexity="4">
              <lines>
                <line number="18" hits="0" branch="true" condition-coverage="0% (0/2)" />
                <line number="19" hits="0" branch="false" />
                <line number="21" hits="0" branch="false" />
                <line number="22" hits="0" branch="false" />
                <line number="23" hits="0" branch="false" />
                <line number="24" hits="0" branch="false" />
                <line number="25" hits="0" branch="true" condition-coverage="0% (0/2)" />
                <line number="28" hits="0" branch="true" condition-coverage="0% (0/2)" />
                <line number="35" hits="0" branch="false" />
              </lines>
            </method>
          </methods>
          <lines>
            <line number="18" hits="0" branch="true" condition-coverage="0% (0/2)" />
            <line number="19" hits="0" branch="false" />
            <line number="21" hits="0" branch="false" />
            <line number="22" hits="0" branch="false" />
            <line number="23" hits="0" branch="false" />
            <line number="24" hits="0" branch="false" />
            <line number="25" hits="0" branch="true" condition-coverage="0% (0/2)" />
            <line number="28" hits="0" branch="true" condition-coverage="0% (0/2)" />
            <line number="35" hits="0" branch="false" />
          </lines>
        </class>
        <class name="AspNetCoreGeneratedDocument.Views_Shared__InquiryForm" filename="C:\Users\Angel\OneDrive\Desktop\repos\LARemodeling\LARemodeling\Views\Shared\_InquiryForm.cshtml" line-rate="0" branch-rate="0" complexity="16">
          <methods>
            <method name="&lt;ExecuteAsync" signature="()" line-rate="0" branch-rate="0" complexity="16">
              <lines>
                <line number="8" hits="0" branch="true" condition-coverage="0% (0/2)" />
                <line number="10" hits="0" branch="true" condition-coverage="0% (0/2)" />
                <line number="13" hits="0" branch="true" condition-coverage="0% (0/2)" />
                <line number="14" hits="0" branch="true" condition-coverage="0% (0/2)" />
                <line number="18" hits="0" branch="true" condition-coverage="0% (0/2)" />
                <line number="19" hits="0" branch="true" condition-coverage="0% (0/2)" />
                <line number="23" hits="0" branch="true" condition-coverage="0% (0/2)" />
                <line number="24" hits="0" branch="true" condition-coverage="0% (0/2)" />
              </lines>
            </method>
          </methods>
          <lines>
            <line number="8" hits="0" branch="true" condition-coverage="0% (0/2)" />
            <line number="10" hits="0" branch="true" condition-coverage="0% (0/2)" />
            <line number="13" hits="0" branch="true" condition-coverage="0% (0/2)" />
            <line number="14" hits="0" branch="true" condition-coverage="0% (0/2)" />
            <line number="18" hits="0" branch="true" condition-coverage="0% (0/2)" />
            <line number="19" hits="0" branch="true" condition-coverage="0% (0/2)" />
            <line number="23" hits="0" branch="true" condition-coverage="0% (0/2)" />
            <line number="24" hits="0" branch="true" condition-coverage="0% (0/2)" />
          </lines>
        </class>
        <class name="AspNetCoreGeneratedDocument.Views_Shared__Layout" filename="C:\Users\Angel\OneDrive\Desktop\repos\LARemodeling\LARemodeling\Views\Shared\_Layout.cshtml" line-rate="0" branch-rate="0" complexity="22">
          <methods>
            <method name="&lt;ExecuteAsync" signature="()" line-rate="0" branch-rate="0" complexity="6">
              <lines>
                <line number="6" hits="0" branch="true" condition-coverage="0% (0/4)" />
                <line number="9" hits="0" branch="true" condition-coverage="0% (0/2)" />
              </lines>
            </method>
            <method name="&lt;ExecuteAsync" signature="()" line-rate="0" branch-rate="0" complexity="16">
              <lines>
                <line number="37" hits="0" branch="true" condition-coverage="0% (0/12)" />
                <line number="53" hits="0" branch="true" condition-coverage="0% (0/4)" />
              </lines>
            </method>
          </methods>
          <lines>
            <line number="6" hits="0" branch="true" condition-coverage="0% (0/4)" />
            <line number="9" hits="0" branch="true" condition-coverage="0% (0/2)" />
            <line number="37" hits="0" branch="true" condition-coverage="0% (0/12)" />
            <line number="53" hits="0" branch="true" condition-coverage="0% (0/4)" />
          </lines>
        </class>
        <class name="AspNetCoreGeneratedDocument.Views_Shared_Error" filename="C:\Users\Angel\OneDrive\Desktop\repos\LARemodeling\LARemodeling\Views\Shared\Error.cshtml" line-rate="0" branch-rate="0" complexity="2">
          <methods>
            <method name="ExecuteAsync" signature="()" line-rate="0" branch-rate="0" complexity="2">
              <lines>
                <line number="6" hits="0" branch="false" />
                <line number="13" hits="0" branch="true" condition-coverage="0% (0/2)" />
                <line number="14" hits="0" branch="false" />
                <line number="16" hits="0" branch="false" />
                <line number="18" hits="0" branch="false" />
              </lines>
            </method>
          </methods>
          <lines>
            <line number="6" hits="0" branch="false" />
            <line number="13" hits="0" branch="true" condition-coverage="0% (0/2)" />
            <line number="14" hits="0" branch="false" />
            <line number="16" hits="0" branch="false" />
            <line number="18" hits="0" branch="false" />
          </lines>
        </class>
        <class name="LARemodeling.Controllers.HomeController" filename="C:\Users\Angel\OneDrive\Desktop\repos\LARemodeling\LARemodeling\Controllers\HomeController.cs" line-rate="0.3" branch-rate="0.416666666666667" complexity="16">
          <methods>
            <method name="Index" signature="()" line-rate="1" branch-rate="1" complexity="2">
              <lines>
                <line number="13" hits="1" branch="false" />
                <line number="14" hits="1" branch="true" condition-coverage="100% (2/2)" />
                <line number="16" hits="1" branch="false" />
                <line number="17" hits="1" branch="false" />
              </lines>
            </method>
            <method name="FormSubmit" signature="(...)" line-rate="0" branch-rate="0" complexity="4">
              <lines>
                <line number="22" hits="0" branch="false" />
                <line number="23" hits="0" branch="true" condition-coverage="0% (0/2)" />
                <line number="24" hits="0" branch="false" />
                <line number="25" hits="0" branch="false" />
                <line number="27" hits="0" branch="false" />
                <line number="30" hits="0" branch="true" condition-coverage="0% (0/2)" />
                <line number="31" hits="0" branch="false" />
                <line number="32" hits="0" branch="false" />
                <line number="34" hits="0" branch="false" />
                <line number="37" hits="0" branch="false" />
                <line number="38" hits="0" branch="false" />
              </lines>
            </method>
            <method name="Portfolio" signature="()" line-rate="1" branch-rate="1" complexity="1">
              <lines>
                <line number="40" hits="1" branch="false" />
              </lines>
            </method>
            <method name="Privacy" signature="()" line-rate="1" branch-rate="1" complexity="1">
              <lines>
                <line number="42" hits="1" branch="false" />
              </lines>
            </method>
            <method name="InquiryManager" signature="()" line-rate="0" branch-rate="1" complexity="1">
              <lines>
                <line number="45" hits="0" branch="false" />
                <line number="46" hits="0" branch="false" />
                <line number="48" hits="0" branch="false" />
                <line number="49" hits="0" branch="false" />
              </lines>
            </method>
            <method name="DeleteInquiry" signature="(...)" line-rate="0" branch-rate="0" complexity="2">
              <lines>
                <line number="54" hits="0" branch="false" />
                <line number="55" hits="0" branch="true" condition-coverage="0% (0/2)" />
                <line number="56" hits="0" branch="false" />
                <line number="57" hits="0" branch="false" />
                <line number="60" hits="0" branch="false" />
                <line number="61" hits="0" branch="false" />
              </lines>
            </method>
            <method name="Error" signature="()" line-rate="1" branch-rate="0.75" complexity="4">
              <lines>
                <line number="65" hits="1" branch="true" condition-coverage="75% (3/4)" />
              </lines>
            </method>
            <method name=".ctor" signature="(...)" line-rate="1" branch-rate="1" complexity="1">
              <lines>
                <line number="7" hits="4" branch="false" />
                <line number="9" hits="4" branch="false" />
              </lines>
            </method>
          </methods>
          <lines>
            <line number="7" hits="4" branch="false" />
            <line number="9" hits="4" branch="false" />
            <line number="13" hits="1" branch="false" />
            <line number="14" hits="1" branch="true" condition-coverage="100% (2/2)" />
            <line number="16" hits="1" branch="false" />
            <line number="17" hits="1" branch="false" />
            <line number="22" hits="0" branch="false" />
            <line number="23" hits="0" branch="true" condition-coverage="0% (0/2)" />
            <line number="24" hits="0" branch="false" />
            <line number="25" hits="0" branch="false" />
            <line number="27" hits="0" branch="false" />
            <line number="30" hits="0" branch="true" condition-coverage="0% (0/2)" />
            <line number="31" hits="0" branch="false" />
            <line number="32" hits="0" branch="false" />
            <line number="34" hits="0" branch="false" />
            <line number="37" hits="0" branch="false" />
            <line number="38" hits="0" branch="false" />
            <line number="40" hits="1" branch="false" />
            <line number="42" hits="1" branch="false" />
            <line number="45" hits="0" branch="false" />
            <line number="46" hits="0" branch="false" />
            <line number="48" hits="0" branch="false" />
            <line number="49" hits="0" branch="false" />
            <line number="54" hits="0" branch="false" />
            <line number="55" hits="0" branch="true" condition-coverage="0% (0/2)" />
            <line number="56" hits="0" branch="false" />
            <line number="57" hits="0" branch="false" />
            <line number="60" hits="0" branch="false" />
            <line number="61" hits="0" branch="false" />
            <line number="65" hits="1" branch="true" condition-coverage="75% (3/4)" />
          </lines>
        </class>
        <class name="LARemodeling.DapperWrapper" filename="C:\Users\Angel\OneDrive\Desktop\repos\LARemodeling\LARemodeling\DapperWrapper.cs" line-rate="0" branch-rate="1" complexity="2">
          <methods>
            <method name="Execute" signature="(...)" line-rate="0" branch-rate="1" complexity="1">
              <lines>
                <line number="15" hits="0" branch="false" />
                <line number="16" hits="0" branch="false" />
                <line number="18" hits="0" branch="false" />
                <line number="20" hits="0" branch="false" />
                <line number="21" hits="0" branch="false" />
              </lines>
            </method>
            <method name="Query" signature="(...)" line-rate="0" branch-rate="1" complexity="1">
              <lines>
                <line number="31" hits="0" branch="false" />
                <line number="32" hits="0" branch="false" />
                <line number="34" hits="0" branch="false" />
                <line number="36" hits="0" branch="false" />
                <line number="37" hits="0" branch="false" />
              </lines>
            </method>
          </methods>
          <lines>
            <line number="15" hits="0" branch="false" />
            <line number="16" hits="0" branch="false" />
            <line number="18" hits="0" branch="false" />
            <line number="20" hits="0" branch="false" />
            <line number="21" hits="0" branch="false" />
            <line number="31" hits="0" branch="false" />
            <line number="32" hits="0" branch="false" />
            <line number="34" hits="0" branch="false" />
            <line number="36" hits="0" branch="false" />
            <line number="37" hits="0" branch="false" />
          </lines>
        </class>
        <class name="LARemodeling.LARemodelingRepo" filename="C:\Users\Angel\OneDrive\Desktop\repos\LARemodeling\LARemodeling\LARemodelingRepo.cs" line-rate="0" branch-rate="0" complexity="7">
          <methods>
            <method name="InsertInquiry" signature="(...)" line-rate="0" branch-rate="1" complexity="1">
              <lines>
                <line number="13" hits="0" branch="false" />
                <line number="15" hits="0" branch="false" />
                <line number="16" hits="0" branch="false" />
                <line number="18" hits="0" branch="false" />
                <line number="20" hits="0" branch="false" />
                <line number="21" hits="0" branch="false" />
                <line number="22" hits="0" branch="false" />
                <line number="24" hits="0" branch="false" />
                <line number="26" hits="0" branch="false" />
              </lines>
            </method>
            <method name="GetAllInquiries" signature="()" line-rate="0" branch-rate="1" complexity="1">
              <lines>
                <line number="29" hits="0" branch="false" />
                <line number="31" hits="0" branch="false" />
                <line number="32" hits="0" branch="false" />
                <line number="34" hits="0" branch="false" />
                <line number="35" hits="0" branch="false" />
                <line number="36" hits="0" branch="false" />
                <line number="38" hits="0" branch="false" />
                <line number="40" hits="0" branch="false" />
              </lines>
            </method>
            <method name="DeleteInquiry" signature="(...)" line-rate="0" branch-rate="1" complexity="1">
              <lines>
                <line number="43" hits="0" branch="false" />
                <line number="45" hits="0" branch="false" />
                <line number="46" hits="0" branch="false" />
                <line number="48" hits="0" branch="false" />
                <line number="50" hits="0" branch="false" />
                <line number="51" hits="0" branch="false" />
                <line number="52" hits="0" branch="false" />
                <line number="54" hits="0" branch="false" />
                <line number="56" hits="0" branch="false" />
              </lines>
            </method>
            <method name=".ctor" signature="(...)" line-rate="0" branch-rate="0" complexity="4">
              <lines>
                <line number="7" hits="0" branch="false" />
                <line number="9" hits="0" branch="true" condition-coverage="0% (0/2)" />
                <line number="10" hits="0" branch="true" condition-coverage="0% (0/2)" />
              </lines>
            </method>
          </methods>
          <lines>
            <line number="7" hits="0" branch="false" />
            <line number="9" hits="0" branch="true" condition-coverage="0% (0/2)" />
            <line number="10" hits="0" branch="true" condition-coverage="0% (0/2)" />
            <line number="13" hits="0" branch="false" />
            <line number="15" hits="0" branch="false" />
            <line number="16" hits="0" branch="false" />
            <line number="18" hits="0" branch="false" />
            <line number="20" hits="0" branch="false" />
            <line number="21" hits="0" branch="false" />
            <line number="22" hits="0" branch="false" />
            <line number="24" hits="0" branch="false" />
            <line number="26" hits="0" branch="false" />
            <line number="29" hits="0" branch="false" />
            <line number="31" hits="0" branch="false" />
            <line number="32" hits="0" branch="false" />
            <line number="34" hits="0" branch="false" />
            <line number="35" hits="0" branch="false" />
            <line number="36" hits="0" branch="false" />
            <line number="38" hits="0" branch="false" />
            <line number="40" hits="0" branch="false" />
            <line number="43" hits="0" branch="false" />
            <line number="45" hits="0" branch="false" />
            <line number="46" hits="0" branch="false" />
            <line number="48" hits="0" branch="false" />
            <line number="50" hits="0" branch="false" />
            <line number="51" hits="0" branch="false" />
            <line number="52" hits="0" branch="false" />
            <line number="54" hits="0" branch="false" />
            <line number="56" hits="0" branch="false" />
          </lines>
        </class>
        <class name="LARemodeling.Models.ErrorViewModel" filename="C:\Users\Angel\OneDrive\Desktop\repos\LARemodeling\LARemodeling\Models\ErrorViewModel.cs" line-rate="0.5" branch-rate="1" complexity="2">
          <methods>
            <method name="get_RequestId" signature="()" line-rate="1" branch-rate="1" complexity="1">
              <lines>
                <line number="5" hits="2" branch="false" />
              </lines>
            </method>
            <method name="get_ShowRequestId" signature="()" line-rate="0" branch-rate="1" complexity="1">
              <lines>
                <line number="6" hits="0" branch="false" />
              </lines>
            </method>
          </methods>
          <lines>
            <line number="5" hits="2" branch="false" />
            <line number="6" hits="0" branch="false" />
          </lines>
        </class>
        <class name="LARemodeling.Models.InquiryModel" filename="C:\Users\Angel\OneDrive\Desktop\repos\LARemodeling\LARemodeling\Models\InquiryModel.cs" line-rate="0.6" branch-rate="1" complexity="5">
          <methods>
            <method name="get_Inquiry_ID" signature="()" line-rate="0" branch-rate="1" complexity="1">
              <lines>
                <line number="5" hits="0" branch="false" />
              </lines>
            </method>
            <method name="get_Date" signature="()" line-rate="0" branch-rate="1" complexity="1">
              <lines>
                <line number="6" hits="0" branch="false" />
              </lines>
            </method>
            <method name="get_Name" signature="()" line-rate="1" branch-rate="1" complexity="1">
              <lines>
                <line number="7" hits="1" branch="false" />
              </lines>
            </method>
            <method name="get_Phone" signature="()" line-rate="1" branch-rate="1" complexity="1">
              <lines>
                <line number="8" hits="1" branch="false" />
              </lines>
            </method>
            <method name="get_Email" signature="()" line-rate="1" branch-rate="1" complexity="1">
              <lines>
                <line number="9" hits="1" branch="false" />
              </lines>
            </method>
          </methods>
          <lines>
            <line number="5" hits="0" branch="false" />
            <line number="6" hits="0" branch="false" />
            <line number="7" hits="1" branch="false" />
            <line number="8" hits="1" branch="false" />
            <line number="9" hits="1" branch="false" />
          </lines>
        </class>
        <class name="Program" filename="C:\Users\Angel\OneDrive\Desktop\repos\LARemodeling\LARemodeling\Program.cs" line-rate="0" branch-rate="0" complexity="2">
          <methods>
            <method name="&lt;Main&gt;$" signature="(...)" line-rate="0" branch-rate="0" complexity="2">
              <lines>
                <line number="5" hits="0" branch="false" />
                <line number="7" hits="0" branch="false" />
                <line number="9" hits="0" branch="false" />
                <line number="11" hits="0" branch="false" />
                <line number="12" hits="0" branch="false" />
                <line number="13" hits="0" branch="false" />
                <line number="14" hits="0" branch="false" />
                <line number="15" hits="0" branch="false" />
                <line number="16" hits="0" branch="false" />
                <line number="17" hits="0" branch="false" />
                <line number="18" hits="0" branch="false" />
                <line number="19" hits="0" branch="false" />
                <line number="20" hits="0" branch="false" />
                <line number="22" hits="0" branch="false" />
                <line number="24" hits="0" branch="false" />
                <line number="26" hits="0" branch="false" />
                <line number="28" hits="0" branch="true" condition-coverage="0% (0/2)" />
                <line number="29" hits="0" branch="false" />
                <line number="30" hits="0" branch="false" />
                <line number="31" hits="0" branch="false" />
                <line number="32" hits="0" branch="false" />
                <line number="34" hits="0" branch="false" />
                <line number="35" hits="0" branch="false" />
                <line number="36" hits="0" branch="false" />
                <line number="37" hits="0" branch="false" />
                <line number="39" hits="0" branch="false" />
                <line number="41" hits="0" branch="false" />
              </lines>
            </method>
          </methods>
          <lines>
            <line number="5" hits="0" branch="false" />
            <line number="7" hits="0" branch="false" />
            <line number="9" hits="0" branch="false" />
            <line number="11" hits="0" branch="false" />
            <line number="12" hits="0" branch="false" />
            <line number="13" hits="0" branch="false" />
            <line number="14" hits="0" branch="false" />
            <line number="15" hits="0" branch="false" />
            <line number="16" hits="0" branch="false" />
            <line number="17" hits="0" branch="false" />
            <line number="18" hits="0" branch="false" />
            <line number="19" hits="0" branch="false" />
            <line number="20" hits="0" branch="false" />
            <line number="22" hits="0" branch="false" />
            <line number="24" hits="0" branch="false" />
            <line number="26" hits="0" branch="false" />
            <line number="28" hits="0" branch="true" condition-coverage="0% (0/2)" />
            <line number="29" hits="0" branch="false" />
            <line number="30" hits="0" branch="false" />
            <line number="31" hits="0" branch="false" />
            <line number="32" hits="0" branch="false" />
            <line number="34" hits="0" branch="false" />
            <line number="35" hits="0" branch="false" />
            <line number="36" hits="0" branch="false" />
            <line number="37" hits="0" branch="false" />
            <line number="39" hits="0" branch="false" />
            <line number="41" hits="0" branch="false" />
          </lines>
        </class>
      </classes>
    </package>
    <package name="LARemodeling.Tests" line-rate="0.970588235294118" branch-rate="1" complexity="6">
      <classes>
        <class name="AutoGeneratedProgram" filename="C:\Users\Angel\.nuget\packages\microsoft.net.test.sdk\17.9.0\build\netcoreapp3.1\Microsoft.NET.Test.Sdk.Program.cs" line-rate="0" branch-rate="1" complexity="1">
          <methods>
            <method name="Main" signature="(...)" line-rate="0" branch-rate="1" complexity="1">
              <lines>
                <line number="4" hits="0" branch="false" />
              </lines>
            </method>
          </methods>
          <lines>
            <line number="4" hits="0" branch="false" />
          </lines>
        </class>
        <class name="LARemodeling.Tests.HomeControllerTests" filename="C:\Users\Angel\OneDrive\Desktop\repos\LARemodeling\LARemodeling.Tests\HomeControllerTests.cs" line-rate="1" branch-rate="1" complexity="5">
          <methods>
            <method name="Index_ReturnsViewWithInquiryModel" signature="()" line-rate="1" branch-rate="1" complexity="1">
              <lines>
                <line number="16" hits="1" branch="false" />
                <line number="18" hits="1" branch="false" />
                <line number="19" hits="1" branch="false" />
                <line number="20" hits="1" branch="false" />
                <line number="21" hits="1" branch="false" />
                <line number="24" hits="1" branch="false" />
                <line number="27" hits="1" branch="false" />
                <line number="29" hits="1" branch="false" />
                <line number="30" hits="1" branch="false" />
              </lines>
            </method>
            <method name="Portfolio_ReturnsView" signature="()" line-rate="1" branch-rate="1" complexity="1">
              <lines>
                <line number="36" hits="1" branch="false" />
                <line number="38" hits="1" branch="false" />
                <line number="41" hits="1" branch="false" />
                <line number="44" hits="1" branch="false" />
                <line number="45" hits="1" branch="false" />
              </lines>
            </method>
            <method name="Privacy_ReturnsView" signature="()" line-rate="1" branch-rate="1" complexity="1">
              <lines>
                <line number="49" hits="1" branch="false" />
                <line number="51" hits="1" branch="false" />
                <line number="54" hits="1" branch="false" />
                <line number="57" hits="1" branch="false" />
                <line number="58" hits="1" branch="false" />
              </lines>
            </method>
            <method name="Error_ReturnsErrorViewModel" signature="()" line-rate="1" branch-rate="1" complexity="1">
              <lines>
                <line number="62" hits="1" branch="false" />
                <line number="64" hits="1" branch="false" />
                <line number="65" hits="1" branch="false" />
                <line number="66" hits="1" branch="false" />
                <line number="67" hits="1" branch="false" />
                <line number="68" hits="1" branch="false" />
                <line number="69" hits="1" branch="false" />
                <line number="70" hits="1" branch="false" />
                <line number="73" hits="1" branch="false" />
                <line number="76" hits="1" branch="false" />
                <line number="78" hits="1" branch="false" />
                <line number="80" hits="1" branch="false" />
                <line number="81" hits="1" branch="false" />
              </lines>
            </method>
            <method name=".ctor" signature="()" line-rate="1" branch-rate="1" complexity="1">
              <lines>
                <line number="12" hits="4" branch="false" />
              </lines>
            </method>
          </methods>
          <lines>
            <line number="12" hits="4" branch="false" />
            <line number="16" hits="1" branch="false" />
            <line number="18" hits="1" branch="false" />
            <line number="19" hits="1" branch="false" />
            <line number="20" hits="1" branch="false" />
            <line number="21" hits="1" branch="false" />
            <line number="24" hits="1" branch="false" />
            <line number="27" hits="1" branch="false" />
            <line number="29" hits="1" branch="false" />
            <line number="30" hits="1" branch="false" />
            <line number="36" hits="1" branch="false" />
            <line number="38" hits="1" branch="false" />
            <line number="41" hits="1" branch="false" />
            <line number="44" hits="1" branch="false" />
            <line number="45" hits="1" branch="false" />
            <line number="49" hits="1" branch="false" />
            <line number="51" hits="1" branch="false" />
            <line number="54" hits="1" branch="false" />
            <line number="57" hits="1" branch="false" />
            <line number="58" hits="1" branch="false" />
            <line number="62" hits="1" branch="false" />
            <line number="64" hits="1" branch="false" />
            <line number="65" hits="1" branch="false" />
            <line number="66" hits="1" branch="false" />
            <line number="67" hits="1" branch="false" />
            <line number="68" hits="1" branch="false" />
            <line number="69" hits="1" branch="false" />
            <line number="70" hits="1" branch="false" />
            <line number="73" hits="1" branch="false" />
            <line number="76" hits="1" branch="false" />
            <line number="78" hits="1" branch="false" />
            <line number="80" hits="1" branch="false" />
            <line number="81" hits="1" branch="false" />
          </lines>
        </class>
      </classes>
    </package>
  </packages>
</coverage>