TpTrace Verbose: 0 : 9644, 1, 2024/03/23, 00:01:56.788, 395886463331, vstest.console.dll, Version: 17.9.0-release-24072-02 Current process architecture: X64
TpTrace Verbose: 0 : 9644, 1, 2024/03/23, 00:01:56.790, 395886484323, vstest.console.dll, Runtime location: C:\Program Files\dotnet\shared\Microsoft.NETCore.App\8.0.3
TpTrace Verbose: 0 : 9644, 1, 2024/03/23, 00:01:56.792, 395886503668, vstest.console.dll, ArtifactProcessingPostProcessModeProcessorExecutor.Initialize: ArtifactProcessingMode.Collect
TpTrace Verbose: 0 : 9644, 1, 2024/03/23, 00:01:56.792, 395886504662, vstest.console.dll, TestSessionCorrelationIdProcessorModeProcessorExecutor.Initialize: TestSessionCorrelationId '8984_676dc1f3-357f-4a87-8d7c-9a7043c3633c'
TpTrace Information: 0 : 9644, 1, 2024/03/23, 00:01:56.797, 395886554576, vstest.console.dll, FilePatternParser: The given file C:\Users\Angel\OneDrive\Desktop\repos\BusinessSolution\BusinessWebsiteShared.Tests\bin\Release\net8.0\fine-code-coverage\build-output\BusinessSolutionShared.Tests.dll is a full path.
TpTrace Verbose: 0 : 9644, 1, 2024/03/23, 00:01:56.801, 395886593568, vstest.console.dll, TestPluginCache.DiscoverTestExtensions: finding test extensions in assemblies ends with: RuntimeProvider.dll TPluginInfo: Microsoft.VisualStudio.TestPlatform.Common.ExtensionFramework.Utilities.TestRuntimePluginInformation TExtension: Microsoft.VisualStudio.TestPlatform.ObjectModel.Host.ITestRuntimeProvider
TpTrace Verbose: 0 : 9644, 1, 2024/03/23, 00:01:56.801, 395886596257, vstest.console.dll, TestPluginCache.GetExtensionPaths: Filtered extension paths: 
TpTrace Verbose: 0 : 9644, 1, 2024/03/23, 00:01:56.802, 395886596882, vstest.console.dll, TestPluginCache.GetExtensionPaths: Added default extension paths: C:\Program Files\dotnet\sdk\8.0.202\Extensions\Microsoft.Diagnostics.NETCore.Client.dll
C:\Program Files\dotnet\sdk\8.0.202\Extensions\Microsoft.TestPlatform.Extensions.BlameDataCollector.dll
C:\Program Files\dotnet\sdk\8.0.202\Extensions\Microsoft.TestPlatform.Extensions.EventLogCollector.dll
C:\Program Files\dotnet\sdk\8.0.202\Extensions\Microsoft.TestPlatform.TestHostRuntimeProvider.dll
C:\Program Files\dotnet\sdk\8.0.202\Extensions\Microsoft.VisualStudio.TestPlatform.Extensions.Html.TestLogger.dll
C:\Program Files\dotnet\sdk\8.0.202\Extensions\Microsoft.VisualStudio.TestPlatform.Extensions.Trx.TestLogger.dll
TpTrace Verbose: 0 : 9644, 1, 2024/03/23, 00:01:56.802, 395886597197, vstest.console.dll, TestPluginCache.GetExtensionPaths: Added unfilterableExtensionPaths: 
TpTrace Information: 0 : 9644, 1, 2024/03/23, 00:01:56.802, 395886601169, vstest.console.dll, AssemblyResolver.ctor: Creating AssemblyResolver with searchDirectories C:\Program Files\dotnet\sdk\8.0.202\Extensions,C:\Program Files\dotnet\sdk\8.0.202
TpTrace Verbose: 0 : 9644, 1, 2024/03/23, 00:01:56.803, 395886609900, vstest.console.dll, TestPluginCache.DiscoverTestExtensions: Discovering the extensions using extension path.
TpTrace Verbose: 0 : 9644, 1, 2024/03/23, 00:01:56.803, 395886610766, vstest.console.dll, TestPluginCache.GetExtensionPaths: Filtered extension paths: 
TpTrace Verbose: 0 : 9644, 1, 2024/03/23, 00:01:56.803, 395886611069, vstest.console.dll, TestPluginCache.GetExtensionPaths: Added default extension paths: C:\Program Files\dotnet\sdk\8.0.202\Extensions\Microsoft.Diagnostics.NETCore.Client.dll
C:\Program Files\dotnet\sdk\8.0.202\Extensions\Microsoft.TestPlatform.Extensions.BlameDataCollector.dll
C:\Program Files\dotnet\sdk\8.0.202\Extensions\Microsoft.TestPlatform.Extensions.EventLogCollector.dll
C:\Program Files\dotnet\sdk\8.0.202\Extensions\Microsoft.TestPlatform.TestHostRuntimeProvider.dll
C:\Program Files\dotnet\sdk\8.0.202\Extensions\Microsoft.VisualStudio.TestPlatform.Extensions.Html.TestLogger.dll
C:\Program Files\dotnet\sdk\8.0.202\Extensions\Microsoft.VisualStudio.TestPlatform.Extensions.Trx.TestLogger.dll
TpTrace Verbose: 0 : 9644, 1, 2024/03/23, 00:01:56.803, 395886611327, vstest.console.dll, TestPluginCache.GetExtensionPaths: Added unfilterableExtensionPaths: 
TpTrace Verbose: 0 : 9644, 1, 2024/03/23, 00:01:56.803, 395886611724, vstest.console.dll, TestPluginCache.DiscoverTestExtensions: Discovering the extensions using allExtensionPaths: C:\Program Files\dotnet\sdk\8.0.202\Extensions\Microsoft.Diagnostics.NETCore.Client.dll
C:\Program Files\dotnet\sdk\8.0.202\Extensions\Microsoft.TestPlatform.Extensions.BlameDataCollector.dll
C:\Program Files\dotnet\sdk\8.0.202\Extensions\Microsoft.TestPlatform.Extensions.EventLogCollector.dll
C:\Program Files\dotnet\sdk\8.0.202\Extensions\Microsoft.TestPlatform.TestHostRuntimeProvider.dll
C:\Program Files\dotnet\sdk\8.0.202\Extensions\Microsoft.VisualStudio.TestPlatform.Extensions.Html.TestLogger.dll
C:\Program Files\dotnet\sdk\8.0.202\Extensions\Microsoft.VisualStudio.TestPlatform.Extensions.Trx.TestLogger.dll
TpTrace Information: 0 : 9644, 1, 2024/03/23, 00:01:56.803, 395886612799, vstest.console.dll, AssemblyResolver.AddSearchDirectories: Adding more searchDirectories C:\Program Files\dotnet\sdk\8.0.202\Extensions,C:\Program Files\dotnet\sdk\8.0.202
TpTrace Information: 0 : 9644, 1, 2024/03/23, 00:01:56.803, 395886613241, vstest.console.dll, AssemblyResolver.AddSearchDirectories: Adding more searchDirectories C:\Program Files\dotnet\sdk\8.0.202\Extensions,C:\Program Files\dotnet\sdk\8.0.202
TpTrace Information: 0 : 9644, 1, 2024/03/23, 00:01:56.803, 395886613495, vstest.console.dll, AssemblyResolver.AddSearchDirectories: Adding more searchDirectories C:\Program Files\dotnet\sdk\8.0.202\Extensions,C:\Program Files\dotnet\sdk\8.0.202
TpTrace Information: 0 : 9644, 1, 2024/03/23, 00:01:56.803, 395886613736, vstest.console.dll, AssemblyResolver.AddSearchDirectories: Adding more searchDirectories C:\Program Files\dotnet\sdk\8.0.202\Extensions,C:\Program Files\dotnet\sdk\8.0.202
TpTrace Information: 0 : 9644, 1, 2024/03/23, 00:01:56.803, 395886613948, vstest.console.dll, AssemblyResolver.AddSearchDirectories: Adding more searchDirectories C:\Program Files\dotnet\sdk\8.0.202\Extensions,C:\Program Files\dotnet\sdk\8.0.202
TpTrace Information: 0 : 9644, 1, 2024/03/23, 00:01:56.803, 395886614147, vstest.console.dll, AssemblyResolver.AddSearchDirectories: Adding more searchDirectories C:\Program Files\dotnet\sdk\8.0.202\Extensions,C:\Program Files\dotnet\sdk\8.0.202
TpTrace Information: 0 : 9644, 1, 2024/03/23, 00:01:56.804, 395886617488, vstest.console.dll, AssemblyResolver.OnResolve: Microsoft.Diagnostics.NETCore.Client: Resolving assembly.
TpTrace Information: 0 : 9644, 1, 2024/03/23, 00:01:56.804, 395886618095, vstest.console.dll, AssemblyResolver.OnResolve: Microsoft.Diagnostics.NETCore.Client: Searching in: 'C:\Program Files\dotnet\sdk\8.0.202\Extensions'.
TpTrace Information: 0 : 9644, 1, 2024/03/23, 00:01:56.809, 395886666838, vstest.console.dll, AssemblyResolver.OnResolve: Microsoft.Diagnostics.NETCore.Client: Loading assembly 'C:\Program Files\dotnet\sdk\8.0.202\Extensions\Microsoft.Diagnostics.NETCore.Client.dll'.
TpTrace Information: 0 : 9644, 1, 2024/03/23, 00:01:56.809, 395886672736, vstest.console.dll, AssemblyResolver.OnResolve: Resolved assembly: Microsoft.Diagnostics.NETCore.Client, from path: C:\Program Files\dotnet\sdk\8.0.202\Extensions\Microsoft.Diagnostics.NETCore.Client.dll
TpTrace Verbose: 0 : 9644, 1, 2024/03/23, 00:01:56.812, 395886703385, vstest.console.dll, MetadataReaderExtensionsHelper: Discovering extensions inside assembly 'Microsoft.Diagnostics.NETCore.Client, Version=0.2.9.2401, Culture=neutral, PublicKeyToken=31bf3856ad364e35' file path 'C:\Program Files\dotnet\sdk\8.0.202\Extensions\Microsoft.Diagnostics.NETCore.Client.dll'
TpTrace Information: 0 : 9644, 1, 2024/03/23, 00:01:56.815, 395886730911, vstest.console.dll, AssemblyResolver.OnResolve: Microsoft.Bcl.AsyncInterfaces: Resolving assembly.
TpTrace Information: 0 : 9644, 1, 2024/03/23, 00:01:56.815, 395886731475, vstest.console.dll, AssemblyResolver.OnResolve: Microsoft.Bcl.AsyncInterfaces: Searching in: 'C:\Program Files\dotnet\sdk\8.0.202\Extensions'.
TpTrace Information: 0 : 9644, 1, 2024/03/23, 00:01:56.815, 395886732018, vstest.console.dll, AssemblyResolver.OnResolve: Microsoft.Bcl.AsyncInterfaces: Assembly path does not exist: 'C:\Program Files\dotnet\sdk\8.0.202\Extensions\Microsoft.Bcl.AsyncInterfaces.dll', returning.
TpTrace Information: 0 : 9644, 1, 2024/03/23, 00:01:56.815, 395886732810, vstest.console.dll, AssemblyResolver.OnResolve: Microsoft.Bcl.AsyncInterfaces: Assembly path does not exist: 'C:\Program Files\dotnet\sdk\8.0.202\Extensions\Microsoft.Bcl.AsyncInterfaces.exe', returning.
TpTrace Information: 0 : 9644, 1, 2024/03/23, 00:01:56.815, 395886733108, vstest.console.dll, AssemblyResolver.OnResolve: Microsoft.Bcl.AsyncInterfaces: Searching in: 'C:\Program Files\dotnet\sdk\8.0.202'.
TpTrace Information: 0 : 9644, 1, 2024/03/23, 00:01:56.815, 395886733545, vstest.console.dll, AssemblyResolver.OnResolve: Microsoft.Bcl.AsyncInterfaces: Assembly path does not exist: 'C:\Program Files\dotnet\sdk\8.0.202\Microsoft.Bcl.AsyncInterfaces.dll', returning.
TpTrace Information: 0 : 9644, 1, 2024/03/23, 00:01:56.815, 395886734012, vstest.console.dll, AssemblyResolver.OnResolve: Microsoft.Bcl.AsyncInterfaces: Assembly path does not exist: 'C:\Program Files\dotnet\sdk\8.0.202\Microsoft.Bcl.AsyncInterfaces.exe', returning.
TpTrace Information: 0 : 9644, 1, 2024/03/23, 00:01:56.815, 395886734240, vstest.console.dll, AssemblyResolver.OnResolve: Microsoft.Bcl.AsyncInterfaces: Failed to load assembly.
TpTrace Verbose: 0 : 9644, 1, 2024/03/23, 00:01:56.815, 395886734484, vstest.console.dll, CurrentDomainAssemblyResolve: Resolving assembly 'Microsoft.Bcl.AsyncInterfaces'.
TpTrace Information: 0 : 9644, 1, 2024/03/23, 00:01:56.815, 395886734880, vstest.console.dll, AssemblyResolver.OnResolve: Microsoft.Bcl.AsyncInterfaces: Resolving assembly.
TpTrace Information: 0 : 9644, 1, 2024/03/23, 00:01:56.815, 395886735161, vstest.console.dll, AssemblyResolver.OnResolve: Microsoft.Bcl.AsyncInterfaces: Resolved from cache.
TpTrace Verbose: 0 : 9644, 1, 2024/03/23, 00:01:56.815, 395886735397, vstest.console.dll, CurrentDomainAssemblyResolve: Resolving assembly 'Microsoft.Bcl.AsyncInterfaces'.
TpTrace Verbose: 0 : 9644, 1, 2024/03/23, 00:01:56.815, 395886735634, vstest.console.dll, CurrentDomainAssemblyResolve: Failed to resolve assembly 'Microsoft.Bcl.AsyncInterfaces'.
TpTrace Verbose: 0 : 9644, 1, 2024/03/23, 00:01:56.816, 395886741603, vstest.console.dll, CurrentDomainAssemblyResolve: Failed to resolve assembly 'Microsoft.Bcl.AsyncInterfaces'.
TpTrace Warning: 0 : 9644, 1, 2024/03/23, 00:01:56.823, 395886807531, vstest.console.dll, TestPluginDiscoverer: Failed to get types from assembly 'Microsoft.Diagnostics.NETCore.Client, Version=0.2.9.2401, Culture=neutral, PublicKeyToken=31bf3856ad364e35'. Error: System.Reflection.ReflectionTypeLoadException: Unable to load one or more of the requested types.
Could not load file or assembly 'Microsoft.Bcl.AsyncInterfaces, Version=6.0.0.0, Culture=neutral, PublicKeyToken=cc7b13ffcd2ddd51'. The system cannot find the file specified.
   at System.Reflection.RuntimeModule.GetTypes(RuntimeModule module)
   at System.Reflection.RuntimeModule.GetTypes()
   at Microsoft.VisualStudio.TestPlatform.Common.ExtensionFramework.TestPluginDiscoverer.GetTestExtensionsFromAssembly[TPluginInfo,TExtension](Assembly assembly, Dictionary`2 pluginInfos, String filePath) in /_/src/Microsoft.TestPlatform.Common/ExtensionFramework/TestPluginDiscoverer.cs:line 158
System.IO.FileNotFoundException: Could not load file or assembly 'Microsoft.Bcl.AsyncInterfaces, Version=6.0.0.0, Culture=neutral, PublicKeyToken=cc7b13ffcd2ddd51'. The system cannot find the file specified.
File name: 'Microsoft.Bcl.AsyncInterfaces, Version=6.0.0.0, Culture=neutral, PublicKeyToken=cc7b13ffcd2ddd51'
 ---> System.IO.FileNotFoundException: Could not load file or assembly 'Microsoft.Bcl.AsyncInterfaces, Culture=neutral, PublicKeyToken=null'. The system cannot find the file specified.
File name: 'Microsoft.Bcl.AsyncInterfaces, Culture=neutral, PublicKeyToken=null'
   at System.Reflection.RuntimeAssembly.InternalLoad(AssemblyName assemblyName, StackCrawlMark& stackMark, AssemblyLoadContext assemblyLoadContext, RuntimeAssembly requestingAssembly, Boolean throwOnFileNotFound)
   at System.Reflection.Assembly.Load(AssemblyName assemblyRef)
   at Microsoft.VisualStudio.TestPlatform.Common.ExtensionFramework.TestPluginCache.CurrentDomainAssemblyResolve(Object sender, AssemblyResolveEventArgs args) in /_/src/Microsoft.TestPlatform.Common/ExtensionFramework/TestPluginCache.cs:line 513
   at System.Runtime.Loader.AssemblyLoadContext.GetFirstResolvedAssemblyFromResolvingEvent(AssemblyName assemblyName)
   at System.Runtime.Loader.AssemblyLoadContext.ResolveUsingEvent(AssemblyName assemblyName)
   at System.Runtime.Loader.AssemblyLoadContext.ResolveUsingResolvingEvent(IntPtr gchManagedAssemblyLoadContext, AssemblyName assemblyName)
TpTrace Warning: 0 : 9644, 1, 2024/03/23, 00:01:56.823, 395886810125, vstest.console.dll, LoaderExceptions: System.IO.FileNotFoundException: Could not load file or assembly 'Microsoft.Bcl.AsyncInterfaces, Version=6.0.0.0, Culture=neutral, PublicKeyToken=cc7b13ffcd2ddd51'. The system cannot find the file specified.
File name: 'Microsoft.Bcl.AsyncInterfaces, Version=6.0.0.0, Culture=neutral, PublicKeyToken=cc7b13ffcd2ddd51'
 ---> System.IO.FileNotFoundException: Could not load file or assembly 'Microsoft.Bcl.AsyncInterfaces, Culture=neutral, PublicKeyToken=null'. The system cannot find the file specified.
File name: 'Microsoft.Bcl.AsyncInterfaces, Culture=neutral, PublicKeyToken=null'
   at System.Reflection.RuntimeAssembly.InternalLoad(AssemblyName assemblyName, StackCrawlMark& stackMark, AssemblyLoadContext assemblyLoadContext, RuntimeAssembly requestingAssembly, Boolean throwOnFileNotFound)
   at System.Reflection.Assembly.Load(AssemblyName assemblyRef)
   at Microsoft.VisualStudio.TestPlatform.Common.ExtensionFramework.TestPluginCache.CurrentDomainAssemblyResolve(Object sender, AssemblyResolveEventArgs args) in /_/src/Microsoft.TestPlatform.Common/ExtensionFramework/TestPluginCache.cs:line 513
   at System.Runtime.Loader.AssemblyLoadContext.GetFirstResolvedAssemblyFromResolvingEvent(AssemblyName assemblyName)
   at System.Runtime.Loader.AssemblyLoadContext.ResolveUsingEvent(AssemblyName assemblyName)
   at System.Runtime.Loader.AssemblyLoadContext.ResolveUsingResolvingEvent(IntPtr gchManagedAssemblyLoadContext, AssemblyName assemblyName)
TpTrace Information: 0 : 9644, 1, 2024/03/23, 00:01:56.823, 395886811129, vstest.console.dll, AssemblyResolver.OnResolve: Microsoft.TestPlatform.Extensions.BlameDataCollector: Resolving assembly.
TpTrace Information: 0 : 9644, 1, 2024/03/23, 00:01:56.823, 395886811494, vstest.console.dll, AssemblyResolver.OnResolve: Microsoft.TestPlatform.Extensions.BlameDataCollector: Searching in: 'C:\Program Files\dotnet\sdk\8.0.202\Extensions'.
TpTrace Information: 0 : 9644, 1, 2024/03/23, 00:01:56.823, 395886815599, vstest.console.dll, AssemblyResolver.OnResolve: Microsoft.TestPlatform.Extensions.BlameDataCollector: Loading assembly 'C:\Program Files\dotnet\sdk\8.0.202\Extensions\Microsoft.TestPlatform.Extensions.BlameDataCollector.dll'.
TpTrace Information: 0 : 9644, 1, 2024/03/23, 00:01:56.824, 395886820583, vstest.console.dll, AssemblyResolver.OnResolve: Resolved assembly: Microsoft.TestPlatform.Extensions.BlameDataCollector, from path: C:\Program Files\dotnet\sdk\8.0.202\Extensions\Microsoft.TestPlatform.Extensions.BlameDataCollector.dll
TpTrace Verbose: 0 : 9644, 1, 2024/03/23, 00:01:56.824, 395886821173, vstest.console.dll, MetadataReaderExtensionsHelper: Discovering extensions inside assembly 'Microsoft.TestPlatform.Extensions.BlameDataCollector, Version=15.0.0.0, Culture=neutral, PublicKeyToken=b03f5f7f11d50a3a' file path 'C:\Program Files\dotnet\sdk\8.0.202\Extensions\Microsoft.TestPlatform.Extensions.BlameDataCollector.dll'
TpTrace Information: 0 : 9644, 1, 2024/03/23, 00:01:56.825, 395886831394, vstest.console.dll, AssemblyResolver.OnResolve: Microsoft.TestPlatform.Extensions.EventLogCollector: Resolving assembly.
TpTrace Information: 0 : 9644, 1, 2024/03/23, 00:01:56.825, 395886831853, vstest.console.dll, AssemblyResolver.OnResolve: Microsoft.TestPlatform.Extensions.EventLogCollector: Searching in: 'C:\Program Files\dotnet\sdk\8.0.202\Extensions'.
TpTrace Information: 0 : 9644, 1, 2024/03/23, 00:01:56.825, 395886835584, vstest.console.dll, AssemblyResolver.OnResolve: Microsoft.TestPlatform.Extensions.EventLogCollector: Loading assembly 'C:\Program Files\dotnet\sdk\8.0.202\Extensions\Microsoft.TestPlatform.Extensions.EventLogCollector.dll'.
TpTrace Information: 0 : 9644, 1, 2024/03/23, 00:01:56.826, 395886839365, vstest.console.dll, AssemblyResolver.OnResolve: Resolved assembly: Microsoft.TestPlatform.Extensions.EventLogCollector, from path: C:\Program Files\dotnet\sdk\8.0.202\Extensions\Microsoft.TestPlatform.Extensions.EventLogCollector.dll
TpTrace Verbose: 0 : 9644, 1, 2024/03/23, 00:01:56.826, 395886839870, vstest.console.dll, MetadataReaderExtensionsHelper: Discovering extensions inside assembly 'Microsoft.TestPlatform.Extensions.EventLogCollector, Version=15.0.0.0, Culture=neutral, PublicKeyToken=b03f5f7f11d50a3a' file path 'C:\Program Files\dotnet\sdk\8.0.202\Extensions\Microsoft.TestPlatform.Extensions.EventLogCollector.dll'
TpTrace Information: 0 : 9644, 1, 2024/03/23, 00:01:56.828, 395886861323, vstest.console.dll, AssemblyResolver.OnResolve: Microsoft.TestPlatform.TestHostRuntimeProvider: Resolving assembly.
TpTrace Information: 0 : 9644, 1, 2024/03/23, 00:01:56.828, 395886861974, vstest.console.dll, AssemblyResolver.OnResolve: Microsoft.TestPlatform.TestHostRuntimeProvider: Searching in: 'C:\Program Files\dotnet\sdk\8.0.202\Extensions'.
TpTrace Information: 0 : 9644, 1, 2024/03/23, 00:01:56.828, 395886865804, vstest.console.dll, AssemblyResolver.OnResolve: Microsoft.TestPlatform.TestHostRuntimeProvider: Loading assembly 'C:\Program Files\dotnet\sdk\8.0.202\Extensions\Microsoft.TestPlatform.TestHostRuntimeProvider.dll'.
TpTrace Information: 0 : 9644, 1, 2024/03/23, 00:01:56.829, 395886870651, vstest.console.dll, AssemblyResolver.OnResolve: Resolved assembly: Microsoft.TestPlatform.TestHostRuntimeProvider, from path: C:\Program Files\dotnet\sdk\8.0.202\Extensions\Microsoft.TestPlatform.TestHostRuntimeProvider.dll
TpTrace Verbose: 0 : 9644, 1, 2024/03/23, 00:01:56.829, 395886871213, vstest.console.dll, MetadataReaderExtensionsHelper: Discovering extensions inside assembly 'Microsoft.TestPlatform.TestHostRuntimeProvider, Version=15.0.0.0, Culture=neutral, PublicKeyToken=b03f5f7f11d50a3a' file path 'C:\Program Files\dotnet\sdk\8.0.202\Extensions\Microsoft.TestPlatform.TestHostRuntimeProvider.dll'
TpTrace Information: 0 : 9644, 1, 2024/03/23, 00:01:56.830, 395886883005, vstest.console.dll, GetTestExtensionFromType: Register extension with identifier data 'HostProvider://DefaultTestHost' and type 'Microsoft.VisualStudio.TestPlatform.CrossPlatEngine.Hosting.DefaultTestHostManager, Microsoft.TestPlatform.TestHostRuntimeProvider, Version=15.0.0.0, Culture=neutral, PublicKeyToken=b03f5f7f11d50a3a' inside file 'C:\Program Files\dotnet\sdk\8.0.202\Extensions\Microsoft.TestPlatform.TestHostRuntimeProvider.dll'
TpTrace Information: 0 : 9644, 1, 2024/03/23, 00:01:56.830, 395886884800, vstest.console.dll, GetTestExtensionFromType: Register extension with identifier data 'HostProvider://DotnetTestHost' and type 'Microsoft.VisualStudio.TestPlatform.CrossPlatEngine.Hosting.DotnetTestHostManager, Microsoft.TestPlatform.TestHostRuntimeProvider, Version=15.0.0.0, Culture=neutral, PublicKeyToken=b03f5f7f11d50a3a' inside file 'C:\Program Files\dotnet\sdk\8.0.202\Extensions\Microsoft.TestPlatform.TestHostRuntimeProvider.dll'
TpTrace Information: 0 : 9644, 1, 2024/03/23, 00:01:56.830, 395886885416, vstest.console.dll, AssemblyResolver.OnResolve: Microsoft.VisualStudio.TestPlatform.Extensions.Html.TestLogger: Resolving assembly.
TpTrace Information: 0 : 9644, 1, 2024/03/23, 00:01:56.830, 395886885752, vstest.console.dll, AssemblyResolver.OnResolve: Microsoft.VisualStudio.TestPlatform.Extensions.Html.TestLogger: Searching in: 'C:\Program Files\dotnet\sdk\8.0.202\Extensions'.
TpTrace Information: 0 : 9644, 1, 2024/03/23, 00:01:56.831, 395886889197, vstest.console.dll, AssemblyResolver.OnResolve: Microsoft.VisualStudio.TestPlatform.Extensions.Html.TestLogger: Loading assembly 'C:\Program Files\dotnet\sdk\8.0.202\Extensions\Microsoft.VisualStudio.TestPlatform.Extensions.Html.TestLogger.dll'.
TpTrace Information: 0 : 9644, 1, 2024/03/23, 00:01:56.831, 395886894724, vstest.console.dll, AssemblyResolver.OnResolve: Resolved assembly: Microsoft.VisualStudio.TestPlatform.Extensions.Html.TestLogger, from path: C:\Program Files\dotnet\sdk\8.0.202\Extensions\Microsoft.VisualStudio.TestPlatform.Extensions.Html.TestLogger.dll
TpTrace Verbose: 0 : 9644, 1, 2024/03/23, 00:01:56.831, 395886895285, vstest.console.dll, MetadataReaderExtensionsHelper: Discovering extensions inside assembly 'Microsoft.VisualStudio.TestPlatform.Extensions.Html.TestLogger, Version=15.0.0.0, Culture=neutral, PublicKeyToken=b03f5f7f11d50a3a' file path 'C:\Program Files\dotnet\sdk\8.0.202\Extensions\Microsoft.VisualStudio.TestPlatform.Extensions.Html.TestLogger.dll'
TpTrace Information: 0 : 9644, 1, 2024/03/23, 00:01:56.832, 395886902411, vstest.console.dll, AssemblyResolver.OnResolve: Microsoft.VisualStudio.TestPlatform.Extensions.Trx.TestLogger: Resolving assembly.
TpTrace Information: 0 : 9644, 1, 2024/03/23, 00:01:56.832, 395886902940, vstest.console.dll, AssemblyResolver.OnResolve: Microsoft.VisualStudio.TestPlatform.Extensions.Trx.TestLogger: Searching in: 'C:\Program Files\dotnet\sdk\8.0.202\Extensions'.
TpTrace Information: 0 : 9644, 1, 2024/03/23, 00:01:56.833, 395886907609, vstest.console.dll, AssemblyResolver.OnResolve: Microsoft.VisualStudio.TestPlatform.Extensions.Trx.TestLogger: Loading assembly 'C:\Program Files\dotnet\sdk\8.0.202\Extensions\Microsoft.VisualStudio.TestPlatform.Extensions.Trx.TestLogger.dll'.
TpTrace Information: 0 : 9644, 1, 2024/03/23, 00:01:56.833, 395886913173, vstest.console.dll, AssemblyResolver.OnResolve: Resolved assembly: Microsoft.VisualStudio.TestPlatform.Extensions.Trx.TestLogger, from path: C:\Program Files\dotnet\sdk\8.0.202\Extensions\Microsoft.VisualStudio.TestPlatform.Extensions.Trx.TestLogger.dll
TpTrace Verbose: 0 : 9644, 1, 2024/03/23, 00:01:56.833, 395886913765, vstest.console.dll, MetadataReaderExtensionsHelper: Discovering extensions inside assembly 'Microsoft.VisualStudio.TestPlatform.Extensions.Trx.TestLogger, Version=15.0.0.0, Culture=neutral, PublicKeyToken=b03f5f7f11d50a3a' file path 'C:\Program Files\dotnet\sdk\8.0.202\Extensions\Microsoft.VisualStudio.TestPlatform.Extensions.Trx.TestLogger.dll'
TpTrace Verbose: 0 : 9644, 1, 2024/03/23, 00:01:56.834, 395886924298, vstest.console.dll, TestPluginCache: Discovered the extensions using extension path ''.
TpTrace Verbose: 0 : 9644, 1, 2024/03/23, 00:01:56.834, 395886924889, vstest.console.dll, TestPluginCache: Discoverers are ''.
TpTrace Verbose: 0 : 9644, 1, 2024/03/23, 00:01:56.834, 395886925115, vstest.console.dll, TestPluginCache: Executors are ''.
TpTrace Verbose: 0 : 9644, 1, 2024/03/23, 00:01:56.834, 395886925297, vstest.console.dll, TestPluginCache: Executors2 are ''.
TpTrace Verbose: 0 : 9644, 1, 2024/03/23, 00:01:56.834, 395886925465, vstest.console.dll, TestPluginCache: Setting providers are ''.
TpTrace Verbose: 0 : 9644, 1, 2024/03/23, 00:01:56.834, 395886925703, vstest.console.dll, TestPluginCache: Loggers are ''.
TpTrace Verbose: 0 : 9644, 1, 2024/03/23, 00:01:56.835, 395886926999, vstest.console.dll, TestPluginCache: TestHosts are 'HostProvider://DefaultTestHost,HostProvider://DotnetTestHost'.
TpTrace Verbose: 0 : 9644, 1, 2024/03/23, 00:01:56.835, 395886927349, vstest.console.dll, TestPluginCache: DataCollectors are ''.
TpTrace Information: 0 : 9644, 1, 2024/03/23, 00:01:56.844, 395887020578, vstest.console.dll, RunTestsArgumentProcessor:Execute: Test run is starting.
TpTrace Verbose: 0 : 9644, 1, 2024/03/23, 00:01:56.844, 395887021348, vstest.console.dll, RunTestsArgumentProcessor:Execute: Queuing Test run.
TpTrace Information: 0 : 9644, 1, 2024/03/23, 00:01:56.844, 395887022902, vstest.console.dll, TestRequestManager.RunTests: run tests started.
TpTrace Information: 0 : 9644, 1, 2024/03/23, 00:01:56.845, 395887031000, vstest.console.dll, AssemblyMetadataProvider.GetFrameworkName: Determined framework:'.NETCoreApp,Version=v8.0' for source: 'C:\Users\Angel\OneDrive\Desktop\repos\BusinessSolution\BusinessWebsiteShared.Tests\bin\Release\net8.0\fine-code-coverage\build-output\BusinessSolutionShared.Tests.dll'
TpTrace Information: 0 : 9644, 1, 2024/03/23, 00:01:56.845, 395887032124, vstest.console.dll, Determined framework for all sources: .NETCoreApp,Version=v8.0
TpTrace Verbose: 0 : 9644, 1, 2024/03/23, 00:01:56.845, 395887034530, vstest.console.dll, TestRequestManager.UpdateRunSettingsIfRequired: Default architecture: X64 IsDefaultTargetArchitecture: True, Current process architecture: X64 OperatingSystem: Windows.
TpTrace Information: 0 : 9644, 1, 2024/03/23, 00:01:56.846, 395887045356, vstest.console.dll, AssemblyMetadataProvider.GetArchitecture: Determined architecture:AnyCPU info for assembly: C:\Users\Angel\OneDrive\Desktop\repos\BusinessSolution\BusinessWebsiteShared.Tests\bin\Release\net8.0\fine-code-coverage\build-output\BusinessSolutionShared.Tests.dll
TpTrace Information: 0 : 9644, 1, 2024/03/23, 00:01:56.846, 395887045767, vstest.console.dll, Determined platform for source 'C:\Users\Angel\OneDrive\Desktop\repos\BusinessSolution\BusinessWebsiteShared.Tests\bin\Release\net8.0\fine-code-coverage\build-output\BusinessSolutionShared.Tests.dll' was AnyCPU and it will use the default plaform X64.
TpTrace Information: 0 : 9644, 1, 2024/03/23, 00:01:56.846, 395887045990, vstest.console.dll, None of the sources provided any runnable platform, using the default platform: X64
TpTrace Information: 0 : 9644, 1, 2024/03/23, 00:01:56.847, 395887046650, vstest.console.dll, Platform was updated to 'X64'.
TpTrace Information: 0 : 9644, 1, 2024/03/23, 00:01:56.849, 395887068278, vstest.console.dll, InferRunSettingsHelper.IsTestSettingsEnabled: Unable to navigate to RunSettings/MSTest. Current node: RunSettings
TpTrace Information: 0 : 9644, 1, 2024/03/23, 00:01:56.849, 395887072746, vstest.console.dll, AssemblyResolver.OnResolve: Microsoft.VisualStudio.TestPlatform.Fakes: Resolving assembly.
TpTrace Information: 0 : 9644, 1, 2024/03/23, 00:01:56.849, 395887073264, vstest.console.dll, AssemblyResolver.OnResolve: Microsoft.VisualStudio.TestPlatform.Fakes: Searching in: 'C:\Program Files\dotnet\sdk\8.0.202\Extensions'.
TpTrace Information: 0 : 9644, 1, 2024/03/23, 00:01:56.849, 395887074024, vstest.console.dll, AssemblyResolver.OnResolve: Microsoft.VisualStudio.TestPlatform.Fakes: Assembly path does not exist: 'C:\Program Files\dotnet\sdk\8.0.202\Extensions\Microsoft.VisualStudio.TestPlatform.Fakes.dll', returning.
TpTrace Information: 0 : 9644, 1, 2024/03/23, 00:01:56.849, 395887074516, vstest.console.dll, AssemblyResolver.OnResolve: Microsoft.VisualStudio.TestPlatform.Fakes: Assembly path does not exist: 'C:\Program Files\dotnet\sdk\8.0.202\Extensions\Microsoft.VisualStudio.TestPlatform.Fakes.exe', returning.
TpTrace Information: 0 : 9644, 1, 2024/03/23, 00:01:56.849, 395887074769, vstest.console.dll, AssemblyResolver.OnResolve: Microsoft.VisualStudio.TestPlatform.Fakes: Searching in: 'C:\Program Files\dotnet\sdk\8.0.202'.
TpTrace Information: 0 : 9644, 1, 2024/03/23, 00:01:56.849, 395887075194, vstest.console.dll, AssemblyResolver.OnResolve: Microsoft.VisualStudio.TestPlatform.Fakes: Assembly path does not exist: 'C:\Program Files\dotnet\sdk\8.0.202\Microsoft.VisualStudio.TestPlatform.Fakes.dll', returning.
TpTrace Information: 0 : 9644, 1, 2024/03/23, 00:01:56.849, 395887075645, vstest.console.dll, AssemblyResolver.OnResolve: Microsoft.VisualStudio.TestPlatform.Fakes: Assembly path does not exist: 'C:\Program Files\dotnet\sdk\8.0.202\Microsoft.VisualStudio.TestPlatform.Fakes.exe', returning.
TpTrace Information: 0 : 9644, 1, 2024/03/23, 00:01:56.849, 395887075887, vstest.console.dll, AssemblyResolver.OnResolve: Microsoft.VisualStudio.TestPlatform.Fakes: Failed to load assembly.
TpTrace Information: 0 : 9644, 1, 2024/03/23, 00:01:56.850, 395887077792, vstest.console.dll, Failed to load assembly Microsoft.VisualStudio.TestPlatform.Fakes, Version=17.0.0.0, Culture=neutral. Reason:System.IO.FileNotFoundException: Could not load file or assembly 'Microsoft.VisualStudio.TestPlatform.Fakes, Version=17.0.0.0, Culture=neutral, PublicKeyToken=null'. The system cannot find the file specified.
File name: 'Microsoft.VisualStudio.TestPlatform.Fakes, Version=17.0.0.0, Culture=neutral, PublicKeyToken=null'
   at System.Reflection.RuntimeAssembly.InternalLoad(AssemblyName assemblyName, StackCrawlMark& stackMark, AssemblyLoadContext assemblyLoadContext, RuntimeAssembly requestingAssembly, Boolean throwOnFileNotFound)
   at System.Reflection.Assembly.Load(AssemblyName assemblyRef)
   at Microsoft.VisualStudio.TestPlatform.Common.Utilities.FakesUtilities.LoadTestPlatformAssembly() in /_/src/Microsoft.TestPlatform.Common/Utilities/FakesUtilities.cs:line 272
TpTrace Verbose: 0 : 9644, 1, 2024/03/23, 00:01:56.852, 395887099594, vstest.console.dll, TestPluginCache.DiscoverTestExtensions: finding test extensions in assemblies ends with: TestLogger.dll TPluginInfo: Microsoft.VisualStudio.TestPlatform.Common.ExtensionFramework.Utilities.TestLoggerPluginInformation TExtension: Microsoft.VisualStudio.TestPlatform.ObjectModel.Client.ITestLogger
TpTrace Verbose: 0 : 9644, 1, 2024/03/23, 00:01:56.852, 395887100206, vstest.console.dll, TestPluginCache.GetExtensionPaths: Filtered extension paths: 
TpTrace Verbose: 0 : 9644, 1, 2024/03/23, 00:01:56.852, 395887100504, vstest.console.dll, TestPluginCache.GetExtensionPaths: Added default extension paths: C:\Program Files\dotnet\sdk\8.0.202\Extensions\Microsoft.Diagnostics.NETCore.Client.dll
C:\Program Files\dotnet\sdk\8.0.202\Extensions\Microsoft.TestPlatform.Extensions.BlameDataCollector.dll
C:\Program Files\dotnet\sdk\8.0.202\Extensions\Microsoft.TestPlatform.Extensions.EventLogCollector.dll
C:\Program Files\dotnet\sdk\8.0.202\Extensions\Microsoft.TestPlatform.TestHostRuntimeProvider.dll
C:\Program Files\dotnet\sdk\8.0.202\Extensions\Microsoft.VisualStudio.TestPlatform.Extensions.Html.TestLogger.dll
C:\Program Files\dotnet\sdk\8.0.202\Extensions\Microsoft.VisualStudio.TestPlatform.Extensions.Trx.TestLogger.dll
TpTrace Verbose: 0 : 9644, 1, 2024/03/23, 00:01:56.852, 395887100716, vstest.console.dll, TestPluginCache.GetExtensionPaths: Added unfilterableExtensionPaths: 
TpTrace Information: 0 : 9644, 1, 2024/03/23, 00:01:56.852, 395887101535, vstest.console.dll, AssemblyResolver.AddSearchDirectories: Adding more searchDirectories C:\Program Files\dotnet\sdk\8.0.202\Extensions,C:\Program Files\dotnet\sdk\8.0.202
TpTrace Verbose: 0 : 9644, 1, 2024/03/23, 00:01:56.852, 395887101890, vstest.console.dll, TestPluginCache.DiscoverTestExtensions: Discovering the extensions using extension path.
TpTrace Verbose: 0 : 9644, 1, 2024/03/23, 00:01:56.852, 395887102136, vstest.console.dll, TestPluginCache.GetExtensionPaths: Filtered extension paths: 
TpTrace Verbose: 0 : 9644, 1, 2024/03/23, 00:01:56.852, 395887102367, vstest.console.dll, TestPluginCache.GetExtensionPaths: Added default extension paths: C:\Program Files\dotnet\sdk\8.0.202\Extensions\Microsoft.Diagnostics.NETCore.Client.dll
C:\Program Files\dotnet\sdk\8.0.202\Extensions\Microsoft.TestPlatform.Extensions.BlameDataCollector.dll
C:\Program Files\dotnet\sdk\8.0.202\Extensions\Microsoft.TestPlatform.Extensions.EventLogCollector.dll
C:\Program Files\dotnet\sdk\8.0.202\Extensions\Microsoft.TestPlatform.TestHostRuntimeProvider.dll
C:\Program Files\dotnet\sdk\8.0.202\Extensions\Microsoft.VisualStudio.TestPlatform.Extensions.Html.TestLogger.dll
C:\Program Files\dotnet\sdk\8.0.202\Extensions\Microsoft.VisualStudio.TestPlatform.Extensions.Trx.TestLogger.dll
TpTrace Verbose: 0 : 9644, 1, 2024/03/23, 00:01:56.852, 395887102571, vstest.console.dll, TestPluginCache.GetExtensionPaths: Added unfilterableExtensionPaths: 
TpTrace Verbose: 0 : 9644, 1, 2024/03/23, 00:01:56.852, 395887102794, vstest.console.dll, TestPluginCache.DiscoverTestExtensions: Discovering the extensions using allExtensionPaths: C:\Program Files\dotnet\sdk\8.0.202\Extensions\Microsoft.Diagnostics.NETCore.Client.dll
C:\Program Files\dotnet\sdk\8.0.202\Extensions\Microsoft.TestPlatform.Extensions.BlameDataCollector.dll
C:\Program Files\dotnet\sdk\8.0.202\Extensions\Microsoft.TestPlatform.Extensions.EventLogCollector.dll
C:\Program Files\dotnet\sdk\8.0.202\Extensions\Microsoft.TestPlatform.TestHostRuntimeProvider.dll
C:\Program Files\dotnet\sdk\8.0.202\Extensions\Microsoft.VisualStudio.TestPlatform.Extensions.Html.TestLogger.dll
C:\Program Files\dotnet\sdk\8.0.202\Extensions\Microsoft.VisualStudio.TestPlatform.Extensions.Trx.TestLogger.dll
TpTrace Information: 0 : 9644, 1, 2024/03/23, 00:01:56.852, 395887103109, vstest.console.dll, AssemblyResolver.AddSearchDirectories: Adding more searchDirectories C:\Program Files\dotnet\sdk\8.0.202\Extensions,C:\Program Files\dotnet\sdk\8.0.202
TpTrace Information: 0 : 9644, 1, 2024/03/23, 00:01:56.852, 395887103358, vstest.console.dll, AssemblyResolver.AddSearchDirectories: Adding more searchDirectories C:\Program Files\dotnet\sdk\8.0.202\Extensions,C:\Program Files\dotnet\sdk\8.0.202
TpTrace Information: 0 : 9644, 1, 2024/03/23, 00:01:56.852, 395887103597, vstest.console.dll, AssemblyResolver.AddSearchDirectories: Adding more searchDirectories C:\Program Files\dotnet\sdk\8.0.202\Extensions,C:\Program Files\dotnet\sdk\8.0.202
TpTrace Information: 0 : 9644, 1, 2024/03/23, 00:01:56.852, 395887103793, vstest.console.dll, AssemblyResolver.AddSearchDirectories: Adding more searchDirectories C:\Program Files\dotnet\sdk\8.0.202\Extensions,C:\Program Files\dotnet\sdk\8.0.202
TpTrace Information: 0 : 9644, 1, 2024/03/23, 00:01:56.852, 395887103987, vstest.console.dll, AssemblyResolver.AddSearchDirectories: Adding more searchDirectories C:\Program Files\dotnet\sdk\8.0.202\Extensions,C:\Program Files\dotnet\sdk\8.0.202
TpTrace Information: 0 : 9644, 1, 2024/03/23, 00:01:56.852, 395887104200, vstest.console.dll, AssemblyResolver.AddSearchDirectories: Adding more searchDirectories C:\Program Files\dotnet\sdk\8.0.202\Extensions,C:\Program Files\dotnet\sdk\8.0.202
TpTrace Verbose: 0 : 9644, 1, 2024/03/23, 00:01:56.852, 395887104914, vstest.console.dll, MetadataReaderExtensionsHelper: Discovering extensions inside assembly 'Microsoft.Diagnostics.NETCore.Client, Version=0.2.9.2401, Culture=neutral, PublicKeyToken=31bf3856ad364e35' file path 'C:\Program Files\dotnet\sdk\8.0.202\Extensions\Microsoft.Diagnostics.NETCore.Client.dll'
TpTrace Information: 0 : 9644, 1, 2024/03/23, 00:01:56.853, 395887112686, vstest.console.dll, AssemblyResolver.OnResolve: Microsoft.Bcl.AsyncInterfaces: Resolving assembly.
TpTrace Information: 0 : 9644, 1, 2024/03/23, 00:01:56.853, 395887113238, vstest.console.dll, AssemblyResolver.OnResolve: Microsoft.Bcl.AsyncInterfaces: Resolved from cache.
TpTrace Verbose: 0 : 9644, 1, 2024/03/23, 00:01:56.853, 395887113480, vstest.console.dll, CurrentDomainAssemblyResolve: Resolving assembly 'Microsoft.Bcl.AsyncInterfaces'.
TpTrace Information: 0 : 9644, 1, 2024/03/23, 00:01:56.853, 395887113798, vstest.console.dll, AssemblyResolver.OnResolve: Microsoft.Bcl.AsyncInterfaces: Resolving assembly.
TpTrace Information: 0 : 9644, 1, 2024/03/23, 00:01:56.853, 395887114060, vstest.console.dll, AssemblyResolver.OnResolve: Microsoft.Bcl.AsyncInterfaces: Resolved from cache.
TpTrace Verbose: 0 : 9644, 1, 2024/03/23, 00:01:56.853, 395887114256, vstest.console.dll, CurrentDomainAssemblyResolve: Resolving assembly 'Microsoft.Bcl.AsyncInterfaces'.
TpTrace Verbose: 0 : 9644, 1, 2024/03/23, 00:01:56.853, 395887114434, vstest.console.dll, CurrentDomainAssemblyResolve: Failed to resolve assembly 'Microsoft.Bcl.AsyncInterfaces'.
TpTrace Verbose: 0 : 9644, 1, 2024/03/23, 00:01:56.853, 395887115360, vstest.console.dll, CurrentDomainAssemblyResolve: Failed to resolve assembly 'Microsoft.Bcl.AsyncInterfaces'.
TpTrace Warning: 0 : 9644, 1, 2024/03/23, 00:01:56.854, 395887117588, vstest.console.dll, TestPluginDiscoverer: Failed to get types from assembly 'Microsoft.Diagnostics.NETCore.Client, Version=0.2.9.2401, Culture=neutral, PublicKeyToken=31bf3856ad364e35'. Error: System.Reflection.ReflectionTypeLoadException: Unable to load one or more of the requested types.
Could not load file or assembly 'Microsoft.Bcl.AsyncInterfaces, Version=6.0.0.0, Culture=neutral, PublicKeyToken=cc7b13ffcd2ddd51'. The system cannot find the file specified.
   at System.Reflection.RuntimeModule.GetTypes(RuntimeModule module)
   at System.Reflection.RuntimeModule.GetTypes()
   at Microsoft.VisualStudio.TestPlatform.Common.ExtensionFramework.TestPluginDiscoverer.GetTestExtensionsFromAssembly[TPluginInfo,TExtension](Assembly assembly, Dictionary`2 pluginInfos, String filePath) in /_/src/Microsoft.TestPlatform.Common/ExtensionFramework/TestPluginDiscoverer.cs:line 158
System.IO.FileNotFoundException: Could not load file or assembly 'Microsoft.Bcl.AsyncInterfaces, Version=6.0.0.0, Culture=neutral, PublicKeyToken=cc7b13ffcd2ddd51'. The system cannot find the file specified.
File name: 'Microsoft.Bcl.AsyncInterfaces, Version=6.0.0.0, Culture=neutral, PublicKeyToken=cc7b13ffcd2ddd51'
 ---> System.IO.FileNotFoundException: Could not load file or assembly 'Microsoft.Bcl.AsyncInterfaces, Culture=neutral, PublicKeyToken=null'. The system cannot find the file specified.
File name: 'Microsoft.Bcl.AsyncInterfaces, Culture=neutral, PublicKeyToken=null'
   at System.Reflection.RuntimeAssembly.InternalLoad(AssemblyName assemblyName, StackCrawlMark& stackMark, AssemblyLoadContext assemblyLoadContext, RuntimeAssembly requestingAssembly, Boolean throwOnFileNotFound)
   at System.Reflection.Assembly.Load(AssemblyName assemblyRef)
   at Microsoft.VisualStudio.TestPlatform.Common.ExtensionFramework.TestPluginCache.CurrentDomainAssemblyResolve(Object sender, AssemblyResolveEventArgs args) in /_/src/Microsoft.TestPlatform.Common/ExtensionFramework/TestPluginCache.cs:line 513
   at System.Runtime.Loader.AssemblyLoadContext.GetFirstResolvedAssemblyFromResolvingEvent(AssemblyName assemblyName)
   at System.Runtime.Loader.AssemblyLoadContext.ResolveUsingEvent(AssemblyName assemblyName)
   at System.Runtime.Loader.AssemblyLoadContext.ResolveUsingResolvingEvent(IntPtr gchManagedAssemblyLoadContext, AssemblyName assemblyName)
TpTrace Warning: 0 : 9644, 1, 2024/03/23, 00:01:56.854, 395887118639, vstest.console.dll, LoaderExceptions: System.IO.FileNotFoundException: Could not load file or assembly 'Microsoft.Bcl.AsyncInterfaces, Version=6.0.0.0, Culture=neutral, PublicKeyToken=cc7b13ffcd2ddd51'. The system cannot find the file specified.
File name: 'Microsoft.Bcl.AsyncInterfaces, Version=6.0.0.0, Culture=neutral, PublicKeyToken=cc7b13ffcd2ddd51'
 ---> System.IO.FileNotFoundException: Could not load file or assembly 'Microsoft.Bcl.AsyncInterfaces, Culture=neutral, PublicKeyToken=null'. The system cannot find the file specified.
File name: 'Microsoft.Bcl.AsyncInterfaces, Culture=neutral, PublicKeyToken=null'
   at System.Reflection.RuntimeAssembly.InternalLoad(AssemblyName assemblyName, StackCrawlMark& stackMark, AssemblyLoadContext assemblyLoadContext, RuntimeAssembly requestingAssembly, Boolean throwOnFileNotFound)
   at System.Reflection.Assembly.Load(AssemblyName assemblyRef)
   at Microsoft.VisualStudio.TestPlatform.Common.ExtensionFramework.TestPluginCache.CurrentDomainAssemblyResolve(Object sender, AssemblyResolveEventArgs args) in /_/src/Microsoft.TestPlatform.Common/ExtensionFramework/TestPluginCache.cs:line 513
   at System.Runtime.Loader.AssemblyLoadContext.GetFirstResolvedAssemblyFromResolvingEvent(AssemblyName assemblyName)
   at System.Runtime.Loader.AssemblyLoadContext.ResolveUsingEvent(AssemblyName assemblyName)
   at System.Runtime.Loader.AssemblyLoadContext.ResolveUsingResolvingEvent(IntPtr gchManagedAssemblyLoadContext, AssemblyName assemblyName)
TpTrace Verbose: 0 : 9644, 1, 2024/03/23, 00:01:56.854, 395887119281, vstest.console.dll, MetadataReaderExtensionsHelper: Discovering extensions inside assembly 'Microsoft.TestPlatform.Extensions.BlameDataCollector, Version=15.0.0.0, Culture=neutral, PublicKeyToken=b03f5f7f11d50a3a' file path 'C:\Program Files\dotnet\sdk\8.0.202\Extensions\Microsoft.TestPlatform.Extensions.BlameDataCollector.dll'
TpTrace Information: 0 : 9644, 1, 2024/03/23, 00:01:56.854, 395887124210, vstest.console.dll, GetTestExtensionFromType: Register extension with identifier data 'logger://Microsoft/TestPlatform/Extensions/Blame/v1' and type 'Microsoft.TestPlatform.Extensions.BlameDataCollector.BlameLogger, Microsoft.TestPlatform.Extensions.BlameDataCollector, Version=15.0.0.0, Culture=neutral, PublicKeyToken=b03f5f7f11d50a3a' inside file 'C:\Program Files\dotnet\sdk\8.0.202\Extensions\Microsoft.TestPlatform.Extensions.BlameDataCollector.dll'
TpTrace Verbose: 0 : 9644, 1, 2024/03/23, 00:01:56.854, 395887124815, vstest.console.dll, MetadataReaderExtensionsHelper: Discovering extensions inside assembly 'Microsoft.TestPlatform.Extensions.EventLogCollector, Version=15.0.0.0, Culture=neutral, PublicKeyToken=b03f5f7f11d50a3a' file path 'C:\Program Files\dotnet\sdk\8.0.202\Extensions\Microsoft.TestPlatform.Extensions.EventLogCollector.dll'
TpTrace Verbose: 0 : 9644, 1, 2024/03/23, 00:01:56.855, 395887128176, vstest.console.dll, MetadataReaderExtensionsHelper: Discovering extensions inside assembly 'Microsoft.TestPlatform.TestHostRuntimeProvider, Version=15.0.0.0, Culture=neutral, PublicKeyToken=b03f5f7f11d50a3a' file path 'C:\Program Files\dotnet\sdk\8.0.202\Extensions\Microsoft.TestPlatform.TestHostRuntimeProvider.dll'
TpTrace Verbose: 0 : 9644, 1, 2024/03/23, 00:01:56.855, 395887131571, vstest.console.dll, MetadataReaderExtensionsHelper: Discovering extensions inside assembly 'Microsoft.VisualStudio.TestPlatform.Extensions.Html.TestLogger, Version=15.0.0.0, Culture=neutral, PublicKeyToken=b03f5f7f11d50a3a' file path 'C:\Program Files\dotnet\sdk\8.0.202\Extensions\Microsoft.VisualStudio.TestPlatform.Extensions.Html.TestLogger.dll'
TpTrace Information: 0 : 9644, 1, 2024/03/23, 00:01:56.855, 395887136263, vstest.console.dll, GetTestExtensionFromType: Register extension with identifier data 'logger://Microsoft/TestPlatform/HtmlLogger/v1' and type 'Microsoft.VisualStudio.TestPlatform.Extensions.HtmlLogger.HtmlLogger, Microsoft.VisualStudio.TestPlatform.Extensions.Html.TestLogger, Version=15.0.0.0, Culture=neutral, PublicKeyToken=b03f5f7f11d50a3a' inside file 'C:\Program Files\dotnet\sdk\8.0.202\Extensions\Microsoft.VisualStudio.TestPlatform.Extensions.Html.TestLogger.dll'
TpTrace Verbose: 0 : 9644, 1, 2024/03/23, 00:01:56.856, 395887136767, vstest.console.dll, MetadataReaderExtensionsHelper: Discovering extensions inside assembly 'Microsoft.VisualStudio.TestPlatform.Extensions.Trx.TestLogger, Version=15.0.0.0, Culture=neutral, PublicKeyToken=b03f5f7f11d50a3a' file path 'C:\Program Files\dotnet\sdk\8.0.202\Extensions\Microsoft.VisualStudio.TestPlatform.Extensions.Trx.TestLogger.dll'
TpTrace Information: 0 : 9644, 1, 2024/03/23, 00:01:56.856, 395887141036, vstest.console.dll, GetTestExtensionFromType: Register extension with identifier data 'logger://Microsoft/TestPlatform/TrxLogger/v1' and type 'Microsoft.VisualStudio.TestPlatform.Extensions.TrxLogger.TrxLogger, Microsoft.VisualStudio.TestPlatform.Extensions.Trx.TestLogger, Version=15.0.0.0, Culture=neutral, PublicKeyToken=b03f5f7f11d50a3a' inside file 'C:\Program Files\dotnet\sdk\8.0.202\Extensions\Microsoft.VisualStudio.TestPlatform.Extensions.Trx.TestLogger.dll'
TpTrace Verbose: 0 : 9644, 1, 2024/03/23, 00:01:56.856, 395887141619, vstest.console.dll, TestPluginCache: Discovered the extensions using extension path ''.
TpTrace Verbose: 0 : 9644, 1, 2024/03/23, 00:01:56.856, 395887141909, vstest.console.dll, TestPluginCache: Discoverers are ''.
TpTrace Verbose: 0 : 9644, 1, 2024/03/23, 00:01:56.856, 395887142100, vstest.console.dll, TestPluginCache: Executors are ''.
TpTrace Verbose: 0 : 9644, 1, 2024/03/23, 00:01:56.856, 395887142280, vstest.console.dll, TestPluginCache: Executors2 are ''.
TpTrace Verbose: 0 : 9644, 1, 2024/03/23, 00:01:56.856, 395887142455, vstest.console.dll, TestPluginCache: Setting providers are ''.
TpTrace Verbose: 0 : 9644, 1, 2024/03/23, 00:01:56.856, 395887142948, vstest.console.dll, TestPluginCache: Loggers are 'logger://Microsoft/TestPlatform/Extensions/Blame/v1,logger://Microsoft/TestPlatform/HtmlLogger/v1,logger://Microsoft/TestPlatform/TrxLogger/v1'.
TpTrace Verbose: 0 : 9644, 1, 2024/03/23, 00:01:56.856, 395887143331, vstest.console.dll, TestPluginCache: TestHosts are 'HostProvider://DefaultTestHost,HostProvider://DotnetTestHost'.
TpTrace Verbose: 0 : 9644, 1, 2024/03/23, 00:01:56.856, 395887143577, vstest.console.dll, TestPluginCache: DataCollectors are ''.
TpTrace Information: 0 : 9644, 1, 2024/03/23, 00:01:56.857, 395887149113, vstest.console.dll, TestPluginManager.CreateTestExtension: Attempting to load test extension: Microsoft.TestPlatform.Extensions.BlameDataCollector.BlameLogger
TpTrace Verbose: 0 : 9644, 1, 2024/03/23, 00:01:56.862, 395887198133, vstest.console.dll, TestEngine: Initializing Parallel Execution as MaxCpuCount is set to: 1
TpTrace Information: 0 : 9644, 1, 2024/03/23, 00:01:56.863, 395887208132, vstest.console.dll, TestPluginManager.CreateTestExtension: Attempting to load test extension: Microsoft.VisualStudio.TestPlatform.CrossPlatEngine.Hosting.DefaultTestHostManager
TpTrace Information: 0 : 9644, 1, 2024/03/23, 00:01:56.863, 395887214116, vstest.console.dll, TestPluginManager.CreateTestExtension: Attempting to load test extension: Microsoft.VisualStudio.TestPlatform.CrossPlatEngine.Hosting.DotnetTestHostManager
TpTrace Information: 0 : 9644, 1, 2024/03/23, 00:01:56.864, 395887217960, vstest.console.dll, InferRunSettingsHelper.IsTestSettingsEnabled: Unable to navigate to RunSettings/MSTest. Current node: RunSettings
TpTrace Verbose: 0 : 9644, 1, 2024/03/23, 00:01:56.864, 395887221743, vstest.console.dll, ParallelOperationManager.ClearSlots: Clearing all slots. Slots should accept more work: True
TpTrace Verbose: 0 : 9644, 1, 2024/03/23, 00:01:56.865, 395887226509, vstest.console.dll, ParallelOperationManager.SetOccupiedSlotCount: Setting slot counts AvailableSlotCount = 1, OccupiedSlotCount = 0.
TpTrace Verbose: 0 : 9644, 1, 2024/03/23, 00:01:56.865, 395887228767, vstest.console.dll, Occupied slots:

TpTrace Verbose: 0 : 9644, 1, 2024/03/23, 00:01:56.867, 395887250380, vstest.console.dll, TestEngine.GetExecutionManager: Chosen execution manager 'Microsoft.VisualStudio.TestPlatform.CrossPlatEngine.Client.Parallel.ParallelProxyExecutionManager, Microsoft.TestPlatform.CrossPlatEngine, Version=15.0.0.0, Culture=neutral, PublicKeyToken=b03f5f7f11d50a3a' ParallelLevel '1'.
TpTrace Verbose: 0 : 9644, 1, 2024/03/23, 00:01:56.867, 395887251308, vstest.console.dll, TestRunRequest.ExecuteAsync: Creating test run request.
TpTrace Verbose: 0 : 9644, 1, 2024/03/23, 00:01:56.867, 395887252871, vstest.console.dll, TestRunRequest.ExecuteAsync: Starting.
TpTrace Information: 0 : 9644, 1, 2024/03/23, 00:01:56.868, 395887260384, vstest.console.dll, TestRunRequest.ExecuteAsync: Starting run with settings:TestRunCriteria:
   KeepAlive=False,FrequencyOfRunStatsChangeEvent=10,RunStatsChangeEventTimeout=00:00:01.5000000,TestCaseFilter=,TestExecutorLauncher=
   Settingsxml=<RunSettings>
  <RunConfiguration>
    <ResultsDirectory>C:\Users\Angel\OneDrive\Desktop\repos\BusinessSolution\BusinessWebsiteShared.Tests\bin\Release\net8.0\fine-code-coverage\coverage-tool-output</ResultsDirectory>
    <TargetPlatform>X64</TargetPlatform>
    <TargetFrameworkVersion>.NETCoreApp,Version=v8.0</TargetFrameworkVersion>
    <DesignMode>False</DesignMode>
    <CollectSourceInformation>False</CollectSourceInformation>
  </RunConfiguration>
  <LoggerRunSettings>
    <Loggers>
      <Logger friendlyName="blame" enabled="True" />
      <Logger friendlyName="Console" uri="logger://microsoft/TestPlatform/ConsoleLogger/v1" assemblyQualifiedName="Microsoft.VisualStudio.TestPlatform.CommandLine.Internal.ConsoleLogger, vstest.console, Version=15.0.0.0, Culture=neutral, PublicKeyToken=b03f5f7f11d50a3a" codeBase="C:\Program Files\dotnet\sdk\8.0.202\vstest.console.dll" enabled="True" />
    </Loggers>
  </LoggerRunSettings>
  <DataCollectionRunSettings>
    <DataCollectors>
      <DataCollector friendlyName="blame" enabled="True">
        <Configuration>
          <ResultsDirectory>C:\Users\Angel\OneDrive\Desktop\repos\BusinessSolution\BusinessWebsiteShared.Tests\bin\Release\net8.0\fine-code-coverage\coverage-tool-output</ResultsDirectory>
        </Configuration>
      </DataCollector>
    </DataCollectors>
  </DataCollectionRunSettings>
</RunSettings>

TpTrace Verbose: 0 : 9644, 1, 2024/03/23, 00:01:56.868, 395887260860, vstest.console.dll, TestRunRequest.ExecuteAsync: Wait for the first run request is over.
TpTrace Verbose: 0 : 9644, 1, 2024/03/23, 00:01:56.868, 395887263362, vstest.console.dll, MulticastDelegateUtilities.SafeInvoke: TestRun.TestRunStart: Invoking callbacks was skipped because there are no subscribers.
TpTrace Verbose: 0 : 9644, 4, 2024/03/23, 00:01:56.868, 395887264810, vstest.console.dll, MulticastDelegateUtilities.SafeInvoke: InternalTestLoggerEvents.SendTestRunStart: Invoking callback 1/1 for Microsoft.VisualStudio.TestPlatform.CommandLine.Internal.ConsoleLogger., took 0 ms.
TpTrace Verbose: 0 : 9644, 1, 2024/03/23, 00:01:56.869, 395887269882, vstest.console.dll, ParallelProxyExecutionManager: Start execution. Total sources: 1
TpTrace Verbose: 0 : 9644, 1, 2024/03/23, 00:01:56.869, 395887272176, vstest.console.dll, ParallelOperationManager.StartWork: Starting adding 1 workloads.
TpTrace Verbose: 0 : 9644, 1, 2024/03/23, 00:01:56.869, 395887272713, vstest.console.dll, ParallelOperationManager.ClearSlots: Clearing all slots. Slots should accept more work: True
TpTrace Verbose: 0 : 9644, 1, 2024/03/23, 00:01:56.869, 395887273231, vstest.console.dll, ParallelOperationManager.SetOccupiedSlotCount: Setting slot counts AvailableSlotCount = 1, OccupiedSlotCount = 0.
TpTrace Verbose: 0 : 9644, 1, 2024/03/23, 00:01:56.869, 395887273514, vstest.console.dll, Occupied slots:

TpTrace Verbose: 0 : 9644, 1, 2024/03/23, 00:01:56.870, 395887282613, vstest.console.dll, TestRequestSender is acting as server.
TpTrace Verbose: 0 : 9644, 1, 2024/03/23, 00:01:56.871, 395887290065, vstest.console.dll, ParallelOperationManager.RunWorkInParallel: Adding 1 workload to slot, remaining workloads 0.
TpTrace Verbose: 0 : 9644, 1, 2024/03/23, 00:01:56.871, 395887290530, vstest.console.dll, ParallelOperationManager.SetOccupiedSlotCount: Setting slot counts AvailableSlotCount = 0, OccupiedSlotCount = 1.
TpTrace Verbose: 0 : 9644, 1, 2024/03/23, 00:01:56.871, 395887291281, vstest.console.dll, Occupied slots:
0: C:\Users\Angel\OneDrive\Desktop\repos\BusinessSolution\BusinessWebsiteShared.Tests\bin\Release\net8.0\fine-code-coverage\build-output\BusinessSolutionShared.Tests.dll
TpTrace Verbose: 0 : 9644, 1, 2024/03/23, 00:01:56.872, 395887298131, vstest.console.dll, ParallelOperationManager.RunWorkInParallel: Started host in slot number 0 for work (source): C:\Users\Angel\OneDrive\Desktop\repos\BusinessSolution\BusinessWebsiteShared.Tests\bin\Release\net8.0\fine-code-coverage\build-output\BusinessSolutionShared.Tests.dll.
TpTrace Verbose: 0 : 9644, 1, 2024/03/23, 00:01:56.872, 395887304189, vstest.console.dll, ParallelOperationManager.RunWorkInParallel: We started 1 work items, which is the max parallel level. Won't start more work.
TpTrace Verbose: 0 : 9644, 1, 2024/03/23, 00:01:56.872, 395887304606, vstest.console.dll, ParallelOperationManager.RunWorkInParallel: We started 1 work items in here, returning True.
TpTrace Information: 0 : 9644, 1, 2024/03/23, 00:01:56.872, 395887304974, vstest.console.dll, TestRunRequest.ExecuteAsync: Started.
TpTrace Verbose: 0 : 9644, 5, 2024/03/23, 00:01:56.872, 395887305634, vstest.console.dll, ParallelProxyExecutionManager.StartTestRunOnConcurrentManager: Initializing uninitialized client. Started clients: 0
TpTrace Verbose: 0 : 9644, 5, 2024/03/23, 00:01:56.873, 395887306831, vstest.console.dll, DataCollectionRequestSender.InitializeCommunication : Initialize communication. 
TpTrace Verbose: 0 : 9644, 1, 2024/03/23, 00:01:56.873, 395887308773, vstest.console.dll, TestRunRequest.WaitForCompletion: Waiting with timeout -1.
TpTrace Information: 0 : 9644, 5, 2024/03/23, 00:01:56.878, 395887356472, vstest.console.dll, Listening on Endpoint : 127.0.0.1:54165
TpTrace Verbose: 0 : 9644, 5, 2024/03/23, 00:01:56.881, 395887395502, vstest.console.dll, DotnetDataCollectionLauncher: Adding  --runtimeconfig "C:\Program Files\dotnet\sdk\8.0.202\datacollector.runtimeconfig.json" in args
TpTrace Verbose: 0 : 9644, 5, 2024/03/23, 00:01:56.882, 395887396369, vstest.console.dll, DotnetDataCollectionLauncher: Adding  --depsfile "C:\Program Files\dotnet\sdk\8.0.202\datacollector.deps.json" in args
TpTrace Verbose: 0 : 9644, 5, 2024/03/23, 00:01:56.882, 395887397731, vstest.console.dll, DotnetDataCollectionLauncher: Full path of dotnet.exe is C:\Program Files\dotnet\dotnet.exe
TpTrace Information: 0 : 9644, 5, 2024/03/23, 00:01:56.889, 395887469158, vstest.console.dll, ProxyDataCollectionManager.Initialize: Launched datacollector processId: 13576 port: 54165
TpTrace Information: 0 : 9644, 5, 2024/03/23, 00:01:56.889, 395887470209, vstest.console.dll, ProxyDataCollectionManager.Initialize: waiting for connection with timeout: 90 seconds
TpTrace Verbose: 0 : 9644, 5, 2024/03/23, 00:01:56.889, 395887470771, vstest.console.dll, DataCollectionRequestSender.WaitForRequestHandlerConnection : Waiting for connection with timeout: 90000
TpTrace Information: 0 : 9644, 7, 2024/03/23, 00:01:56.987, 395888446480, vstest.console.dll, Using the buffer size of 16384 bytes
TpTrace Verbose: 0 : 9644, 5, 2024/03/23, 00:01:56.987, 395888446565, vstest.console.dll, SocketCommunicationManager.WaitForClientConnection took: 97 ms, with 90000 ms timeout, and finished with True.
TpTrace Information: 0 : 9644, 7, 2024/03/23, 00:01:56.987, 395888447390, vstest.console.dll, Accepted Client request and set the flag
TpTrace Verbose: 0 : 9644, 5, 2024/03/23, 00:01:56.987, 395888448399, vstest.console.dll, ProxyDataCollectionManager.InvokeDataCollectionServiceAction: Starting.
TpTrace Information: 0 : 9644, 5, 2024/03/23, 00:01:56.987, 395888448984, vstest.console.dll, ProxyDataCollectionManager.BeforeTestRunStart: Get environment variable and port for datacollector processId: 13576 port: 54165
TpTrace Verbose: 0 : 9644, 5, 2024/03/23, 00:01:56.987, 395888449826, vstest.console.dll, DataCollectionRequestSender.SendBeforeTestRunStartAndGetResult: Send BeforeTestRunStart message with settingsXml <RunSettings><RunConfiguration><ResultsDirectory>C:\Users\Angel\OneDrive\Desktop\repos\BusinessSolution\BusinessWebsiteShared.Tests\bin\Release\net8.0\fine-code-coverage\coverage-tool-output</ResultsDirectory><TargetPlatform>X64</TargetPlatform><TargetFrameworkVersion>.NETCoreApp,Version=v8.0</TargetFrameworkVersion><DesignMode>False</DesignMode><CollectSourceInformation>False</CollectSourceInformation><TestAdaptersPaths>C:\Program Files\dotnet\sdk\8.0.202\Extensions</TestAdaptersPaths></RunConfiguration><LoggerRunSettings><Loggers><Logger friendlyName="blame" enabled="True" /><Logger friendlyName="Console" uri="logger://microsoft/TestPlatform/ConsoleLogger/v1" assemblyQualifiedName="Microsoft.VisualStudio.TestPlatform.CommandLine.Internal.ConsoleLogger, vstest.console, Version=15.0.0.0, Culture=neutral, PublicKeyToken=b03f5f7f11d50a3a" codeBase="C:\Program Files\dotnet\sdk\8.0.202\vstest.console.dll" enabled="True" /></Loggers></LoggerRunSettings><DataCollectionRunSettings><DataCollectors><DataCollector friendlyName="blame" enabled="True"><Configuration><ResultsDirectory>C:\Users\Angel\OneDrive\Desktop\repos\BusinessSolution\BusinessWebsiteShared.Tests\bin\Release\net8.0\fine-code-coverage\coverage-tool-output</ResultsDirectory></Configuration></DataCollector></DataCollectors></DataCollectionRunSettings></RunSettings> and sources System.Collections.Generic.List`1[System.String]: 
TpTrace Verbose: 0 : 9644, 5, 2024/03/23, 00:01:57.020, 395888782850, vstest.console.dll, DataCollectionRequestSender.SendBeforeTestRunStartAndGetResult: Received message: (DataCollection.SendMessage) -> {"MessageType":"DataCollection.SendMessage","Payload":{"FriendlyName":null,"Uri":null,"TestCaseId":"00000000-0000-0000-0000-000000000000","Message":"Logging DataCollector Diagnostics in file: C:\\Users\\Angel\\OneDrive\\Desktop\\repos\\BusinessSolution\\BusinessWebsiteShared.Tests\\bin\\Release\\net8.0\\fine-code-coverage\\coverage-tool-output\\diagnostics.datacollector.24-03-23_00-01-56_88176_5.log","Level":0}}
TpTrace Verbose: 0 : 9644, 5, 2024/03/23, 00:01:57.077, 395889347694, vstest.console.dll, DataCollectionRequestSender.SendBeforeTestRunStartAndGetResult: Received message: (DataCollection.BeforeTestRunStartResult) -> {"MessageType":"DataCollection.BeforeTestRunStartResult","Payload":{"EnvironmentVariables":{},"DataCollectionEventsPort":54167}}
TpTrace Information: 0 : 9644, 5, 2024/03/23, 00:01:57.080, 395889378174, vstest.console.dll, ProxyDataCollectionManager.BeforeTestRunStart: SendBeforeTestRunStartAndGetResult successful, env variable from datacollector:   and testhost port: 54167
TpTrace Information: 0 : 9644, 5, 2024/03/23, 00:01:57.080, 395889378853, vstest.console.dll, ProxyDataCollectionManager.InvokeDataCollectionServiceAction: Completed.
TpTrace Verbose: 0 : 9644, 5, 2024/03/23, 00:01:57.080, 395889379153, vstest.console.dll, ParallelProxyExecutionManager.StartTestRunOnConcurrentManager: Initializing test run. Started clients: 0
TpTrace Verbose: 0 : 9644, 5, 2024/03/23, 00:01:57.080, 395889379773, vstest.console.dll, ProxyExecutionManager: Test host is always Lazy initialize.
TpTrace Verbose: 0 : 9644, 5, 2024/03/23, 00:01:57.080, 395889381382, vstest.console.dll, TestRequestSender.InitializeCommunication: initialize communication. 
TpTrace Information: 0 : 9644, 5, 2024/03/23, 00:01:57.080, 395889385164, vstest.console.dll, SocketServer.Start: Listening on endpoint : 127.0.0.1:54168
TpTrace Verbose: 0 : 9644, 5, 2024/03/23, 00:01:57.081, 395889390470, vstest.console.dll, DotnetTestHostmanager.GetTestHostProcessStartInfo: Platform environment 'X64' target architecture 'X64' framework '.NETCoreApp,Version=v8.0' OS 'Windows'
TpTrace Verbose: 0 : 9644, 5, 2024/03/23, 00:01:57.081, 395889392022, vstest.console.dll, DotnetTestHostmanager: Adding  --runtimeconfig "C:\Users\Angel\OneDrive\Desktop\repos\BusinessSolution\BusinessWebsiteShared.Tests\bin\Release\net8.0\fine-code-coverage\build-output\BusinessSolutionShared.Tests.runtimeconfig.json" in args
TpTrace Verbose: 0 : 9644, 5, 2024/03/23, 00:01:57.081, 395889392810, vstest.console.dll, DotnetTestHostmanager: Adding  --depsfile "C:\Users\Angel\OneDrive\Desktop\repos\BusinessSolution\BusinessWebsiteShared.Tests\bin\Release\net8.0\fine-code-coverage\build-output\BusinessSolutionShared.Tests.deps.json" in args
TpTrace Verbose: 0 : 9644, 5, 2024/03/23, 00:01:57.081, 395889394023, vstest.console.dll, DotnetTestHostmanager.IsWinOnArm: Current PROCESSOR_ARCHITECTURE from environment variable 'AMD64'
TpTrace Verbose: 0 : 9644, 5, 2024/03/23, 00:01:57.081, 395889394523, vstest.console.dll, DotnetTestHostmanager.IsWinOnArm: Is Windows on ARM 'False'
TpTrace Verbose: 0 : 9644, 5, 2024/03/23, 00:01:57.081, 395889395276, vstest.console.dll, DotnetTestHostManager: testhost.exe found at path: C:\Users\Angel\OneDrive\Desktop\repos\BusinessSolution\BusinessWebsiteShared.Tests\bin\Release\net8.0\fine-code-coverage\build-output\testhost.exe
TpTrace Verbose: 0 : 9644, 5, 2024/03/23, 00:01:57.081, 395889395639, vstest.console.dll, DotnetTestHostmanager: Full path of host exe is C:\Users\Angel\OneDrive\Desktop\repos\BusinessSolution\BusinessWebsiteShared.Tests\bin\Release\net8.0\fine-code-coverage\build-output\testhost.exe
TpTrace Verbose: 0 : 9644, 5, 2024/03/23, 00:01:57.082, 395889396544, vstest.console.dll, DotnetTestHostmanager.LaunchTestHostAsync: Found 'VSTEST_WINAPPHOST_DOTNET_ROOT' in env variables, value 'C:\Program Files\dotnet', forwarding to 'DOTNET_ROOT'
TpTrace Verbose: 0 : 9644, 5, 2024/03/23, 00:01:57.082, 395889397556, vstest.console.dll, DotnetTestHostManager: Starting process 'C:\Users\Angel\OneDrive\Desktop\repos\BusinessSolution\BusinessWebsiteShared.Tests\bin\Release\net8.0\fine-code-coverage\build-output\testhost.exe' with command line ' --runtimeconfig "C:\Users\Angel\OneDrive\Desktop\repos\BusinessSolution\BusinessWebsiteShared.Tests\bin\Release\net8.0\fine-code-coverage\build-output\BusinessSolutionShared.Tests.runtimeconfig.json" --depsfile "C:\Users\Angel\OneDrive\Desktop\repos\BusinessSolution\BusinessWebsiteShared.Tests\bin\Release\net8.0\fine-code-coverage\build-output\BusinessSolutionShared.Tests.deps.json" --port 54168 --endpoint 127.0.0.1:054168 --role client --parentprocessid 9644 --diag "C:\Users\Angel\OneDrive\Desktop\repos\BusinessSolution\BusinessWebsiteShared.Tests\bin\Release\net8.0\fine-code-coverage\coverage-tool-output\diagnostics.host.24-03-23_00-01-57_08115_5.log" --tracelevel 4 --datacollectionport 54167 --telemetryoptedin false'
TpTrace Verbose: 0 : 9644, 5, 2024/03/23, 00:01:57.091, 395889493633, vstest.console.dll, MulticastDelegateUtilities.SafeInvoke: HostProviderEvents.OnHostLaunched: Invoking callback 1/2 for Microsoft.VisualStudio.TestPlatform.CrossPlatEngine.Client.ProxyExecutionManagerWithDataCollection., took 0 ms.
TpTrace Verbose: 0 : 9644, 5, 2024/03/23, 00:01:57.091, 395889496058, vstest.console.dll, Test Runtime launched
TpTrace Verbose: 0 : 9644, 5, 2024/03/23, 00:01:57.092, 395889496636, vstest.console.dll, MulticastDelegateUtilities.SafeInvoke: HostProviderEvents.OnHostLaunched: Invoking callback 2/2 for Microsoft.VisualStudio.TestPlatform.CrossPlatEngine.Client.ProxyOperationManager., took 0 ms.
TpTrace Verbose: 0 : 9644, 5, 2024/03/23, 00:01:57.092, 395889497549, vstest.console.dll, TestRequestSender.WaitForRequestHandlerConnection: waiting for connection with timeout: 90000.
TpTrace Verbose: 0 : 9644, 12, 2024/03/23, 00:01:57.204, 395890623443, vstest.console.dll, MulticastDelegateUtilities.SafeInvoke: SocketServer: ClientConnected: Invoking callback 1/1 for Microsoft.VisualStudio.TestPlatform.CommunicationUtilities.TestRequestSender., took 0 ms.
TpTrace Verbose: 0 : 9644, 12, 2024/03/23, 00:01:57.204, 395890624445, vstest.console.dll, SocketServer.OnClientConnected: Client connected for endPoint: 127.0.0.1:54168, starting MessageLoopAsync:
TpTrace Verbose: 0 : 9644, 5, 2024/03/23, 00:01:57.204, 395890623443, vstest.console.dll, TestRequestSender.WaitForRequestHandlerConnection: waiting took 112 ms, with timeout 90000 ms, and result 0, which is success.
TpTrace Verbose: 0 : 9644, 14, 2024/03/23, 00:01:57.205, 395890627735, vstest.console.dll, TcpClientExtensions.MessageLoopAsync: Polling on remoteEndPoint: 127.0.0.1:54169 localEndPoint: 127.0.0.1:54168 after 0 ms
TpTrace Verbose: 0 : 9644, 5, 2024/03/23, 00:01:57.205, 395890630928, vstest.console.dll, TestRequestSender.CheckVersionWithTestHost: Sending check version message: {"MessageType":"ProtocolVersion","Payload":7}
TpTrace Verbose: 0 : 9644, 14, 2024/03/23, 00:01:57.274, 395891321157, vstest.console.dll, TcpClientExtensions.MessageLoopAsync: NotifyDataAvailable remoteEndPoint: 127.0.0.1:54169 localEndPoint: 127.0.0.1:54168
TpTrace Verbose: 0 : 9644, 14, 2024/03/23, 00:01:57.274, 395891323203, vstest.console.dll, TestRequestSender.CheckVersionWithTestHost: onMessageReceived received message: (ProtocolVersion) -> {"MessageType":"ProtocolVersion","Payload":7}
TpTrace Verbose: 0 : 9644, 14, 2024/03/23, 00:01:57.275, 395891327858, vstest.console.dll, MulticastDelegateUtilities.SafeInvoke: LengthPrefixCommunicationChannel: MessageReceived: Invoking callback 1/1 for Microsoft.VisualStudio.TestPlatform.CommunicationUtilities.TestRequestSender+<>c__DisplayClass29_0., took 0 ms.
TpTrace Verbose: 0 : 9644, 14, 2024/03/23, 00:01:57.275, 395891328575, vstest.console.dll, TcpClientExtensions.MessageLoopAsync: Polling on remoteEndPoint: 127.0.0.1:54169 localEndPoint: 127.0.0.1:54168 after 70 ms
TpTrace Verbose: 0 : 9644, 5, 2024/03/23, 00:01:57.275, 395891328741, vstest.console.dll, TestPluginCache.GetExtensionPaths: Filtered extension paths: 
TpTrace Verbose: 0 : 9644, 5, 2024/03/23, 00:01:57.275, 395891329999, vstest.console.dll, TestPluginCache.GetExtensionPaths: Added default extension paths: C:\Program Files\dotnet\sdk\8.0.202\Extensions\Microsoft.Diagnostics.NETCore.Client.dll
C:\Program Files\dotnet\sdk\8.0.202\Extensions\Microsoft.TestPlatform.Extensions.BlameDataCollector.dll
C:\Program Files\dotnet\sdk\8.0.202\Extensions\Microsoft.TestPlatform.Extensions.EventLogCollector.dll
C:\Program Files\dotnet\sdk\8.0.202\Extensions\Microsoft.TestPlatform.TestHostRuntimeProvider.dll
C:\Program Files\dotnet\sdk\8.0.202\Extensions\Microsoft.VisualStudio.TestPlatform.Extensions.Html.TestLogger.dll
C:\Program Files\dotnet\sdk\8.0.202\Extensions\Microsoft.VisualStudio.TestPlatform.Extensions.Trx.TestLogger.dll
TpTrace Verbose: 0 : 9644, 5, 2024/03/23, 00:01:57.275, 395891331681, vstest.console.dll, TestPluginCache.GetExtensionPaths: Added unfilterableExtensionPaths: 
TpTrace Verbose: 0 : 9644, 5, 2024/03/23, 00:01:57.277, 395891349356, vstest.console.dll, TestRequestSender.InitializeExecution: Sending initialize execution with message: {"Version":7,"MessageType":"TestExecution.Initialize","Payload":["C:\\Users\\Angel\\OneDrive\\Desktop\\repos\\BusinessSolution\\BusinessWebsiteShared.Tests\\bin\\Release\\net8.0\\fine-code-coverage\\build-output\\xunit.runner.visualstudio.dotnetcore.testadapter.dll"]}
TpTrace Verbose: 0 : 9644, 5, 2024/03/23, 00:01:57.277, 395891350935, vstest.console.dll, ParallelProxyExecutionManager.StartTestRunOnConcurrentManager: Execution starting. Started clients: 1
TpTrace Verbose: 0 : 9644, 5, 2024/03/23, 00:01:57.277, 395891352579, vstest.console.dll, TestRunRequest:SendTestRunMessage: Starting.
TpTrace Verbose: 0 : 9644, 5, 2024/03/23, 00:01:57.277, 395891353699, vstest.console.dll, MulticastDelegateUtilities.SafeInvoke: TestRun.LogMessages: Invoking callback 1/1 for Microsoft.VisualStudio.TestPlatform.CommandLine.TestRunResultAggregator., took 0 ms.
TpTrace Information: 0 : 9644, 5, 2024/03/23, 00:01:57.277, 395891354005, vstest.console.dll, TestRunRequest:SendTestRunMessage: Completed.
TpTrace Verbose: 0 : 9644, 4, 2024/03/23, 00:01:57.277, 395891355143, vstest.console.dll, MulticastDelegateUtilities.SafeInvoke: InternalTestLoggerEvents.SendTestRunMessage: Invoking callback 1/1 for Microsoft.VisualStudio.TestPlatform.CommandLine.Internal.ConsoleLogger., took 0 ms.
TpTrace Warning: 0 : 9644, 5, 2024/03/23, 00:01:57.278, 395891356441, vstest.console.dll, InferRunSettingsHelper.MakeRunsettingsCompatible: Removing the following settings: TargetPlatform from RunSettings file. To use those settings please move to latest version of Microsoft.NET.Test.Sdk
TpTrace Verbose: 0 : 9644, 14, 2024/03/23, 00:01:57.278, 395891359741, vstest.console.dll, TcpClientExtensions.MessageLoopAsync: NotifyDataAvailable remoteEndPoint: 127.0.0.1:54169 localEndPoint: 127.0.0.1:54168
TpTrace Verbose: 0 : 9644, 14, 2024/03/23, 00:01:57.278, 395891362112, vstest.console.dll, TestRequestSender.OnExecutionMessageReceived: Received message: {"Version":7,"MessageType":"TestSession.Message","Payload":{"MessageLevel":0,"Message":"Logging TestHost Diagnostics in file: C:\\Users\\Angel\\OneDrive\\Desktop\\repos\\BusinessSolution\\BusinessWebsiteShared.Tests\\bin\\Release\\net8.0\\fine-code-coverage\\coverage-tool-output\\diagnostics.host.24-03-23_00-01-57_08115_5.log"}}
TpTrace Verbose: 0 : 9644, 14, 2024/03/23, 00:01:57.280, 395891378321, vstest.console.dll, TestRunRequest:SendTestRunMessage: Starting.
TpTrace Verbose: 0 : 9644, 14, 2024/03/23, 00:01:57.280, 395891379163, vstest.console.dll, MulticastDelegateUtilities.SafeInvoke: TestRun.LogMessages: Invoking callback 1/1 for Microsoft.VisualStudio.TestPlatform.CommandLine.TestRunResultAggregator., took 0 ms.
TpTrace Verbose: 0 : 9644, 4, 2024/03/23, 00:01:57.280, 395891379380, vstest.console.dll, MulticastDelegateUtilities.SafeInvoke: InternalTestLoggerEvents.SendTestRunMessage: Invoking callback 1/1 for Microsoft.VisualStudio.TestPlatform.CommandLine.Internal.ConsoleLogger., took 0 ms.
TpTrace Information: 0 : 9644, 14, 2024/03/23, 00:01:57.280, 395891379435, vstest.console.dll, TestRunRequest:SendTestRunMessage: Completed.
TpTrace Verbose: 0 : 9644, 14, 2024/03/23, 00:01:57.280, 395891380385, vstest.console.dll, MulticastDelegateUtilities.SafeInvoke: LengthPrefixCommunicationChannel: MessageReceived: Invoking callback 1/1 for Microsoft.VisualStudio.TestPlatform.CommunicationUtilities.TestRequestSender+<>c__DisplayClass34_0., took 1 ms.
TpTrace Verbose: 0 : 9644, 14, 2024/03/23, 00:01:57.280, 395891380676, vstest.console.dll, TcpClientExtensions.MessageLoopAsync: Polling on remoteEndPoint: 127.0.0.1:54169 localEndPoint: 127.0.0.1:54168 after 5 ms
TpTrace Verbose: 0 : 9644, 5, 2024/03/23, 00:01:57.281, 395891391981, vstest.console.dll, TestRequestSender.StartTestRun: Sending test run with message: {"Version":7,"MessageType":"TestExecution.StartWithSources","Payload":{"AdapterSourceMap":{"_none_":["C:\\Users\\Angel\\OneDrive\\Desktop\\repos\\BusinessSolution\\BusinessWebsiteShared.Tests\\bin\\Release\\net8.0\\fine-code-coverage\\build-output\\BusinessSolutionShared.Tests.dll"]},"RunSettings":"<RunSettings>\r\n  <RunConfiguration>\r\n    <ResultsDirectory>C:\\Users\\Angel\\OneDrive\\Desktop\\repos\\BusinessSolution\\BusinessWebsiteShared.Tests\\bin\\Release\\net8.0\\fine-code-coverage\\coverage-tool-output</ResultsDirectory>\r\n    <TargetFrameworkVersion>.NETCoreApp,Version=v8.0</TargetFrameworkVersion>\r\n    <DesignMode>False</DesignMode>\r\n    <CollectSourceInformation>False</CollectSourceInformation>\r\n  </RunConfiguration>\r\n  <LoggerRunSettings>\r\n    <Loggers>\r\n      <Logger friendlyName=\"blame\" enabled=\"True\" />\r\n      <Logger friendlyName=\"Console\" uri=\"logger://microsoft/TestPlatform/ConsoleLogger/v1\" assemblyQualifiedName=\"Microsoft.VisualStudio.TestPlatform.CommandLine.Internal.ConsoleLogger, vstest.console, Version=15.0.0.0, Culture=neutral, PublicKeyToken=b03f5f7f11d50a3a\" codeBase=\"C:\\Program Files\\dotnet\\sdk\\8.0.202\\vstest.console.dll\" enabled=\"True\" />\r\n    </Loggers>\r\n  </LoggerRunSettings>\r\n  <DataCollectionRunSettings>\r\n    <DataCollectors>\r\n      <DataCollector friendlyName=\"blame\" enabled=\"True\">\r\n        <Configuration>\r\n          <ResultsDirectory>C:\\Users\\Angel\\OneDrive\\Desktop\\repos\\BusinessSolution\\BusinessWebsiteShared.Tests\\bin\\Release\\net8.0\\fine-code-coverage\\coverage-tool-output</ResultsDirectory>\r\n        </Configuration>\r\n      </DataCollector>\r\n    </DataCollectors>\r\n  </DataCollectionRunSettings>\r\n</RunSettings>","TestExecutionContext":{"FrequencyOfRunStatsChangeEvent":10,"RunStatsChangeEventTimeout":"00:00:01.5000000","InIsolation":false,"KeepAlive":false,"AreTestCaseLevelEventsRequired":false,"IsDebug":false,"TestCaseFilter":null,"FilterOptions":null},"Package":null}}
TpTrace Verbose: 0 : 9644, 5, 2024/03/23, 00:01:57.281, 395891393401, vstest.console.dll, ParallelProxyExecutionManager.StartTestRunOnConcurrentManager: Execution started. Started clients: 1
TpTrace Verbose: 0 : 9644, 14, 2024/03/23, 00:01:57.366, 395892241961, vstest.console.dll, TcpClientExtensions.MessageLoopAsync: NotifyDataAvailable remoteEndPoint: 127.0.0.1:54169 localEndPoint: 127.0.0.1:54168
TpTrace Verbose: 0 : 9644, 14, 2024/03/23, 00:01:57.366, 395892243179, vstest.console.dll, TestRequestSender.OnExecutionMessageReceived: Received message: {"Version":7,"MessageType":"TestSession.Message","Payload":{"MessageLevel":0,"Message":"[xUnit.net 00:00:00.00] xUnit.net VSTest Adapter v2.5.3.1+6b60a9e56a (64-bit .NET 8.0.3)"}}
TpTrace Verbose: 0 : 9644, 14, 2024/03/23, 00:01:57.366, 395892244599, vstest.console.dll, TestRunRequest:SendTestRunMessage: Starting.
TpTrace Verbose: 0 : 9644, 14, 2024/03/23, 00:01:57.366, 395892245137, vstest.console.dll, MulticastDelegateUtilities.SafeInvoke: TestRun.LogMessages: Invoking callback 1/1 for Microsoft.VisualStudio.TestPlatform.CommandLine.TestRunResultAggregator., took 0 ms.
TpTrace Information: 0 : 9644, 14, 2024/03/23, 00:01:57.366, 395892245371, vstest.console.dll, TestRunRequest:SendTestRunMessage: Completed.
TpTrace Verbose: 0 : 9644, 14, 2024/03/23, 00:01:57.366, 395892245579, vstest.console.dll, MulticastDelegateUtilities.SafeInvoke: LengthPrefixCommunicationChannel: MessageReceived: Invoking callback 1/1 for Microsoft.VisualStudio.TestPlatform.CommunicationUtilities.TestRequestSender+<>c__DisplayClass34_0., took 0 ms.
TpTrace Verbose: 0 : 9644, 14, 2024/03/23, 00:01:57.366, 395892245854, vstest.console.dll, TcpClientExtensions.MessageLoopAsync: Polling on remoteEndPoint: 127.0.0.1:54169 localEndPoint: 127.0.0.1:54168 after 86 ms
TpTrace Verbose: 0 : 9644, 4, 2024/03/23, 00:01:57.366, 395892245539, vstest.console.dll, MulticastDelegateUtilities.SafeInvoke: InternalTestLoggerEvents.SendTestRunMessage: Invoking callback 1/1 for Microsoft.VisualStudio.TestPlatform.CommandLine.Internal.ConsoleLogger., took 0 ms.
TpTrace Verbose: 0 : 9644, 14, 2024/03/23, 00:01:57.671, 395895292705, vstest.console.dll, TcpClientExtensions.MessageLoopAsync: NotifyDataAvailable remoteEndPoint: 127.0.0.1:54169 localEndPoint: 127.0.0.1:54168
TpTrace Verbose: 0 : 9644, 14, 2024/03/23, 00:01:57.671, 395895294317, vstest.console.dll, TestRequestSender.OnExecutionMessageReceived: Received message: {"Version":7,"MessageType":"TestSession.Message","Payload":{"MessageLevel":0,"Message":"[xUnit.net 00:00:00.30]   Discovering: BusinessSolutionShared.Tests"}}
TpTrace Verbose: 0 : 9644, 14, 2024/03/23, 00:01:57.671, 395895295489, vstest.console.dll, TestRunRequest:SendTestRunMessage: Starting.
TpTrace Verbose: 0 : 9644, 14, 2024/03/23, 00:01:57.671, 395895296063, vstest.console.dll, MulticastDelegateUtilities.SafeInvoke: TestRun.LogMessages: Invoking callback 1/1 for Microsoft.VisualStudio.TestPlatform.CommandLine.TestRunResultAggregator., took 0 ms.
TpTrace Information: 0 : 9644, 14, 2024/03/23, 00:01:57.672, 395895296326, vstest.console.dll, TestRunRequest:SendTestRunMessage: Completed.
TpTrace Verbose: 0 : 9644, 4, 2024/03/23, 00:01:57.672, 395895296438, vstest.console.dll, MulticastDelegateUtilities.SafeInvoke: InternalTestLoggerEvents.SendTestRunMessage: Invoking callback 1/1 for Microsoft.VisualStudio.TestPlatform.CommandLine.Internal.ConsoleLogger., took 0 ms.
TpTrace Verbose: 0 : 9644, 14, 2024/03/23, 00:01:57.672, 395895296589, vstest.console.dll, MulticastDelegateUtilities.SafeInvoke: LengthPrefixCommunicationChannel: MessageReceived: Invoking callback 1/1 for Microsoft.VisualStudio.TestPlatform.CommunicationUtilities.TestRequestSender+<>c__DisplayClass34_0., took 0 ms.
TpTrace Verbose: 0 : 9644, 14, 2024/03/23, 00:01:57.672, 395895297784, vstest.console.dll, TcpClientExtensions.MessageLoopAsync: Polling on remoteEndPoint: 127.0.0.1:54169 localEndPoint: 127.0.0.1:54168 after 305 ms
TpTrace Verbose: 0 : 9644, 14, 2024/03/23, 00:01:57.694, 395895524192, vstest.console.dll, TcpClientExtensions.MessageLoopAsync: NotifyDataAvailable remoteEndPoint: 127.0.0.1:54169 localEndPoint: 127.0.0.1:54168
TpTrace Verbose: 0 : 9644, 14, 2024/03/23, 00:01:57.694, 395895525833, vstest.console.dll, TestRequestSender.OnExecutionMessageReceived: Received message: {"Version":7,"MessageType":"TestSession.Message","Payload":{"MessageLevel":0,"Message":"[xUnit.net 00:00:00.33]   Discovered:  BusinessSolutionShared.Tests"}}
TpTrace Verbose: 0 : 9644, 14, 2024/03/23, 00:01:57.695, 395895526946, vstest.console.dll, TestRunRequest:SendTestRunMessage: Starting.
TpTrace Verbose: 0 : 9644, 14, 2024/03/23, 00:01:57.695, 395895527552, vstest.console.dll, MulticastDelegateUtilities.SafeInvoke: TestRun.LogMessages: Invoking callback 1/1 for Microsoft.VisualStudio.TestPlatform.CommandLine.TestRunResultAggregator., took 0 ms.
TpTrace Information: 0 : 9644, 14, 2024/03/23, 00:01:57.695, 395895527950, vstest.console.dll, TestRunRequest:SendTestRunMessage: Completed.
TpTrace Verbose: 0 : 9644, 4, 2024/03/23, 00:01:57.695, 395895528045, vstest.console.dll, MulticastDelegateUtilities.SafeInvoke: InternalTestLoggerEvents.SendTestRunMessage: Invoking callback 1/1 for Microsoft.VisualStudio.TestPlatform.CommandLine.Internal.ConsoleLogger., took 0 ms.
TpTrace Verbose: 0 : 9644, 14, 2024/03/23, 00:01:57.695, 395895528394, vstest.console.dll, MulticastDelegateUtilities.SafeInvoke: LengthPrefixCommunicationChannel: MessageReceived: Invoking callback 1/1 for Microsoft.VisualStudio.TestPlatform.CommunicationUtilities.TestRequestSender+<>c__DisplayClass34_0., took 0 ms.
TpTrace Verbose: 0 : 9644, 14, 2024/03/23, 00:01:57.695, 395895529761, vstest.console.dll, TcpClientExtensions.MessageLoopAsync: Polling on remoteEndPoint: 127.0.0.1:54169 localEndPoint: 127.0.0.1:54168 after 23 ms
TpTrace Verbose: 0 : 9644, 14, 2024/03/23, 00:01:57.696, 395895542732, vstest.console.dll, TcpClientExtensions.MessageLoopAsync: NotifyDataAvailable remoteEndPoint: 127.0.0.1:54169 localEndPoint: 127.0.0.1:54168
TpTrace Verbose: 0 : 9644, 14, 2024/03/23, 00:01:57.696, 395895543922, vstest.console.dll, TestRequestSender.OnExecutionMessageReceived: Received message: {"Version":7,"MessageType":"TestSession.Message","Payload":{"MessageLevel":0,"Message":"[xUnit.net 00:00:00.33]   Starting:    BusinessSolutionShared.Tests"}}
TpTrace Verbose: 0 : 9644, 14, 2024/03/23, 00:01:57.696, 395895544731, vstest.console.dll, TestRunRequest:SendTestRunMessage: Starting.
TpTrace Verbose: 0 : 9644, 14, 2024/03/23, 00:01:57.696, 395895545191, vstest.console.dll, MulticastDelegateUtilities.SafeInvoke: TestRun.LogMessages: Invoking callback 1/1 for Microsoft.VisualStudio.TestPlatform.CommandLine.TestRunResultAggregator., took 0 ms.
TpTrace Information: 0 : 9644, 14, 2024/03/23, 00:01:57.696, 395895545447, vstest.console.dll, TestRunRequest:SendTestRunMessage: Completed.
TpTrace Verbose: 0 : 9644, 4, 2024/03/23, 00:01:57.696, 395895545505, vstest.console.dll, MulticastDelegateUtilities.SafeInvoke: InternalTestLoggerEvents.SendTestRunMessage: Invoking callback 1/1 for Microsoft.VisualStudio.TestPlatform.CommandLine.Internal.ConsoleLogger., took 0 ms.
TpTrace Verbose: 0 : 9644, 14, 2024/03/23, 00:01:57.696, 395895545737, vstest.console.dll, MulticastDelegateUtilities.SafeInvoke: LengthPrefixCommunicationChannel: MessageReceived: Invoking callback 1/1 for Microsoft.VisualStudio.TestPlatform.CommunicationUtilities.TestRequestSender+<>c__DisplayClass34_0., took 0 ms.
TpTrace Verbose: 0 : 9644, 14, 2024/03/23, 00:01:57.697, 395895546764, vstest.console.dll, TcpClientExtensions.MessageLoopAsync: Polling on remoteEndPoint: 127.0.0.1:54169 localEndPoint: 127.0.0.1:54168 after 1 ms
TpTrace Verbose: 0 : 9644, 14, 2024/03/23, 00:01:58.013, 395898714584, vstest.console.dll, TcpClientExtensions.MessageLoopAsync: NotifyDataAvailable remoteEndPoint: 127.0.0.1:54169 localEndPoint: 127.0.0.1:54168
TpTrace Verbose: 0 : 9644, 14, 2024/03/23, 00:01:58.013, 395898716216, vstest.console.dll, TestRequestSender.OnExecutionMessageReceived: Received message: {"Version":7,"MessageType":"TestSession.Message","Payload":{"MessageLevel":2,"Message":"[xUnit.net 00:00:00.64]     BusinessWebsiteShared.Tests.DapperWrapperTests.QuerySingle_ReturnsExpectedObject [FAIL]"}}
TpTrace Verbose: 0 : 9644, 14, 2024/03/23, 00:01:58.014, 395898717456, vstest.console.dll, TestRunRequest:SendTestRunMessage: Starting.
TpTrace Verbose: 0 : 9644, 14, 2024/03/23, 00:01:58.014, 395898718050, vstest.console.dll, MulticastDelegateUtilities.SafeInvoke: TestRun.LogMessages: Invoking callback 1/1 for Microsoft.VisualStudio.TestPlatform.CommandLine.TestRunResultAggregator., took 0 ms.
TpTrace Information: 0 : 9644, 14, 2024/03/23, 00:01:58.014, 395898718351, vstest.console.dll, TestRunRequest:SendTestRunMessage: Completed.
TpTrace Verbose: 0 : 9644, 14, 2024/03/23, 00:01:58.014, 395898718709, vstest.console.dll, MulticastDelegateUtilities.SafeInvoke: LengthPrefixCommunicationChannel: MessageReceived: Invoking callback 1/1 for Microsoft.VisualStudio.TestPlatform.CommunicationUtilities.TestRequestSender+<>c__DisplayClass34_0., took 0 ms.
TpTrace Verbose: 0 : 9644, 14, 2024/03/23, 00:01:58.014, 395898719228, vstest.console.dll, TcpClientExtensions.MessageLoopAsync: Polling on remoteEndPoint: 127.0.0.1:54169 localEndPoint: 127.0.0.1:54168 after 317 ms
TpTrace Verbose: 0 : 9644, 4, 2024/03/23, 00:01:58.014, 395898719275, vstest.console.dll, MulticastDelegateUtilities.SafeInvoke: InternalTestLoggerEvents.SendTestRunMessage: Invoking callback 1/1 for Microsoft.VisualStudio.TestPlatform.CommandLine.Internal.ConsoleLogger., took 0 ms.
TpTrace Verbose: 0 : 9644, 14, 2024/03/23, 00:01:58.014, 395898719804, vstest.console.dll, TcpClientExtensions.MessageLoopAsync: NotifyDataAvailable remoteEndPoint: 127.0.0.1:54169 localEndPoint: 127.0.0.1:54168
TpTrace Verbose: 0 : 9644, 14, 2024/03/23, 00:01:58.014, 395898721244, vstest.console.dll, TestRequestSender.OnExecutionMessageReceived: Received message: {"Version":7,"MessageType":"TestSession.Message","Payload":{"MessageLevel":0,"Message":"[xUnit.net 00:00:00.65]       System.NotSupportedException : Unsupported expression: conn => conn.QuerySingle<object>(sql, parameters, null, null, null)"}}
TpTrace Verbose: 0 : 9644, 14, 2024/03/23, 00:01:58.014, 395898722305, vstest.console.dll, TestRunRequest:SendTestRunMessage: Starting.
TpTrace Verbose: 0 : 9644, 14, 2024/03/23, 00:01:58.014, 395898722791, vstest.console.dll, MulticastDelegateUtilities.SafeInvoke: TestRun.LogMessages: Invoking callback 1/1 for Microsoft.VisualStudio.TestPlatform.CommandLine.TestRunResultAggregator., took 0 ms.
TpTrace Verbose: 0 : 9644, 4, 2024/03/23, 00:01:58.014, 395898722965, vstest.console.dll, MulticastDelegateUtilities.SafeInvoke: InternalTestLoggerEvents.SendTestRunMessage: Invoking callback 1/1 for Microsoft.VisualStudio.TestPlatform.CommandLine.Internal.ConsoleLogger., took 0 ms.
TpTrace Information: 0 : 9644, 14, 2024/03/23, 00:01:58.014, 395898723166, vstest.console.dll, TestRunRequest:SendTestRunMessage: Completed.
TpTrace Verbose: 0 : 9644, 14, 2024/03/23, 00:01:58.014, 395898724154, vstest.console.dll, MulticastDelegateUtilities.SafeInvoke: LengthPrefixCommunicationChannel: MessageReceived: Invoking callback 1/1 for Microsoft.VisualStudio.TestPlatform.CommunicationUtilities.TestRequestSender+<>c__DisplayClass34_0., took 0 ms.
TpTrace Verbose: 0 : 9644, 14, 2024/03/23, 00:01:58.014, 395898724691, vstest.console.dll, TcpClientExtensions.MessageLoopAsync: Polling on remoteEndPoint: 127.0.0.1:54169 localEndPoint: 127.0.0.1:54168 after 0 ms
TpTrace Verbose: 0 : 9644, 14, 2024/03/23, 00:01:58.014, 395898725149, vstest.console.dll, TcpClientExtensions.MessageLoopAsync: NotifyDataAvailable remoteEndPoint: 127.0.0.1:54169 localEndPoint: 127.0.0.1:54168
TpTrace Verbose: 0 : 9644, 14, 2024/03/23, 00:01:58.014, 395898725529, vstest.console.dll, TestRequestSender.OnExecutionMessageReceived: Received message: {"Version":7,"MessageType":"TestSession.Message","Payload":{"MessageLevel":0,"Message":"[xUnit.net 00:00:00.65]       Extension methods (here: SqlMapper.QuerySingle) may not be used in setup / verification expressions."}}
TpTrace Verbose: 0 : 9644, 14, 2024/03/23, 00:01:58.014, 395898726207, vstest.console.dll, TestRunRequest:SendTestRunMessage: Starting.
TpTrace Verbose: 0 : 9644, 14, 2024/03/23, 00:01:58.015, 395898726620, vstest.console.dll, MulticastDelegateUtilities.SafeInvoke: TestRun.LogMessages: Invoking callback 1/1 for Microsoft.VisualStudio.TestPlatform.CommandLine.TestRunResultAggregator., took 0 ms.
TpTrace Verbose: 0 : 9644, 4, 2024/03/23, 00:01:58.015, 395898726768, vstest.console.dll, MulticastDelegateUtilities.SafeInvoke: InternalTestLoggerEvents.SendTestRunMessage: Invoking callback 1/1 for Microsoft.VisualStudio.TestPlatform.CommandLine.Internal.ConsoleLogger., took 0 ms.
TpTrace Information: 0 : 9644, 14, 2024/03/23, 00:01:58.015, 395898726856, vstest.console.dll, TestRunRequest:SendTestRunMessage: Completed.
TpTrace Verbose: 0 : 9644, 14, 2024/03/23, 00:01:58.015, 395898727645, vstest.console.dll, MulticastDelegateUtilities.SafeInvoke: LengthPrefixCommunicationChannel: MessageReceived: Invoking callback 1/1 for Microsoft.VisualStudio.TestPlatform.CommunicationUtilities.TestRequestSender+<>c__DisplayClass34_0., took 0 ms.
TpTrace Verbose: 0 : 9644, 14, 2024/03/23, 00:01:58.015, 395898727892, vstest.console.dll, TcpClientExtensions.MessageLoopAsync: Polling on remoteEndPoint: 127.0.0.1:54169 localEndPoint: 127.0.0.1:54168 after 0 ms
TpTrace Verbose: 0 : 9644, 14, 2024/03/23, 00:01:58.015, 395898728141, vstest.console.dll, TcpClientExtensions.MessageLoopAsync: NotifyDataAvailable remoteEndPoint: 127.0.0.1:54169 localEndPoint: 127.0.0.1:54168
TpTrace Verbose: 0 : 9644, 14, 2024/03/23, 00:01:58.015, 395898728508, vstest.console.dll, TestRequestSender.OnExecutionMessageReceived: Received message: {"Version":7,"MessageType":"TestSession.Message","Payload":{"MessageLevel":0,"Message":"[xUnit.net 00:00:00.65]       Stack Trace:"}}
TpTrace Verbose: 0 : 9644, 14, 2024/03/23, 00:01:58.015, 395898729050, vstest.console.dll, TestRunRequest:SendTestRunMessage: Starting.
TpTrace Verbose: 0 : 9644, 14, 2024/03/23, 00:01:58.015, 395898729445, vstest.console.dll, MulticastDelegateUtilities.SafeInvoke: TestRun.LogMessages: Invoking callback 1/1 for Microsoft.VisualStudio.TestPlatform.CommandLine.TestRunResultAggregator., took 0 ms.
TpTrace Verbose: 0 : 9644, 4, 2024/03/23, 00:01:58.015, 395898729581, vstest.console.dll, MulticastDelegateUtilities.SafeInvoke: InternalTestLoggerEvents.SendTestRunMessage: Invoking callback 1/1 for Microsoft.VisualStudio.TestPlatform.CommandLine.Internal.ConsoleLogger., took 0 ms.
TpTrace Information: 0 : 9644, 14, 2024/03/23, 00:01:58.015, 395898729675, vstest.console.dll, TestRunRequest:SendTestRunMessage: Completed.
TpTrace Verbose: 0 : 9644, 14, 2024/03/23, 00:01:58.015, 395898730377, vstest.console.dll, MulticastDelegateUtilities.SafeInvoke: LengthPrefixCommunicationChannel: MessageReceived: Invoking callback 1/1 for Microsoft.VisualStudio.TestPlatform.CommunicationUtilities.TestRequestSender+<>c__DisplayClass34_0., took 0 ms.
TpTrace Verbose: 0 : 9644, 14, 2024/03/23, 00:01:58.015, 395898730626, vstest.console.dll, TcpClientExtensions.MessageLoopAsync: Polling on remoteEndPoint: 127.0.0.1:54169 localEndPoint: 127.0.0.1:54168 after 0 ms
TpTrace Verbose: 0 : 9644, 14, 2024/03/23, 00:01:58.015, 395898734335, vstest.console.dll, TcpClientExtensions.MessageLoopAsync: NotifyDataAvailable remoteEndPoint: 127.0.0.1:54169 localEndPoint: 127.0.0.1:54168
TpTrace Verbose: 0 : 9644, 14, 2024/03/23, 00:01:58.015, 395898734983, vstest.console.dll, TestRequestSender.OnExecutionMessageReceived: Received message: {"Version":7,"MessageType":"TestSession.Message","Payload":{"MessageLevel":0,"Message":"[xUnit.net 00:00:00.65]         /_/src/Moq/Guard.cs(87,0): at Moq.Guard.IsOverridable(MethodInfo method, Expression expression)"}}
TpTrace Verbose: 0 : 9644, 14, 2024/03/23, 00:01:58.015, 395898735583, vstest.console.dll, TestRunRequest:SendTestRunMessage: Starting.
TpTrace Verbose: 0 : 9644, 14, 2024/03/23, 00:01:58.015, 395898736001, vstest.console.dll, MulticastDelegateUtilities.SafeInvoke: TestRun.LogMessages: Invoking callback 1/1 for Microsoft.VisualStudio.TestPlatform.CommandLine.TestRunResultAggregator., took 0 ms.
TpTrace Verbose: 0 : 9644, 4, 2024/03/23, 00:01:58.015, 395898736208, vstest.console.dll, MulticastDelegateUtilities.SafeInvoke: InternalTestLoggerEvents.SendTestRunMessage: Invoking callback 1/1 for Microsoft.VisualStudio.TestPlatform.CommandLine.Internal.ConsoleLogger., took 0 ms.
TpTrace Information: 0 : 9644, 14, 2024/03/23, 00:01:58.015, 395898736243, vstest.console.dll, TestRunRequest:SendTestRunMessage: Completed.
TpTrace Verbose: 0 : 9644, 14, 2024/03/23, 00:01:58.016, 395898737672, vstest.console.dll, MulticastDelegateUtilities.SafeInvoke: LengthPrefixCommunicationChannel: MessageReceived: Invoking callback 1/1 for Microsoft.VisualStudio.TestPlatform.CommunicationUtilities.TestRequestSender+<>c__DisplayClass34_0., took 0 ms.
TpTrace Verbose: 0 : 9644, 14, 2024/03/23, 00:01:58.016, 395898738339, vstest.console.dll, TcpClientExtensions.MessageLoopAsync: Polling on remoteEndPoint: 127.0.0.1:54169 localEndPoint: 127.0.0.1:54168 after 0 ms
TpTrace Verbose: 0 : 9644, 14, 2024/03/23, 00:01:58.016, 395898738659, vstest.console.dll, TcpClientExtensions.MessageLoopAsync: NotifyDataAvailable remoteEndPoint: 127.0.0.1:54169 localEndPoint: 127.0.0.1:54168
TpTrace Verbose: 0 : 9644, 14, 2024/03/23, 00:01:58.016, 395898739096, vstest.console.dll, TestRequestSender.OnExecutionMessageReceived: Received message: {"Version":7,"MessageType":"TestSession.Message","Payload":{"MessageLevel":0,"Message":"[xUnit.net 00:00:00.65]         /_/src/Moq/MethodExpectation.cs(236,0): at Moq.MethodExpectation..ctor(LambdaExpression expression, MethodInfo method, IReadOnlyList`1 arguments, Boolean exactGenericTypeArguments, Boolean skipMatcherInitialization, Boolean allowNonOverridable)"}}
TpTrace Verbose: 0 : 9644, 14, 2024/03/23, 00:01:58.016, 395898739630, vstest.console.dll, TestRunRequest:SendTestRunMessage: Starting.
TpTrace Verbose: 0 : 9644, 14, 2024/03/23, 00:01:58.016, 395898740081, vstest.console.dll, MulticastDelegateUtilities.SafeInvoke: TestRun.LogMessages: Invoking callback 1/1 for Microsoft.VisualStudio.TestPlatform.CommandLine.TestRunResultAggregator., took 0 ms.
TpTrace Verbose: 0 : 9644, 4, 2024/03/23, 00:01:58.016, 395898740210, vstest.console.dll, MulticastDelegateUtilities.SafeInvoke: InternalTestLoggerEvents.SendTestRunMessage: Invoking callback 1/1 for Microsoft.VisualStudio.TestPlatform.CommandLine.Internal.ConsoleLogger., took 0 ms.
TpTrace Information: 0 : 9644, 14, 2024/03/23, 00:01:58.016, 395898740322, vstest.console.dll, TestRunRequest:SendTestRunMessage: Completed.
TpTrace Verbose: 0 : 9644, 14, 2024/03/23, 00:01:58.016, 395898741134, vstest.console.dll, MulticastDelegateUtilities.SafeInvoke: LengthPrefixCommunicationChannel: MessageReceived: Invoking callback 1/1 for Microsoft.VisualStudio.TestPlatform.CommunicationUtilities.TestRequestSender+<>c__DisplayClass34_0., took 0 ms.
TpTrace Verbose: 0 : 9644, 14, 2024/03/23, 00:01:58.016, 395898741382, vstest.console.dll, TcpClientExtensions.MessageLoopAsync: Polling on remoteEndPoint: 127.0.0.1:54169 localEndPoint: 127.0.0.1:54168 after 0 ms
TpTrace Verbose: 0 : 9644, 14, 2024/03/23, 00:01:58.016, 395898741990, vstest.console.dll, TcpClientExtensions.MessageLoopAsync: NotifyDataAvailable remoteEndPoint: 127.0.0.1:54169 localEndPoint: 127.0.0.1:54168
TpTrace Verbose: 0 : 9644, 14, 2024/03/23, 00:01:58.016, 395898742494, vstest.console.dll, TestRequestSender.OnExecutionMessageReceived: Received message: {"Version":7,"MessageType":"TestSession.Message","Payload":{"MessageLevel":0,"Message":"[xUnit.net 00:00:00.65]         /_/src/Moq/ExpressionExtensions.cs(256,0): at Moq.ExpressionExtensions.<Split>g__Split|5_0(Expression e, Expression& r, MethodExpectation& p, Boolean assignment, Boolean allowNonOverridableLastProperty)"}}
TpTrace Verbose: 0 : 9644, 14, 2024/03/23, 00:01:58.016, 395898743093, vstest.console.dll, TestRunRequest:SendTestRunMessage: Starting.
TpTrace Verbose: 0 : 9644, 14, 2024/03/23, 00:01:58.016, 395898743485, vstest.console.dll, MulticastDelegateUtilities.SafeInvoke: TestRun.LogMessages: Invoking callback 1/1 for Microsoft.VisualStudio.TestPlatform.CommandLine.TestRunResultAggregator., took 0 ms.
TpTrace Information: 0 : 9644, 14, 2024/03/23, 00:01:58.016, 395898743717, vstest.console.dll, TestRunRequest:SendTestRunMessage: Completed.
TpTrace Verbose: 0 : 9644, 4, 2024/03/23, 00:01:58.016, 395898743694, vstest.console.dll, MulticastDelegateUtilities.SafeInvoke: InternalTestLoggerEvents.SendTestRunMessage: Invoking callback 1/1 for Microsoft.VisualStudio.TestPlatform.CommandLine.Internal.ConsoleLogger., took 0 ms.
TpTrace Verbose: 0 : 9644, 14, 2024/03/23, 00:01:58.016, 395898743966, vstest.console.dll, MulticastDelegateUtilities.SafeInvoke: LengthPrefixCommunicationChannel: MessageReceived: Invoking callback 1/1 for Microsoft.VisualStudio.TestPlatform.CommunicationUtilities.TestRequestSender+<>c__DisplayClass34_0., took 0 ms.
TpTrace Verbose: 0 : 9644, 14, 2024/03/23, 00:01:58.016, 395898745050, vstest.console.dll, TcpClientExtensions.MessageLoopAsync: Polling on remoteEndPoint: 127.0.0.1:54169 localEndPoint: 127.0.0.1:54168 after 0 ms
TpTrace Verbose: 0 : 9644, 14, 2024/03/23, 00:01:58.016, 395898745378, vstest.console.dll, TcpClientExtensions.MessageLoopAsync: NotifyDataAvailable remoteEndPoint: 127.0.0.1:54169 localEndPoint: 127.0.0.1:54168
TpTrace Verbose: 0 : 9644, 14, 2024/03/23, 00:01:58.016, 395898745765, vstest.console.dll, TestRequestSender.OnExecutionMessageReceived: Received message: {"Version":7,"MessageType":"TestSession.Message","Payload":{"MessageLevel":0,"Message":"[xUnit.net 00:00:00.65]         /_/src/Moq/ExpressionExtensions.cs(170,0): at Moq.ExpressionExtensions.Split(LambdaExpression expression, Boolean allowNonOverridableLastProperty)"}}
TpTrace Verbose: 0 : 9644, 14, 2024/03/23, 00:01:58.017, 395898746591, vstest.console.dll, TestRunRequest:SendTestRunMessage: Starting.
TpTrace Verbose: 0 : 9644, 14, 2024/03/23, 00:01:58.017, 395898746994, vstest.console.dll, MulticastDelegateUtilities.SafeInvoke: TestRun.LogMessages: Invoking callback 1/1 for Microsoft.VisualStudio.TestPlatform.CommandLine.TestRunResultAggregator., took 0 ms.
TpTrace Information: 0 : 9644, 14, 2024/03/23, 00:01:58.017, 395898747235, vstest.console.dll, TestRunRequest:SendTestRunMessage: Completed.
TpTrace Verbose: 0 : 9644, 4, 2024/03/23, 00:01:58.017, 395898747291, vstest.console.dll, MulticastDelegateUtilities.SafeInvoke: InternalTestLoggerEvents.SendTestRunMessage: Invoking callback 1/1 for Microsoft.VisualStudio.TestPlatform.CommandLine.Internal.ConsoleLogger., took 0 ms.
TpTrace Verbose: 0 : 9644, 14, 2024/03/23, 00:01:58.017, 395898747447, vstest.console.dll, MulticastDelegateUtilities.SafeInvoke: LengthPrefixCommunicationChannel: MessageReceived: Invoking callback 1/1 for Microsoft.VisualStudio.TestPlatform.CommunicationUtilities.TestRequestSender+<>c__DisplayClass34_0., took 0 ms.
TpTrace Verbose: 0 : 9644, 14, 2024/03/23, 00:01:58.017, 395898748834, vstest.console.dll, TcpClientExtensions.MessageLoopAsync: Polling on remoteEndPoint: 127.0.0.1:54169 localEndPoint: 127.0.0.1:54168 after 0 ms
TpTrace Verbose: 0 : 9644, 14, 2024/03/23, 00:01:58.017, 395898749210, vstest.console.dll, TcpClientExtensions.MessageLoopAsync: NotifyDataAvailable remoteEndPoint: 127.0.0.1:54169 localEndPoint: 127.0.0.1:54168
TpTrace Verbose: 0 : 9644, 14, 2024/03/23, 00:01:58.017, 395898749612, vstest.console.dll, TestRequestSender.OnExecutionMessageReceived: Received message: {"Version":7,"MessageType":"TestSession.Message","Payload":{"MessageLevel":0,"Message":"[xUnit.net 00:00:00.65]         /_/src/Moq/Mock.cs(728,0): at Moq.Mock.SetupRecursive[TSetup](Mock mock, LambdaExpression expression, Func`4 setupLast, Boolean allowNonOverridableLastProperty)"}}
TpTrace Verbose: 0 : 9644, 14, 2024/03/23, 00:01:58.017, 395898750414, vstest.console.dll, TestRunRequest:SendTestRunMessage: Starting.
TpTrace Verbose: 0 : 9644, 14, 2024/03/23, 00:01:58.017, 395898751015, vstest.console.dll, MulticastDelegateUtilities.SafeInvoke: TestRun.LogMessages: Invoking callback 1/1 for Microsoft.VisualStudio.TestPlatform.CommandLine.TestRunResultAggregator., took 0 ms.
TpTrace Verbose: 0 : 9644, 4, 2024/03/23, 00:01:58.017, 395898751119, vstest.console.dll, MulticastDelegateUtilities.SafeInvoke: InternalTestLoggerEvents.SendTestRunMessage: Invoking callback 1/1 for Microsoft.VisualStudio.TestPlatform.CommandLine.Internal.ConsoleLogger., took 0 ms.
TpTrace Information: 0 : 9644, 14, 2024/03/23, 00:01:58.017, 395898751287, vstest.console.dll, TestRunRequest:SendTestRunMessage: Completed.
TpTrace Verbose: 0 : 9644, 14, 2024/03/23, 00:01:58.017, 395898752311, vstest.console.dll, MulticastDelegateUtilities.SafeInvoke: LengthPrefixCommunicationChannel: MessageReceived: Invoking callback 1/1 for Microsoft.VisualStudio.TestPlatform.CommunicationUtilities.TestRequestSender+<>c__DisplayClass34_0., took 0 ms.
TpTrace Verbose: 0 : 9644, 14, 2024/03/23, 00:01:58.017, 395898752863, vstest.console.dll, TcpClientExtensions.MessageLoopAsync: Polling on remoteEndPoint: 127.0.0.1:54169 localEndPoint: 127.0.0.1:54168 after 0 ms
TpTrace Verbose: 0 : 9644, 14, 2024/03/23, 00:01:58.017, 395898753235, vstest.console.dll, TcpClientExtensions.MessageLoopAsync: NotifyDataAvailable remoteEndPoint: 127.0.0.1:54169 localEndPoint: 127.0.0.1:54168
TpTrace Verbose: 0 : 9644, 14, 2024/03/23, 00:01:58.017, 395898753696, vstest.console.dll, TestRequestSender.OnExecutionMessageReceived: Received message: {"Version":7,"MessageType":"TestSession.Message","Payload":{"MessageLevel":0,"Message":"[xUnit.net 00:00:00.65]         /_/src/Moq/Mock.cs(562,0): at Moq.Mock.Setup(Mock mock, LambdaExpression expression, Condition condition)"}}
TpTrace Verbose: 0 : 9644, 14, 2024/03/23, 00:01:58.017, 395898754268, vstest.console.dll, TestRunRequest:SendTestRunMessage: Starting.
TpTrace Verbose: 0 : 9644, 14, 2024/03/23, 00:01:58.017, 395898754679, vstest.console.dll, MulticastDelegateUtilities.SafeInvoke: TestRun.LogMessages: Invoking callback 1/1 for Microsoft.VisualStudio.TestPlatform.CommandLine.TestRunResultAggregator., took 0 ms.
TpTrace Verbose: 0 : 9644, 4, 2024/03/23, 00:01:58.017, 395898754844, vstest.console.dll, MulticastDelegateUtilities.SafeInvoke: InternalTestLoggerEvents.SendTestRunMessage: Invoking callback 1/1 for Microsoft.VisualStudio.TestPlatform.CommandLine.Internal.ConsoleLogger., took 0 ms.
TpTrace Information: 0 : 9644, 14, 2024/03/23, 00:01:58.017, 395898754908, vstest.console.dll, TestRunRequest:SendTestRunMessage: Completed.
TpTrace Verbose: 0 : 9644, 14, 2024/03/23, 00:01:58.017, 395898755649, vstest.console.dll, MulticastDelegateUtilities.SafeInvoke: LengthPrefixCommunicationChannel: MessageReceived: Invoking callback 1/1 for Microsoft.VisualStudio.TestPlatform.CommunicationUtilities.TestRequestSender+<>c__DisplayClass34_0., took 0 ms.
TpTrace Verbose: 0 : 9644, 14, 2024/03/23, 00:01:58.017, 395898755946, vstest.console.dll, TcpClientExtensions.MessageLoopAsync: Polling on remoteEndPoint: 127.0.0.1:54169 localEndPoint: 127.0.0.1:54168 after 0 ms
TpTrace Verbose: 0 : 9644, 14, 2024/03/23, 00:01:58.017, 395898756201, vstest.console.dll, TcpClientExtensions.MessageLoopAsync: NotifyDataAvailable remoteEndPoint: 127.0.0.1:54169 localEndPoint: 127.0.0.1:54168
TpTrace Verbose: 0 : 9644, 14, 2024/03/23, 00:01:58.018, 395898756552, vstest.console.dll, TestRequestSender.OnExecutionMessageReceived: Received message: {"Version":7,"MessageType":"TestSession.Message","Payload":{"MessageLevel":0,"Message":"[xUnit.net 00:00:00.65]         /_/src/Moq/Mock`1.cs(645,0): at Moq.Mock`1.Setup[TResult](Expression`1 expression)"}}
TpTrace Verbose: 0 : 9644, 14, 2024/03/23, 00:01:58.018, 395898757068, vstest.console.dll, TestRunRequest:SendTestRunMessage: Starting.
TpTrace Verbose: 0 : 9644, 14, 2024/03/23, 00:01:58.018, 395898757454, vstest.console.dll, MulticastDelegateUtilities.SafeInvoke: TestRun.LogMessages: Invoking callback 1/1 for Microsoft.VisualStudio.TestPlatform.CommandLine.TestRunResultAggregator., took 0 ms.
TpTrace Verbose: 0 : 9644, 4, 2024/03/23, 00:01:58.018, 395898757592, vstest.console.dll, MulticastDelegateUtilities.SafeInvoke: InternalTestLoggerEvents.SendTestRunMessage: Invoking callback 1/1 for Microsoft.VisualStudio.TestPlatform.CommandLine.Internal.ConsoleLogger., took 0 ms.
TpTrace Information: 0 : 9644, 14, 2024/03/23, 00:01:58.018, 395898757682, vstest.console.dll, TestRunRequest:SendTestRunMessage: Completed.
TpTrace Verbose: 0 : 9644, 14, 2024/03/23, 00:01:58.018, 395898758341, vstest.console.dll, MulticastDelegateUtilities.SafeInvoke: LengthPrefixCommunicationChannel: MessageReceived: Invoking callback 1/1 for Microsoft.VisualStudio.TestPlatform.CommunicationUtilities.TestRequestSender+<>c__DisplayClass34_0., took 0 ms.
TpTrace Verbose: 0 : 9644, 14, 2024/03/23, 00:01:58.018, 395898758625, vstest.console.dll, TcpClientExtensions.MessageLoopAsync: Polling on remoteEndPoint: 127.0.0.1:54169 localEndPoint: 127.0.0.1:54168 after 0 ms
TpTrace Verbose: 0 : 9644, 14, 2024/03/23, 00:01:58.018, 395898758875, vstest.console.dll, TcpClientExtensions.MessageLoopAsync: NotifyDataAvailable remoteEndPoint: 127.0.0.1:54169 localEndPoint: 127.0.0.1:54168
TpTrace Verbose: 0 : 9644, 14, 2024/03/23, 00:01:58.018, 395898759244, vstest.console.dll, TestRequestSender.OnExecutionMessageReceived: Received message: {"Version":7,"MessageType":"TestSession.Message","Payload":{"MessageLevel":0,"Message":"[xUnit.net 00:00:00.65]         C:\\Users\\Angel\\OneDrive\\Desktop\\repos\\BusinessSolution\\BusinessWebsiteShared.Tests\\DapperWrapperTests.cs(60,0): at BusinessWebsiteShared.Tests.DapperWrapperTests.QuerySingle_ReturnsExpectedObject()"}}
TpTrace Verbose: 0 : 9644, 14, 2024/03/23, 00:01:58.018, 395898759948, vstest.console.dll, TestRunRequest:SendTestRunMessage: Starting.
TpTrace Verbose: 0 : 9644, 14, 2024/03/23, 00:01:58.018, 395898760362, vstest.console.dll, MulticastDelegateUtilities.SafeInvoke: TestRun.LogMessages: Invoking callback 1/1 for Microsoft.VisualStudio.TestPlatform.CommandLine.TestRunResultAggregator., took 0 ms.
TpTrace Verbose: 0 : 9644, 4, 2024/03/23, 00:01:58.018, 395898760525, vstest.console.dll, MulticastDelegateUtilities.SafeInvoke: InternalTestLoggerEvents.SendTestRunMessage: Invoking callback 1/1 for Microsoft.VisualStudio.TestPlatform.CommandLine.Internal.ConsoleLogger., took 0 ms.
TpTrace Information: 0 : 9644, 14, 2024/03/23, 00:01:58.018, 395898760591, vstest.console.dll, TestRunRequest:SendTestRunMessage: Completed.
TpTrace Verbose: 0 : 9644, 14, 2024/03/23, 00:01:58.018, 395898761235, vstest.console.dll, MulticastDelegateUtilities.SafeInvoke: LengthPrefixCommunicationChannel: MessageReceived: Invoking callback 1/1 for Microsoft.VisualStudio.TestPlatform.CommunicationUtilities.TestRequestSender+<>c__DisplayClass34_0., took 0 ms.
TpTrace Verbose: 0 : 9644, 14, 2024/03/23, 00:01:58.018, 395898761473, vstest.console.dll, TcpClientExtensions.MessageLoopAsync: Polling on remoteEndPoint: 127.0.0.1:54169 localEndPoint: 127.0.0.1:54168 after 0 ms
TpTrace Verbose: 0 : 9644, 14, 2024/03/23, 00:01:58.018, 395898761706, vstest.console.dll, TcpClientExtensions.MessageLoopAsync: NotifyDataAvailable remoteEndPoint: 127.0.0.1:54169 localEndPoint: 127.0.0.1:54168
TpTrace Verbose: 0 : 9644, 14, 2024/03/23, 00:01:58.018, 395898762053, vstest.console.dll, TestRequestSender.OnExecutionMessageReceived: Received message: {"Version":7,"MessageType":"TestSession.Message","Payload":{"MessageLevel":0,"Message":"[xUnit.net 00:00:00.65]            at System.RuntimeMethodHandle.InvokeMethod(Object target, Void** arguments, Signature sig, Boolean isConstructor)"}}
TpTrace Verbose: 0 : 9644, 14, 2024/03/23, 00:01:58.018, 395898762576, vstest.console.dll, TestRunRequest:SendTestRunMessage: Starting.
TpTrace Verbose: 0 : 9644, 14, 2024/03/23, 00:01:58.018, 395898762955, vstest.console.dll, MulticastDelegateUtilities.SafeInvoke: TestRun.LogMessages: Invoking callback 1/1 for Microsoft.VisualStudio.TestPlatform.CommandLine.TestRunResultAggregator., took 0 ms.
TpTrace Verbose: 0 : 9644, 4, 2024/03/23, 00:01:58.018, 395898763134, vstest.console.dll, MulticastDelegateUtilities.SafeInvoke: InternalTestLoggerEvents.SendTestRunMessage: Invoking callback 1/1 for Microsoft.VisualStudio.TestPlatform.CommandLine.Internal.ConsoleLogger., took 0 ms.
TpTrace Information: 0 : 9644, 14, 2024/03/23, 00:01:58.018, 395898763260, vstest.console.dll, TestRunRequest:SendTestRunMessage: Completed.
TpTrace Verbose: 0 : 9644, 14, 2024/03/23, 00:01:58.018, 395898763579, vstest.console.dll, MulticastDelegateUtilities.SafeInvoke: LengthPrefixCommunicationChannel: MessageReceived: Invoking callback 1/1 for Microsoft.VisualStudio.TestPlatform.CommunicationUtilities.TestRequestSender+<>c__DisplayClass34_0., took 0 ms.
TpTrace Verbose: 0 : 9644, 14, 2024/03/23, 00:01:58.018, 395898763788, vstest.console.dll, TcpClientExtensions.MessageLoopAsync: Polling on remoteEndPoint: 127.0.0.1:54169 localEndPoint: 127.0.0.1:54168 after 0 ms
TpTrace Verbose: 0 : 9644, 14, 2024/03/23, 00:01:58.018, 395898764013, vstest.console.dll, TcpClientExtensions.MessageLoopAsync: NotifyDataAvailable remoteEndPoint: 127.0.0.1:54169 localEndPoint: 127.0.0.1:54168
TpTrace Verbose: 0 : 9644, 14, 2024/03/23, 00:01:58.018, 395898764326, vstest.console.dll, TestRequestSender.OnExecutionMessageReceived: Received message: {"Version":7,"MessageType":"TestSession.Message","Payload":{"MessageLevel":0,"Message":"[xUnit.net 00:00:00.65]            at System.Reflection.MethodBaseInvoker.InvokeWithNoArgs(Object obj, BindingFlags invokeAttr)"}}
TpTrace Verbose: 0 : 9644, 14, 2024/03/23, 00:01:58.018, 395898764798, vstest.console.dll, TestRunRequest:SendTestRunMessage: Starting.
TpTrace Verbose: 0 : 9644, 14, 2024/03/23, 00:01:58.018, 395898765160, vstest.console.dll, MulticastDelegateUtilities.SafeInvoke: TestRun.LogMessages: Invoking callback 1/1 for Microsoft.VisualStudio.TestPlatform.CommandLine.TestRunResultAggregator., took 0 ms.
TpTrace Information: 0 : 9644, 14, 2024/03/23, 00:01:58.018, 395898765471, vstest.console.dll, TestRunRequest:SendTestRunMessage: Completed.
TpTrace Verbose: 0 : 9644, 4, 2024/03/23, 00:01:58.018, 395898765309, vstest.console.dll, MulticastDelegateUtilities.SafeInvoke: InternalTestLoggerEvents.SendTestRunMessage: Invoking callback 1/1 for Microsoft.VisualStudio.TestPlatform.CommandLine.Internal.ConsoleLogger., took 0 ms.
TpTrace Verbose: 0 : 9644, 14, 2024/03/23, 00:01:58.018, 395898765719, vstest.console.dll, MulticastDelegateUtilities.SafeInvoke: LengthPrefixCommunicationChannel: MessageReceived: Invoking callback 1/1 for Microsoft.VisualStudio.TestPlatform.CommunicationUtilities.TestRequestSender+<>c__DisplayClass34_0., took 0 ms.
TpTrace Verbose: 0 : 9644, 14, 2024/03/23, 00:01:58.019, 395898766459, vstest.console.dll, TcpClientExtensions.MessageLoopAsync: Polling on remoteEndPoint: 127.0.0.1:54169 localEndPoint: 127.0.0.1:54168 after 0 ms
TpTrace Verbose: 0 : 9644, 14, 2024/03/23, 00:01:58.032, 395898898095, vstest.console.dll, TcpClientExtensions.MessageLoopAsync: NotifyDataAvailable remoteEndPoint: 127.0.0.1:54169 localEndPoint: 127.0.0.1:54168
TpTrace Verbose: 0 : 9644, 14, 2024/03/23, 00:01:58.032, 395898899533, vstest.console.dll, TestRequestSender.OnExecutionMessageReceived: Received message: {"Version":7,"MessageType":"TestSession.Message","Payload":{"MessageLevel":2,"Message":"[xUnit.net 00:00:00.66]     BusinessWebsiteShared.Tests.DapperWrapperTests.Query_ReturnsExpectedSequence [FAIL]"}}
TpTrace Verbose: 0 : 9644, 14, 2024/03/23, 00:01:58.032, 395898900605, vstest.console.dll, TestRunRequest:SendTestRunMessage: Starting.
TpTrace Verbose: 0 : 9644, 14, 2024/03/23, 00:01:58.032, 395898901105, vstest.console.dll, MulticastDelegateUtilities.SafeInvoke: TestRun.LogMessages: Invoking callback 1/1 for Microsoft.VisualStudio.TestPlatform.CommandLine.TestRunResultAggregator., took 0 ms.
TpTrace Information: 0 : 9644, 14, 2024/03/23, 00:01:58.032, 395898901395, vstest.console.dll, TestRunRequest:SendTestRunMessage: Completed.
TpTrace Verbose: 0 : 9644, 14, 2024/03/23, 00:01:58.032, 395898901655, vstest.console.dll, MulticastDelegateUtilities.SafeInvoke: LengthPrefixCommunicationChannel: MessageReceived: Invoking callback 1/1 for Microsoft.VisualStudio.TestPlatform.CommunicationUtilities.TestRequestSender+<>c__DisplayClass34_0., took 0 ms.
TpTrace Verbose: 0 : 9644, 14, 2024/03/23, 00:01:58.032, 395898901883, vstest.console.dll, TcpClientExtensions.MessageLoopAsync: Polling on remoteEndPoint: 127.0.0.1:54169 localEndPoint: 127.0.0.1:54168 after 13 ms
TpTrace Verbose: 0 : 9644, 4, 2024/03/23, 00:01:58.032, 395898902020, vstest.console.dll, MulticastDelegateUtilities.SafeInvoke: InternalTestLoggerEvents.SendTestRunMessage: Invoking callback 1/1 for Microsoft.VisualStudio.TestPlatform.CommandLine.Internal.ConsoleLogger., took 0 ms.
TpTrace Verbose: 0 : 9644, 14, 2024/03/23, 00:01:58.032, 395898902153, vstest.console.dll, TcpClientExtensions.MessageLoopAsync: NotifyDataAvailable remoteEndPoint: 127.0.0.1:54169 localEndPoint: 127.0.0.1:54168
TpTrace Verbose: 0 : 9644, 14, 2024/03/23, 00:01:58.032, 395898903368, vstest.console.dll, TestRequestSender.OnExecutionMessageReceived: Received message: {"Version":7,"MessageType":"TestSession.Message","Payload":{"MessageLevel":0,"Message":"[xUnit.net 00:00:00.66]       System.NotSupportedException : Unsupported expression: conn => conn.Query<object>(sql, parameters, null, True, null, null)"}}
TpTrace Verbose: 0 : 9644, 14, 2024/03/23, 00:01:58.032, 395898904239, vstest.console.dll, TestRunRequest:SendTestRunMessage: Starting.
TpTrace Verbose: 0 : 9644, 14, 2024/03/23, 00:01:58.032, 395898904627, vstest.console.dll, MulticastDelegateUtilities.SafeInvoke: TestRun.LogMessages: Invoking callback 1/1 for Microsoft.VisualStudio.TestPlatform.CommandLine.TestRunResultAggregator., took 0 ms.
TpTrace Verbose: 0 : 9644, 4, 2024/03/23, 00:01:58.032, 395898904891, vstest.console.dll, MulticastDelegateUtilities.SafeInvoke: InternalTestLoggerEvents.SendTestRunMessage: Invoking callback 1/1 for Microsoft.VisualStudio.TestPlatform.CommandLine.Internal.ConsoleLogger., took 0 ms.
TpTrace Information: 0 : 9644, 14, 2024/03/23, 00:01:58.032, 395898905032, vstest.console.dll, TestRunRequest:SendTestRunMessage: Completed.
TpTrace Verbose: 0 : 9644, 14, 2024/03/23, 00:01:58.033, 395898906701, vstest.console.dll, MulticastDelegateUtilities.SafeInvoke: LengthPrefixCommunicationChannel: MessageReceived: Invoking callback 1/1 for Microsoft.VisualStudio.TestPlatform.CommunicationUtilities.TestRequestSender+<>c__DisplayClass34_0., took 0 ms.
TpTrace Verbose: 0 : 9644, 14, 2024/03/23, 00:01:58.033, 395898906968, vstest.console.dll, TcpClientExtensions.MessageLoopAsync: Polling on remoteEndPoint: 127.0.0.1:54169 localEndPoint: 127.0.0.1:54168 after 0 ms
TpTrace Verbose: 0 : 9644, 14, 2024/03/23, 00:01:58.033, 395898907217, vstest.console.dll, TcpClientExtensions.MessageLoopAsync: NotifyDataAvailable remoteEndPoint: 127.0.0.1:54169 localEndPoint: 127.0.0.1:54168
TpTrace Verbose: 0 : 9644, 14, 2024/03/23, 00:01:58.033, 395898907577, vstest.console.dll, TestRequestSender.OnExecutionMessageReceived: Received message: {"Version":7,"MessageType":"TestSession.Message","Payload":{"MessageLevel":0,"Message":"[xUnit.net 00:00:00.66]       Extension methods (here: SqlMapper.Query) may not be used in setup / verification expressions."}}
TpTrace Verbose: 0 : 9644, 14, 2024/03/23, 00:01:58.033, 395898908144, vstest.console.dll, TestRunRequest:SendTestRunMessage: Starting.
TpTrace Verbose: 0 : 9644, 14, 2024/03/23, 00:01:58.033, 395898908531, vstest.console.dll, MulticastDelegateUtilities.SafeInvoke: TestRun.LogMessages: Invoking callback 1/1 for Microsoft.VisualStudio.TestPlatform.CommandLine.TestRunResultAggregator., took 0 ms.
TpTrace Verbose: 0 : 9644, 4, 2024/03/23, 00:01:58.033, 395898908733, vstest.console.dll, MulticastDelegateUtilities.SafeInvoke: InternalTestLoggerEvents.SendTestRunMessage: Invoking callback 1/1 for Microsoft.VisualStudio.TestPlatform.CommandLine.Internal.ConsoleLogger., took 0 ms.
TpTrace Information: 0 : 9644, 14, 2024/03/23, 00:01:58.033, 395898908848, vstest.console.dll, TestRunRequest:SendTestRunMessage: Completed.
TpTrace Verbose: 0 : 9644, 14, 2024/03/23, 00:01:58.033, 395898909919, vstest.console.dll, MulticastDelegateUtilities.SafeInvoke: LengthPrefixCommunicationChannel: MessageReceived: Invoking callback 1/1 for Microsoft.VisualStudio.TestPlatform.CommunicationUtilities.TestRequestSender+<>c__DisplayClass34_0., took 0 ms.
TpTrace Verbose: 0 : 9644, 14, 2024/03/23, 00:01:58.033, 395898910268, vstest.console.dll, TcpClientExtensions.MessageLoopAsync: Polling on remoteEndPoint: 127.0.0.1:54169 localEndPoint: 127.0.0.1:54168 after 0 ms
TpTrace Verbose: 0 : 9644, 14, 2024/03/23, 00:01:58.033, 395898910591, vstest.console.dll, TcpClientExtensions.MessageLoopAsync: NotifyDataAvailable remoteEndPoint: 127.0.0.1:54169 localEndPoint: 127.0.0.1:54168
TpTrace Verbose: 0 : 9644, 14, 2024/03/23, 00:01:58.033, 395898911047, vstest.console.dll, TestRequestSender.OnExecutionMessageReceived: Received message: {"Version":7,"MessageType":"TestSession.Message","Payload":{"MessageLevel":0,"Message":"[xUnit.net 00:00:00.66]       Stack Trace:"}}
TpTrace Verbose: 0 : 9644, 14, 2024/03/23, 00:01:58.033, 395898911716, vstest.console.dll, TestRunRequest:SendTestRunMessage: Starting.
TpTrace Verbose: 0 : 9644, 14, 2024/03/23, 00:01:58.033, 395898912180, vstest.console.dll, MulticastDelegateUtilities.SafeInvoke: TestRun.LogMessages: Invoking callback 1/1 for Microsoft.VisualStudio.TestPlatform.CommandLine.TestRunResultAggregator., took 0 ms.
TpTrace Verbose: 0 : 9644, 4, 2024/03/23, 00:01:58.033, 395898912321, vstest.console.dll, MulticastDelegateUtilities.SafeInvoke: InternalTestLoggerEvents.SendTestRunMessage: Invoking callback 1/1 for Microsoft.VisualStudio.TestPlatform.CommandLine.Internal.ConsoleLogger., took 0 ms.
TpTrace Information: 0 : 9644, 14, 2024/03/23, 00:01:58.033, 395898912824, vstest.console.dll, TestRunRequest:SendTestRunMessage: Completed.
TpTrace Verbose: 0 : 9644, 14, 2024/03/23, 00:01:58.033, 395898913805, vstest.console.dll, MulticastDelegateUtilities.SafeInvoke: LengthPrefixCommunicationChannel: MessageReceived: Invoking callback 1/1 for Microsoft.VisualStudio.TestPlatform.CommunicationUtilities.TestRequestSender+<>c__DisplayClass34_0., took 0 ms.
TpTrace Verbose: 0 : 9644, 14, 2024/03/23, 00:01:58.033, 395898914062, vstest.console.dll, TcpClientExtensions.MessageLoopAsync: Polling on remoteEndPoint: 127.0.0.1:54169 localEndPoint: 127.0.0.1:54168 after 0 ms
TpTrace Verbose: 0 : 9644, 14, 2024/03/23, 00:01:58.033, 395898914312, vstest.console.dll, TcpClientExtensions.MessageLoopAsync: NotifyDataAvailable remoteEndPoint: 127.0.0.1:54169 localEndPoint: 127.0.0.1:54168
TpTrace Verbose: 0 : 9644, 14, 2024/03/23, 00:01:58.033, 395898914671, vstest.console.dll, TestRequestSender.OnExecutionMessageReceived: Received message: {"Version":7,"MessageType":"TestSession.Message","Payload":{"MessageLevel":0,"Message":"[xUnit.net 00:00:00.66]         /_/src/Moq/Guard.cs(87,0): at Moq.Guard.IsOverridable(MethodInfo method, Expression expression)"}}
TpTrace Verbose: 0 : 9644, 14, 2024/03/23, 00:01:58.033, 395898915216, vstest.console.dll, TestRunRequest:SendTestRunMessage: Starting.
TpTrace Verbose: 0 : 9644, 14, 2024/03/23, 00:01:58.033, 395898915598, vstest.console.dll, MulticastDelegateUtilities.SafeInvoke: TestRun.LogMessages: Invoking callback 1/1 for Microsoft.VisualStudio.TestPlatform.CommandLine.TestRunResultAggregator., took 0 ms.
TpTrace Verbose: 0 : 9644, 4, 2024/03/23, 00:01:58.033, 395898915720, vstest.console.dll, MulticastDelegateUtilities.SafeInvoke: InternalTestLoggerEvents.SendTestRunMessage: Invoking callback 1/1 for Microsoft.VisualStudio.TestPlatform.CommandLine.Internal.ConsoleLogger., took 0 ms.
TpTrace Information: 0 : 9644, 14, 2024/03/23, 00:01:58.033, 395898915825, vstest.console.dll, TestRunRequest:SendTestRunMessage: Completed.
TpTrace Verbose: 0 : 9644, 14, 2024/03/23, 00:01:58.034, 395898916480, vstest.console.dll, MulticastDelegateUtilities.SafeInvoke: LengthPrefixCommunicationChannel: MessageReceived: Invoking callback 1/1 for Microsoft.VisualStudio.TestPlatform.CommunicationUtilities.TestRequestSender+<>c__DisplayClass34_0., took 0 ms.
TpTrace Verbose: 0 : 9644, 14, 2024/03/23, 00:01:58.034, 395898916721, vstest.console.dll, TcpClientExtensions.MessageLoopAsync: Polling on remoteEndPoint: 127.0.0.1:54169 localEndPoint: 127.0.0.1:54168 after 0 ms
TpTrace Verbose: 0 : 9644, 14, 2024/03/23, 00:01:58.034, 395898916956, vstest.console.dll, TcpClientExtensions.MessageLoopAsync: NotifyDataAvailable remoteEndPoint: 127.0.0.1:54169 localEndPoint: 127.0.0.1:54168
TpTrace Verbose: 0 : 9644, 14, 2024/03/23, 00:01:58.034, 395898917356, vstest.console.dll, TestRequestSender.OnExecutionMessageReceived: Received message: {"Version":7,"MessageType":"TestSession.Message","Payload":{"MessageLevel":0,"Message":"[xUnit.net 00:00:00.66]         /_/src/Moq/MethodExpectation.cs(236,0): at Moq.MethodExpectation..ctor(LambdaExpression expression, MethodInfo method, IReadOnlyList`1 arguments, Boolean exactGenericTypeArguments, Boolean skipMatcherInitialization, Boolean allowNonOverridable)"}}
TpTrace Verbose: 0 : 9644, 14, 2024/03/23, 00:01:58.034, 395898917913, vstest.console.dll, TestRunRequest:SendTestRunMessage: Starting.
TpTrace Verbose: 0 : 9644, 14, 2024/03/23, 00:01:58.034, 395898918304, vstest.console.dll, MulticastDelegateUtilities.SafeInvoke: TestRun.LogMessages: Invoking callback 1/1 for Microsoft.VisualStudio.TestPlatform.CommandLine.TestRunResultAggregator., took 0 ms.
TpTrace Verbose: 0 : 9644, 4, 2024/03/23, 00:01:58.034, 395898918432, vstest.console.dll, MulticastDelegateUtilities.SafeInvoke: InternalTestLoggerEvents.SendTestRunMessage: Invoking callback 1/1 for Microsoft.VisualStudio.TestPlatform.CommandLine.Internal.ConsoleLogger., took 0 ms.
TpTrace Information: 0 : 9644, 14, 2024/03/23, 00:01:58.034, 395898918533, vstest.console.dll, TestRunRequest:SendTestRunMessage: Completed.
TpTrace Verbose: 0 : 9644, 14, 2024/03/23, 00:01:58.034, 395898919431, vstest.console.dll, MulticastDelegateUtilities.SafeInvoke: LengthPrefixCommunicationChannel: MessageReceived: Invoking callback 1/1 for Microsoft.VisualStudio.TestPlatform.CommunicationUtilities.TestRequestSender+<>c__DisplayClass34_0., took 0 ms.
TpTrace Verbose: 0 : 9644, 14, 2024/03/23, 00:01:58.034, 395898919949, vstest.console.dll, TcpClientExtensions.MessageLoopAsync: Polling on remoteEndPoint: 127.0.0.1:54169 localEndPoint: 127.0.0.1:54168 after 0 ms
TpTrace Verbose: 0 : 9644, 14, 2024/03/23, 00:01:58.034, 395898920328, vstest.console.dll, TcpClientExtensions.MessageLoopAsync: NotifyDataAvailable remoteEndPoint: 127.0.0.1:54169 localEndPoint: 127.0.0.1:54168
TpTrace Verbose: 0 : 9644, 14, 2024/03/23, 00:01:58.034, 395898920717, vstest.console.dll, TestRequestSender.OnExecutionMessageReceived: Received message: {"Version":7,"MessageType":"TestSession.Message","Payload":{"MessageLevel":0,"Message":"[xUnit.net 00:00:00.66]         /_/src/Moq/ExpressionExtensions.cs(256,0): at Moq.ExpressionExtensions.<Split>g__Split|5_0(Expression e, Expression& r, MethodExpectation& p, Boolean assignment, Boolean allowNonOverridableLastProperty)"}}
TpTrace Verbose: 0 : 9644, 14, 2024/03/23, 00:01:58.034, 395898921251, vstest.console.dll, TestRunRequest:SendTestRunMessage: Starting.
TpTrace Verbose: 0 : 9644, 14, 2024/03/23, 00:01:58.034, 395898921658, vstest.console.dll, MulticastDelegateUtilities.SafeInvoke: TestRun.LogMessages: Invoking callback 1/1 for Microsoft.VisualStudio.TestPlatform.CommandLine.TestRunResultAggregator., took 0 ms.
TpTrace Verbose: 0 : 9644, 4, 2024/03/23, 00:01:58.034, 395898921823, vstest.console.dll, MulticastDelegateUtilities.SafeInvoke: InternalTestLoggerEvents.SendTestRunMessage: Invoking callback 1/1 for Microsoft.VisualStudio.TestPlatform.CommandLine.Internal.ConsoleLogger., took 0 ms.
TpTrace Information: 0 : 9644, 14, 2024/03/23, 00:01:58.034, 395898921889, vstest.console.dll, TestRunRequest:SendTestRunMessage: Completed.
TpTrace Verbose: 0 : 9644, 14, 2024/03/23, 00:01:58.034, 395898922571, vstest.console.dll, MulticastDelegateUtilities.SafeInvoke: LengthPrefixCommunicationChannel: MessageReceived: Invoking callback 1/1 for Microsoft.VisualStudio.TestPlatform.CommunicationUtilities.TestRequestSender+<>c__DisplayClass34_0., took 0 ms.
TpTrace Verbose: 0 : 9644, 14, 2024/03/23, 00:01:58.034, 395898922816, vstest.console.dll, TcpClientExtensions.MessageLoopAsync: Polling on remoteEndPoint: 127.0.0.1:54169 localEndPoint: 127.0.0.1:54168 after 0 ms
TpTrace Verbose: 0 : 9644, 14, 2024/03/23, 00:01:58.034, 395898923110, vstest.console.dll, TcpClientExtensions.MessageLoopAsync: NotifyDataAvailable remoteEndPoint: 127.0.0.1:54169 localEndPoint: 127.0.0.1:54168
TpTrace Verbose: 0 : 9644, 14, 2024/03/23, 00:01:58.034, 395898923473, vstest.console.dll, TestRequestSender.OnExecutionMessageReceived: Received message: {"Version":7,"MessageType":"TestSession.Message","Payload":{"MessageLevel":0,"Message":"[xUnit.net 00:00:00.66]         /_/src/Moq/ExpressionExtensions.cs(170,0): at Moq.ExpressionExtensions.Split(LambdaExpression expression, Boolean allowNonOverridableLastProperty)"}}
TpTrace Verbose: 0 : 9644, 14, 2024/03/23, 00:01:58.034, 395898923989, vstest.console.dll, TestRunRequest:SendTestRunMessage: Starting.
TpTrace Verbose: 0 : 9644, 14, 2024/03/23, 00:01:58.034, 395898924379, vstest.console.dll, MulticastDelegateUtilities.SafeInvoke: TestRun.LogMessages: Invoking callback 1/1 for Microsoft.VisualStudio.TestPlatform.CommandLine.TestRunResultAggregator., took 0 ms.
TpTrace Verbose: 0 : 9644, 4, 2024/03/23, 00:01:58.034, 395898924523, vstest.console.dll, MulticastDelegateUtilities.SafeInvoke: InternalTestLoggerEvents.SendTestRunMessage: Invoking callback 1/1 for Microsoft.VisualStudio.TestPlatform.CommandLine.Internal.ConsoleLogger., took 0 ms.
TpTrace Information: 0 : 9644, 14, 2024/03/23, 00:01:58.034, 395898924604, vstest.console.dll, TestRunRequest:SendTestRunMessage: Completed.
TpTrace Verbose: 0 : 9644, 14, 2024/03/23, 00:01:58.034, 395898925273, vstest.console.dll, MulticastDelegateUtilities.SafeInvoke: LengthPrefixCommunicationChannel: MessageReceived: Invoking callback 1/1 for Microsoft.VisualStudio.TestPlatform.CommunicationUtilities.TestRequestSender+<>c__DisplayClass34_0., took 0 ms.
TpTrace Verbose: 0 : 9644, 14, 2024/03/23, 00:01:58.034, 395898925572, vstest.console.dll, TcpClientExtensions.MessageLoopAsync: Polling on remoteEndPoint: 127.0.0.1:54169 localEndPoint: 127.0.0.1:54168 after 0 ms
TpTrace Verbose: 0 : 9644, 14, 2024/03/23, 00:01:58.034, 395898925823, vstest.console.dll, TcpClientExtensions.MessageLoopAsync: NotifyDataAvailable remoteEndPoint: 127.0.0.1:54169 localEndPoint: 127.0.0.1:54168
TpTrace Verbose: 0 : 9644, 14, 2024/03/23, 00:01:58.034, 395898926182, vstest.console.dll, TestRequestSender.OnExecutionMessageReceived: Received message: {"Version":7,"MessageType":"TestSession.Message","Payload":{"MessageLevel":0,"Message":"[xUnit.net 00:00:00.66]         /_/src/Moq/Mock.cs(728,0): at Moq.Mock.SetupRecursive[TSetup](Mock mock, LambdaExpression expression, Func`4 setupLast, Boolean allowNonOverridableLastProperty)"}}
TpTrace Verbose: 0 : 9644, 14, 2024/03/23, 00:01:58.035, 395898926692, vstest.console.dll, TestRunRequest:SendTestRunMessage: Starting.
TpTrace Verbose: 0 : 9644, 14, 2024/03/23, 00:01:58.035, 395898927073, vstest.console.dll, MulticastDelegateUtilities.SafeInvoke: TestRun.LogMessages: Invoking callback 1/1 for Microsoft.VisualStudio.TestPlatform.CommandLine.TestRunResultAggregator., took 0 ms.
TpTrace Information: 0 : 9644, 14, 2024/03/23, 00:01:58.035, 395898927299, vstest.console.dll, TestRunRequest:SendTestRunMessage: Completed.
TpTrace Verbose: 0 : 9644, 4, 2024/03/23, 00:01:58.035, 395898927289, vstest.console.dll, MulticastDelegateUtilities.SafeInvoke: InternalTestLoggerEvents.SendTestRunMessage: Invoking callback 1/1 for Microsoft.VisualStudio.TestPlatform.CommandLine.Internal.ConsoleLogger., took 0 ms.
TpTrace Verbose: 0 : 9644, 14, 2024/03/23, 00:01:58.035, 395898927509, vstest.console.dll, MulticastDelegateUtilities.SafeInvoke: LengthPrefixCommunicationChannel: MessageReceived: Invoking callback 1/1 for Microsoft.VisualStudio.TestPlatform.CommunicationUtilities.TestRequestSender+<>c__DisplayClass34_0., took 0 ms.
TpTrace Verbose: 0 : 9644, 14, 2024/03/23, 00:01:58.035, 395898928500, vstest.console.dll, TcpClientExtensions.MessageLoopAsync: Polling on remoteEndPoint: 127.0.0.1:54169 localEndPoint: 127.0.0.1:54168 after 0 ms
TpTrace Verbose: 0 : 9644, 14, 2024/03/23, 00:01:58.035, 395898928778, vstest.console.dll, TcpClientExtensions.MessageLoopAsync: NotifyDataAvailable remoteEndPoint: 127.0.0.1:54169 localEndPoint: 127.0.0.1:54168
TpTrace Verbose: 0 : 9644, 14, 2024/03/23, 00:01:58.035, 395898929133, vstest.console.dll, TestRequestSender.OnExecutionMessageReceived: Received message: {"Version":7,"MessageType":"TestSession.Message","Payload":{"MessageLevel":0,"Message":"[xUnit.net 00:00:00.67]         /_/src/Moq/Mock.cs(562,0): at Moq.Mock.Setup(Mock mock, LambdaExpression expression, Condition condition)"}}
TpTrace Verbose: 0 : 9644, 14, 2024/03/23, 00:01:58.035, 395898929656, vstest.console.dll, TestRunRequest:SendTestRunMessage: Starting.
TpTrace Verbose: 0 : 9644, 14, 2024/03/23, 00:01:58.035, 395898930042, vstest.console.dll, MulticastDelegateUtilities.SafeInvoke: TestRun.LogMessages: Invoking callback 1/1 for Microsoft.VisualStudio.TestPlatform.CommandLine.TestRunResultAggregator., took 0 ms.
TpTrace Information: 0 : 9644, 14, 2024/03/23, 00:01:58.035, 395898930264, vstest.console.dll, TestRunRequest:SendTestRunMessage: Completed.
TpTrace Verbose: 0 : 9644, 4, 2024/03/23, 00:01:58.035, 395898930259, vstest.console.dll, MulticastDelegateUtilities.SafeInvoke: InternalTestLoggerEvents.SendTestRunMessage: Invoking callback 1/1 for Microsoft.VisualStudio.TestPlatform.CommandLine.Internal.ConsoleLogger., took 0 ms.
TpTrace Verbose: 0 : 9644, 14, 2024/03/23, 00:01:58.035, 395898930464, vstest.console.dll, MulticastDelegateUtilities.SafeInvoke: LengthPrefixCommunicationChannel: MessageReceived: Invoking callback 1/1 for Microsoft.VisualStudio.TestPlatform.CommunicationUtilities.TestRequestSender+<>c__DisplayClass34_0., took 0 ms.
TpTrace Verbose: 0 : 9644, 14, 2024/03/23, 00:01:58.035, 395898931239, vstest.console.dll, TcpClientExtensions.MessageLoopAsync: Polling on remoteEndPoint: 127.0.0.1:54169 localEndPoint: 127.0.0.1:54168 after 0 ms
TpTrace Verbose: 0 : 9644, 14, 2024/03/23, 00:01:58.035, 395898931525, vstest.console.dll, TcpClientExtensions.MessageLoopAsync: NotifyDataAvailable remoteEndPoint: 127.0.0.1:54169 localEndPoint: 127.0.0.1:54168
TpTrace Verbose: 0 : 9644, 14, 2024/03/23, 00:01:58.035, 395898931878, vstest.console.dll, TestRequestSender.OnExecutionMessageReceived: Received message: {"Version":7,"MessageType":"TestSession.Message","Payload":{"MessageLevel":0,"Message":"[xUnit.net 00:00:00.67]         /_/src/Moq/Mock`1.cs(645,0): at Moq.Mock`1.Setup[TResult](Expression`1 expression)"}}
TpTrace Verbose: 0 : 9644, 14, 2024/03/23, 00:01:58.035, 395898932639, vstest.console.dll, TestRunRequest:SendTestRunMessage: Starting.
TpTrace Verbose: 0 : 9644, 14, 2024/03/23, 00:01:58.035, 395898933190, vstest.console.dll, MulticastDelegateUtilities.SafeInvoke: TestRun.LogMessages: Invoking callback 1/1 for Microsoft.VisualStudio.TestPlatform.CommandLine.TestRunResultAggregator., took 0 ms.
TpTrace Verbose: 0 : 9644, 4, 2024/03/23, 00:01:58.035, 395898933342, vstest.console.dll, MulticastDelegateUtilities.SafeInvoke: InternalTestLoggerEvents.SendTestRunMessage: Invoking callback 1/1 for Microsoft.VisualStudio.TestPlatform.CommandLine.Internal.ConsoleLogger., took 0 ms.
TpTrace Information: 0 : 9644, 14, 2024/03/23, 00:01:58.035, 395898933438, vstest.console.dll, TestRunRequest:SendTestRunMessage: Completed.
TpTrace Verbose: 0 : 9644, 14, 2024/03/23, 00:01:58.035, 395898934121, vstest.console.dll, MulticastDelegateUtilities.SafeInvoke: LengthPrefixCommunicationChannel: MessageReceived: Invoking callback 1/1 for Microsoft.VisualStudio.TestPlatform.CommunicationUtilities.TestRequestSender+<>c__DisplayClass34_0., took 0 ms.
TpTrace Verbose: 0 : 9644, 14, 2024/03/23, 00:01:58.035, 395898934408, vstest.console.dll, TcpClientExtensions.MessageLoopAsync: Polling on remoteEndPoint: 127.0.0.1:54169 localEndPoint: 127.0.0.1:54168 after 0 ms
TpTrace Verbose: 0 : 9644, 14, 2024/03/23, 00:01:58.035, 395898934645, vstest.console.dll, TcpClientExtensions.MessageLoopAsync: NotifyDataAvailable remoteEndPoint: 127.0.0.1:54169 localEndPoint: 127.0.0.1:54168
TpTrace Verbose: 0 : 9644, 14, 2024/03/23, 00:01:58.035, 395898934998, vstest.console.dll, TestRequestSender.OnExecutionMessageReceived: Received message: {"Version":7,"MessageType":"TestSession.Message","Payload":{"MessageLevel":0,"Message":"[xUnit.net 00:00:00.67]         C:\\Users\\Angel\\OneDrive\\Desktop\\repos\\BusinessSolution\\BusinessWebsiteShared.Tests\\DapperWrapperTests.cs(41,0): at BusinessWebsiteShared.Tests.DapperWrapperTests.Query_ReturnsExpectedSequence()"}}
TpTrace Verbose: 0 : 9644, 14, 2024/03/23, 00:01:58.035, 395898935895, vstest.console.dll, TestRunRequest:SendTestRunMessage: Starting.
TpTrace Verbose: 0 : 9644, 14, 2024/03/23, 00:01:58.036, 395898936337, vstest.console.dll, MulticastDelegateUtilities.SafeInvoke: TestRun.LogMessages: Invoking callback 1/1 for Microsoft.VisualStudio.TestPlatform.CommandLine.TestRunResultAggregator., took 0 ms.
TpTrace Verbose: 0 : 9644, 4, 2024/03/23, 00:01:58.036, 395898936464, vstest.console.dll, MulticastDelegateUtilities.SafeInvoke: InternalTestLoggerEvents.SendTestRunMessage: Invoking callback 1/1 for Microsoft.VisualStudio.TestPlatform.CommandLine.Internal.ConsoleLogger., took 0 ms.
TpTrace Information: 0 : 9644, 14, 2024/03/23, 00:01:58.036, 395898936614, vstest.console.dll, TestRunRequest:SendTestRunMessage: Completed.
TpTrace Verbose: 0 : 9644, 14, 2024/03/23, 00:01:58.036, 395898937316, vstest.console.dll, MulticastDelegateUtilities.SafeInvoke: LengthPrefixCommunicationChannel: MessageReceived: Invoking callback 1/1 for Microsoft.VisualStudio.TestPlatform.CommunicationUtilities.TestRequestSender+<>c__DisplayClass34_0., took 0 ms.
TpTrace Verbose: 0 : 9644, 14, 2024/03/23, 00:01:58.036, 395898937947, vstest.console.dll, TcpClientExtensions.MessageLoopAsync: Polling on remoteEndPoint: 127.0.0.1:54169 localEndPoint: 127.0.0.1:54168 after 0 ms
TpTrace Verbose: 0 : 9644, 14, 2024/03/23, 00:01:58.036, 395898938267, vstest.console.dll, TcpClientExtensions.MessageLoopAsync: NotifyDataAvailable remoteEndPoint: 127.0.0.1:54169 localEndPoint: 127.0.0.1:54168
TpTrace Verbose: 0 : 9644, 14, 2024/03/23, 00:01:58.036, 395898938761, vstest.console.dll, TestRequestSender.OnExecutionMessageReceived: Received message: {"Version":7,"MessageType":"TestSession.Message","Payload":{"MessageLevel":0,"Message":"[xUnit.net 00:00:00.67]            at System.RuntimeMethodHandle.InvokeMethod(Object target, Void** arguments, Signature sig, Boolean isConstructor)"}}
TpTrace Verbose: 0 : 9644, 14, 2024/03/23, 00:01:58.036, 395898939579, vstest.console.dll, TestRunRequest:SendTestRunMessage: Starting.
TpTrace Verbose: 0 : 9644, 14, 2024/03/23, 00:01:58.036, 395898940066, vstest.console.dll, MulticastDelegateUtilities.SafeInvoke: TestRun.LogMessages: Invoking callback 1/1 for Microsoft.VisualStudio.TestPlatform.CommandLine.TestRunResultAggregator., took 0 ms.
TpTrace Verbose: 0 : 9644, 4, 2024/03/23, 00:01:58.036, 395898940213, vstest.console.dll, MulticastDelegateUtilities.SafeInvoke: InternalTestLoggerEvents.SendTestRunMessage: Invoking callback 1/1 for Microsoft.VisualStudio.TestPlatform.CommandLine.Internal.ConsoleLogger., took 0 ms.
TpTrace Information: 0 : 9644, 14, 2024/03/23, 00:01:58.036, 395898940310, vstest.console.dll, TestRunRequest:SendTestRunMessage: Completed.
TpTrace Verbose: 0 : 9644, 14, 2024/03/23, 00:01:58.036, 395898940969, vstest.console.dll, MulticastDelegateUtilities.SafeInvoke: LengthPrefixCommunicationChannel: MessageReceived: Invoking callback 1/1 for Microsoft.VisualStudio.TestPlatform.CommunicationUtilities.TestRequestSender+<>c__DisplayClass34_0., took 0 ms.
TpTrace Verbose: 0 : 9644, 14, 2024/03/23, 00:01:58.036, 395898941221, vstest.console.dll, TcpClientExtensions.MessageLoopAsync: Polling on remoteEndPoint: 127.0.0.1:54169 localEndPoint: 127.0.0.1:54168 after 0 ms
TpTrace Verbose: 0 : 9644, 14, 2024/03/23, 00:01:58.036, 395898941499, vstest.console.dll, TcpClientExtensions.MessageLoopAsync: NotifyDataAvailable remoteEndPoint: 127.0.0.1:54169 localEndPoint: 127.0.0.1:54168
TpTrace Verbose: 0 : 9644, 14, 2024/03/23, 00:01:58.036, 395898941898, vstest.console.dll, TestRequestSender.OnExecutionMessageReceived: Received message: {"Version":7,"MessageType":"TestSession.Message","Payload":{"MessageLevel":0,"Message":"[xUnit.net 00:00:00.67]            at System.Reflection.MethodBaseInvoker.InvokeWithNoArgs(Object obj, BindingFlags invokeAttr)"}}
TpTrace Verbose: 0 : 9644, 14, 2024/03/23, 00:01:58.036, 395898942381, vstest.console.dll, TestRunRequest:SendTestRunMessage: Starting.
TpTrace Verbose: 0 : 9644, 14, 2024/03/23, 00:01:58.036, 395898942797, vstest.console.dll, MulticastDelegateUtilities.SafeInvoke: TestRun.LogMessages: Invoking callback 1/1 for Microsoft.VisualStudio.TestPlatform.CommandLine.TestRunResultAggregator., took 0 ms.
TpTrace Information: 0 : 9644, 14, 2024/03/23, 00:01:58.036, 395898943070, vstest.console.dll, TestRunRequest:SendTestRunMessage: Completed.
TpTrace Verbose: 0 : 9644, 4, 2024/03/23, 00:01:58.036, 395898942905, vstest.console.dll, MulticastDelegateUtilities.SafeInvoke: InternalTestLoggerEvents.SendTestRunMessage: Invoking callback 1/1 for Microsoft.VisualStudio.TestPlatform.CommandLine.Internal.ConsoleLogger., took 0 ms.
TpTrace Verbose: 0 : 9644, 14, 2024/03/23, 00:01:58.036, 395898943289, vstest.console.dll, MulticastDelegateUtilities.SafeInvoke: LengthPrefixCommunicationChannel: MessageReceived: Invoking callback 1/1 for Microsoft.VisualStudio.TestPlatform.CommunicationUtilities.TestRequestSender+<>c__DisplayClass34_0., took 0 ms.
TpTrace Verbose: 0 : 9644, 14, 2024/03/23, 00:01:58.036, 395898944703, vstest.console.dll, TcpClientExtensions.MessageLoopAsync: Polling on remoteEndPoint: 127.0.0.1:54169 localEndPoint: 127.0.0.1:54168 after 0 ms
TpTrace Verbose: 0 : 9644, 14, 2024/03/23, 00:01:58.037, 395898950755, vstest.console.dll, TcpClientExtensions.MessageLoopAsync: NotifyDataAvailable remoteEndPoint: 127.0.0.1:54169 localEndPoint: 127.0.0.1:54168
TpTrace Verbose: 0 : 9644, 14, 2024/03/23, 00:01:58.037, 395898951336, vstest.console.dll, TestRequestSender.OnExecutionMessageReceived: Received message: {"Version":7,"MessageType":"TestSession.Message","Payload":{"MessageLevel":2,"Message":"[xUnit.net 00:00:00.67]     BusinessWebsiteShared.Tests.DapperWrapperTests.Execute_ReturnsExpectedResult [FAIL]"}}
TpTrace Verbose: 0 : 9644, 14, 2024/03/23, 00:01:58.037, 395898951855, vstest.console.dll, TestRunRequest:SendTestRunMessage: Starting.
TpTrace Verbose: 0 : 9644, 14, 2024/03/23, 00:01:58.037, 395898952276, vstest.console.dll, MulticastDelegateUtilities.SafeInvoke: TestRun.LogMessages: Invoking callback 1/1 for Microsoft.VisualStudio.TestPlatform.CommandLine.TestRunResultAggregator., took 0 ms.
TpTrace Information: 0 : 9644, 14, 2024/03/23, 00:01:58.037, 395898952511, vstest.console.dll, TestRunRequest:SendTestRunMessage: Completed.
TpTrace Verbose: 0 : 9644, 14, 2024/03/23, 00:01:58.037, 395898952703, vstest.console.dll, MulticastDelegateUtilities.SafeInvoke: LengthPrefixCommunicationChannel: MessageReceived: Invoking callback 1/1 for Microsoft.VisualStudio.TestPlatform.CommunicationUtilities.TestRequestSender+<>c__DisplayClass34_0., took 0 ms.
TpTrace Verbose: 0 : 9644, 4, 2024/03/23, 00:01:58.037, 395898952730, vstest.console.dll, MulticastDelegateUtilities.SafeInvoke: InternalTestLoggerEvents.SendTestRunMessage: Invoking callback 1/1 for Microsoft.VisualStudio.TestPlatform.CommandLine.Internal.ConsoleLogger., took 0 ms.
TpTrace Verbose: 0 : 9644, 14, 2024/03/23, 00:01:58.037, 395898953073, vstest.console.dll, TcpClientExtensions.MessageLoopAsync: Polling on remoteEndPoint: 127.0.0.1:54169 localEndPoint: 127.0.0.1:54168 after 0 ms
TpTrace Verbose: 0 : 9644, 14, 2024/03/23, 00:01:58.037, 395898953993, vstest.console.dll, TcpClientExtensions.MessageLoopAsync: NotifyDataAvailable remoteEndPoint: 127.0.0.1:54169 localEndPoint: 127.0.0.1:54168
TpTrace Verbose: 0 : 9644, 14, 2024/03/23, 00:01:58.037, 395898954550, vstest.console.dll, TestRequestSender.OnExecutionMessageReceived: Received message: {"Version":7,"MessageType":"TestSession.Message","Payload":{"MessageLevel":0,"Message":"[xUnit.net 00:00:00.67]       System.NotSupportedException : Unsupported expression: conn => conn.Execute(sql, parameters, null, null, null)"}}
TpTrace Verbose: 0 : 9644, 14, 2024/03/23, 00:01:58.037, 395898955035, vstest.console.dll, TestRunRequest:SendTestRunMessage: Starting.
TpTrace Verbose: 0 : 9644, 14, 2024/03/23, 00:01:58.037, 395898955474, vstest.console.dll, MulticastDelegateUtilities.SafeInvoke: TestRun.LogMessages: Invoking callback 1/1 for Microsoft.VisualStudio.TestPlatform.CommandLine.TestRunResultAggregator., took 0 ms.
TpTrace Information: 0 : 9644, 14, 2024/03/23, 00:01:58.037, 395898955744, vstest.console.dll, TestRunRequest:SendTestRunMessage: Completed.
TpTrace Verbose: 0 : 9644, 4, 2024/03/23, 00:01:58.037, 395898955561, vstest.console.dll, MulticastDelegateUtilities.SafeInvoke: InternalTestLoggerEvents.SendTestRunMessage: Invoking callback 1/1 for Microsoft.VisualStudio.TestPlatform.CommandLine.Internal.ConsoleLogger., took 0 ms.
TpTrace Verbose: 0 : 9644, 14, 2024/03/23, 00:01:58.037, 395898955975, vstest.console.dll, MulticastDelegateUtilities.SafeInvoke: LengthPrefixCommunicationChannel: MessageReceived: Invoking callback 1/1 for Microsoft.VisualStudio.TestPlatform.CommunicationUtilities.TestRequestSender+<>c__DisplayClass34_0., took 0 ms.
TpTrace Verbose: 0 : 9644, 14, 2024/03/23, 00:01:58.038, 395898956700, vstest.console.dll, TcpClientExtensions.MessageLoopAsync: Polling on remoteEndPoint: 127.0.0.1:54169 localEndPoint: 127.0.0.1:54168 after 0 ms
TpTrace Verbose: 0 : 9644, 14, 2024/03/23, 00:01:58.038, 395898957019, vstest.console.dll, TcpClientExtensions.MessageLoopAsync: NotifyDataAvailable remoteEndPoint: 127.0.0.1:54169 localEndPoint: 127.0.0.1:54168
TpTrace Verbose: 0 : 9644, 14, 2024/03/23, 00:01:58.038, 395898957446, vstest.console.dll, TestRequestSender.OnExecutionMessageReceived: Received message: {"Version":7,"MessageType":"TestSession.Message","Payload":{"MessageLevel":0,"Message":"[xUnit.net 00:00:00.67]       Extension methods (here: SqlMapper.Execute) may not be used in setup / verification expressions."}}
TpTrace Verbose: 0 : 9644, 14, 2024/03/23, 00:01:58.038, 395898957922, vstest.console.dll, TestRunRequest:SendTestRunMessage: Starting.
TpTrace Verbose: 0 : 9644, 14, 2024/03/23, 00:01:58.038, 395898958336, vstest.console.dll, MulticastDelegateUtilities.SafeInvoke: TestRun.LogMessages: Invoking callback 1/1 for Microsoft.VisualStudio.TestPlatform.CommandLine.TestRunResultAggregator., took 0 ms.
TpTrace Information: 0 : 9644, 14, 2024/03/23, 00:01:58.038, 395898958604, vstest.console.dll, TestRunRequest:SendTestRunMessage: Completed.
TpTrace Verbose: 0 : 9644, 4, 2024/03/23, 00:01:58.038, 395898958437, vstest.console.dll, MulticastDelegateUtilities.SafeInvoke: InternalTestLoggerEvents.SendTestRunMessage: Invoking callback 1/1 for Microsoft.VisualStudio.TestPlatform.CommandLine.Internal.ConsoleLogger., took 0 ms.
TpTrace Verbose: 0 : 9644, 14, 2024/03/23, 00:01:58.038, 395898958830, vstest.console.dll, MulticastDelegateUtilities.SafeInvoke: LengthPrefixCommunicationChannel: MessageReceived: Invoking callback 1/1 for Microsoft.VisualStudio.TestPlatform.CommunicationUtilities.TestRequestSender+<>c__DisplayClass34_0., took 0 ms.
TpTrace Verbose: 0 : 9644, 14, 2024/03/23, 00:01:58.038, 395898959713, vstest.console.dll, TcpClientExtensions.MessageLoopAsync: Polling on remoteEndPoint: 127.0.0.1:54169 localEndPoint: 127.0.0.1:54168 after 0 ms
TpTrace Verbose: 0 : 9644, 14, 2024/03/23, 00:01:58.038, 395898960258, vstest.console.dll, TcpClientExtensions.MessageLoopAsync: NotifyDataAvailable remoteEndPoint: 127.0.0.1:54169 localEndPoint: 127.0.0.1:54168
TpTrace Verbose: 0 : 9644, 14, 2024/03/23, 00:01:58.038, 395898960707, vstest.console.dll, TestRequestSender.OnExecutionMessageReceived: Received message: {"Version":7,"MessageType":"TestSession.Message","Payload":{"MessageLevel":0,"Message":"[xUnit.net 00:00:00.67]       Stack Trace:"}}
TpTrace Verbose: 0 : 9644, 14, 2024/03/23, 00:01:58.038, 395898961186, vstest.console.dll, TestRunRequest:SendTestRunMessage: Starting.
TpTrace Verbose: 0 : 9644, 14, 2024/03/23, 00:01:58.038, 395898961557, vstest.console.dll, MulticastDelegateUtilities.SafeInvoke: TestRun.LogMessages: Invoking callback 1/1 for Microsoft.VisualStudio.TestPlatform.CommandLine.TestRunResultAggregator., took 0 ms.
TpTrace Verbose: 0 : 9644, 4, 2024/03/23, 00:01:58.038, 395898961775, vstest.console.dll, MulticastDelegateUtilities.SafeInvoke: InternalTestLoggerEvents.SendTestRunMessage: Invoking callback 1/1 for Microsoft.VisualStudio.TestPlatform.CommandLine.Internal.ConsoleLogger., took 0 ms.
TpTrace Information: 0 : 9644, 14, 2024/03/23, 00:01:58.038, 395898961833, vstest.console.dll, TestRunRequest:SendTestRunMessage: Completed.
TpTrace Verbose: 0 : 9644, 14, 2024/03/23, 00:01:58.038, 395898962537, vstest.console.dll, MulticastDelegateUtilities.SafeInvoke: LengthPrefixCommunicationChannel: MessageReceived: Invoking callback 1/1 for Microsoft.VisualStudio.TestPlatform.CommunicationUtilities.TestRequestSender+<>c__DisplayClass34_0., took 0 ms.
TpTrace Verbose: 0 : 9644, 14, 2024/03/23, 00:01:58.038, 395898962779, vstest.console.dll, TcpClientExtensions.MessageLoopAsync: Polling on remoteEndPoint: 127.0.0.1:54169 localEndPoint: 127.0.0.1:54168 after 0 ms
TpTrace Verbose: 0 : 9644, 14, 2024/03/23, 00:01:58.038, 395898963011, vstest.console.dll, TcpClientExtensions.MessageLoopAsync: NotifyDataAvailable remoteEndPoint: 127.0.0.1:54169 localEndPoint: 127.0.0.1:54168
TpTrace Verbose: 0 : 9644, 14, 2024/03/23, 00:01:58.038, 395898963676, vstest.console.dll, TestRequestSender.OnExecutionMessageReceived: Received message: {"Version":7,"MessageType":"TestSession.Message","Payload":{"MessageLevel":0,"Message":"[xUnit.net 00:00:00.67]         /_/src/Moq/Guard.cs(87,0): at Moq.Guard.IsOverridable(MethodInfo method, Expression expression)"}}
TpTrace Verbose: 0 : 9644, 14, 2024/03/23, 00:01:58.038, 395898964217, vstest.console.dll, TestRunRequest:SendTestRunMessage: Starting.
TpTrace Verbose: 0 : 9644, 14, 2024/03/23, 00:01:58.038, 395898964605, vstest.console.dll, MulticastDelegateUtilities.SafeInvoke: TestRun.LogMessages: Invoking callback 1/1 for Microsoft.VisualStudio.TestPlatform.CommandLine.TestRunResultAggregator., took 0 ms.
TpTrace Verbose: 0 : 9644, 4, 2024/03/23, 00:01:58.038, 395898964825, vstest.console.dll, MulticastDelegateUtilities.SafeInvoke: InternalTestLoggerEvents.SendTestRunMessage: Invoking callback 1/1 for Microsoft.VisualStudio.TestPlatform.CommandLine.Internal.ConsoleLogger., took 0 ms.
TpTrace Information: 0 : 9644, 14, 2024/03/23, 00:01:58.038, 395898964877, vstest.console.dll, TestRunRequest:SendTestRunMessage: Completed.
TpTrace Verbose: 0 : 9644, 14, 2024/03/23, 00:01:58.038, 395898965637, vstest.console.dll, MulticastDelegateUtilities.SafeInvoke: LengthPrefixCommunicationChannel: MessageReceived: Invoking callback 1/1 for Microsoft.VisualStudio.TestPlatform.CommunicationUtilities.TestRequestSender+<>c__DisplayClass34_0., took 0 ms.
TpTrace Verbose: 0 : 9644, 14, 2024/03/23, 00:01:58.038, 395898965886, vstest.console.dll, TcpClientExtensions.MessageLoopAsync: Polling on remoteEndPoint: 127.0.0.1:54169 localEndPoint: 127.0.0.1:54168 after 0 ms
TpTrace Verbose: 0 : 9644, 14, 2024/03/23, 00:01:58.038, 395898966122, vstest.console.dll, TcpClientExtensions.MessageLoopAsync: NotifyDataAvailable remoteEndPoint: 127.0.0.1:54169 localEndPoint: 127.0.0.1:54168
TpTrace Verbose: 0 : 9644, 14, 2024/03/23, 00:01:58.039, 395898966552, vstest.console.dll, TestRequestSender.OnExecutionMessageReceived: Received message: {"Version":7,"MessageType":"TestSession.Message","Payload":{"MessageLevel":0,"Message":"[xUnit.net 00:00:00.67]         /_/src/Moq/MethodExpectation.cs(236,0): at Moq.MethodExpectation..ctor(LambdaExpression expression, MethodInfo method, IReadOnlyList`1 arguments, Boolean exactGenericTypeArguments, Boolean skipMatcherInitialization, Boolean allowNonOverridable)"}}
TpTrace Verbose: 0 : 9644, 14, 2024/03/23, 00:01:58.039, 395898967099, vstest.console.dll, TestRunRequest:SendTestRunMessage: Starting.
TpTrace Verbose: 0 : 9644, 14, 2024/03/23, 00:01:58.039, 395898967480, vstest.console.dll, MulticastDelegateUtilities.SafeInvoke: TestRun.LogMessages: Invoking callback 1/1 for Microsoft.VisualStudio.TestPlatform.CommandLine.TestRunResultAggregator., took 0 ms.
TpTrace Verbose: 0 : 9644, 4, 2024/03/23, 00:01:58.039, 395898967629, vstest.console.dll, MulticastDelegateUtilities.SafeInvoke: InternalTestLoggerEvents.SendTestRunMessage: Invoking callback 1/1 for Microsoft.VisualStudio.TestPlatform.CommandLine.Internal.ConsoleLogger., took 0 ms.
TpTrace Information: 0 : 9644, 14, 2024/03/23, 00:01:58.039, 395898967706, vstest.console.dll, TestRunRequest:SendTestRunMessage: Completed.
TpTrace Verbose: 0 : 9644, 14, 2024/03/23, 00:01:58.039, 395898968360, vstest.console.dll, MulticastDelegateUtilities.SafeInvoke: LengthPrefixCommunicationChannel: MessageReceived: Invoking callback 1/1 for Microsoft.VisualStudio.TestPlatform.CommunicationUtilities.TestRequestSender+<>c__DisplayClass34_0., took 0 ms.
TpTrace Verbose: 0 : 9644, 14, 2024/03/23, 00:01:58.039, 395898968614, vstest.console.dll, TcpClientExtensions.MessageLoopAsync: Polling on remoteEndPoint: 127.0.0.1:54169 localEndPoint: 127.0.0.1:54168 after 0 ms
TpTrace Verbose: 0 : 9644, 14, 2024/03/23, 00:01:58.039, 395898968903, vstest.console.dll, TcpClientExtensions.MessageLoopAsync: NotifyDataAvailable remoteEndPoint: 127.0.0.1:54169 localEndPoint: 127.0.0.1:54168
TpTrace Verbose: 0 : 9644, 14, 2024/03/23, 00:01:58.039, 395898969261, vstest.console.dll, TestRequestSender.OnExecutionMessageReceived: Received message: {"Version":7,"MessageType":"TestSession.Message","Payload":{"MessageLevel":0,"Message":"[xUnit.net 00:00:00.67]         /_/src/Moq/ExpressionExtensions.cs(256,0): at Moq.ExpressionExtensions.<Split>g__Split|5_0(Expression e, Expression& r, MethodExpectation& p, Boolean assignment, Boolean allowNonOverridableLastProperty)"}}
TpTrace Verbose: 0 : 9644, 14, 2024/03/23, 00:01:58.039, 395898969794, vstest.console.dll, TestRunRequest:SendTestRunMessage: Starting.
TpTrace Verbose: 0 : 9644, 14, 2024/03/23, 00:01:58.039, 395898970194, vstest.console.dll, MulticastDelegateUtilities.SafeInvoke: TestRun.LogMessages: Invoking callback 1/1 for Microsoft.VisualStudio.TestPlatform.CommandLine.TestRunResultAggregator., took 0 ms.
TpTrace Verbose: 0 : 9644, 4, 2024/03/23, 00:01:58.039, 395898970337, vstest.console.dll, MulticastDelegateUtilities.SafeInvoke: InternalTestLoggerEvents.SendTestRunMessage: Invoking callback 1/1 for Microsoft.VisualStudio.TestPlatform.CommandLine.Internal.ConsoleLogger., took 0 ms.
TpTrace Information: 0 : 9644, 14, 2024/03/23, 00:01:58.039, 395898970420, vstest.console.dll, TestRunRequest:SendTestRunMessage: Completed.
TpTrace Verbose: 0 : 9644, 14, 2024/03/23, 00:01:58.039, 395898971262, vstest.console.dll, MulticastDelegateUtilities.SafeInvoke: LengthPrefixCommunicationChannel: MessageReceived: Invoking callback 1/1 for Microsoft.VisualStudio.TestPlatform.CommunicationUtilities.TestRequestSender+<>c__DisplayClass34_0., took 0 ms.
TpTrace Verbose: 0 : 9644, 14, 2024/03/23, 00:01:58.039, 395898971582, vstest.console.dll, TcpClientExtensions.MessageLoopAsync: Polling on remoteEndPoint: 127.0.0.1:54169 localEndPoint: 127.0.0.1:54168 after 0 ms
TpTrace Verbose: 0 : 9644, 14, 2024/03/23, 00:01:58.039, 395898971837, vstest.console.dll, TcpClientExtensions.MessageLoopAsync: NotifyDataAvailable remoteEndPoint: 127.0.0.1:54169 localEndPoint: 127.0.0.1:54168
TpTrace Verbose: 0 : 9644, 14, 2024/03/23, 00:01:58.039, 395898972198, vstest.console.dll, TestRequestSender.OnExecutionMessageReceived: Received message: {"Version":7,"MessageType":"TestSession.Message","Payload":{"MessageLevel":0,"Message":"[xUnit.net 00:00:00.67]         /_/src/Moq/ExpressionExtensions.cs(170,0): at Moq.ExpressionExtensions.Split(LambdaExpression expression, Boolean allowNonOverridableLastProperty)"}}
TpTrace Verbose: 0 : 9644, 14, 2024/03/23, 00:01:58.039, 395898972733, vstest.console.dll, TestRunRequest:SendTestRunMessage: Starting.
TpTrace Verbose: 0 : 9644, 14, 2024/03/23, 00:01:58.039, 395898973123, vstest.console.dll, MulticastDelegateUtilities.SafeInvoke: TestRun.LogMessages: Invoking callback 1/1 for Microsoft.VisualStudio.TestPlatform.CommandLine.TestRunResultAggregator., took 0 ms.
TpTrace Information: 0 : 9644, 14, 2024/03/23, 00:01:58.039, 395898973352, vstest.console.dll, TestRunRequest:SendTestRunMessage: Completed.
TpTrace Verbose: 0 : 9644, 4, 2024/03/23, 00:01:58.039, 395898973297, vstest.console.dll, MulticastDelegateUtilities.SafeInvoke: InternalTestLoggerEvents.SendTestRunMessage: Invoking callback 1/1 for Microsoft.VisualStudio.TestPlatform.CommandLine.Internal.ConsoleLogger., took 0 ms.
TpTrace Verbose: 0 : 9644, 14, 2024/03/23, 00:01:58.039, 395898973592, vstest.console.dll, MulticastDelegateUtilities.SafeInvoke: LengthPrefixCommunicationChannel: MessageReceived: Invoking callback 1/1 for Microsoft.VisualStudio.TestPlatform.CommunicationUtilities.TestRequestSender+<>c__DisplayClass34_0., took 0 ms.
TpTrace Verbose: 0 : 9644, 14, 2024/03/23, 00:01:58.039, 395898974410, vstest.console.dll, TcpClientExtensions.MessageLoopAsync: Polling on remoteEndPoint: 127.0.0.1:54169 localEndPoint: 127.0.0.1:54168 after 0 ms
TpTrace Verbose: 0 : 9644, 14, 2024/03/23, 00:01:58.039, 395898974697, vstest.console.dll, TcpClientExtensions.MessageLoopAsync: NotifyDataAvailable remoteEndPoint: 127.0.0.1:54169 localEndPoint: 127.0.0.1:54168
TpTrace Verbose: 0 : 9644, 14, 2024/03/23, 00:01:58.039, 395898975066, vstest.console.dll, TestRequestSender.OnExecutionMessageReceived: Received message: {"Version":7,"MessageType":"TestSession.Message","Payload":{"MessageLevel":0,"Message":"[xUnit.net 00:00:00.67]         /_/src/Moq/Mock.cs(728,0): at Moq.Mock.SetupRecursive[TSetup](Mock mock, LambdaExpression expression, Func`4 setupLast, Boolean allowNonOverridableLastProperty)"}}
TpTrace Verbose: 0 : 9644, 14, 2024/03/23, 00:01:58.039, 395898975623, vstest.console.dll, TestRunRequest:SendTestRunMessage: Starting.
TpTrace Verbose: 0 : 9644, 14, 2024/03/23, 00:01:58.039, 395898976027, vstest.console.dll, MulticastDelegateUtilities.SafeInvoke: TestRun.LogMessages: Invoking callback 1/1 for Microsoft.VisualStudio.TestPlatform.CommandLine.TestRunResultAggregator., took 0 ms.
TpTrace Information: 0 : 9644, 14, 2024/03/23, 00:01:58.039, 395898976260, vstest.console.dll, TestRunRequest:SendTestRunMessage: Completed.
TpTrace Verbose: 0 : 9644, 4, 2024/03/23, 00:01:58.039, 395898976233, vstest.console.dll, MulticastDelegateUtilities.SafeInvoke: InternalTestLoggerEvents.SendTestRunMessage: Invoking callback 1/1 for Microsoft.VisualStudio.TestPlatform.CommandLine.Internal.ConsoleLogger., took 0 ms.
TpTrace Verbose: 0 : 9644, 14, 2024/03/23, 00:01:58.040, 395898976546, vstest.console.dll, MulticastDelegateUtilities.SafeInvoke: LengthPrefixCommunicationChannel: MessageReceived: Invoking callback 1/1 for Microsoft.VisualStudio.TestPlatform.CommunicationUtilities.TestRequestSender+<>c__DisplayClass34_0., took 0 ms.
TpTrace Verbose: 0 : 9644, 14, 2024/03/23, 00:01:58.040, 395898977341, vstest.console.dll, TcpClientExtensions.MessageLoopAsync: Polling on remoteEndPoint: 127.0.0.1:54169 localEndPoint: 127.0.0.1:54168 after 0 ms
TpTrace Verbose: 0 : 9644, 14, 2024/03/23, 00:01:58.040, 395898977614, vstest.console.dll, TcpClientExtensions.MessageLoopAsync: NotifyDataAvailable remoteEndPoint: 127.0.0.1:54169 localEndPoint: 127.0.0.1:54168
TpTrace Verbose: 0 : 9644, 14, 2024/03/23, 00:01:58.040, 395898977967, vstest.console.dll, TestRequestSender.OnExecutionMessageReceived: Received message: {"Version":7,"MessageType":"TestSession.Message","Payload":{"MessageLevel":0,"Message":"[xUnit.net 00:00:00.67]         /_/src/Moq/Mock.cs(562,0): at Moq.Mock.Setup(Mock mock, LambdaExpression expression, Condition condition)"}}
TpTrace Verbose: 0 : 9644, 14, 2024/03/23, 00:01:58.040, 395898978482, vstest.console.dll, TestRunRequest:SendTestRunMessage: Starting.
TpTrace Verbose: 0 : 9644, 14, 2024/03/23, 00:01:58.040, 395898978864, vstest.console.dll, MulticastDelegateUtilities.SafeInvoke: TestRun.LogMessages: Invoking callback 1/1 for Microsoft.VisualStudio.TestPlatform.CommandLine.TestRunResultAggregator., took 0 ms.
TpTrace Verbose: 0 : 9644, 4, 2024/03/23, 00:01:58.040, 395898979010, vstest.console.dll, MulticastDelegateUtilities.SafeInvoke: InternalTestLoggerEvents.SendTestRunMessage: Invoking callback 1/1 for Microsoft.VisualStudio.TestPlatform.CommandLine.Internal.ConsoleLogger., took 0 ms.
TpTrace Information: 0 : 9644, 14, 2024/03/23, 00:01:58.040, 395898979090, vstest.console.dll, TestRunRequest:SendTestRunMessage: Completed.
TpTrace Verbose: 0 : 9644, 14, 2024/03/23, 00:01:58.040, 395898979791, vstest.console.dll, MulticastDelegateUtilities.SafeInvoke: LengthPrefixCommunicationChannel: MessageReceived: Invoking callback 1/1 for Microsoft.VisualStudio.TestPlatform.CommunicationUtilities.TestRequestSender+<>c__DisplayClass34_0., took 0 ms.
TpTrace Verbose: 0 : 9644, 14, 2024/03/23, 00:01:58.040, 395898980037, vstest.console.dll, TcpClientExtensions.MessageLoopAsync: Polling on remoteEndPoint: 127.0.0.1:54169 localEndPoint: 127.0.0.1:54168 after 0 ms
TpTrace Verbose: 0 : 9644, 14, 2024/03/23, 00:01:58.040, 395898980268, vstest.console.dll, TcpClientExtensions.MessageLoopAsync: NotifyDataAvailable remoteEndPoint: 127.0.0.1:54169 localEndPoint: 127.0.0.1:54168
TpTrace Verbose: 0 : 9644, 14, 2024/03/23, 00:01:58.040, 395898980873, vstest.console.dll, TestRequestSender.OnExecutionMessageReceived: Received message: {"Version":7,"MessageType":"TestSession.Message","Payload":{"MessageLevel":0,"Message":"[xUnit.net 00:00:00.67]         /_/src/Moq/Mock`1.cs(645,0): at Moq.Mock`1.Setup[TResult](Expression`1 expression)"}}
TpTrace Verbose: 0 : 9644, 14, 2024/03/23, 00:01:58.040, 395898981446, vstest.console.dll, TestRunRequest:SendTestRunMessage: Starting.
TpTrace Verbose: 0 : 9644, 14, 2024/03/23, 00:01:58.040, 395898981835, vstest.console.dll, MulticastDelegateUtilities.SafeInvoke: TestRun.LogMessages: Invoking callback 1/1 for Microsoft.VisualStudio.TestPlatform.CommandLine.TestRunResultAggregator., took 0 ms.
TpTrace Verbose: 0 : 9644, 4, 2024/03/23, 00:01:58.040, 395898981993, vstest.console.dll, MulticastDelegateUtilities.SafeInvoke: InternalTestLoggerEvents.SendTestRunMessage: Invoking callback 1/1 for Microsoft.VisualStudio.TestPlatform.CommandLine.Internal.ConsoleLogger., took 0 ms.
TpTrace Information: 0 : 9644, 14, 2024/03/23, 00:01:58.040, 395898982536, vstest.console.dll, TestRunRequest:SendTestRunMessage: Completed.
TpTrace Verbose: 0 : 9644, 14, 2024/03/23, 00:01:58.040, 395898983365, vstest.console.dll, MulticastDelegateUtilities.SafeInvoke: LengthPrefixCommunicationChannel: MessageReceived: Invoking callback 1/1 for Microsoft.VisualStudio.TestPlatform.CommunicationUtilities.TestRequestSender+<>c__DisplayClass34_0., took 0 ms.
TpTrace Verbose: 0 : 9644, 14, 2024/03/23, 00:01:58.040, 395898983625, vstest.console.dll, TcpClientExtensions.MessageLoopAsync: Polling on remoteEndPoint: 127.0.0.1:54169 localEndPoint: 127.0.0.1:54168 after 0 ms
TpTrace Verbose: 0 : 9644, 14, 2024/03/23, 00:01:58.040, 395898983864, vstest.console.dll, TcpClientExtensions.MessageLoopAsync: NotifyDataAvailable remoteEndPoint: 127.0.0.1:54169 localEndPoint: 127.0.0.1:54168
TpTrace Verbose: 0 : 9644, 14, 2024/03/23, 00:01:58.040, 395898984224, vstest.console.dll, TestRequestSender.OnExecutionMessageReceived: Received message: {"Version":7,"MessageType":"TestSession.Message","Payload":{"MessageLevel":0,"Message":"[xUnit.net 00:00:00.67]         C:\\Users\\Angel\\OneDrive\\Desktop\\repos\\BusinessSolution\\BusinessWebsiteShared.Tests\\DapperWrapperTests.cs(22,0): at BusinessWebsiteShared.Tests.DapperWrapperTests.Execute_ReturnsExpectedResult()"}}
TpTrace Verbose: 0 : 9644, 14, 2024/03/23, 00:01:58.040, 395898984763, vstest.console.dll, TestRunRequest:SendTestRunMessage: Starting.
TpTrace Verbose: 0 : 9644, 14, 2024/03/23, 00:01:58.040, 395898985207, vstest.console.dll, MulticastDelegateUtilities.SafeInvoke: TestRun.LogMessages: Invoking callback 1/1 for Microsoft.VisualStudio.TestPlatform.CommandLine.TestRunResultAggregator., took 0 ms.
TpTrace Verbose: 0 : 9644, 4, 2024/03/23, 00:01:58.040, 395898985323, vstest.console.dll, MulticastDelegateUtilities.SafeInvoke: InternalTestLoggerEvents.SendTestRunMessage: Invoking callback 1/1 for Microsoft.VisualStudio.TestPlatform.CommandLine.Internal.ConsoleLogger., took 0 ms.
TpTrace Information: 0 : 9644, 14, 2024/03/23, 00:01:58.040, 395898985461, vstest.console.dll, TestRunRequest:SendTestRunMessage: Completed.
TpTrace Verbose: 0 : 9644, 14, 2024/03/23, 00:01:58.040, 395898986192, vstest.console.dll, MulticastDelegateUtilities.SafeInvoke: LengthPrefixCommunicationChannel: MessageReceived: Invoking callback 1/1 for Microsoft.VisualStudio.TestPlatform.CommunicationUtilities.TestRequestSender+<>c__DisplayClass34_0., took 0 ms.
TpTrace Verbose: 0 : 9644, 14, 2024/03/23, 00:01:58.041, 395898986434, vstest.console.dll, TcpClientExtensions.MessageLoopAsync: Polling on remoteEndPoint: 127.0.0.1:54169 localEndPoint: 127.0.0.1:54168 after 0 ms
TpTrace Verbose: 0 : 9644, 14, 2024/03/23, 00:01:58.041, 395898986670, vstest.console.dll, TcpClientExtensions.MessageLoopAsync: NotifyDataAvailable remoteEndPoint: 127.0.0.1:54169 localEndPoint: 127.0.0.1:54168
TpTrace Verbose: 0 : 9644, 14, 2024/03/23, 00:01:58.041, 395898987069, vstest.console.dll, TestRequestSender.OnExecutionMessageReceived: Received message: {"Version":7,"MessageType":"TestSession.Message","Payload":{"MessageLevel":0,"Message":"[xUnit.net 00:00:00.67]            at System.RuntimeMethodHandle.InvokeMethod(Object target, Void** arguments, Signature sig, Boolean isConstructor)"}}
TpTrace Verbose: 0 : 9644, 14, 2024/03/23, 00:01:58.041, 395898987568, vstest.console.dll, TestRunRequest:SendTestRunMessage: Starting.
TpTrace Verbose: 0 : 9644, 14, 2024/03/23, 00:01:58.041, 395898987994, vstest.console.dll, MulticastDelegateUtilities.SafeInvoke: TestRun.LogMessages: Invoking callback 1/1 for Microsoft.VisualStudio.TestPlatform.CommandLine.TestRunResultAggregator., took 0 ms.
TpTrace Verbose: 0 : 9644, 4, 2024/03/23, 00:01:58.041, 395898988174, vstest.console.dll, MulticastDelegateUtilities.SafeInvoke: InternalTestLoggerEvents.SendTestRunMessage: Invoking callback 1/1 for Microsoft.VisualStudio.TestPlatform.CommandLine.Internal.ConsoleLogger., took 0 ms.
TpTrace Information: 0 : 9644, 14, 2024/03/23, 00:01:58.041, 395898988235, vstest.console.dll, TestRunRequest:SendTestRunMessage: Completed.
TpTrace Verbose: 0 : 9644, 14, 2024/03/23, 00:01:58.041, 395898989022, vstest.console.dll, MulticastDelegateUtilities.SafeInvoke: LengthPrefixCommunicationChannel: MessageReceived: Invoking callback 1/1 for Microsoft.VisualStudio.TestPlatform.CommunicationUtilities.TestRequestSender+<>c__DisplayClass34_0., took 0 ms.
TpTrace Verbose: 0 : 9644, 14, 2024/03/23, 00:01:58.041, 395898989266, vstest.console.dll, TcpClientExtensions.MessageLoopAsync: Polling on remoteEndPoint: 127.0.0.1:54169 localEndPoint: 127.0.0.1:54168 after 0 ms
TpTrace Verbose: 0 : 9644, 14, 2024/03/23, 00:01:58.041, 395898989502, vstest.console.dll, TcpClientExtensions.MessageLoopAsync: NotifyDataAvailable remoteEndPoint: 127.0.0.1:54169 localEndPoint: 127.0.0.1:54168
TpTrace Verbose: 0 : 9644, 14, 2024/03/23, 00:01:58.041, 395898989942, vstest.console.dll, TestRequestSender.OnExecutionMessageReceived: Received message: {"Version":7,"MessageType":"TestSession.Message","Payload":{"MessageLevel":0,"Message":"[xUnit.net 00:00:00.67]            at System.Reflection.MethodBaseInvoker.InvokeWithNoArgs(Object obj, BindingFlags invokeAttr)"}}
TpTrace Verbose: 0 : 9644, 14, 2024/03/23, 00:01:58.041, 395898990732, vstest.console.dll, TestRunRequest:SendTestRunMessage: Starting.
TpTrace Verbose: 0 : 9644, 14, 2024/03/23, 00:01:58.041, 395898991264, vstest.console.dll, MulticastDelegateUtilities.SafeInvoke: TestRun.LogMessages: Invoking callback 1/1 for Microsoft.VisualStudio.TestPlatform.CommandLine.TestRunResultAggregator., took 0 ms.
TpTrace Verbose: 0 : 9644, 4, 2024/03/23, 00:01:58.041, 395898991397, vstest.console.dll, MulticastDelegateUtilities.SafeInvoke: InternalTestLoggerEvents.SendTestRunMessage: Invoking callback 1/1 for Microsoft.VisualStudio.TestPlatform.CommandLine.Internal.ConsoleLogger., took 0 ms.
TpTrace Information: 0 : 9644, 14, 2024/03/23, 00:01:58.041, 395898992045, vstest.console.dll, TestRunRequest:SendTestRunMessage: Completed.
TpTrace Verbose: 0 : 9644, 14, 2024/03/23, 00:01:58.041, 395898992620, vstest.console.dll, MulticastDelegateUtilities.SafeInvoke: LengthPrefixCommunicationChannel: MessageReceived: Invoking callback 1/1 for Microsoft.VisualStudio.TestPlatform.CommunicationUtilities.TestRequestSender+<>c__DisplayClass34_0., took 0 ms.
TpTrace Verbose: 0 : 9644, 14, 2024/03/23, 00:01:58.041, 395898992987, vstest.console.dll, TcpClientExtensions.MessageLoopAsync: Polling on remoteEndPoint: 127.0.0.1:54169 localEndPoint: 127.0.0.1:54168 after 0 ms
TpTrace Verbose: 0 : 9644, 14, 2024/03/23, 00:01:58.041, 395898993478, vstest.console.dll, TcpClientExtensions.MessageLoopAsync: NotifyDataAvailable remoteEndPoint: 127.0.0.1:54169 localEndPoint: 127.0.0.1:54168
TpTrace Verbose: 0 : 9644, 14, 2024/03/23, 00:01:58.041, 395898993993, vstest.console.dll, TestRequestSender.OnExecutionMessageReceived: Received message: {"Version":7,"MessageType":"TestSession.Message","Payload":{"MessageLevel":0,"Message":"[xUnit.net 00:00:00.67]   Finished:    BusinessSolutionShared.Tests"}}
TpTrace Verbose: 0 : 9644, 14, 2024/03/23, 00:01:58.041, 395898994502, vstest.console.dll, TestRunRequest:SendTestRunMessage: Starting.
TpTrace Verbose: 0 : 9644, 14, 2024/03/23, 00:01:58.041, 395898994935, vstest.console.dll, MulticastDelegateUtilities.SafeInvoke: TestRun.LogMessages: Invoking callback 1/1 for Microsoft.VisualStudio.TestPlatform.CommandLine.TestRunResultAggregator., took 0 ms.
TpTrace Verbose: 0 : 9644, 4, 2024/03/23, 00:01:58.041, 395898995098, vstest.console.dll, MulticastDelegateUtilities.SafeInvoke: InternalTestLoggerEvents.SendTestRunMessage: Invoking callback 1/1 for Microsoft.VisualStudio.TestPlatform.CommandLine.Internal.ConsoleLogger., took 0 ms.
TpTrace Information: 0 : 9644, 14, 2024/03/23, 00:01:58.041, 395898995199, vstest.console.dll, TestRunRequest:SendTestRunMessage: Completed.
TpTrace Verbose: 0 : 9644, 14, 2024/03/23, 00:01:58.041, 395898996274, vstest.console.dll, MulticastDelegateUtilities.SafeInvoke: LengthPrefixCommunicationChannel: MessageReceived: Invoking callback 1/1 for Microsoft.VisualStudio.TestPlatform.CommunicationUtilities.TestRequestSender+<>c__DisplayClass34_0., took 0 ms.
TpTrace Verbose: 0 : 9644, 14, 2024/03/23, 00:01:58.042, 395898996545, vstest.console.dll, TcpClientExtensions.MessageLoopAsync: Polling on remoteEndPoint: 127.0.0.1:54169 localEndPoint: 127.0.0.1:54168 after 0 ms
TpTrace Verbose: 0 : 9644, 14, 2024/03/23, 00:01:58.068, 395899265386, vstest.console.dll, TcpClientExtensions.MessageLoopAsync: NotifyDataAvailable remoteEndPoint: 127.0.0.1:54169 localEndPoint: 127.0.0.1:54168
TpTrace Verbose: 0 : 9644, 14, 2024/03/23, 00:01:58.069, 395899268195, vstest.console.dll, TestRequestSender.OnExecutionMessageReceived: Received message: {"Version":7,"MessageType":"TestExecution.Completed","Payload":{"TestRunCompleteArgs":{"TestRunStatistics":{"ExecutedTests":3,"Stats":{"Failed":3}},"IsCanceled":false,"IsAborted":false,"Error":null,"AttachmentSets":[],"InvokedDataCollectors":[],"ElapsedTimeInRunningTests":"00:00:00.6842912","Metrics":{},"DiscoveredExtensions":{"TestDiscoverers":["Xunit.Runner.VisualStudio.VsTestRunner, xunit.runner.visualstudio.dotnetcore.testadapter, Version=2.5.0.0, Culture=neutral, PublicKeyToken=null"],"TestExecutors":["executor://xunit/VsTestRunner2/netcoreapp"],"TestExecutors2":[],"TestSettingsProviders":[]}},"LastRunTests":{"NewTestResults":[{"TestCase":{"Id":"1618bc1e-1613-5d6d-1d2d-02a690253f90","FullyQualifiedName":"BusinessWebsiteShared.Tests.DapperWrapperTests.QuerySingle_ReturnsExpectedObject","DisplayName":"BusinessWebsiteShared.Tests.DapperWrapperTests.QuerySingle_ReturnsExpectedObject","ExecutorUri":"executor://xunit/VsTestRunner2/netcoreapp","Source":"C:\\Users\\Angel\\OneDrive\\Desktop\\repos\\BusinessSolution\\BusinessWebsiteShared.Tests\\bin\\Release\\net8.0\\fine-code-coverage\\build-output\\BusinessSolutionShared.Tests.dll","CodeFilePath":null,"LineNumber":0,"Properties":[]},"Attachments":[],"Outcome":2,"ErrorMessage":"System.NotSupportedException : Unsupported expression: conn => conn.QuerySingle<object>(sql, parameters, null, null, null)\r\nExtension methods (here: SqlMapper.QuerySingle) may not be used in setup / verification expressions.","ErrorStackTrace":"   at Moq.Guard.IsOverridable(MethodInfo method, Expression expression) in /_/src/Moq/Guard.cs:line 87\r\n   at Moq.MethodExpectation..ctor(LambdaExpression expression, MethodInfo method, IReadOnlyList`1 arguments, Boolean exactGenericTypeArguments, Boolean skipMatcherInitialization, Boolean allowNonOverridable) in /_/src/Moq/MethodExpectation.cs:line 236\r\n   at Moq.ExpressionExtensions.<Split>g__Split|5_0(Expression e, Expression& r, MethodExpectation& p, Boolean assignment, Boolean allowNonOverridableLastProperty) in /_/src/Moq/ExpressionExtensions.cs:line 256\r\n   at Moq.ExpressionExtensions.Split(LambdaExpression expression, Boolean allowNonOverridableLastProperty) in /_/src/Moq/ExpressionExtensions.cs:line 170\r\n   at Moq.Mock.SetupRecursive[TSetup](Mock mock, LambdaExpression expression, Func`4 setupLast, Boolean allowNonOverridableLastProperty) in /_/src/Moq/Mock.cs:line 728\r\n   at Moq.Mock.Setup(Mock mock, LambdaExpression expression, Condition condition) in /_/src/Moq/Mock.cs:line 562\r\n   at Moq.Mock`1.Setup[TResult](Expression`1 expression) in /_/src/Moq/Mock`1.cs:line 645\r\n   at BusinessWebsiteShared.Tests.DapperWrapperTests.QuerySingle_ReturnsExpectedObject() in C:\\Users\\Angel\\OneDrive\\Desktop\\repos\\BusinessSolution\\BusinessWebsiteShared.Tests\\DapperWrapperTests.cs:line 60\r\n   at System.RuntimeMethodHandle.InvokeMethod(Object target, Void** arguments, Signature sig, Boolean isConstructor)\r\n   at System.Reflection.MethodBaseInvoker.InvokeWithNoArgs(Object obj, BindingFlags invokeAttr)","DisplayName":"BusinessWebsiteShared.Tests.DapperWrapperTests.QuerySingle_ReturnsExpectedObject","Messages":[],"ComputerName":"MSI","Duration":"00:00:00.2793385","StartTime":"2024-03-23T04:01:58.0186141+00:00","EndTime":"2024-03-23T04:01:58.0186277+00:00","Properties":[]},{"TestCase":{"Id":"8721e922-3d09-520f-9629-f057b2bbca76","FullyQualifiedName":"BusinessWebsiteShared.Tests.DapperWrapperTests.Query_ReturnsExpectedSequence","DisplayName":"BusinessWebsiteShared.Tests.DapperWrapperTests.Query_ReturnsExpectedSequence","ExecutorUri":"executor://xunit/VsTestRunner2/netcoreapp","Source":"C:\\Users\\Angel\\OneDrive\\Desktop\\repos\\BusinessSolution\\BusinessWebsiteShared.Tests\\bin\\Release\\net8.0\\fine-code-coverage\\build-output\\BusinessSolutionShared.Tests.dll","CodeFilePath":null,"LineNumber":0,"Properties":[]},"Attachments":[],"Outcome":2,"ErrorMessage":"System.NotSupportedException : Unsupported expression: conn => conn.Query<object>(sql, parameters, null, True, null, null)\r\nExtension methods (here: SqlMapper.Query) may not be used in setup / verification expressions.","ErrorStackTrace":"   at Moq.Guard.IsOverridable(MethodInfo method, Expression expression) in /_/src/Moq/Guard.cs:line 87\r\n   at Moq.MethodExpectation..ctor(LambdaExpression expression, MethodInfo method, IReadOnlyList`1 arguments, Boolean exactGenericTypeArguments, Boolean skipMatcherInitialization, Boolean allowNonOverridable) in /_/src/Moq/MethodExpectation.cs:line 236\r\n   at Moq.ExpressionExtensions.<Split>g__Split|5_0(Expression e, Expression& r, MethodExpectation& p, Boolean assignment, Boolean allowNonOverridableLastProperty) in /_/src/Moq/ExpressionExtensions.cs:line 256\r\n   at Moq.ExpressionExtensions.Split(LambdaExpression expression, Boolean allowNonOverridableLastProperty) in /_/src/Moq/ExpressionExtensions.cs:line 170\r\n   at Moq.Mock.SetupRecursive[TSetup](Mock mock, LambdaExpression expression, Func`4 setupLast, Boolean allowNonOverridableLastProperty) in /_/src/Moq/Mock.cs:line 728\r\n   at Moq.Mock.Setup(Mock mock, LambdaExpression expression, Condition condition) in /_/src/Moq/Mock.cs:line 562\r\n   at Moq.Mock`1.Setup[TResult](Expression`1 expression) in /_/src/Moq/Mock`1.cs:line 645\r\n   at BusinessWebsiteShared.Tests.DapperWrapperTests.Query_ReturnsExpectedSequence() in C:\\Users\\Angel\\OneDrive\\Desktop\\repos\\BusinessSolution\\BusinessWebsiteShared.Tests\\DapperWrapperTests.cs:line 41\r\n   at System.RuntimeMethodHandle.InvokeMethod(Object target, Void** arguments, Signature sig, Boolean isConstructor)\r\n   at System.Reflection.MethodBaseInvoker.InvokeWithNoArgs(Object obj, BindingFlags invokeAttr)","DisplayName":"BusinessWebsiteShared.Tests.DapperWrapperTests.Query_ReturnsExpectedSequence","Messages":[],"ComputerName":"MSI","Duration":"00:00:00.0006766","StartTime":"2024-03-23T04:01:58.0345633+00:00","EndTime":"2024-03-23T04:01:58.0345634+00:00","Properties":[]},{"TestCase":{"Id":"3de4d606-723a-813f-5ae3-1d102927c341","FullyQualifiedName":"BusinessWebsiteShared.Tests.DapperWrapperTests.Execute_ReturnsExpectedResult","DisplayName":"BusinessWebsiteShared.Tests.DapperWrapperTests.Execute_ReturnsExpectedResult","ExecutorUri":"executor://xunit/VsTestRunner2/netcoreapp","Source":"C:\\Users\\Angel\\OneDrive\\Desktop\\repos\\BusinessSolution\\BusinessWebsiteShared.Tests\\bin\\Release\\net8.0\\fine-code-coverage\\build-output\\BusinessSolutionShared.Tests.dll","CodeFilePath":null,"LineNumber":0,"Properties":[]},"Attachments":[],"Outcome":2,"ErrorMessage":"System.NotSupportedException : Unsupported expression: conn => conn.Execute(sql, parameters, null, null, null)\r\nExtension methods (here: SqlMapper.Execute) may not be used in setup / verification expressions.","ErrorStackTrace":"   at Moq.Guard.IsOverridable(MethodInfo method, Expression expression) in /_/src/Moq/Guard.cs:line 87\r\n   at Moq.MethodExpectation..ctor(LambdaExpression expression, MethodInfo method, IReadOnlyList`1 arguments, Boolean exactGenericTypeArguments, Boolean skipMatcherInitialization, Boolean allowNonOverridable) in /_/src/Moq/MethodExpectation.cs:line 236\r\n   at Moq.ExpressionExtensions.<Split>g__Split|5_0(Expression e, Expression& r, MethodExpectation& p, Boolean assignment, Boolean allowNonOverridableLastProperty) in /_/src/Moq/ExpressionExtensions.cs:line 256\r\n   at Moq.ExpressionExtensions.Split(LambdaExpression expression, Boolean allowNonOverridableLastProperty) in /_/src/Moq/ExpressionExtensions.cs:line 170\r\n   at Moq.Mock.SetupRecursive[TSetup](Mock mock, LambdaExpression expression, Func`4 setupLast, Boolean allowNonOverridableLastProperty) in /_/src/Moq/Mock.cs:line 728\r\n   at Moq.Mock.Setup(Mock mock, LambdaExpression expression, Condition condition) in /_/src/Moq/Mock.cs:line 562\r\n   at Moq.Mock`1.Setup[TResult](Expression`1 expression) in /_/src/Moq/Mock`1.cs:line 645\r\n   at BusinessWebsiteShared.Tests.DapperWrapperTests.Execute_ReturnsExpectedResult() in C:\\Users\\Angel\\OneDrive\\Desktop\\repos\\BusinessSolution\\BusinessWebsiteShared.Tests\\DapperWrapperTests.cs:line 22\r\n   at System.RuntimeMethodHandle.InvokeMethod(Object target, Void** arguments, Signature sig, Boolean isConstructor)\r\n   at System.Reflection.MethodBaseInvoker.InvokeWithNoArgs(Object obj, BindingFlags invokeAttr)","DisplayName":"BusinessWebsiteShared.Tests.DapperWrapperTests.Execute_ReturnsExpectedResult","Messages":[],"ComputerName":"MSI","Duration":"00:00:00.0008207","StartTime":"2024-03-23T04:01:58.0396248+00:00","EndTime":"2024-03-23T04:01:58.0396249+00:00","Properties":[]}],"TestRunStatistics":{"ExecutedTests":3,"Stats":{"Failed":3}},"ActiveTests":[]},"RunAttachments":[],"ExecutorUris":["executor://xunit/VsTestRunner2/netcoreapp"]}}
TpTrace Verbose: 0 : 9644, 14, 2024/03/23, 00:01:58.069, 395899269728, vstest.console.dll, TestRequestSender.EndSession: Sending end session.
TpTrace Verbose: 0 : 9644, 14, 2024/03/23, 00:01:58.069, 395899271362, vstest.console.dll, ProxyOperationManager.Close: waiting for test host to exit for 100 ms
TpTrace Verbose: 0 : 9644, 13, 2024/03/23, 00:01:58.087, 395899451114, vstest.console.dll, TestHostManagerCallbacks.ctor: Experimental forwarding output is disabled.
TpTrace Warning: 0 : 9644, 13, 2024/03/23, 00:01:58.087, 395899452219, vstest.console.dll, TestHostManagerCallbacks.ErrorReceivedCallback Test host standard error line: 
TpTrace Verbose: 0 : 9644, 13, 2024/03/23, 00:01:58.093, 395899506854, vstest.console.dll, TestHostProvider.ExitCallBack: Host exited starting callback.
TpTrace Information: 0 : 9644, 13, 2024/03/23, 00:01:58.093, 395899507877, vstest.console.dll, TestHostManagerCallbacks.ExitCallBack: Testhost processId: 3428 exited with exitcode: 0 error: ''
TpTrace Verbose: 0 : 9644, 13, 2024/03/23, 00:01:58.093, 395899508259, vstest.console.dll, DotnetTestHostManager.OnHostExited: invoking OnHostExited callback
TpTrace Verbose: 0 : 9644, 13, 2024/03/23, 00:01:58.093, 395899508705, vstest.console.dll, CrossPlatEngine.TestHostManagerHostExited: calling on client process exit callback.
TpTrace Information: 0 : 9644, 13, 2024/03/23, 00:01:58.093, 395899509158, vstest.console.dll, TestRequestSender.OnClientProcessExit: Test host process exited. Standard error: 
TpTrace Information: 0 : 9644, 14, 2024/03/23, 00:01:58.093, 395899509407, vstest.console.dll, SocketServer.Stop: Stop server endPoint: 127.0.0.1:54168
TpTrace Information: 0 : 9644, 14, 2024/03/23, 00:01:58.093, 395899509958, vstest.console.dll, SocketServer.Stop: Cancellation requested. Stopping message loop.
TpTrace Information: 0 : 9644, 13, 2024/03/23, 00:01:58.093, 395899509483, vstest.console.dll, SocketServer.Stop: Stop server endPoint: 127.0.0.1:54168
TpTrace Information: 0 : 9644, 13, 2024/03/23, 00:01:58.093, 395899510831, vstest.console.dll, SocketServer.Stop: Cancellation requested. Stopping message loop.
TpTrace Information: 0 : 9644, 14, 2024/03/23, 00:01:58.093, 395899510976, vstest.console.dll, Closing the connection
TpTrace Verbose: 0 : 9644, 13, 2024/03/23, 00:01:58.093, 395899511229, vstest.console.dll, MulticastDelegateUtilities.SafeInvoke: HostProviderEvents.OnHostExited: Invoking callback 1/1 for Microsoft.VisualStudio.TestPlatform.CrossPlatEngine.Client.ProxyOperationManager., took 0 ms.
TpTrace Verbose: 0 : 9644, 14, 2024/03/23, 00:01:58.093, 395899513188, vstest.console.dll, ProxyDataCollectionManager.InvokeDataCollectionServiceAction: Starting.
TpTrace Information: 0 : 9644, 14, 2024/03/23, 00:01:58.093, 395899513625, vstest.console.dll, ProxyDataCollectionManager.AfterTestRunEnd: Get attachment set and invoked data collectors processId: 13576 port: 54165
TpTrace Verbose: 0 : 9644, 14, 2024/03/23, 00:01:58.093, 395899514220, vstest.console.dll, DataCollectionRequestSender.SendAfterTestRunStartAndGetResult: Send AfterTestRunEnd message with isCancelled: False
TpTrace Verbose: 0 : 9644, 14, 2024/03/23, 00:01:58.098, 395899560628, vstest.console.dll, DataCollectionRequestSender.SendAfterTestRunStartAndGetResult: Received message: (DataCollection.AfterTestRunEndResult) -> {"MessageType":"DataCollection.AfterTestRunEndResult","Payload":{"AttachmentSets":[],"InvokedDataCollectors":[{"Uri":"datacollector://Microsoft/TestPlatform/Extensions/Blame/v1","FriendlyName":"Blame","AssemblyQualifiedName":"Microsoft.TestPlatform.Extensions.BlameDataCollector.BlameCollector, Microsoft.TestPlatform.Extensions.BlameDataCollector, Version=15.0.0.0, Culture=neutral, PublicKeyToken=b03f5f7f11d50a3a","FilePath":"C:\\Program Files\\dotnet\\sdk\\8.0.202\\Extensions\\Microsoft.TestPlatform.Extensions.BlameDataCollector.dll","HasAttachmentProcessor":false}],"Metrics":{}}}
TpTrace Warning: 0 : 9644, 11, 2024/03/23, 00:01:58.102, 395899599599, vstest.console.dll, DataCollectionLauncher.ErrorReceivedCallback datacollector standard error line: 
TpTrace Information: 0 : 9644, 14, 2024/03/23, 00:01:58.102, 395899606179, vstest.console.dll, ProxyDataCollectionManager.InvokeDataCollectionServiceAction: Completed.
TpTrace Information: 0 : 9644, 11, 2024/03/23, 00:01:58.107, 395899646968, vstest.console.dll, DataCollectionLauncher.ExitCallBack: Data collector exited with exitcode: 0 error: ''
TpTrace Verbose: 0 : 9644, 14, 2024/03/23, 00:01:58.139, 395899969223, vstest.console.dll, TestRunRequest:SendTestRunStatsChange: Starting.
TpTrace Verbose: 0 : 9644, 14, 2024/03/23, 00:01:58.139, 395899971128, vstest.console.dll, MulticastDelegateUtilities.SafeInvoke: TestRun.RunStatsChanged: Invoking callbacks was skipped because there are no subscribers.
TpTrace Information: 0 : 9644, 14, 2024/03/23, 00:01:58.139, 395899971445, vstest.console.dll, TestRunRequest:SendTestRunStatsChange: Completed.
TpTrace Verbose: 0 : 9644, 14, 2024/03/23, 00:01:58.139, 395899973381, vstest.console.dll, ParallelProxyExecutionManager: HandlePartialRunComplete: Total workloads = 1, Total started clients = 1 Total completed clients = 1, Run complete = True, Run canceled: False.
TpTrace Verbose: 0 : 9644, 14, 2024/03/23, 00:01:58.139, 395899973753, vstest.console.dll, ParallelProxyExecutionManager: HandlePartialRunComplete: All runs completed stopping all managers.
TpTrace Verbose: 0 : 9644, 14, 2024/03/23, 00:01:58.139, 395899974028, vstest.console.dll, ParallelOperationManager.StopAllManagers: Stopping all managers.
TpTrace Verbose: 0 : 9644, 14, 2024/03/23, 00:01:58.139, 395899974259, vstest.console.dll, ParallelOperationManager.ClearSlots: Clearing all slots. Slots should accept more work: False
TpTrace Verbose: 0 : 9644, 14, 2024/03/23, 00:01:58.139, 395899974533, vstest.console.dll, ParallelOperationManager.SetOccupiedSlotCount: Setting slot counts AvailableSlotCount = 1, OccupiedSlotCount = 0.
TpTrace Verbose: 0 : 9644, 14, 2024/03/23, 00:01:58.139, 395899974835, vstest.console.dll, Occupied slots:

TpTrace Verbose: 0 : 9644, 4, 2024/03/23, 00:01:58.140, 395899985463, vstest.console.dll, MulticastDelegateUtilities.SafeInvoke: InternalTestLoggerEvents.SendTestResult: Invoking callback 1/1 for Microsoft.VisualStudio.TestPlatform.CommandLine.Internal.ConsoleLogger., took 1 ms.
TpTrace Verbose: 0 : 9644, 4, 2024/03/23, 00:01:58.141, 395899989902, vstest.console.dll, MulticastDelegateUtilities.SafeInvoke: InternalTestLoggerEvents.SendTestResult: Invoking callback 1/1 for Microsoft.VisualStudio.TestPlatform.CommandLine.Internal.ConsoleLogger., took 0 ms.
TpTrace Verbose: 0 : 9644, 4, 2024/03/23, 00:01:58.141, 395899992049, vstest.console.dll, MulticastDelegateUtilities.SafeInvoke: InternalTestLoggerEvents.SendTestResult: Invoking callback 1/1 for Microsoft.VisualStudio.TestPlatform.CommandLine.Internal.ConsoleLogger., took 0 ms.
TpTrace Verbose: 0 : 9644, 4, 2024/03/23, 00:01:58.145, 395900028853, vstest.console.dll, MulticastDelegateUtilities.SafeInvoke: InternalTestLoggerEvents.SendTestRunComplete: Invoking callback 1/2 for Microsoft.TestPlatform.Extensions.BlameDataCollector.BlameLogger., took 0 ms.
TpTrace Verbose: 0 : 9644, 4, 2024/03/23, 00:01:58.148, 395900062782, vstest.console.dll, MulticastDelegateUtilities.SafeInvoke: InternalTestLoggerEvents.SendTestRunComplete: Invoking callback 2/2 for Microsoft.VisualStudio.TestPlatform.CommandLine.Internal.ConsoleLogger., took 3 ms.
TpTrace Verbose: 0 : 9644, 14, 2024/03/23, 00:01:58.148, 395900064902, vstest.console.dll, TestRunRequest:TestRunComplete: Starting. IsAborted:False IsCanceled:False.
TpTrace Verbose: 0 : 9644, 14, 2024/03/23, 00:01:58.148, 395900066218, vstest.console.dll, ParallelOperationManager.DoActionOnAllManagers: Calling an action on all managers.
TpTrace Verbose: 0 : 9644, 14, 2024/03/23, 00:01:58.149, 395900073500, vstest.console.dll, TestLoggerManager.HandleTestRunComplete: Ignoring as the object is disposed.
TpTrace Verbose: 0 : 9644, 14, 2024/03/23, 00:01:58.149, 395900074956, vstest.console.dll, MulticastDelegateUtilities.SafeInvoke: TestRun.TestRunComplete: Invoking callback 1/2 for Microsoft.VisualStudio.TestPlatform.CommandLine.TestRunResultAggregator., took 0 ms.
TpTrace Verbose: 0 : 9644, 14, 2024/03/23, 00:01:58.149, 395900075968, vstest.console.dll, MulticastDelegateUtilities.SafeInvoke: TestRun.TestRunComplete: Invoking callback 2/2 for Microsoft.VisualStudio.TestPlatform.CommandLine.Processors.RunTestsArgumentExecutor+TestRunRequestEventsRegistrar., took 0 ms.
TpTrace Information: 0 : 9644, 14, 2024/03/23, 00:01:58.150, 395900076673, vstest.console.dll, TestRunRequest:TestRunComplete: Completed.
TpTrace Verbose: 0 : 9644, 1, 2024/03/23, 00:01:58.150, 395900076822, vstest.console.dll, TestRunRequest.Dispose: Starting.
TpTrace Verbose: 0 : 9644, 14, 2024/03/23, 00:01:58.150, 395900076996, vstest.console.dll, TestRequestSender.SetOperationComplete: Setting operation complete.
TpTrace Information: 0 : 9644, 1, 2024/03/23, 00:01:58.150, 395900077472, vstest.console.dll, TestRunRequest.Dispose: Completed.
TpTrace Information: 0 : 9644, 14, 2024/03/23, 00:01:58.150, 395900077819, vstest.console.dll, SocketServer.Stop: Stop server endPoint: 127.0.0.1:54168
TpTrace Information: 0 : 9644, 14, 2024/03/23, 00:01:58.150, 395900078186, vstest.console.dll, SocketServer.Stop: Cancellation requested. Stopping message loop.
TpTrace Information: 0 : 9644, 1, 2024/03/23, 00:01:58.150, 395900078332, vstest.console.dll, TestRequestManager.RunTests: run tests completed.
TpTrace Verbose: 0 : 9644, 14, 2024/03/23, 00:01:58.150, 395900078419, vstest.console.dll, MulticastDelegateUtilities.SafeInvoke: LengthPrefixCommunicationChannel: MessageReceived: Invoking callback 1/1 for Microsoft.VisualStudio.TestPlatform.CommunicationUtilities.TestRequestSender+<>c__DisplayClass34_0., took 81 ms.
TpTrace Information: 0 : 9644, 1, 2024/03/23, 00:01:58.150, 395900079040, vstest.console.dll, RunTestsArgumentProcessor:Execute: Test run is completed.
TpTrace Information: 0 : 9644, 14, 2024/03/23, 00:01:58.150, 395900079151, vstest.console.dll, SocketServer.PrivateStop: Stopping server endPoint: 127.0.0.1:54168 error: 
TpTrace Verbose: 0 : 9644, 1, 2024/03/23, 00:01:58.150, 395900080636, vstest.console.dll, Executor.Execute: Exiting with exit code of 1
TpTrace Verbose: 0 : 9644, 14, 2024/03/23, 00:01:58.150, 395900082872, vstest.console.dll, LengthPrefixCommunicationChannel.Dispose: Dispose reader and writer.
TpTrace Information: 0 : 9644, 14, 2024/03/23, 00:01:58.150, 395900083501, vstest.console.dll, SocketServer.Stop: Raise disconnected event endPoint: 127.0.0.1:54168 error: 
