TpTrace Verbose: 0 : 26168, 1, 2024/03/23, 13:56:45.601, 432216381781, vstest.console.dll, Version: 17.9.0-release-24072-02 Current process architecture: X64
TpTrace Verbose: 0 : 26168, 1, 2024/03/23, 13:56:45.604, 432216413065, vstest.console.dll, Runtime location: C:\Program Files\dotnet\shared\Microsoft.NETCore.App\8.0.3
TpTrace Verbose: 0 : 26168, 1, 2024/03/23, 13:56:45.609, 432216459662, vstest.console.dll, ArtifactProcessingPostProcessModeProcessorExecutor.Initialize: ArtifactProcessingMode.Collect
TpTrace Verbose: 0 : 26168, 1, 2024/03/23, 13:56:45.609, 432216460695, vstest.console.dll, TestSessionCorrelationIdProcessorModeProcessorExecutor.Initialize: TestSessionCorrelationId '22372_ac170c33-dba5-4efe-b269-36f9c6b2e70e'
TpTrace Information: 0 : 26168, 1, 2024/03/23, 13:56:45.615, 432216519191, vstest.console.dll, FilePatternParser: The given file C:\Users\Angel\OneDrive\Desktop\repos\BusinessSolution\BusinessWebsite.Tests\bin\Release\net8.0\fine-code-coverage\build-output\BusinessWebsite.Tests.dll is a full path.
TpTrace Verbose: 0 : 26168, 1, 2024/03/23, 13:56:45.623, 432216600529, vstest.console.dll, TestPluginCache.DiscoverTestExtensions: finding test extensions in assemblies ends with: RuntimeProvider.dll TPluginInfo: Microsoft.VisualStudio.TestPlatform.Common.ExtensionFramework.Utilities.TestRuntimePluginInformation TExtension: Microsoft.VisualStudio.TestPlatform.ObjectModel.Host.ITestRuntimeProvider
TpTrace Verbose: 0 : 26168, 1, 2024/03/23, 13:56:45.623, 432216603367, vstest.console.dll, TestPluginCache.GetExtensionPaths: Filtered extension paths: 
TpTrace Verbose: 0 : 26168, 1, 2024/03/23, 13:56:45.624, 432216603980, vstest.console.dll, TestPluginCache.GetExtensionPaths: Added default extension paths: C:\Program Files\dotnet\sdk\8.0.202\Extensions\Microsoft.Diagnostics.NETCore.Client.dll
C:\Program Files\dotnet\sdk\8.0.202\Extensions\Microsoft.TestPlatform.Extensions.BlameDataCollector.dll
C:\Program Files\dotnet\sdk\8.0.202\Extensions\Microsoft.TestPlatform.Extensions.EventLogCollector.dll
C:\Program Files\dotnet\sdk\8.0.202\Extensions\Microsoft.TestPlatform.TestHostRuntimeProvider.dll
C:\Program Files\dotnet\sdk\8.0.202\Extensions\Microsoft.VisualStudio.TestPlatform.Extensions.Html.TestLogger.dll
C:\Program Files\dotnet\sdk\8.0.202\Extensions\Microsoft.VisualStudio.TestPlatform.Extensions.Trx.TestLogger.dll
TpTrace Verbose: 0 : 26168, 1, 2024/03/23, 13:56:45.624, 432216604285, vstest.console.dll, TestPluginCache.GetExtensionPaths: Added unfilterableExtensionPaths: 
TpTrace Information: 0 : 26168, 1, 2024/03/23, 13:56:45.624, 432216609956, vstest.console.dll, AssemblyResolver.ctor: Creating AssemblyResolver with searchDirectories C:\Program Files\dotnet\sdk\8.0.202\Extensions,C:\Program Files\dotnet\sdk\8.0.202
TpTrace Verbose: 0 : 26168, 1, 2024/03/23, 13:56:45.625, 432216619190, vstest.console.dll, TestPluginCache.DiscoverTestExtensions: Discovering the extensions using extension path.
TpTrace Verbose: 0 : 26168, 1, 2024/03/23, 13:56:45.625, 432216620183, vstest.console.dll, TestPluginCache.GetExtensionPaths: Filtered extension paths: 
TpTrace Verbose: 0 : 26168, 1, 2024/03/23, 13:56:45.625, 432216620486, vstest.console.dll, TestPluginCache.GetExtensionPaths: Added default extension paths: C:\Program Files\dotnet\sdk\8.0.202\Extensions\Microsoft.Diagnostics.NETCore.Client.dll
C:\Program Files\dotnet\sdk\8.0.202\Extensions\Microsoft.TestPlatform.Extensions.BlameDataCollector.dll
C:\Program Files\dotnet\sdk\8.0.202\Extensions\Microsoft.TestPlatform.Extensions.EventLogCollector.dll
C:\Program Files\dotnet\sdk\8.0.202\Extensions\Microsoft.TestPlatform.TestHostRuntimeProvider.dll
C:\Program Files\dotnet\sdk\8.0.202\Extensions\Microsoft.VisualStudio.TestPlatform.Extensions.Html.TestLogger.dll
C:\Program Files\dotnet\sdk\8.0.202\Extensions\Microsoft.VisualStudio.TestPlatform.Extensions.Trx.TestLogger.dll
TpTrace Verbose: 0 : 26168, 1, 2024/03/23, 13:56:45.625, 432216620743, vstest.console.dll, TestPluginCache.GetExtensionPaths: Added unfilterableExtensionPaths: 
TpTrace Verbose: 0 : 26168, 1, 2024/03/23, 13:56:45.625, 432216621179, vstest.console.dll, TestPluginCache.DiscoverTestExtensions: Discovering the extensions using allExtensionPaths: C:\Program Files\dotnet\sdk\8.0.202\Extensions\Microsoft.Diagnostics.NETCore.Client.dll
C:\Program Files\dotnet\sdk\8.0.202\Extensions\Microsoft.TestPlatform.Extensions.BlameDataCollector.dll
C:\Program Files\dotnet\sdk\8.0.202\Extensions\Microsoft.TestPlatform.Extensions.EventLogCollector.dll
C:\Program Files\dotnet\sdk\8.0.202\Extensions\Microsoft.TestPlatform.TestHostRuntimeProvider.dll
C:\Program Files\dotnet\sdk\8.0.202\Extensions\Microsoft.VisualStudio.TestPlatform.Extensions.Html.TestLogger.dll
C:\Program Files\dotnet\sdk\8.0.202\Extensions\Microsoft.VisualStudio.TestPlatform.Extensions.Trx.TestLogger.dll
TpTrace Information: 0 : 26168, 1, 2024/03/23, 13:56:45.625, 432216622269, vstest.console.dll, AssemblyResolver.AddSearchDirectories: Adding more searchDirectories C:\Program Files\dotnet\sdk\8.0.202\Extensions,C:\Program Files\dotnet\sdk\8.0.202
TpTrace Information: 0 : 26168, 1, 2024/03/23, 13:56:45.625, 432216622872, vstest.console.dll, AssemblyResolver.AddSearchDirectories: Adding more searchDirectories C:\Program Files\dotnet\sdk\8.0.202\Extensions,C:\Program Files\dotnet\sdk\8.0.202
TpTrace Information: 0 : 26168, 1, 2024/03/23, 13:56:45.625, 432216623122, vstest.console.dll, AssemblyResolver.AddSearchDirectories: Adding more searchDirectories C:\Program Files\dotnet\sdk\8.0.202\Extensions,C:\Program Files\dotnet\sdk\8.0.202
TpTrace Information: 0 : 26168, 1, 2024/03/23, 13:56:45.625, 432216623358, vstest.console.dll, AssemblyResolver.AddSearchDirectories: Adding more searchDirectories C:\Program Files\dotnet\sdk\8.0.202\Extensions,C:\Program Files\dotnet\sdk\8.0.202
TpTrace Information: 0 : 26168, 1, 2024/03/23, 13:56:45.625, 432216623565, vstest.console.dll, AssemblyResolver.AddSearchDirectories: Adding more searchDirectories C:\Program Files\dotnet\sdk\8.0.202\Extensions,C:\Program Files\dotnet\sdk\8.0.202
TpTrace Information: 0 : 26168, 1, 2024/03/23, 13:56:45.626, 432216623758, vstest.console.dll, AssemblyResolver.AddSearchDirectories: Adding more searchDirectories C:\Program Files\dotnet\sdk\8.0.202\Extensions,C:\Program Files\dotnet\sdk\8.0.202
TpTrace Information: 0 : 26168, 1, 2024/03/23, 13:56:45.626, 432216627249, vstest.console.dll, AssemblyResolver.OnResolve: Microsoft.Diagnostics.NETCore.Client: Resolving assembly.
TpTrace Information: 0 : 26168, 1, 2024/03/23, 13:56:45.626, 432216627906, vstest.console.dll, AssemblyResolver.OnResolve: Microsoft.Diagnostics.NETCore.Client: Searching in: 'C:\Program Files\dotnet\sdk\8.0.202\Extensions'.
TpTrace Information: 0 : 26168, 1, 2024/03/23, 13:56:45.631, 432216683400, vstest.console.dll, AssemblyResolver.OnResolve: Microsoft.Diagnostics.NETCore.Client: Loading assembly 'C:\Program Files\dotnet\sdk\8.0.202\Extensions\Microsoft.Diagnostics.NETCore.Client.dll'.
TpTrace Information: 0 : 26168, 1, 2024/03/23, 13:56:45.634, 432216704139, vstest.console.dll, AssemblyResolver.OnResolve: Resolved assembly: Microsoft.Diagnostics.NETCore.Client, from path: C:\Program Files\dotnet\sdk\8.0.202\Extensions\Microsoft.Diagnostics.NETCore.Client.dll
TpTrace Verbose: 0 : 26168, 1, 2024/03/23, 13:56:45.637, 432216738277, vstest.console.dll, MetadataReaderExtensionsHelper: Discovering extensions inside assembly 'Microsoft.Diagnostics.NETCore.Client, Version=0.2.9.2401, Culture=neutral, PublicKeyToken=31bf3856ad364e35' file path 'C:\Program Files\dotnet\sdk\8.0.202\Extensions\Microsoft.Diagnostics.NETCore.Client.dll'
TpTrace Information: 0 : 26168, 1, 2024/03/23, 13:56:45.640, 432216773450, vstest.console.dll, AssemblyResolver.OnResolve: Microsoft.Bcl.AsyncInterfaces: Resolving assembly.
TpTrace Information: 0 : 26168, 1, 2024/03/23, 13:56:45.641, 432216774431, vstest.console.dll, AssemblyResolver.OnResolve: Microsoft.Bcl.AsyncInterfaces: Searching in: 'C:\Program Files\dotnet\sdk\8.0.202\Extensions'.
TpTrace Information: 0 : 26168, 1, 2024/03/23, 13:56:45.641, 432216775138, vstest.console.dll, AssemblyResolver.OnResolve: Microsoft.Bcl.AsyncInterfaces: Assembly path does not exist: 'C:\Program Files\dotnet\sdk\8.0.202\Extensions\Microsoft.Bcl.AsyncInterfaces.dll', returning.
TpTrace Information: 0 : 26168, 1, 2024/03/23, 13:56:45.641, 432216776262, vstest.console.dll, AssemblyResolver.OnResolve: Microsoft.Bcl.AsyncInterfaces: Assembly path does not exist: 'C:\Program Files\dotnet\sdk\8.0.202\Extensions\Microsoft.Bcl.AsyncInterfaces.exe', returning.
TpTrace Information: 0 : 26168, 1, 2024/03/23, 13:56:45.641, 432216776589, vstest.console.dll, AssemblyResolver.OnResolve: Microsoft.Bcl.AsyncInterfaces: Searching in: 'C:\Program Files\dotnet\sdk\8.0.202'.
TpTrace Information: 0 : 26168, 1, 2024/03/23, 13:56:45.641, 432216777027, vstest.console.dll, AssemblyResolver.OnResolve: Microsoft.Bcl.AsyncInterfaces: Assembly path does not exist: 'C:\Program Files\dotnet\sdk\8.0.202\Microsoft.Bcl.AsyncInterfaces.dll', returning.
TpTrace Information: 0 : 26168, 1, 2024/03/23, 13:56:45.641, 432216777609, vstest.console.dll, AssemblyResolver.OnResolve: Microsoft.Bcl.AsyncInterfaces: Assembly path does not exist: 'C:\Program Files\dotnet\sdk\8.0.202\Microsoft.Bcl.AsyncInterfaces.exe', returning.
TpTrace Information: 0 : 26168, 1, 2024/03/23, 13:56:45.641, 432216777848, vstest.console.dll, AssemblyResolver.OnResolve: Microsoft.Bcl.AsyncInterfaces: Failed to load assembly.
TpTrace Verbose: 0 : 26168, 1, 2024/03/23, 13:56:45.641, 432216778114, vstest.console.dll, CurrentDomainAssemblyResolve: Resolving assembly 'Microsoft.Bcl.AsyncInterfaces'.
TpTrace Information: 0 : 26168, 1, 2024/03/23, 13:56:45.641, 432216778539, vstest.console.dll, AssemblyResolver.OnResolve: Microsoft.Bcl.AsyncInterfaces: Resolving assembly.
TpTrace Information: 0 : 26168, 1, 2024/03/23, 13:56:45.641, 432216778834, vstest.console.dll, AssemblyResolver.OnResolve: Microsoft.Bcl.AsyncInterfaces: Resolved from cache.
TpTrace Verbose: 0 : 26168, 1, 2024/03/23, 13:56:45.641, 432216779028, vstest.console.dll, CurrentDomainAssemblyResolve: Resolving assembly 'Microsoft.Bcl.AsyncInterfaces'.
TpTrace Verbose: 0 : 26168, 1, 2024/03/23, 13:56:45.641, 432216779306, vstest.console.dll, CurrentDomainAssemblyResolve: Failed to resolve assembly 'Microsoft.Bcl.AsyncInterfaces'.
TpTrace Verbose: 0 : 26168, 1, 2024/03/23, 13:56:45.646, 432216827718, vstest.console.dll, CurrentDomainAssemblyResolve: Failed to resolve assembly 'Microsoft.Bcl.AsyncInterfaces'.
TpTrace Warning: 0 : 26168, 1, 2024/03/23, 13:56:45.663, 432216996851, vstest.console.dll, TestPluginDiscoverer: Failed to get types from assembly 'Microsoft.Diagnostics.NETCore.Client, Version=0.2.9.2401, Culture=neutral, PublicKeyToken=31bf3856ad364e35'. Error: System.Reflection.ReflectionTypeLoadException: Unable to load one or more of the requested types.
Could not load file or assembly 'Microsoft.Bcl.AsyncInterfaces, Version=6.0.0.0, Culture=neutral, PublicKeyToken=cc7b13ffcd2ddd51'. The system cannot find the file specified.
   at System.Reflection.RuntimeModule.GetTypes(RuntimeModule module)
   at System.Reflection.RuntimeModule.GetTypes()
   at Microsoft.VisualStudio.TestPlatform.Common.ExtensionFramework.TestPluginDiscoverer.GetTestExtensionsFromAssembly[TPluginInfo,TExtension](Assembly assembly, Dictionary`2 pluginInfos, String filePath) in /_/src/Microsoft.TestPlatform.Common/ExtensionFramework/TestPluginDiscoverer.cs:line 158
System.IO.FileNotFoundException: Could not load file or assembly 'Microsoft.Bcl.AsyncInterfaces, Version=6.0.0.0, Culture=neutral, PublicKeyToken=cc7b13ffcd2ddd51'. The system cannot find the file specified.
File name: 'Microsoft.Bcl.AsyncInterfaces, Version=6.0.0.0, Culture=neutral, PublicKeyToken=cc7b13ffcd2ddd51'
 ---> System.IO.FileNotFoundException: Could not load file or assembly 'Microsoft.Bcl.AsyncInterfaces, Culture=neutral, PublicKeyToken=null'. The system cannot find the file specified.
File name: 'Microsoft.Bcl.AsyncInterfaces, Culture=neutral, PublicKeyToken=null'
   at System.Reflection.RuntimeAssembly.InternalLoad(AssemblyName assemblyName, StackCrawlMark& stackMark, AssemblyLoadContext assemblyLoadContext, RuntimeAssembly requestingAssembly, Boolean throwOnFileNotFound)
   at System.Reflection.Assembly.Load(AssemblyName assemblyRef)
   at Microsoft.VisualStudio.TestPlatform.Common.ExtensionFramework.TestPluginCache.CurrentDomainAssemblyResolve(Object sender, AssemblyResolveEventArgs args) in /_/src/Microsoft.TestPlatform.Common/ExtensionFramework/TestPluginCache.cs:line 513
   at System.Runtime.Loader.AssemblyLoadContext.GetFirstResolvedAssemblyFromResolvingEvent(AssemblyName assemblyName)
   at System.Runtime.Loader.AssemblyLoadContext.ResolveUsingEvent(AssemblyName assemblyName)
   at System.Runtime.Loader.AssemblyLoadContext.ResolveUsingResolvingEvent(IntPtr gchManagedAssemblyLoadContext, AssemblyName assemblyName)
TpTrace Warning: 0 : 26168, 1, 2024/03/23, 13:56:45.663, 432216999668, vstest.console.dll, LoaderExceptions: System.IO.FileNotFoundException: Could not load file or assembly 'Microsoft.Bcl.AsyncInterfaces, Version=6.0.0.0, Culture=neutral, PublicKeyToken=cc7b13ffcd2ddd51'. The system cannot find the file specified.
File name: 'Microsoft.Bcl.AsyncInterfaces, Version=6.0.0.0, Culture=neutral, PublicKeyToken=cc7b13ffcd2ddd51'
 ---> System.IO.FileNotFoundException: Could not load file or assembly 'Microsoft.Bcl.AsyncInterfaces, Culture=neutral, PublicKeyToken=null'. The system cannot find the file specified.
File name: 'Microsoft.Bcl.AsyncInterfaces, Culture=neutral, PublicKeyToken=null'
   at System.Reflection.RuntimeAssembly.InternalLoad(AssemblyName assemblyName, StackCrawlMark& stackMark, AssemblyLoadContext assemblyLoadContext, RuntimeAssembly requestingAssembly, Boolean throwOnFileNotFound)
   at System.Reflection.Assembly.Load(AssemblyName assemblyRef)
   at Microsoft.VisualStudio.TestPlatform.Common.ExtensionFramework.TestPluginCache.CurrentDomainAssemblyResolve(Object sender, AssemblyResolveEventArgs args) in /_/src/Microsoft.TestPlatform.Common/ExtensionFramework/TestPluginCache.cs:line 513
   at System.Runtime.Loader.AssemblyLoadContext.GetFirstResolvedAssemblyFromResolvingEvent(AssemblyName assemblyName)
   at System.Runtime.Loader.AssemblyLoadContext.ResolveUsingEvent(AssemblyName assemblyName)
   at System.Runtime.Loader.AssemblyLoadContext.ResolveUsingResolvingEvent(IntPtr gchManagedAssemblyLoadContext, AssemblyName assemblyName)
TpTrace Information: 0 : 26168, 1, 2024/03/23, 13:56:45.663, 432217000796, vstest.console.dll, AssemblyResolver.OnResolve: Microsoft.TestPlatform.Extensions.BlameDataCollector: Resolving assembly.
TpTrace Information: 0 : 26168, 1, 2024/03/23, 13:56:45.663, 432217001191, vstest.console.dll, AssemblyResolver.OnResolve: Microsoft.TestPlatform.Extensions.BlameDataCollector: Searching in: 'C:\Program Files\dotnet\sdk\8.0.202\Extensions'.
TpTrace Information: 0 : 26168, 1, 2024/03/23, 13:56:45.664, 432217011479, vstest.console.dll, AssemblyResolver.OnResolve: Microsoft.TestPlatform.Extensions.BlameDataCollector: Loading assembly 'C:\Program Files\dotnet\sdk\8.0.202\Extensions\Microsoft.TestPlatform.Extensions.BlameDataCollector.dll'.
TpTrace Information: 0 : 26168, 1, 2024/03/23, 13:56:45.666, 432217026255, vstest.console.dll, AssemblyResolver.OnResolve: Resolved assembly: Microsoft.TestPlatform.Extensions.BlameDataCollector, from path: C:\Program Files\dotnet\sdk\8.0.202\Extensions\Microsoft.TestPlatform.Extensions.BlameDataCollector.dll
TpTrace Verbose: 0 : 26168, 1, 2024/03/23, 13:56:45.666, 432217027029, vstest.console.dll, MetadataReaderExtensionsHelper: Discovering extensions inside assembly 'Microsoft.TestPlatform.Extensions.BlameDataCollector, Version=15.0.0.0, Culture=neutral, PublicKeyToken=b03f5f7f11d50a3a' file path 'C:\Program Files\dotnet\sdk\8.0.202\Extensions\Microsoft.TestPlatform.Extensions.BlameDataCollector.dll'
TpTrace Information: 0 : 26168, 1, 2024/03/23, 13:56:45.668, 432217047829, vstest.console.dll, AssemblyResolver.OnResolve: Microsoft.TestPlatform.Extensions.EventLogCollector: Resolving assembly.
TpTrace Information: 0 : 26168, 1, 2024/03/23, 13:56:45.668, 432217048439, vstest.console.dll, AssemblyResolver.OnResolve: Microsoft.TestPlatform.Extensions.EventLogCollector: Searching in: 'C:\Program Files\dotnet\sdk\8.0.202\Extensions'.
TpTrace Information: 0 : 26168, 1, 2024/03/23, 13:56:45.669, 432217056962, vstest.console.dll, AssemblyResolver.OnResolve: Microsoft.TestPlatform.Extensions.EventLogCollector: Loading assembly 'C:\Program Files\dotnet\sdk\8.0.202\Extensions\Microsoft.TestPlatform.Extensions.EventLogCollector.dll'.
TpTrace Information: 0 : 26168, 1, 2024/03/23, 13:56:45.670, 432217065259, vstest.console.dll, AssemblyResolver.OnResolve: Resolved assembly: Microsoft.TestPlatform.Extensions.EventLogCollector, from path: C:\Program Files\dotnet\sdk\8.0.202\Extensions\Microsoft.TestPlatform.Extensions.EventLogCollector.dll
TpTrace Verbose: 0 : 26168, 1, 2024/03/23, 13:56:45.670, 432217065818, vstest.console.dll, MetadataReaderExtensionsHelper: Discovering extensions inside assembly 'Microsoft.TestPlatform.Extensions.EventLogCollector, Version=15.0.0.0, Culture=neutral, PublicKeyToken=b03f5f7f11d50a3a' file path 'C:\Program Files\dotnet\sdk\8.0.202\Extensions\Microsoft.TestPlatform.Extensions.EventLogCollector.dll'
TpTrace Information: 0 : 26168, 1, 2024/03/23, 13:56:45.673, 432217094859, vstest.console.dll, AssemblyResolver.OnResolve: Microsoft.TestPlatform.TestHostRuntimeProvider: Resolving assembly.
TpTrace Information: 0 : 26168, 1, 2024/03/23, 13:56:45.673, 432217095321, vstest.console.dll, AssemblyResolver.OnResolve: Microsoft.TestPlatform.TestHostRuntimeProvider: Searching in: 'C:\Program Files\dotnet\sdk\8.0.202\Extensions'.
TpTrace Information: 0 : 26168, 1, 2024/03/23, 13:56:45.673, 432217102404, vstest.console.dll, AssemblyResolver.OnResolve: Microsoft.TestPlatform.TestHostRuntimeProvider: Loading assembly 'C:\Program Files\dotnet\sdk\8.0.202\Extensions\Microsoft.TestPlatform.TestHostRuntimeProvider.dll'.
TpTrace Information: 0 : 26168, 1, 2024/03/23, 13:56:45.675, 432217114963, vstest.console.dll, AssemblyResolver.OnResolve: Resolved assembly: Microsoft.TestPlatform.TestHostRuntimeProvider, from path: C:\Program Files\dotnet\sdk\8.0.202\Extensions\Microsoft.TestPlatform.TestHostRuntimeProvider.dll
TpTrace Verbose: 0 : 26168, 1, 2024/03/23, 13:56:45.675, 432217115573, vstest.console.dll, MetadataReaderExtensionsHelper: Discovering extensions inside assembly 'Microsoft.TestPlatform.TestHostRuntimeProvider, Version=15.0.0.0, Culture=neutral, PublicKeyToken=b03f5f7f11d50a3a' file path 'C:\Program Files\dotnet\sdk\8.0.202\Extensions\Microsoft.TestPlatform.TestHostRuntimeProvider.dll'
TpTrace Information: 0 : 26168, 1, 2024/03/23, 13:56:45.676, 432217131878, vstest.console.dll, GetTestExtensionFromType: Register extension with identifier data 'HostProvider://DefaultTestHost' and type 'Microsoft.VisualStudio.TestPlatform.CrossPlatEngine.Hosting.DefaultTestHostManager, Microsoft.TestPlatform.TestHostRuntimeProvider, Version=15.0.0.0, Culture=neutral, PublicKeyToken=b03f5f7f11d50a3a' inside file 'C:\Program Files\dotnet\sdk\8.0.202\Extensions\Microsoft.TestPlatform.TestHostRuntimeProvider.dll'
TpTrace Information: 0 : 26168, 1, 2024/03/23, 13:56:45.676, 432217133650, vstest.console.dll, GetTestExtensionFromType: Register extension with identifier data 'HostProvider://DotnetTestHost' and type 'Microsoft.VisualStudio.TestPlatform.CrossPlatEngine.Hosting.DotnetTestHostManager, Microsoft.TestPlatform.TestHostRuntimeProvider, Version=15.0.0.0, Culture=neutral, PublicKeyToken=b03f5f7f11d50a3a' inside file 'C:\Program Files\dotnet\sdk\8.0.202\Extensions\Microsoft.TestPlatform.TestHostRuntimeProvider.dll'
TpTrace Information: 0 : 26168, 1, 2024/03/23, 13:56:45.677, 432217134263, vstest.console.dll, AssemblyResolver.OnResolve: Microsoft.VisualStudio.TestPlatform.Extensions.Html.TestLogger: Resolving assembly.
TpTrace Information: 0 : 26168, 1, 2024/03/23, 13:56:45.677, 432217134585, vstest.console.dll, AssemblyResolver.OnResolve: Microsoft.VisualStudio.TestPlatform.Extensions.Html.TestLogger: Searching in: 'C:\Program Files\dotnet\sdk\8.0.202\Extensions'.
TpTrace Information: 0 : 26168, 1, 2024/03/23, 13:56:45.677, 432217140611, vstest.console.dll, AssemblyResolver.OnResolve: Microsoft.VisualStudio.TestPlatform.Extensions.Html.TestLogger: Loading assembly 'C:\Program Files\dotnet\sdk\8.0.202\Extensions\Microsoft.VisualStudio.TestPlatform.Extensions.Html.TestLogger.dll'.
TpTrace Information: 0 : 26168, 1, 2024/03/23, 13:56:45.678, 432217149729, vstest.console.dll, AssemblyResolver.OnResolve: Resolved assembly: Microsoft.VisualStudio.TestPlatform.Extensions.Html.TestLogger, from path: C:\Program Files\dotnet\sdk\8.0.202\Extensions\Microsoft.VisualStudio.TestPlatform.Extensions.Html.TestLogger.dll
TpTrace Verbose: 0 : 26168, 1, 2024/03/23, 13:56:45.678, 432217150294, vstest.console.dll, MetadataReaderExtensionsHelper: Discovering extensions inside assembly 'Microsoft.VisualStudio.TestPlatform.Extensions.Html.TestLogger, Version=15.0.0.0, Culture=neutral, PublicKeyToken=b03f5f7f11d50a3a' file path 'C:\Program Files\dotnet\sdk\8.0.202\Extensions\Microsoft.VisualStudio.TestPlatform.Extensions.Html.TestLogger.dll'
TpTrace Information: 0 : 26168, 1, 2024/03/23, 13:56:45.679, 432217157531, vstest.console.dll, AssemblyResolver.OnResolve: Microsoft.VisualStudio.TestPlatform.Extensions.Trx.TestLogger: Resolving assembly.
TpTrace Information: 0 : 26168, 1, 2024/03/23, 13:56:45.679, 432217157962, vstest.console.dll, AssemblyResolver.OnResolve: Microsoft.VisualStudio.TestPlatform.Extensions.Trx.TestLogger: Searching in: 'C:\Program Files\dotnet\sdk\8.0.202\Extensions'.
TpTrace Information: 0 : 26168, 1, 2024/03/23, 13:56:45.680, 432217165422, vstest.console.dll, AssemblyResolver.OnResolve: Microsoft.VisualStudio.TestPlatform.Extensions.Trx.TestLogger: Loading assembly 'C:\Program Files\dotnet\sdk\8.0.202\Extensions\Microsoft.VisualStudio.TestPlatform.Extensions.Trx.TestLogger.dll'.
TpTrace Information: 0 : 26168, 1, 2024/03/23, 13:56:45.681, 432217182957, vstest.console.dll, AssemblyResolver.OnResolve: Resolved assembly: Microsoft.VisualStudio.TestPlatform.Extensions.Trx.TestLogger, from path: C:\Program Files\dotnet\sdk\8.0.202\Extensions\Microsoft.VisualStudio.TestPlatform.Extensions.Trx.TestLogger.dll
TpTrace Verbose: 0 : 26168, 1, 2024/03/23, 13:56:45.682, 432217183802, vstest.console.dll, MetadataReaderExtensionsHelper: Discovering extensions inside assembly 'Microsoft.VisualStudio.TestPlatform.Extensions.Trx.TestLogger, Version=15.0.0.0, Culture=neutral, PublicKeyToken=b03f5f7f11d50a3a' file path 'C:\Program Files\dotnet\sdk\8.0.202\Extensions\Microsoft.VisualStudio.TestPlatform.Extensions.Trx.TestLogger.dll'
TpTrace Verbose: 0 : 26168, 1, 2024/03/23, 13:56:45.683, 432217200109, vstest.console.dll, TestPluginCache: Discovered the extensions using extension path ''.
TpTrace Verbose: 0 : 26168, 1, 2024/03/23, 13:56:45.683, 432217200626, vstest.console.dll, TestPluginCache: Discoverers are ''.
TpTrace Verbose: 0 : 26168, 1, 2024/03/23, 13:56:45.683, 432217200839, vstest.console.dll, TestPluginCache: Executors are ''.
TpTrace Verbose: 0 : 26168, 1, 2024/03/23, 13:56:45.683, 432217201006, vstest.console.dll, TestPluginCache: Executors2 are ''.
TpTrace Verbose: 0 : 26168, 1, 2024/03/23, 13:56:45.683, 432217201163, vstest.console.dll, TestPluginCache: Setting providers are ''.
TpTrace Verbose: 0 : 26168, 1, 2024/03/23, 13:56:45.683, 432217201368, vstest.console.dll, TestPluginCache: Loggers are ''.
TpTrace Verbose: 0 : 26168, 1, 2024/03/23, 13:56:45.683, 432217202651, vstest.console.dll, TestPluginCache: TestHosts are 'HostProvider://DefaultTestHost,HostProvider://DotnetTestHost'.
TpTrace Verbose: 0 : 26168, 1, 2024/03/23, 13:56:45.683, 432217202973, vstest.console.dll, TestPluginCache: DataCollectors are ''.
TpTrace Information: 0 : 26168, 1, 2024/03/23, 13:56:45.702, 432217385525, vstest.console.dll, RunTestsArgumentProcessor:Execute: Test run is starting.
TpTrace Verbose: 0 : 26168, 1, 2024/03/23, 13:56:45.702, 432217386570, vstest.console.dll, RunTestsArgumentProcessor:Execute: Queuing Test run.
TpTrace Information: 0 : 26168, 1, 2024/03/23, 13:56:45.702, 432217388437, vstest.console.dll, TestRequestManager.RunTests: run tests started.
TpTrace Information: 0 : 26168, 1, 2024/03/23, 13:56:45.703, 432217398004, vstest.console.dll, AssemblyMetadataProvider.GetFrameworkName: Determined framework:'.NETCoreApp,Version=v8.0' for source: 'C:\Users\Angel\OneDrive\Desktop\repos\BusinessSolution\BusinessWebsite.Tests\bin\Release\net8.0\fine-code-coverage\build-output\BusinessWebsite.Tests.dll'
TpTrace Information: 0 : 26168, 1, 2024/03/23, 13:56:45.703, 432217398973, vstest.console.dll, Determined framework for all sources: .NETCoreApp,Version=v8.0
TpTrace Verbose: 0 : 26168, 1, 2024/03/23, 13:56:45.703, 432217401340, vstest.console.dll, TestRequestManager.UpdateRunSettingsIfRequired: Default architecture: X64 IsDefaultTargetArchitecture: True, Current process architecture: X64 OperatingSystem: Windows.
TpTrace Information: 0 : 26168, 1, 2024/03/23, 13:56:45.704, 432217412052, vstest.console.dll, AssemblyMetadataProvider.GetArchitecture: Determined architecture:AnyCPU info for assembly: C:\Users\Angel\OneDrive\Desktop\repos\BusinessSolution\BusinessWebsite.Tests\bin\Release\net8.0\fine-code-coverage\build-output\BusinessWebsite.Tests.dll
TpTrace Information: 0 : 26168, 1, 2024/03/23, 13:56:45.704, 432217412440, vstest.console.dll, Determined platform for source 'C:\Users\Angel\OneDrive\Desktop\repos\BusinessSolution\BusinessWebsite.Tests\bin\Release\net8.0\fine-code-coverage\build-output\BusinessWebsite.Tests.dll' was AnyCPU and it will use the default plaform X64.
TpTrace Information: 0 : 26168, 1, 2024/03/23, 13:56:45.704, 432217412657, vstest.console.dll, None of the sources provided any runnable platform, using the default platform: X64
TpTrace Information: 0 : 26168, 1, 2024/03/23, 13:56:45.704, 432217413199, vstest.console.dll, Platform was updated to 'X64'.
TpTrace Information: 0 : 26168, 1, 2024/03/23, 13:56:45.709, 432217458999, vstest.console.dll, InferRunSettingsHelper.IsTestSettingsEnabled: Unable to navigate to RunSettings/MSTest. Current node: RunSettings
TpTrace Information: 0 : 26168, 1, 2024/03/23, 13:56:45.710, 432217465586, vstest.console.dll, AssemblyResolver.OnResolve: Microsoft.VisualStudio.TestPlatform.Fakes: Resolving assembly.
TpTrace Information: 0 : 26168, 1, 2024/03/23, 13:56:45.710, 432217466087, vstest.console.dll, AssemblyResolver.OnResolve: Microsoft.VisualStudio.TestPlatform.Fakes: Searching in: 'C:\Program Files\dotnet\sdk\8.0.202\Extensions'.
TpTrace Information: 0 : 26168, 1, 2024/03/23, 13:56:45.710, 432217466715, vstest.console.dll, AssemblyResolver.OnResolve: Microsoft.VisualStudio.TestPlatform.Fakes: Assembly path does not exist: 'C:\Program Files\dotnet\sdk\8.0.202\Extensions\Microsoft.VisualStudio.TestPlatform.Fakes.dll', returning.
TpTrace Information: 0 : 26168, 1, 2024/03/23, 13:56:45.710, 432217467207, vstest.console.dll, AssemblyResolver.OnResolve: Microsoft.VisualStudio.TestPlatform.Fakes: Assembly path does not exist: 'C:\Program Files\dotnet\sdk\8.0.202\Extensions\Microsoft.VisualStudio.TestPlatform.Fakes.exe', returning.
TpTrace Information: 0 : 26168, 1, 2024/03/23, 13:56:45.710, 432217467438, vstest.console.dll, AssemblyResolver.OnResolve: Microsoft.VisualStudio.TestPlatform.Fakes: Searching in: 'C:\Program Files\dotnet\sdk\8.0.202'.
TpTrace Information: 0 : 26168, 1, 2024/03/23, 13:56:45.710, 432217467835, vstest.console.dll, AssemblyResolver.OnResolve: Microsoft.VisualStudio.TestPlatform.Fakes: Assembly path does not exist: 'C:\Program Files\dotnet\sdk\8.0.202\Microsoft.VisualStudio.TestPlatform.Fakes.dll', returning.
TpTrace Information: 0 : 26168, 1, 2024/03/23, 13:56:45.710, 432217468371, vstest.console.dll, AssemblyResolver.OnResolve: Microsoft.VisualStudio.TestPlatform.Fakes: Assembly path does not exist: 'C:\Program Files\dotnet\sdk\8.0.202\Microsoft.VisualStudio.TestPlatform.Fakes.exe', returning.
TpTrace Information: 0 : 26168, 1, 2024/03/23, 13:56:45.710, 432217468612, vstest.console.dll, AssemblyResolver.OnResolve: Microsoft.VisualStudio.TestPlatform.Fakes: Failed to load assembly.
TpTrace Information: 0 : 26168, 1, 2024/03/23, 13:56:45.710, 432217470457, vstest.console.dll, Failed to load assembly Microsoft.VisualStudio.TestPlatform.Fakes, Version=17.0.0.0, Culture=neutral. Reason:System.IO.FileNotFoundException: Could not load file or assembly 'Microsoft.VisualStudio.TestPlatform.Fakes, Version=17.0.0.0, Culture=neutral, PublicKeyToken=null'. The system cannot find the file specified.
File name: 'Microsoft.VisualStudio.TestPlatform.Fakes, Version=17.0.0.0, Culture=neutral, PublicKeyToken=null'
   at System.Reflection.RuntimeAssembly.InternalLoad(AssemblyName assemblyName, StackCrawlMark& stackMark, AssemblyLoadContext assemblyLoadContext, RuntimeAssembly requestingAssembly, Boolean throwOnFileNotFound)
   at System.Reflection.Assembly.Load(AssemblyName assemblyRef)
   at Microsoft.VisualStudio.TestPlatform.Common.Utilities.FakesUtilities.LoadTestPlatformAssembly() in /_/src/Microsoft.TestPlatform.Common/Utilities/FakesUtilities.cs:line 272
TpTrace Verbose: 0 : 26168, 1, 2024/03/23, 13:56:45.713, 432217497196, vstest.console.dll, TestPluginCache.DiscoverTestExtensions: finding test extensions in assemblies ends with: TestLogger.dll TPluginInfo: Microsoft.VisualStudio.TestPlatform.Common.ExtensionFramework.Utilities.TestLoggerPluginInformation TExtension: Microsoft.VisualStudio.TestPlatform.ObjectModel.Client.ITestLogger
TpTrace Verbose: 0 : 26168, 1, 2024/03/23, 13:56:45.713, 432217497974, vstest.console.dll, TestPluginCache.GetExtensionPaths: Filtered extension paths: 
TpTrace Verbose: 0 : 26168, 1, 2024/03/23, 13:56:45.713, 432217498263, vstest.console.dll, TestPluginCache.GetExtensionPaths: Added default extension paths: C:\Program Files\dotnet\sdk\8.0.202\Extensions\Microsoft.Diagnostics.NETCore.Client.dll
C:\Program Files\dotnet\sdk\8.0.202\Extensions\Microsoft.TestPlatform.Extensions.BlameDataCollector.dll
C:\Program Files\dotnet\sdk\8.0.202\Extensions\Microsoft.TestPlatform.Extensions.EventLogCollector.dll
C:\Program Files\dotnet\sdk\8.0.202\Extensions\Microsoft.TestPlatform.TestHostRuntimeProvider.dll
C:\Program Files\dotnet\sdk\8.0.202\Extensions\Microsoft.VisualStudio.TestPlatform.Extensions.Html.TestLogger.dll
C:\Program Files\dotnet\sdk\8.0.202\Extensions\Microsoft.VisualStudio.TestPlatform.Extensions.Trx.TestLogger.dll
TpTrace Verbose: 0 : 26168, 1, 2024/03/23, 13:56:45.713, 432217498470, vstest.console.dll, TestPluginCache.GetExtensionPaths: Added unfilterableExtensionPaths: 
TpTrace Information: 0 : 26168, 1, 2024/03/23, 13:56:45.713, 432217499314, vstest.console.dll, AssemblyResolver.AddSearchDirectories: Adding more searchDirectories C:\Program Files\dotnet\sdk\8.0.202\Extensions,C:\Program Files\dotnet\sdk\8.0.202
TpTrace Verbose: 0 : 26168, 1, 2024/03/23, 13:56:45.713, 432217499664, vstest.console.dll, TestPluginCache.DiscoverTestExtensions: Discovering the extensions using extension path.
TpTrace Verbose: 0 : 26168, 1, 2024/03/23, 13:56:45.713, 432217499912, vstest.console.dll, TestPluginCache.GetExtensionPaths: Filtered extension paths: 
TpTrace Verbose: 0 : 26168, 1, 2024/03/23, 13:56:45.713, 432217500141, vstest.console.dll, TestPluginCache.GetExtensionPaths: Added default extension paths: C:\Program Files\dotnet\sdk\8.0.202\Extensions\Microsoft.Diagnostics.NETCore.Client.dll
C:\Program Files\dotnet\sdk\8.0.202\Extensions\Microsoft.TestPlatform.Extensions.BlameDataCollector.dll
C:\Program Files\dotnet\sdk\8.0.202\Extensions\Microsoft.TestPlatform.Extensions.EventLogCollector.dll
C:\Program Files\dotnet\sdk\8.0.202\Extensions\Microsoft.TestPlatform.TestHostRuntimeProvider.dll
C:\Program Files\dotnet\sdk\8.0.202\Extensions\Microsoft.VisualStudio.TestPlatform.Extensions.Html.TestLogger.dll
C:\Program Files\dotnet\sdk\8.0.202\Extensions\Microsoft.VisualStudio.TestPlatform.Extensions.Trx.TestLogger.dll
TpTrace Verbose: 0 : 26168, 1, 2024/03/23, 13:56:45.713, 432217500337, vstest.console.dll, TestPluginCache.GetExtensionPaths: Added unfilterableExtensionPaths: 
TpTrace Verbose: 0 : 26168, 1, 2024/03/23, 13:56:45.713, 432217500552, vstest.console.dll, TestPluginCache.DiscoverTestExtensions: Discovering the extensions using allExtensionPaths: C:\Program Files\dotnet\sdk\8.0.202\Extensions\Microsoft.Diagnostics.NETCore.Client.dll
C:\Program Files\dotnet\sdk\8.0.202\Extensions\Microsoft.TestPlatform.Extensions.BlameDataCollector.dll
C:\Program Files\dotnet\sdk\8.0.202\Extensions\Microsoft.TestPlatform.Extensions.EventLogCollector.dll
C:\Program Files\dotnet\sdk\8.0.202\Extensions\Microsoft.TestPlatform.TestHostRuntimeProvider.dll
C:\Program Files\dotnet\sdk\8.0.202\Extensions\Microsoft.VisualStudio.TestPlatform.Extensions.Html.TestLogger.dll
C:\Program Files\dotnet\sdk\8.0.202\Extensions\Microsoft.VisualStudio.TestPlatform.Extensions.Trx.TestLogger.dll
TpTrace Information: 0 : 26168, 1, 2024/03/23, 13:56:45.713, 432217501177, vstest.console.dll, AssemblyResolver.AddSearchDirectories: Adding more searchDirectories C:\Program Files\dotnet\sdk\8.0.202\Extensions,C:\Program Files\dotnet\sdk\8.0.202
TpTrace Information: 0 : 26168, 1, 2024/03/23, 13:56:45.713, 432217501494, vstest.console.dll, AssemblyResolver.AddSearchDirectories: Adding more searchDirectories C:\Program Files\dotnet\sdk\8.0.202\Extensions,C:\Program Files\dotnet\sdk\8.0.202
TpTrace Information: 0 : 26168, 1, 2024/03/23, 13:56:45.713, 432217501709, vstest.console.dll, AssemblyResolver.AddSearchDirectories: Adding more searchDirectories C:\Program Files\dotnet\sdk\8.0.202\Extensions,C:\Program Files\dotnet\sdk\8.0.202
TpTrace Information: 0 : 26168, 1, 2024/03/23, 13:56:45.713, 432217501901, vstest.console.dll, AssemblyResolver.AddSearchDirectories: Adding more searchDirectories C:\Program Files\dotnet\sdk\8.0.202\Extensions,C:\Program Files\dotnet\sdk\8.0.202
TpTrace Information: 0 : 26168, 1, 2024/03/23, 13:56:45.713, 432217502087, vstest.console.dll, AssemblyResolver.AddSearchDirectories: Adding more searchDirectories C:\Program Files\dotnet\sdk\8.0.202\Extensions,C:\Program Files\dotnet\sdk\8.0.202
TpTrace Information: 0 : 26168, 1, 2024/03/23, 13:56:45.713, 432217502335, vstest.console.dll, AssemblyResolver.AddSearchDirectories: Adding more searchDirectories C:\Program Files\dotnet\sdk\8.0.202\Extensions,C:\Program Files\dotnet\sdk\8.0.202
TpTrace Verbose: 0 : 26168, 1, 2024/03/23, 13:56:45.713, 432217503087, vstest.console.dll, MetadataReaderExtensionsHelper: Discovering extensions inside assembly 'Microsoft.Diagnostics.NETCore.Client, Version=0.2.9.2401, Culture=neutral, PublicKeyToken=31bf3856ad364e35' file path 'C:\Program Files\dotnet\sdk\8.0.202\Extensions\Microsoft.Diagnostics.NETCore.Client.dll'
TpTrace Information: 0 : 26168, 1, 2024/03/23, 13:56:45.714, 432217510854, vstest.console.dll, AssemblyResolver.OnResolve: Microsoft.Bcl.AsyncInterfaces: Resolving assembly.
TpTrace Information: 0 : 26168, 1, 2024/03/23, 13:56:45.714, 432217511274, vstest.console.dll, AssemblyResolver.OnResolve: Microsoft.Bcl.AsyncInterfaces: Resolved from cache.
TpTrace Verbose: 0 : 26168, 1, 2024/03/23, 13:56:45.714, 432217511491, vstest.console.dll, CurrentDomainAssemblyResolve: Resolving assembly 'Microsoft.Bcl.AsyncInterfaces'.
TpTrace Information: 0 : 26168, 1, 2024/03/23, 13:56:45.714, 432217511784, vstest.console.dll, AssemblyResolver.OnResolve: Microsoft.Bcl.AsyncInterfaces: Resolving assembly.
TpTrace Information: 0 : 26168, 1, 2024/03/23, 13:56:45.714, 432217512024, vstest.console.dll, AssemblyResolver.OnResolve: Microsoft.Bcl.AsyncInterfaces: Resolved from cache.
TpTrace Verbose: 0 : 26168, 1, 2024/03/23, 13:56:45.714, 432217512204, vstest.console.dll, CurrentDomainAssemblyResolve: Resolving assembly 'Microsoft.Bcl.AsyncInterfaces'.
TpTrace Verbose: 0 : 26168, 1, 2024/03/23, 13:56:45.714, 432217512369, vstest.console.dll, CurrentDomainAssemblyResolve: Failed to resolve assembly 'Microsoft.Bcl.AsyncInterfaces'.
TpTrace Verbose: 0 : 26168, 1, 2024/03/23, 13:56:45.714, 432217513322, vstest.console.dll, CurrentDomainAssemblyResolve: Failed to resolve assembly 'Microsoft.Bcl.AsyncInterfaces'.
TpTrace Warning: 0 : 26168, 1, 2024/03/23, 13:56:45.715, 432217515767, vstest.console.dll, TestPluginDiscoverer: Failed to get types from assembly 'Microsoft.Diagnostics.NETCore.Client, Version=0.2.9.2401, Culture=neutral, PublicKeyToken=31bf3856ad364e35'. Error: System.Reflection.ReflectionTypeLoadException: Unable to load one or more of the requested types.
Could not load file or assembly 'Microsoft.Bcl.AsyncInterfaces, Version=6.0.0.0, Culture=neutral, PublicKeyToken=cc7b13ffcd2ddd51'. The system cannot find the file specified.
   at System.Reflection.RuntimeModule.GetTypes(RuntimeModule module)
   at System.Reflection.RuntimeModule.GetTypes()
   at Microsoft.VisualStudio.TestPlatform.Common.ExtensionFramework.TestPluginDiscoverer.GetTestExtensionsFromAssembly[TPluginInfo,TExtension](Assembly assembly, Dictionary`2 pluginInfos, String filePath) in /_/src/Microsoft.TestPlatform.Common/ExtensionFramework/TestPluginDiscoverer.cs:line 158
System.IO.FileNotFoundException: Could not load file or assembly 'Microsoft.Bcl.AsyncInterfaces, Version=6.0.0.0, Culture=neutral, PublicKeyToken=cc7b13ffcd2ddd51'. The system cannot find the file specified.
File name: 'Microsoft.Bcl.AsyncInterfaces, Version=6.0.0.0, Culture=neutral, PublicKeyToken=cc7b13ffcd2ddd51'
 ---> System.IO.FileNotFoundException: Could not load file or assembly 'Microsoft.Bcl.AsyncInterfaces, Culture=neutral, PublicKeyToken=null'. The system cannot find the file specified.
File name: 'Microsoft.Bcl.AsyncInterfaces, Culture=neutral, PublicKeyToken=null'
   at System.Reflection.RuntimeAssembly.InternalLoad(AssemblyName assemblyName, StackCrawlMark& stackMark, AssemblyLoadContext assemblyLoadContext, RuntimeAssembly requestingAssembly, Boolean throwOnFileNotFound)
   at System.Reflection.Assembly.Load(AssemblyName assemblyRef)
   at Microsoft.VisualStudio.TestPlatform.Common.ExtensionFramework.TestPluginCache.CurrentDomainAssemblyResolve(Object sender, AssemblyResolveEventArgs args) in /_/src/Microsoft.TestPlatform.Common/ExtensionFramework/TestPluginCache.cs:line 513
   at System.Runtime.Loader.AssemblyLoadContext.GetFirstResolvedAssemblyFromResolvingEvent(AssemblyName assemblyName)
   at System.Runtime.Loader.AssemblyLoadContext.ResolveUsingEvent(AssemblyName assemblyName)
   at System.Runtime.Loader.AssemblyLoadContext.ResolveUsingResolvingEvent(IntPtr gchManagedAssemblyLoadContext, AssemblyName assemblyName)
TpTrace Warning: 0 : 26168, 1, 2024/03/23, 13:56:45.715, 432217516879, vstest.console.dll, LoaderExceptions: System.IO.FileNotFoundException: Could not load file or assembly 'Microsoft.Bcl.AsyncInterfaces, Version=6.0.0.0, Culture=neutral, PublicKeyToken=cc7b13ffcd2ddd51'. The system cannot find the file specified.
File name: 'Microsoft.Bcl.AsyncInterfaces, Version=6.0.0.0, Culture=neutral, PublicKeyToken=cc7b13ffcd2ddd51'
 ---> System.IO.FileNotFoundException: Could not load file or assembly 'Microsoft.Bcl.AsyncInterfaces, Culture=neutral, PublicKeyToken=null'. The system cannot find the file specified.
File name: 'Microsoft.Bcl.AsyncInterfaces, Culture=neutral, PublicKeyToken=null'
   at System.Reflection.RuntimeAssembly.InternalLoad(AssemblyName assemblyName, StackCrawlMark& stackMark, AssemblyLoadContext assemblyLoadContext, RuntimeAssembly requestingAssembly, Boolean throwOnFileNotFound)
   at System.Reflection.Assembly.Load(AssemblyName assemblyRef)
   at Microsoft.VisualStudio.TestPlatform.Common.ExtensionFramework.TestPluginCache.CurrentDomainAssemblyResolve(Object sender, AssemblyResolveEventArgs args) in /_/src/Microsoft.TestPlatform.Common/ExtensionFramework/TestPluginCache.cs:line 513
   at System.Runtime.Loader.AssemblyLoadContext.GetFirstResolvedAssemblyFromResolvingEvent(AssemblyName assemblyName)
   at System.Runtime.Loader.AssemblyLoadContext.ResolveUsingEvent(AssemblyName assemblyName)
   at System.Runtime.Loader.AssemblyLoadContext.ResolveUsingResolvingEvent(IntPtr gchManagedAssemblyLoadContext, AssemblyName assemblyName)
TpTrace Verbose: 0 : 26168, 1, 2024/03/23, 13:56:45.715, 432217517696, vstest.console.dll, MetadataReaderExtensionsHelper: Discovering extensions inside assembly 'Microsoft.TestPlatform.Extensions.BlameDataCollector, Version=15.0.0.0, Culture=neutral, PublicKeyToken=b03f5f7f11d50a3a' file path 'C:\Program Files\dotnet\sdk\8.0.202\Extensions\Microsoft.TestPlatform.Extensions.BlameDataCollector.dll'
TpTrace Information: 0 : 26168, 1, 2024/03/23, 13:56:45.715, 432217523026, vstest.console.dll, GetTestExtensionFromType: Register extension with identifier data 'logger://Microsoft/TestPlatform/Extensions/Blame/v1' and type 'Microsoft.TestPlatform.Extensions.BlameDataCollector.BlameLogger, Microsoft.TestPlatform.Extensions.BlameDataCollector, Version=15.0.0.0, Culture=neutral, PublicKeyToken=b03f5f7f11d50a3a' inside file 'C:\Program Files\dotnet\sdk\8.0.202\Extensions\Microsoft.TestPlatform.Extensions.BlameDataCollector.dll'
TpTrace Verbose: 0 : 26168, 1, 2024/03/23, 13:56:45.716, 432217523703, vstest.console.dll, MetadataReaderExtensionsHelper: Discovering extensions inside assembly 'Microsoft.TestPlatform.Extensions.EventLogCollector, Version=15.0.0.0, Culture=neutral, PublicKeyToken=b03f5f7f11d50a3a' file path 'C:\Program Files\dotnet\sdk\8.0.202\Extensions\Microsoft.TestPlatform.Extensions.EventLogCollector.dll'
TpTrace Verbose: 0 : 26168, 1, 2024/03/23, 13:56:45.716, 432217527294, vstest.console.dll, MetadataReaderExtensionsHelper: Discovering extensions inside assembly 'Microsoft.TestPlatform.TestHostRuntimeProvider, Version=15.0.0.0, Culture=neutral, PublicKeyToken=b03f5f7f11d50a3a' file path 'C:\Program Files\dotnet\sdk\8.0.202\Extensions\Microsoft.TestPlatform.TestHostRuntimeProvider.dll'
TpTrace Verbose: 0 : 26168, 1, 2024/03/23, 13:56:45.716, 432217530747, vstest.console.dll, MetadataReaderExtensionsHelper: Discovering extensions inside assembly 'Microsoft.VisualStudio.TestPlatform.Extensions.Html.TestLogger, Version=15.0.0.0, Culture=neutral, PublicKeyToken=b03f5f7f11d50a3a' file path 'C:\Program Files\dotnet\sdk\8.0.202\Extensions\Microsoft.VisualStudio.TestPlatform.Extensions.Html.TestLogger.dll'
TpTrace Information: 0 : 26168, 1, 2024/03/23, 13:56:45.717, 432217535512, vstest.console.dll, GetTestExtensionFromType: Register extension with identifier data 'logger://Microsoft/TestPlatform/HtmlLogger/v1' and type 'Microsoft.VisualStudio.TestPlatform.Extensions.HtmlLogger.HtmlLogger, Microsoft.VisualStudio.TestPlatform.Extensions.Html.TestLogger, Version=15.0.0.0, Culture=neutral, PublicKeyToken=b03f5f7f11d50a3a' inside file 'C:\Program Files\dotnet\sdk\8.0.202\Extensions\Microsoft.VisualStudio.TestPlatform.Extensions.Html.TestLogger.dll'
TpTrace Verbose: 0 : 26168, 1, 2024/03/23, 13:56:45.717, 432217536025, vstest.console.dll, MetadataReaderExtensionsHelper: Discovering extensions inside assembly 'Microsoft.VisualStudio.TestPlatform.Extensions.Trx.TestLogger, Version=15.0.0.0, Culture=neutral, PublicKeyToken=b03f5f7f11d50a3a' file path 'C:\Program Files\dotnet\sdk\8.0.202\Extensions\Microsoft.VisualStudio.TestPlatform.Extensions.Trx.TestLogger.dll'
TpTrace Information: 0 : 26168, 1, 2024/03/23, 13:56:45.717, 432217539548, vstest.console.dll, GetTestExtensionFromType: Register extension with identifier data 'logger://Microsoft/TestPlatform/TrxLogger/v1' and type 'Microsoft.VisualStudio.TestPlatform.Extensions.TrxLogger.TrxLogger, Microsoft.VisualStudio.TestPlatform.Extensions.Trx.TestLogger, Version=15.0.0.0, Culture=neutral, PublicKeyToken=b03f5f7f11d50a3a' inside file 'C:\Program Files\dotnet\sdk\8.0.202\Extensions\Microsoft.VisualStudio.TestPlatform.Extensions.Trx.TestLogger.dll'
TpTrace Verbose: 0 : 26168, 1, 2024/03/23, 13:56:45.717, 432217540098, vstest.console.dll, TestPluginCache: Discovered the extensions using extension path ''.
TpTrace Verbose: 0 : 26168, 1, 2024/03/23, 13:56:45.717, 432217540358, vstest.console.dll, TestPluginCache: Discoverers are ''.
TpTrace Verbose: 0 : 26168, 1, 2024/03/23, 13:56:45.717, 432217540535, vstest.console.dll, TestPluginCache: Executors are ''.
TpTrace Verbose: 0 : 26168, 1, 2024/03/23, 13:56:45.717, 432217540697, vstest.console.dll, TestPluginCache: Executors2 are ''.
TpTrace Verbose: 0 : 26168, 1, 2024/03/23, 13:56:45.717, 432217540856, vstest.console.dll, TestPluginCache: Setting providers are ''.
TpTrace Verbose: 0 : 26168, 1, 2024/03/23, 13:56:45.717, 432217541400, vstest.console.dll, TestPluginCache: Loggers are 'logger://Microsoft/TestPlatform/Extensions/Blame/v1,logger://Microsoft/TestPlatform/HtmlLogger/v1,logger://Microsoft/TestPlatform/TrxLogger/v1'.
TpTrace Verbose: 0 : 26168, 1, 2024/03/23, 13:56:45.717, 432217541747, vstest.console.dll, TestPluginCache: TestHosts are 'HostProvider://DefaultTestHost,HostProvider://DotnetTestHost'.
TpTrace Verbose: 0 : 26168, 1, 2024/03/23, 13:56:45.717, 432217541959, vstest.console.dll, TestPluginCache: DataCollectors are ''.
TpTrace Information: 0 : 26168, 1, 2024/03/23, 13:56:45.718, 432217547448, vstest.console.dll, TestPluginManager.CreateTestExtension: Attempting to load test extension: Microsoft.TestPlatform.Extensions.BlameDataCollector.BlameLogger
TpTrace Verbose: 0 : 26168, 1, 2024/03/23, 13:56:45.726, 432217624746, vstest.console.dll, TestEngine: Initializing Parallel Execution as MaxCpuCount is set to: 1
TpTrace Information: 0 : 26168, 1, 2024/03/23, 13:56:45.727, 432217637668, vstest.console.dll, TestPluginManager.CreateTestExtension: Attempting to load test extension: Microsoft.VisualStudio.TestPlatform.CrossPlatEngine.Hosting.DefaultTestHostManager
TpTrace Information: 0 : 26168, 1, 2024/03/23, 13:56:45.728, 432217647425, vstest.console.dll, TestPluginManager.CreateTestExtension: Attempting to load test extension: Microsoft.VisualStudio.TestPlatform.CrossPlatEngine.Hosting.DotnetTestHostManager
TpTrace Information: 0 : 26168, 1, 2024/03/23, 13:56:45.728, 432217651249, vstest.console.dll, InferRunSettingsHelper.IsTestSettingsEnabled: Unable to navigate to RunSettings/MSTest. Current node: RunSettings
TpTrace Verbose: 0 : 26168, 1, 2024/03/23, 13:56:45.729, 432217657448, vstest.console.dll, ParallelOperationManager.ClearSlots: Clearing all slots. Slots should accept more work: True
TpTrace Verbose: 0 : 26168, 1, 2024/03/23, 13:56:45.729, 432217661721, vstest.console.dll, ParallelOperationManager.SetOccupiedSlotCount: Setting slot counts AvailableSlotCount = 1, OccupiedSlotCount = 0.
TpTrace Verbose: 0 : 26168, 1, 2024/03/23, 13:56:45.730, 432217663995, vstest.console.dll, Occupied slots:

TpTrace Verbose: 0 : 26168, 1, 2024/03/23, 13:56:45.732, 432217685692, vstest.console.dll, TestEngine.GetExecutionManager: Chosen execution manager 'Microsoft.VisualStudio.TestPlatform.CrossPlatEngine.Client.Parallel.ParallelProxyExecutionManager, Microsoft.TestPlatform.CrossPlatEngine, Version=15.0.0.0, Culture=neutral, PublicKeyToken=b03f5f7f11d50a3a' ParallelLevel '1'.
TpTrace Verbose: 0 : 26168, 1, 2024/03/23, 13:56:45.732, 432217686604, vstest.console.dll, TestRunRequest.ExecuteAsync: Creating test run request.
TpTrace Verbose: 0 : 26168, 1, 2024/03/23, 13:56:45.732, 432217688257, vstest.console.dll, TestRunRequest.ExecuteAsync: Starting.
TpTrace Information: 0 : 26168, 1, 2024/03/23, 13:56:45.733, 432217695883, vstest.console.dll, TestRunRequest.ExecuteAsync: Starting run with settings:TestRunCriteria:
   KeepAlive=False,FrequencyOfRunStatsChangeEvent=10,RunStatsChangeEventTimeout=00:00:01.5000000,TestCaseFilter=,TestExecutorLauncher=
   Settingsxml=<RunSettings>
  <RunConfiguration>
    <ResultsDirectory>C:\Users\Angel\OneDrive\Desktop\repos\BusinessSolution\BusinessWebsite.Tests\bin\Release\net8.0\fine-code-coverage\coverage-tool-output</ResultsDirectory>
    <TargetPlatform>X64</TargetPlatform>
    <TargetFrameworkVersion>.NETCoreApp,Version=v8.0</TargetFrameworkVersion>
    <DesignMode>False</DesignMode>
    <CollectSourceInformation>False</CollectSourceInformation>
  </RunConfiguration>
  <LoggerRunSettings>
    <Loggers>
      <Logger friendlyName="blame" enabled="True" />
      <Logger friendlyName="Console" uri="logger://microsoft/TestPlatform/ConsoleLogger/v1" assemblyQualifiedName="Microsoft.VisualStudio.TestPlatform.CommandLine.Internal.ConsoleLogger, vstest.console, Version=15.0.0.0, Culture=neutral, PublicKeyToken=b03f5f7f11d50a3a" codeBase="C:\Program Files\dotnet\sdk\8.0.202\vstest.console.dll" enabled="True" />
    </Loggers>
  </LoggerRunSettings>
  <DataCollectionRunSettings>
    <DataCollectors>
      <DataCollector friendlyName="blame" enabled="True">
        <Configuration>
          <ResultsDirectory>C:\Users\Angel\OneDrive\Desktop\repos\BusinessSolution\BusinessWebsite.Tests\bin\Release\net8.0\fine-code-coverage\coverage-tool-output</ResultsDirectory>
        </Configuration>
      </DataCollector>
    </DataCollectors>
  </DataCollectionRunSettings>
</RunSettings>

TpTrace Verbose: 0 : 26168, 1, 2024/03/23, 13:56:45.733, 432217696354, vstest.console.dll, TestRunRequest.ExecuteAsync: Wait for the first run request is over.
TpTrace Verbose: 0 : 26168, 1, 2024/03/23, 13:56:45.733, 432217698705, vstest.console.dll, MulticastDelegateUtilities.SafeInvoke: TestRun.TestRunStart: Invoking callbacks was skipped because there are no subscribers.
TpTrace Verbose: 0 : 26168, 4, 2024/03/23, 13:56:45.733, 432217700188, vstest.console.dll, MulticastDelegateUtilities.SafeInvoke: InternalTestLoggerEvents.SendTestRunStart: Invoking callback 1/1 for Microsoft.VisualStudio.TestPlatform.CommandLine.Internal.ConsoleLogger., took 0 ms.
TpTrace Verbose: 0 : 26168, 1, 2024/03/23, 13:56:45.734, 432217705585, vstest.console.dll, ParallelProxyExecutionManager: Start execution. Total sources: 1
TpTrace Verbose: 0 : 26168, 1, 2024/03/23, 13:56:45.734, 432217707880, vstest.console.dll, ParallelOperationManager.StartWork: Starting adding 1 workloads.
TpTrace Verbose: 0 : 26168, 1, 2024/03/23, 13:56:45.734, 432217708417, vstest.console.dll, ParallelOperationManager.ClearSlots: Clearing all slots. Slots should accept more work: True
TpTrace Verbose: 0 : 26168, 1, 2024/03/23, 13:56:45.734, 432217708920, vstest.console.dll, ParallelOperationManager.SetOccupiedSlotCount: Setting slot counts AvailableSlotCount = 1, OccupiedSlotCount = 0.
TpTrace Verbose: 0 : 26168, 1, 2024/03/23, 13:56:45.734, 432217709208, vstest.console.dll, Occupied slots:

TpTrace Verbose: 0 : 26168, 1, 2024/03/23, 13:56:45.735, 432217718049, vstest.console.dll, TestRequestSender is acting as server.
TpTrace Verbose: 0 : 26168, 1, 2024/03/23, 13:56:45.736, 432217730696, vstest.console.dll, ParallelOperationManager.RunWorkInParallel: Adding 1 workload to slot, remaining workloads 0.
TpTrace Verbose: 0 : 26168, 1, 2024/03/23, 13:56:45.736, 432217731233, vstest.console.dll, ParallelOperationManager.SetOccupiedSlotCount: Setting slot counts AvailableSlotCount = 0, OccupiedSlotCount = 1.
TpTrace Verbose: 0 : 26168, 1, 2024/03/23, 13:56:45.736, 432217732015, vstest.console.dll, Occupied slots:
0: C:\Users\Angel\OneDrive\Desktop\repos\BusinessSolution\BusinessWebsite.Tests\bin\Release\net8.0\fine-code-coverage\build-output\BusinessWebsite.Tests.dll
TpTrace Verbose: 0 : 26168, 1, 2024/03/23, 13:56:45.737, 432217739254, vstest.console.dll, ParallelOperationManager.RunWorkInParallel: Started host in slot number 0 for work (source): C:\Users\Angel\OneDrive\Desktop\repos\BusinessSolution\BusinessWebsite.Tests\bin\Release\net8.0\fine-code-coverage\build-output\BusinessWebsite.Tests.dll.
TpTrace Verbose: 0 : 26168, 1, 2024/03/23, 13:56:45.738, 432217745500, vstest.console.dll, ParallelOperationManager.RunWorkInParallel: We started 1 work items, which is the max parallel level. Won't start more work.
TpTrace Verbose: 0 : 26168, 1, 2024/03/23, 13:56:45.738, 432217745910, vstest.console.dll, ParallelOperationManager.RunWorkInParallel: We started 1 work items in here, returning True.
TpTrace Information: 0 : 26168, 1, 2024/03/23, 13:56:45.738, 432217746288, vstest.console.dll, TestRunRequest.ExecuteAsync: Started.
TpTrace Verbose: 0 : 26168, 5, 2024/03/23, 13:56:45.738, 432217747802, vstest.console.dll, ParallelProxyExecutionManager.StartTestRunOnConcurrentManager: Initializing uninitialized client. Started clients: 0
TpTrace Verbose: 0 : 26168, 5, 2024/03/23, 13:56:45.738, 432217749174, vstest.console.dll, DataCollectionRequestSender.InitializeCommunication : Initialize communication. 
TpTrace Verbose: 0 : 26168, 1, 2024/03/23, 13:56:45.738, 432217750540, vstest.console.dll, TestRunRequest.WaitForCompletion: Waiting with timeout -1.
TpTrace Information: 0 : 26168, 5, 2024/03/23, 13:56:45.743, 432217803037, vstest.console.dll, Listening on Endpoint : 127.0.0.1:53170
TpTrace Verbose: 0 : 26168, 5, 2024/03/23, 13:56:45.748, 432217848629, vstest.console.dll, DotnetDataCollectionLauncher: Adding  --runtimeconfig "C:\Program Files\dotnet\sdk\8.0.202\datacollector.runtimeconfig.json" in args
TpTrace Verbose: 0 : 26168, 5, 2024/03/23, 13:56:45.748, 432217849721, vstest.console.dll, DotnetDataCollectionLauncher: Adding  --depsfile "C:\Program Files\dotnet\sdk\8.0.202\datacollector.deps.json" in args
TpTrace Verbose: 0 : 26168, 5, 2024/03/23, 13:56:45.748, 432217851133, vstest.console.dll, DotnetDataCollectionLauncher: Full path of dotnet.exe is C:\Program Files\dotnet\dotnet.exe
TpTrace Information: 0 : 26168, 5, 2024/03/23, 13:56:45.756, 432217931684, vstest.console.dll, ProxyDataCollectionManager.Initialize: Launched datacollector processId: 300 port: 53170
TpTrace Information: 0 : 26168, 5, 2024/03/23, 13:56:45.756, 432217933057, vstest.console.dll, ProxyDataCollectionManager.Initialize: waiting for connection with timeout: 90 seconds
TpTrace Verbose: 0 : 26168, 5, 2024/03/23, 13:56:45.756, 432217933563, vstest.console.dll, DataCollectionRequestSender.WaitForRequestHandlerConnection : Waiting for connection with timeout: 90000
TpTrace Information: 0 : 26168, 7, 2024/03/23, 13:56:45.858, 432218944745, vstest.console.dll, Using the buffer size of 16384 bytes
TpTrace Verbose: 0 : 26168, 5, 2024/03/23, 13:56:45.858, 432218944955, vstest.console.dll, SocketCommunicationManager.WaitForClientConnection took: 101 ms, with 90000 ms timeout, and finished with True.
TpTrace Information: 0 : 26168, 7, 2024/03/23, 13:56:45.858, 432218945748, vstest.console.dll, Accepted Client request and set the flag
TpTrace Verbose: 0 : 26168, 5, 2024/03/23, 13:56:45.858, 432218946765, vstest.console.dll, ProxyDataCollectionManager.InvokeDataCollectionServiceAction: Starting.
TpTrace Information: 0 : 26168, 5, 2024/03/23, 13:56:45.858, 432218947335, vstest.console.dll, ProxyDataCollectionManager.BeforeTestRunStart: Get environment variable and port for datacollector processId: 300 port: 53170
TpTrace Verbose: 0 : 26168, 5, 2024/03/23, 13:56:45.858, 432218948131, vstest.console.dll, DataCollectionRequestSender.SendBeforeTestRunStartAndGetResult: Send BeforeTestRunStart message with settingsXml <RunSettings><RunConfiguration><ResultsDirectory>C:\Users\Angel\OneDrive\Desktop\repos\BusinessSolution\BusinessWebsite.Tests\bin\Release\net8.0\fine-code-coverage\coverage-tool-output</ResultsDirectory><TargetPlatform>X64</TargetPlatform><TargetFrameworkVersion>.NETCoreApp,Version=v8.0</TargetFrameworkVersion><DesignMode>False</DesignMode><CollectSourceInformation>False</CollectSourceInformation><TestAdaptersPaths>C:\Program Files\dotnet\sdk\8.0.202\Extensions</TestAdaptersPaths></RunConfiguration><LoggerRunSettings><Loggers><Logger friendlyName="blame" enabled="True" /><Logger friendlyName="Console" uri="logger://microsoft/TestPlatform/ConsoleLogger/v1" assemblyQualifiedName="Microsoft.VisualStudio.TestPlatform.CommandLine.Internal.ConsoleLogger, vstest.console, Version=15.0.0.0, Culture=neutral, PublicKeyToken=b03f5f7f11d50a3a" codeBase="C:\Program Files\dotnet\sdk\8.0.202\vstest.console.dll" enabled="True" /></Loggers></LoggerRunSettings><DataCollectionRunSettings><DataCollectors><DataCollector friendlyName="blame" enabled="True"><Configuration><ResultsDirectory>C:\Users\Angel\OneDrive\Desktop\repos\BusinessSolution\BusinessWebsite.Tests\bin\Release\net8.0\fine-code-coverage\coverage-tool-output</ResultsDirectory></Configuration></DataCollector></DataCollectors></DataCollectionRunSettings></RunSettings> and sources System.Collections.Generic.List`1[System.String]: 
TpTrace Verbose: 0 : 26168, 5, 2024/03/23, 13:56:45.894, 432219304230, vstest.console.dll, DataCollectionRequestSender.SendBeforeTestRunStartAndGetResult: Received message: (DataCollection.SendMessage) -> {"MessageType":"DataCollection.SendMessage","Payload":{"FriendlyName":null,"Uri":null,"TestCaseId":"00000000-0000-0000-0000-000000000000","Message":"Logging DataCollector Diagnostics in file: C:\\Users\\Angel\\OneDrive\\Desktop\\repos\\BusinessSolution\\BusinessWebsite.Tests\\bin\\Release\\net8.0\\fine-code-coverage\\coverage-tool-output\\diagnostics.datacollector.24-03-23_13-56-45_74829_5.log","Level":0}}
TpTrace Verbose: 0 : 26168, 5, 2024/03/23, 13:56:45.958, 432219946996, vstest.console.dll, DataCollectionRequestSender.SendBeforeTestRunStartAndGetResult: Received message: (DataCollection.BeforeTestRunStartResult) -> {"MessageType":"DataCollection.BeforeTestRunStartResult","Payload":{"EnvironmentVariables":{},"DataCollectionEventsPort":53172}}
TpTrace Information: 0 : 26168, 5, 2024/03/23, 13:56:45.962, 432219987791, vstest.console.dll, ProxyDataCollectionManager.BeforeTestRunStart: SendBeforeTestRunStartAndGetResult successful, env variable from datacollector:   and testhost port: 53172
TpTrace Information: 0 : 26168, 5, 2024/03/23, 13:56:45.962, 432219988468, vstest.console.dll, ProxyDataCollectionManager.InvokeDataCollectionServiceAction: Completed.
TpTrace Verbose: 0 : 26168, 5, 2024/03/23, 13:56:45.962, 432219988768, vstest.console.dll, ParallelProxyExecutionManager.StartTestRunOnConcurrentManager: Initializing test run. Started clients: 0
TpTrace Verbose: 0 : 26168, 5, 2024/03/23, 13:56:45.962, 432219989407, vstest.console.dll, ProxyExecutionManager: Test host is always Lazy initialize.
TpTrace Verbose: 0 : 26168, 5, 2024/03/23, 13:56:45.962, 432219990958, vstest.console.dll, TestRequestSender.InitializeCommunication: initialize communication. 
TpTrace Information: 0 : 26168, 5, 2024/03/23, 13:56:45.963, 432219994998, vstest.console.dll, SocketServer.Start: Listening on endpoint : 127.0.0.1:53173
TpTrace Verbose: 0 : 26168, 5, 2024/03/23, 13:56:45.963, 432220000401, vstest.console.dll, DotnetTestHostmanager.GetTestHostProcessStartInfo: Platform environment 'X64' target architecture 'X64' framework '.NETCoreApp,Version=v8.0' OS 'Windows'
TpTrace Verbose: 0 : 26168, 5, 2024/03/23, 13:56:45.963, 432220002768, vstest.console.dll, DotnetTestHostmanager: Adding  --runtimeconfig "C:\Users\Angel\OneDrive\Desktop\repos\BusinessSolution\BusinessWebsite.Tests\bin\Release\net8.0\fine-code-coverage\build-output\BusinessWebsite.Tests.runtimeconfig.json" in args
TpTrace Verbose: 0 : 26168, 5, 2024/03/23, 13:56:45.964, 432220004261, vstest.console.dll, DotnetTestHostmanager: Adding  --depsfile "C:\Users\Angel\OneDrive\Desktop\repos\BusinessSolution\BusinessWebsite.Tests\bin\Release\net8.0\fine-code-coverage\build-output\BusinessWebsite.Tests.deps.json" in args
TpTrace Verbose: 0 : 26168, 5, 2024/03/23, 13:56:45.964, 432220005541, vstest.console.dll, DotnetTestHostmanager.IsWinOnArm: Current PROCESSOR_ARCHITECTURE from environment variable 'AMD64'
TpTrace Verbose: 0 : 26168, 5, 2024/03/23, 13:56:45.964, 432220005999, vstest.console.dll, DotnetTestHostmanager.IsWinOnArm: Is Windows on ARM 'False'
TpTrace Verbose: 0 : 26168, 5, 2024/03/23, 13:56:45.964, 432220006726, vstest.console.dll, DotnetTestHostManager: testhost.exe found at path: C:\Users\Angel\OneDrive\Desktop\repos\BusinessSolution\BusinessWebsite.Tests\bin\Release\net8.0\fine-code-coverage\build-output\testhost.exe
TpTrace Verbose: 0 : 26168, 5, 2024/03/23, 13:56:45.964, 432220007119, vstest.console.dll, DotnetTestHostmanager: Full path of host exe is C:\Users\Angel\OneDrive\Desktop\repos\BusinessSolution\BusinessWebsite.Tests\bin\Release\net8.0\fine-code-coverage\build-output\testhost.exe
TpTrace Verbose: 0 : 26168, 5, 2024/03/23, 13:56:45.964, 432220007962, vstest.console.dll, DotnetTestHostmanager.LaunchTestHostAsync: Found 'VSTEST_WINAPPHOST_DOTNET_ROOT' in env variables, value 'C:\Program Files\dotnet', forwarding to 'DOTNET_ROOT'
TpTrace Verbose: 0 : 26168, 5, 2024/03/23, 13:56:45.964, 432220008973, vstest.console.dll, DotnetTestHostManager: Starting process 'C:\Users\Angel\OneDrive\Desktop\repos\BusinessSolution\BusinessWebsite.Tests\bin\Release\net8.0\fine-code-coverage\build-output\testhost.exe' with command line ' --runtimeconfig "C:\Users\Angel\OneDrive\Desktop\repos\BusinessSolution\BusinessWebsite.Tests\bin\Release\net8.0\fine-code-coverage\build-output\BusinessWebsite.Tests.runtimeconfig.json" --depsfile "C:\Users\Angel\OneDrive\Desktop\repos\BusinessSolution\BusinessWebsite.Tests\bin\Release\net8.0\fine-code-coverage\build-output\BusinessWebsite.Tests.deps.json" --port 53173 --endpoint 127.0.0.1:053173 --role client --parentprocessid 26168 --diag "C:\Users\Angel\OneDrive\Desktop\repos\BusinessSolution\BusinessWebsite.Tests\bin\Release\net8.0\fine-code-coverage\coverage-tool-output\diagnostics.host.24-03-23_13-56-45_96340_5.log" --tracelevel 4 --datacollectionport 53172 --telemetryoptedin false'
TpTrace Verbose: 0 : 26168, 5, 2024/03/23, 13:56:45.978, 432220144601, vstest.console.dll, MulticastDelegateUtilities.SafeInvoke: HostProviderEvents.OnHostLaunched: Invoking callback 1/2 for Microsoft.VisualStudio.TestPlatform.CrossPlatEngine.Client.ProxyExecutionManagerWithDataCollection., took 0 ms.
TpTrace Verbose: 0 : 26168, 5, 2024/03/23, 13:56:45.978, 432220146593, vstest.console.dll, Test Runtime launched
TpTrace Verbose: 0 : 26168, 5, 2024/03/23, 13:56:45.978, 432220147155, vstest.console.dll, MulticastDelegateUtilities.SafeInvoke: HostProviderEvents.OnHostLaunched: Invoking callback 2/2 for Microsoft.VisualStudio.TestPlatform.CrossPlatEngine.Client.ProxyOperationManager., took 0 ms.
TpTrace Verbose: 0 : 26168, 5, 2024/03/23, 13:56:45.978, 432220150867, vstest.console.dll, TestRequestSender.WaitForRequestHandlerConnection: waiting for connection with timeout: 90000.
TpTrace Verbose: 0 : 26168, 7, 2024/03/23, 13:56:46.107, 432221436197, vstest.console.dll, MulticastDelegateUtilities.SafeInvoke: SocketServer: ClientConnected: Invoking callback 1/1 for Microsoft.VisualStudio.TestPlatform.CommunicationUtilities.TestRequestSender., took 0 ms.
TpTrace Verbose: 0 : 26168, 7, 2024/03/23, 13:56:46.107, 432221437037, vstest.console.dll, SocketServer.OnClientConnected: Client connected for endPoint: 127.0.0.1:53173, starting MessageLoopAsync:
TpTrace Verbose: 0 : 26168, 5, 2024/03/23, 13:56:46.107, 432221436198, vstest.console.dll, TestRequestSender.WaitForRequestHandlerConnection: waiting took 128 ms, with timeout 90000 ms, and result 0, which is success.
TpTrace Verbose: 0 : 26168, 7, 2024/03/23, 13:56:46.107, 432221440282, vstest.console.dll, TcpClientExtensions.MessageLoopAsync: Polling on remoteEndPoint: 127.0.0.1:53174 localEndPoint: 127.0.0.1:53173 after 0 ms
TpTrace Verbose: 0 : 26168, 5, 2024/03/23, 13:56:46.108, 432221444613, vstest.console.dll, TestRequestSender.CheckVersionWithTestHost: Sending check version message: {"MessageType":"ProtocolVersion","Payload":7}
TpTrace Verbose: 0 : 26168, 7, 2024/03/23, 13:56:46.175, 432222121138, vstest.console.dll, TcpClientExtensions.MessageLoopAsync: NotifyDataAvailable remoteEndPoint: 127.0.0.1:53174 localEndPoint: 127.0.0.1:53173
TpTrace Verbose: 0 : 26168, 7, 2024/03/23, 13:56:46.175, 432222123239, vstest.console.dll, TestRequestSender.CheckVersionWithTestHost: onMessageReceived received message: (ProtocolVersion) -> {"MessageType":"ProtocolVersion","Payload":7}
TpTrace Verbose: 0 : 26168, 7, 2024/03/23, 13:56:46.177, 432222133998, vstest.console.dll, MulticastDelegateUtilities.SafeInvoke: LengthPrefixCommunicationChannel: MessageReceived: Invoking callback 1/1 for Microsoft.VisualStudio.TestPlatform.CommunicationUtilities.TestRequestSender+<>c__DisplayClass29_0., took 1 ms.
TpTrace Verbose: 0 : 26168, 7, 2024/03/23, 13:56:46.177, 432222134766, vstest.console.dll, TcpClientExtensions.MessageLoopAsync: Polling on remoteEndPoint: 127.0.0.1:53174 localEndPoint: 127.0.0.1:53173 after 69 ms
TpTrace Verbose: 0 : 26168, 5, 2024/03/23, 13:56:46.177, 432222135070, vstest.console.dll, TestPluginCache.GetExtensionPaths: Filtered extension paths: 
TpTrace Verbose: 0 : 26168, 5, 2024/03/23, 13:56:46.177, 432222135858, vstest.console.dll, TestPluginCache.GetExtensionPaths: Added default extension paths: C:\Program Files\dotnet\sdk\8.0.202\Extensions\Microsoft.Diagnostics.NETCore.Client.dll
C:\Program Files\dotnet\sdk\8.0.202\Extensions\Microsoft.TestPlatform.Extensions.BlameDataCollector.dll
C:\Program Files\dotnet\sdk\8.0.202\Extensions\Microsoft.TestPlatform.Extensions.EventLogCollector.dll
C:\Program Files\dotnet\sdk\8.0.202\Extensions\Microsoft.TestPlatform.TestHostRuntimeProvider.dll
C:\Program Files\dotnet\sdk\8.0.202\Extensions\Microsoft.VisualStudio.TestPlatform.Extensions.Html.TestLogger.dll
C:\Program Files\dotnet\sdk\8.0.202\Extensions\Microsoft.VisualStudio.TestPlatform.Extensions.Trx.TestLogger.dll
TpTrace Verbose: 0 : 26168, 5, 2024/03/23, 13:56:46.177, 432222137238, vstest.console.dll, TestPluginCache.GetExtensionPaths: Added unfilterableExtensionPaths: 
TpTrace Verbose: 0 : 26168, 5, 2024/03/23, 13:56:46.179, 432222154502, vstest.console.dll, TestRequestSender.InitializeExecution: Sending initialize execution with message: {"Version":7,"MessageType":"TestExecution.Initialize","Payload":["C:\\Users\\Angel\\OneDrive\\Desktop\\repos\\BusinessSolution\\BusinessWebsite.Tests\\bin\\Release\\net8.0\\fine-code-coverage\\build-output\\xunit.runner.visualstudio.dotnetcore.testadapter.dll"]}
TpTrace Verbose: 0 : 26168, 5, 2024/03/23, 13:56:46.179, 432222156023, vstest.console.dll, ParallelProxyExecutionManager.StartTestRunOnConcurrentManager: Execution starting. Started clients: 1
TpTrace Verbose: 0 : 26168, 7, 2024/03/23, 13:56:46.179, 432222157424, vstest.console.dll, TcpClientExtensions.MessageLoopAsync: NotifyDataAvailable remoteEndPoint: 127.0.0.1:53174 localEndPoint: 127.0.0.1:53173
TpTrace Verbose: 0 : 26168, 5, 2024/03/23, 13:56:46.179, 432222157683, vstest.console.dll, TestRunRequest:SendTestRunMessage: Starting.
TpTrace Verbose: 0 : 26168, 5, 2024/03/23, 13:56:46.179, 432222158862, vstest.console.dll, MulticastDelegateUtilities.SafeInvoke: TestRun.LogMessages: Invoking callback 1/1 for Microsoft.VisualStudio.TestPlatform.CommandLine.TestRunResultAggregator., took 0 ms.
TpTrace Information: 0 : 26168, 5, 2024/03/23, 13:56:46.179, 432222159323, vstest.console.dll, TestRunRequest:SendTestRunMessage: Completed.
TpTrace Verbose: 0 : 26168, 4, 2024/03/23, 13:56:46.179, 432222160618, vstest.console.dll, MulticastDelegateUtilities.SafeInvoke: InternalTestLoggerEvents.SendTestRunMessage: Invoking callback 1/1 for Microsoft.VisualStudio.TestPlatform.CommandLine.Internal.ConsoleLogger., took 0 ms.
TpTrace Warning: 0 : 26168, 5, 2024/03/23, 13:56:46.179, 432222161883, vstest.console.dll, InferRunSettingsHelper.MakeRunsettingsCompatible: Removing the following settings: TargetPlatform from RunSettings file. To use those settings please move to latest version of Microsoft.NET.Test.Sdk
TpTrace Verbose: 0 : 26168, 7, 2024/03/23, 13:56:46.180, 432222166166, vstest.console.dll, TestRequestSender.OnExecutionMessageReceived: Received message: {"Version":7,"MessageType":"TestSession.Message","Payload":{"MessageLevel":0,"Message":"Logging TestHost Diagnostics in file: C:\\Users\\Angel\\OneDrive\\Desktop\\repos\\BusinessSolution\\BusinessWebsite.Tests\\bin\\Release\\net8.0\\fine-code-coverage\\coverage-tool-output\\diagnostics.host.24-03-23_13-56-45_96340_5.log"}}
TpTrace Verbose: 0 : 26168, 7, 2024/03/23, 13:56:46.182, 432222184659, vstest.console.dll, TestRunRequest:SendTestRunMessage: Starting.
TpTrace Verbose: 0 : 26168, 7, 2024/03/23, 13:56:46.182, 432222185656, vstest.console.dll, MulticastDelegateUtilities.SafeInvoke: TestRun.LogMessages: Invoking callback 1/1 for Microsoft.VisualStudio.TestPlatform.CommandLine.TestRunResultAggregator., took 0 ms.
TpTrace Information: 0 : 26168, 7, 2024/03/23, 13:56:46.182, 432222185923, vstest.console.dll, TestRunRequest:SendTestRunMessage: Completed.
TpTrace Verbose: 0 : 26168, 4, 2024/03/23, 13:56:46.182, 432222185943, vstest.console.dll, MulticastDelegateUtilities.SafeInvoke: InternalTestLoggerEvents.SendTestRunMessage: Invoking callback 1/1 for Microsoft.VisualStudio.TestPlatform.CommandLine.Internal.ConsoleLogger., took 0 ms.
TpTrace Verbose: 0 : 26168, 7, 2024/03/23, 13:56:46.182, 432222186211, vstest.console.dll, MulticastDelegateUtilities.SafeInvoke: LengthPrefixCommunicationChannel: MessageReceived: Invoking callback 1/1 for Microsoft.VisualStudio.TestPlatform.CommunicationUtilities.TestRequestSender+<>c__DisplayClass34_0., took 2 ms.
TpTrace Verbose: 0 : 26168, 7, 2024/03/23, 13:56:46.182, 432222187259, vstest.console.dll, TcpClientExtensions.MessageLoopAsync: Polling on remoteEndPoint: 127.0.0.1:53174 localEndPoint: 127.0.0.1:53173 after 5 ms
TpTrace Verbose: 0 : 26168, 5, 2024/03/23, 13:56:46.184, 432222205216, vstest.console.dll, TestRequestSender.StartTestRun: Sending test run with message: {"Version":7,"MessageType":"TestExecution.StartWithSources","Payload":{"AdapterSourceMap":{"_none_":["C:\\Users\\Angel\\OneDrive\\Desktop\\repos\\BusinessSolution\\BusinessWebsite.Tests\\bin\\Release\\net8.0\\fine-code-coverage\\build-output\\BusinessWebsite.Tests.dll"]},"RunSettings":"<RunSettings>\r\n  <RunConfiguration>\r\n    <ResultsDirectory>C:\\Users\\Angel\\OneDrive\\Desktop\\repos\\BusinessSolution\\BusinessWebsite.Tests\\bin\\Release\\net8.0\\fine-code-coverage\\coverage-tool-output</ResultsDirectory>\r\n    <TargetFrameworkVersion>.NETCoreApp,Version=v8.0</TargetFrameworkVersion>\r\n    <DesignMode>False</DesignMode>\r\n    <CollectSourceInformation>False</CollectSourceInformation>\r\n  </RunConfiguration>\r\n  <LoggerRunSettings>\r\n    <Loggers>\r\n      <Logger friendlyName=\"blame\" enabled=\"True\" />\r\n      <Logger friendlyName=\"Console\" uri=\"logger://microsoft/TestPlatform/ConsoleLogger/v1\" assemblyQualifiedName=\"Microsoft.VisualStudio.TestPlatform.CommandLine.Internal.ConsoleLogger, vstest.console, Version=15.0.0.0, Culture=neutral, PublicKeyToken=b03f5f7f11d50a3a\" codeBase=\"C:\\Program Files\\dotnet\\sdk\\8.0.202\\vstest.console.dll\" enabled=\"True\" />\r\n    </Loggers>\r\n  </LoggerRunSettings>\r\n  <DataCollectionRunSettings>\r\n    <DataCollectors>\r\n      <DataCollector friendlyName=\"blame\" enabled=\"True\">\r\n        <Configuration>\r\n          <ResultsDirectory>C:\\Users\\Angel\\OneDrive\\Desktop\\repos\\BusinessSolution\\BusinessWebsite.Tests\\bin\\Release\\net8.0\\fine-code-coverage\\coverage-tool-output</ResultsDirectory>\r\n        </Configuration>\r\n      </DataCollector>\r\n    </DataCollectors>\r\n  </DataCollectionRunSettings>\r\n</RunSettings>","TestExecutionContext":{"FrequencyOfRunStatsChangeEvent":10,"RunStatsChangeEventTimeout":"00:00:01.5000000","InIsolation":false,"KeepAlive":false,"AreTestCaseLevelEventsRequired":false,"IsDebug":false,"TestCaseFilter":null,"FilterOptions":null},"Package":null}}
TpTrace Verbose: 0 : 26168, 5, 2024/03/23, 13:56:46.184, 432222206832, vstest.console.dll, ParallelProxyExecutionManager.StartTestRunOnConcurrentManager: Execution started. Started clients: 1
TpTrace Verbose: 0 : 26168, 7, 2024/03/23, 13:56:46.265, 432223018767, vstest.console.dll, TcpClientExtensions.MessageLoopAsync: NotifyDataAvailable remoteEndPoint: 127.0.0.1:53174 localEndPoint: 127.0.0.1:53173
TpTrace Verbose: 0 : 26168, 7, 2024/03/23, 13:56:46.265, 432223020131, vstest.console.dll, TestRequestSender.OnExecutionMessageReceived: Received message: {"Version":7,"MessageType":"TestSession.Message","Payload":{"MessageLevel":0,"Message":"[xUnit.net 00:00:00.00] xUnit.net VSTest Adapter v2.5.3.1+6b60a9e56a (64-bit .NET 8.0.3)"}}
TpTrace Verbose: 0 : 26168, 7, 2024/03/23, 13:56:46.265, 432223021774, vstest.console.dll, TestRunRequest:SendTestRunMessage: Starting.
TpTrace Verbose: 0 : 26168, 7, 2024/03/23, 13:56:46.265, 432223022336, vstest.console.dll, MulticastDelegateUtilities.SafeInvoke: TestRun.LogMessages: Invoking callback 1/1 for Microsoft.VisualStudio.TestPlatform.CommandLine.TestRunResultAggregator., took 0 ms.
TpTrace Information: 0 : 26168, 7, 2024/03/23, 13:56:46.265, 432223022607, vstest.console.dll, TestRunRequest:SendTestRunMessage: Completed.
TpTrace Verbose: 0 : 26168, 4, 2024/03/23, 13:56:46.265, 432223022704, vstest.console.dll, MulticastDelegateUtilities.SafeInvoke: InternalTestLoggerEvents.SendTestRunMessage: Invoking callback 1/1 for Microsoft.VisualStudio.TestPlatform.CommandLine.Internal.ConsoleLogger., took 0 ms.
TpTrace Verbose: 0 : 26168, 7, 2024/03/23, 13:56:46.265, 432223022839, vstest.console.dll, MulticastDelegateUtilities.SafeInvoke: LengthPrefixCommunicationChannel: MessageReceived: Invoking callback 1/1 for Microsoft.VisualStudio.TestPlatform.CommunicationUtilities.TestRequestSender+<>c__DisplayClass34_0., took 0 ms.
TpTrace Verbose: 0 : 26168, 7, 2024/03/23, 13:56:46.266, 432223023867, vstest.console.dll, TcpClientExtensions.MessageLoopAsync: Polling on remoteEndPoint: 127.0.0.1:53174 localEndPoint: 127.0.0.1:53173 after 83 ms
TpTrace Verbose: 0 : 26168, 7, 2024/03/23, 13:56:46.570, 432226067406, vstest.console.dll, TcpClientExtensions.MessageLoopAsync: NotifyDataAvailable remoteEndPoint: 127.0.0.1:53174 localEndPoint: 127.0.0.1:53173
TpTrace Verbose: 0 : 26168, 7, 2024/03/23, 13:56:46.570, 432226069001, vstest.console.dll, TestRequestSender.OnExecutionMessageReceived: Received message: {"Version":7,"MessageType":"TestSession.Message","Payload":{"MessageLevel":0,"Message":"[xUnit.net 00:00:00.30]   Discovering: BusinessWebsite.Tests"}}
TpTrace Verbose: 0 : 26168, 7, 2024/03/23, 13:56:46.570, 432226070244, vstest.console.dll, TestRunRequest:SendTestRunMessage: Starting.
TpTrace Verbose: 0 : 26168, 7, 2024/03/23, 13:56:46.570, 432226070797, vstest.console.dll, MulticastDelegateUtilities.SafeInvoke: TestRun.LogMessages: Invoking callback 1/1 for Microsoft.VisualStudio.TestPlatform.CommandLine.TestRunResultAggregator., took 0 ms.
TpTrace Information: 0 : 26168, 7, 2024/03/23, 13:56:46.570, 432226071062, vstest.console.dll, TestRunRequest:SendTestRunMessage: Completed.
TpTrace Verbose: 0 : 26168, 4, 2024/03/23, 13:56:46.570, 432226071214, vstest.console.dll, MulticastDelegateUtilities.SafeInvoke: InternalTestLoggerEvents.SendTestRunMessage: Invoking callback 1/1 for Microsoft.VisualStudio.TestPlatform.CommandLine.Internal.ConsoleLogger., took 0 ms.
TpTrace Verbose: 0 : 26168, 7, 2024/03/23, 13:56:46.570, 432226071324, vstest.console.dll, MulticastDelegateUtilities.SafeInvoke: LengthPrefixCommunicationChannel: MessageReceived: Invoking callback 1/1 for Microsoft.VisualStudio.TestPlatform.CommunicationUtilities.TestRequestSender+<>c__DisplayClass34_0., took 0 ms.
TpTrace Verbose: 0 : 26168, 7, 2024/03/23, 13:56:46.570, 432226073027, vstest.console.dll, TcpClientExtensions.MessageLoopAsync: Polling on remoteEndPoint: 127.0.0.1:53174 localEndPoint: 127.0.0.1:53173 after 304 ms
TpTrace Verbose: 0 : 26168, 7, 2024/03/23, 13:56:46.593, 432226302798, vstest.console.dll, TcpClientExtensions.MessageLoopAsync: NotifyDataAvailable remoteEndPoint: 127.0.0.1:53174 localEndPoint: 127.0.0.1:53173
TpTrace Verbose: 0 : 26168, 7, 2024/03/23, 13:56:46.594, 432226304564, vstest.console.dll, TestRequestSender.OnExecutionMessageReceived: Received message: {"Version":7,"MessageType":"TestSession.Message","Payload":{"MessageLevel":0,"Message":"[xUnit.net 00:00:00.33]   Discovered:  BusinessWebsite.Tests"}}
TpTrace Verbose: 0 : 26168, 7, 2024/03/23, 13:56:46.594, 432226305825, vstest.console.dll, TestRunRequest:SendTestRunMessage: Starting.
TpTrace Verbose: 0 : 26168, 7, 2024/03/23, 13:56:46.594, 432226306464, vstest.console.dll, MulticastDelegateUtilities.SafeInvoke: TestRun.LogMessages: Invoking callback 1/1 for Microsoft.VisualStudio.TestPlatform.CommandLine.TestRunResultAggregator., took 0 ms.
TpTrace Information: 0 : 26168, 7, 2024/03/23, 13:56:46.594, 432226306803, vstest.console.dll, TestRunRequest:SendTestRunMessage: Completed.
TpTrace Verbose: 0 : 26168, 4, 2024/03/23, 13:56:46.594, 432226306979, vstest.console.dll, MulticastDelegateUtilities.SafeInvoke: InternalTestLoggerEvents.SendTestRunMessage: Invoking callback 1/1 for Microsoft.VisualStudio.TestPlatform.CommandLine.Internal.ConsoleLogger., took 0 ms.
TpTrace Verbose: 0 : 26168, 7, 2024/03/23, 13:56:46.594, 432226307200, vstest.console.dll, MulticastDelegateUtilities.SafeInvoke: LengthPrefixCommunicationChannel: MessageReceived: Invoking callback 1/1 for Microsoft.VisualStudio.TestPlatform.CommunicationUtilities.TestRequestSender+<>c__DisplayClass34_0., took 0 ms.
TpTrace Verbose: 0 : 26168, 7, 2024/03/23, 13:56:46.594, 432226308455, vstest.console.dll, TcpClientExtensions.MessageLoopAsync: Polling on remoteEndPoint: 127.0.0.1:53174 localEndPoint: 127.0.0.1:53173 after 23 ms
TpTrace Verbose: 0 : 26168, 7, 2024/03/23, 13:56:46.595, 432226321131, vstest.console.dll, TcpClientExtensions.MessageLoopAsync: NotifyDataAvailable remoteEndPoint: 127.0.0.1:53174 localEndPoint: 127.0.0.1:53173
TpTrace Verbose: 0 : 26168, 7, 2024/03/23, 13:56:46.595, 432226321828, vstest.console.dll, TestRequestSender.OnExecutionMessageReceived: Received message: {"Version":7,"MessageType":"TestSession.Message","Payload":{"MessageLevel":0,"Message":"[xUnit.net 00:00:00.33]   Starting:    BusinessWebsite.Tests"}}
TpTrace Verbose: 0 : 26168, 7, 2024/03/23, 13:56:46.595, 432226322519, vstest.console.dll, TestRunRequest:SendTestRunMessage: Starting.
TpTrace Verbose: 0 : 26168, 7, 2024/03/23, 13:56:46.595, 432226322975, vstest.console.dll, MulticastDelegateUtilities.SafeInvoke: TestRun.LogMessages: Invoking callback 1/1 for Microsoft.VisualStudio.TestPlatform.CommandLine.TestRunResultAggregator., took 0 ms.
TpTrace Information: 0 : 26168, 7, 2024/03/23, 13:56:46.595, 432226323230, vstest.console.dll, TestRunRequest:SendTestRunMessage: Completed.
TpTrace Verbose: 0 : 26168, 4, 2024/03/23, 13:56:46.595, 432226323282, vstest.console.dll, MulticastDelegateUtilities.SafeInvoke: InternalTestLoggerEvents.SendTestRunMessage: Invoking callback 1/1 for Microsoft.VisualStudio.TestPlatform.CommandLine.Internal.ConsoleLogger., took 0 ms.
TpTrace Verbose: 0 : 26168, 7, 2024/03/23, 13:56:46.595, 432226323471, vstest.console.dll, MulticastDelegateUtilities.SafeInvoke: LengthPrefixCommunicationChannel: MessageReceived: Invoking callback 1/1 for Microsoft.VisualStudio.TestPlatform.CommunicationUtilities.TestRequestSender+<>c__DisplayClass34_0., took 0 ms.
TpTrace Verbose: 0 : 26168, 7, 2024/03/23, 13:56:46.596, 432226324445, vstest.console.dll, TcpClientExtensions.MessageLoopAsync: Polling on remoteEndPoint: 127.0.0.1:53174 localEndPoint: 127.0.0.1:53173 after 1 ms
TpTrace Verbose: 0 : 26168, 7, 2024/03/23, 13:56:47.226, 432232627494, vstest.console.dll, TcpClientExtensions.MessageLoopAsync: NotifyDataAvailable remoteEndPoint: 127.0.0.1:53174 localEndPoint: 127.0.0.1:53173
TpTrace Verbose: 0 : 26168, 7, 2024/03/23, 13:56:47.226, 432232629989, vstest.console.dll, TestRequestSender.OnExecutionMessageReceived: Received message: {"Version":7,"MessageType":"TestExecution.StatsChange","Payload":{"NewTestResults":[{"TestCase":{"Id":"61eb2e21-9382-1eff-be09-1758543905c1","FullyQualifiedName":"BusinessWebsite.Tests.ErrorViewModelTests.ShowRequestId_IsTrue_WhenRequestIdIsNotEmpty","DisplayName":"BusinessWebsite.Tests.ErrorViewModelTests.ShowRequestId_IsTrue_WhenRequestIdIsNotEmpty","ExecutorUri":"executor://xunit/VsTestRunner2/netcoreapp","Source":"C:\\Users\\Angel\\OneDrive\\Desktop\\repos\\BusinessSolution\\BusinessWebsite.Tests\\bin\\Release\\net8.0\\fine-code-coverage\\build-output\\BusinessWebsite.Tests.dll","CodeFilePath":null,"LineNumber":0,"Properties":[]},"Attachments":[],"Outcome":1,"ErrorMessage":null,"ErrorStackTrace":null,"DisplayName":"BusinessWebsite.Tests.ErrorViewModelTests.ShowRequestId_IsTrue_WhenRequestIdIsNotEmpty","Messages":[],"ComputerName":"MSI","Duration":"00:00:00.2605398","StartTime":"2024-03-23T17:56:46.8893487+00:00","EndTime":"2024-03-23T17:56:46.8893742+00:00","Properties":[]},{"TestCase":{"Id":"2475f5c7-00c9-9262-b68b-683fcb91f4cb","FullyQualifiedName":"BusinessWebsite.Tests.ErrorViewModelTests.ShowRequestId_IsFalse_WhenRequestIdIsNull","DisplayName":"BusinessWebsite.Tests.ErrorViewModelTests.ShowRequestId_IsFalse_WhenRequestIdIsNull","ExecutorUri":"executor://xunit/VsTestRunner2/netcoreapp","Source":"C:\\Users\\Angel\\OneDrive\\Desktop\\repos\\BusinessSolution\\BusinessWebsite.Tests\\bin\\Release\\net8.0\\fine-code-coverage\\build-output\\BusinessWebsite.Tests.dll","CodeFilePath":null,"LineNumber":0,"Properties":[]},"Attachments":[],"Outcome":1,"ErrorMessage":null,"ErrorStackTrace":null,"DisplayName":"BusinessWebsite.Tests.ErrorViewModelTests.ShowRequestId_IsFalse_WhenRequestIdIsNull","Messages":[],"ComputerName":"MSI","Duration":"00:00:00.0001454","StartTime":"2024-03-23T17:56:46.9014962+00:00","EndTime":"2024-03-23T17:56:46.9014963+00:00","Properties":[]},{"TestCase":{"Id":"38e1d28c-9830-5806-3f26-2b52549166ca","FullyQualifiedName":"BusinessWebsite.Tests.ErrorViewModelTests.ShowRequestId_IsFalse_WhenRequestIdIsEmpty","DisplayName":"BusinessWebsite.Tests.ErrorViewModelTests.ShowRequestId_IsFalse_WhenRequestIdIsEmpty","ExecutorUri":"executor://xunit/VsTestRunner2/netcoreapp","Source":"C:\\Users\\Angel\\OneDrive\\Desktop\\repos\\BusinessSolution\\BusinessWebsite.Tests\\bin\\Release\\net8.0\\fine-code-coverage\\build-output\\BusinessWebsite.Tests.dll","CodeFilePath":null,"LineNumber":0,"Properties":[]},"Attachments":[],"Outcome":1,"ErrorMessage":null,"ErrorStackTrace":null,"DisplayName":"BusinessWebsite.Tests.ErrorViewModelTests.ShowRequestId_IsFalse_WhenRequestIdIsEmpty","Messages":[],"ComputerName":"MSI","Duration":"00:00:00.0000528","StartTime":"2024-03-23T17:56:46.9038791+00:00","EndTime":"2024-03-23T17:56:46.9038793+00:00","Properties":[]},{"TestCase":{"Id":"8cd293c6-b6dd-e461-edf1-721c77fdfc27","FullyQualifiedName":"BusinessWebsite.Tests.BusinessWebsiteRepositoryTests.InsertInquiry_FailureReturnsFalse","DisplayName":"BusinessWebsite.Tests.BusinessWebsiteRepositoryTests.InsertInquiry_FailureReturnsFalse","ExecutorUri":"executor://xunit/VsTestRunner2/netcoreapp","Source":"C:\\Users\\Angel\\OneDrive\\Desktop\\repos\\BusinessSolution\\BusinessWebsite.Tests\\bin\\Release\\net8.0\\fine-code-coverage\\build-output\\BusinessWebsite.Tests.dll","CodeFilePath":null,"LineNumber":0,"Properties":[]},"Attachments":[],"Outcome":1,"ErrorMessage":null,"ErrorStackTrace":null,"DisplayName":"BusinessWebsite.Tests.BusinessWebsiteRepositoryTests.InsertInquiry_FailureReturnsFalse","Messages":[],"ComputerName":"MSI","Duration":"00:00:00.5704500","StartTime":"2024-03-23T17:56:47.1952138+00:00","EndTime":"2024-03-23T17:56:47.1952142+00:00","Properties":[]},{"TestCase":{"Id":"80620350-85ed-c722-af4d-0210e1083ade","FullyQualifiedName":"BusinessWebsite.Tests.BusinessWebsiteRepositoryTests.InsertInquiry_SuccessReturnsTrue","DisplayName":"BusinessWebsite.Tests.BusinessWebsiteRepositoryTests.InsertInquiry_SuccessReturnsTrue","ExecutorUri":"executor://xunit/VsTestRunner2/netcoreapp","Source":"C:\\Users\\Angel\\OneDrive\\Desktop\\repos\\BusinessSolution\\BusinessWebsite.Tests\\bin\\Release\\net8.0\\fine-code-coverage\\build-output\\BusinessWebsite.Tests.dll","CodeFilePath":null,"LineNumber":0,"Properties":[]},"Attachments":[],"Outcome":1,"ErrorMessage":null,"ErrorStackTrace":null,"DisplayName":"BusinessWebsite.Tests.BusinessWebsiteRepositoryTests.InsertInquiry_SuccessReturnsTrue","Messages":[],"ComputerName":"MSI","Duration":"00:00:00.0009730","StartTime":"2024-03-23T17:56:47.1976414+00:00","EndTime":"2024-03-23T17:56:47.1976415+00:00","Properties":[]},{"TestCase":{"Id":"3e5e1ae8-2f87-db46-b36a-b1401c055200","FullyQualifiedName":"BusinessWebsite.Tests.HomeControllerTests.FormSubmit_ValidModel_ReturnsRedirectWithSuccessMessage","DisplayName":"BusinessWebsite.Tests.HomeControllerTests.FormSubmit_ValidModel_ReturnsRedirectWithSuccessMessage","ExecutorUri":"executor://xunit/VsTestRunner2/netcoreapp","Source":"C:\\Users\\Angel\\OneDrive\\Desktop\\repos\\BusinessSolution\\BusinessWebsite.Tests\\bin\\Release\\net8.0\\fine-code-coverage\\build-output\\BusinessWebsite.Tests.dll","CodeFilePath":null,"LineNumber":0,"Properties":[]},"Attachments":[],"Outcome":1,"ErrorMessage":null,"ErrorStackTrace":null,"DisplayName":"BusinessWebsite.Tests.HomeControllerTests.FormSubmit_ValidModel_ReturnsRedirectWithSuccessMessage","Messages":[],"ComputerName":"MSI","Duration":"00:00:00.5754307","StartTime":"2024-03-23T17:56:47.2001407+00:00","EndTime":"2024-03-23T17:56:47.2001409+00:00","Properties":[]},{"TestCase":{"Id":"a5400270-bc03-f9f9-0384-4b57d12cb0a2","FullyQualifiedName":"BusinessWebsite.Tests.HomeControllerTests.Portfolio_ReturnsView","DisplayName":"BusinessWebsite.Tests.HomeControllerTests.Portfolio_ReturnsView","ExecutorUri":"executor://xunit/VsTestRunner2/netcoreapp","Source":"C:\\Users\\Angel\\OneDrive\\Desktop\\repos\\BusinessSolution\\BusinessWebsite.Tests\\bin\\Release\\net8.0\\fine-code-coverage\\build-output\\BusinessWebsite.Tests.dll","CodeFilePath":null,"LineNumber":0,"Properties":[]},"Attachments":[],"Outcome":1,"ErrorMessage":null,"ErrorStackTrace":null,"DisplayName":"BusinessWebsite.Tests.HomeControllerTests.Portfolio_ReturnsView","Messages":[],"ComputerName":"MSI","Duration":"00:00:00.0050833","StartTime":"2024-03-23T17:56:47.2053124+00:00","EndTime":"2024-03-23T17:56:47.205313+00:00","Properties":[]},{"TestCase":{"Id":"c71cea19-10d4-7a15-6419-21377c30d257","FullyQualifiedName":"BusinessWebsite.Tests.HomeControllerTests.FormSubmit_InvalidModel_ReturnsRedirect","DisplayName":"BusinessWebsite.Tests.HomeControllerTests.FormSubmit_InvalidModel_ReturnsRedirect","ExecutorUri":"executor://xunit/VsTestRunner2/netcoreapp","Source":"C:\\Users\\Angel\\OneDrive\\Desktop\\repos\\BusinessSolution\\BusinessWebsite.Tests\\bin\\Release\\net8.0\\fine-code-coverage\\build-output\\BusinessWebsite.Tests.dll","CodeFilePath":null,"LineNumber":0,"Properties":[]},"Attachments":[],"Outcome":1,"ErrorMessage":null,"ErrorStackTrace":null,"DisplayName":"BusinessWebsite.Tests.HomeControllerTests.FormSubmit_InvalidModel_ReturnsRedirect","Messages":[],"ComputerName":"MSI","Duration":"00:00:00.0008477","StartTime":"2024-03-23T17:56:47.2072987+00:00","EndTime":"2024-03-23T17:56:47.2072989+00:00","Properties":[]},{"TestCase":{"Id":"f0dbf5c5-fc61-11d3-cba7-ebc5f59cbc9c","FullyQualifiedName":"BusinessWebsite.Tests.HomeControllerTests.Error_ReturnsViewWithErrorViewModel_UsingTraceIdentifier","DisplayName":"BusinessWebsite.Tests.HomeControllerTests.Error_ReturnsViewWithErrorViewModel_UsingTraceIdentifier","ExecutorUri":"executor://xunit/VsTestRunner2/netcoreapp","Source":"C:\\Users\\Angel\\OneDrive\\Desktop\\repos\\BusinessSolution\\BusinessWebsite.Tests\\bin\\Release\\net8.0\\fine-code-coverage\\build-output\\BusinessWebsite.Tests.dll","CodeFilePath":null,"LineNumber":0,"Properties":[]},"Attachments":[],"Outcome":1,"ErrorMessage":null,"ErrorStackTrace":null,"DisplayName":"BusinessWebsite.Tests.HomeControllerTests.Error_ReturnsViewWithErrorViewModel_UsingTraceIdentifier","Messages":[],"ComputerName":"MSI","Duration":"00:00:00.0031219","StartTime":"2024-03-23T17:56:47.2094053+00:00","EndTime":"2024-03-23T17:56:47.2094054+00:00","Properties":[]}],"TestRunStatistics":{"ExecutedTests":9,"Stats":{"Passed":9}},"ActiveTests":[{"Id":"92d8263b-853e-0efb-e163-a5d5b468d87c","FullyQualifiedName":"BusinessWebsite.Tests.HomeControllerTests.Index_ReturnsViewWithInquiryModel","DisplayName":"BusinessWebsite.Tests.HomeControllerTests.Index_ReturnsViewWithInquiryModel","ExecutorUri":"executor://xunit/VsTestRunner2/netcoreapp","Source":"C:\\Users\\Angel\\OneDrive\\Desktop\\repos\\BusinessSolution\\BusinessWebsite.Tests\\bin\\Release\\net8.0\\fine-code-coverage\\build-output\\BusinessWebsite.Tests.dll","CodeFilePath":null,"LineNumber":0,"Properties":[]}]}}
TpTrace Verbose: 0 : 26168, 7, 2024/03/23, 13:56:47.240, 432232764410, vstest.console.dll, TestRunRequest:SendTestRunStatsChange: Starting.
TpTrace Verbose: 0 : 26168, 7, 2024/03/23, 13:56:47.240, 432232765573, vstest.console.dll, InProgress is BusinessWebsite.Tests.HomeControllerTests.Index_ReturnsViewWithInquiryModel
TpTrace Verbose: 0 : 26168, 7, 2024/03/23, 13:56:47.240, 432232767014, vstest.console.dll, MulticastDelegateUtilities.SafeInvoke: TestRun.RunStatsChanged: Invoking callbacks was skipped because there are no subscribers.
TpTrace Information: 0 : 26168, 7, 2024/03/23, 13:56:47.240, 432232767378, vstest.console.dll, TestRunRequest:SendTestRunStatsChange: Completed.
TpTrace Verbose: 0 : 26168, 7, 2024/03/23, 13:56:47.240, 432232767765, vstest.console.dll, MulticastDelegateUtilities.SafeInvoke: LengthPrefixCommunicationChannel: MessageReceived: Invoking callback 1/1 for Microsoft.VisualStudio.TestPlatform.CommunicationUtilities.TestRequestSender+<>c__DisplayClass34_0., took 13 ms.
TpTrace Verbose: 0 : 26168, 7, 2024/03/23, 13:56:47.240, 432232768113, vstest.console.dll, TcpClientExtensions.MessageLoopAsync: Polling on remoteEndPoint: 127.0.0.1:53174 localEndPoint: 127.0.0.1:53173 after 644 ms
TpTrace Verbose: 0 : 26168, 7, 2024/03/23, 13:56:47.240, 432232768482, vstest.console.dll, TcpClientExtensions.MessageLoopAsync: NotifyDataAvailable remoteEndPoint: 127.0.0.1:53174 localEndPoint: 127.0.0.1:53173
TpTrace Verbose: 0 : 26168, 7, 2024/03/23, 13:56:47.240, 432232768970, vstest.console.dll, TestRequestSender.OnExecutionMessageReceived: Received message: {"Version":7,"MessageType":"TestSession.Message","Payload":{"MessageLevel":0,"Message":"[xUnit.net 00:00:00.97]   Finished:    BusinessWebsite.Tests"}}
TpTrace Verbose: 0 : 26168, 7, 2024/03/23, 13:56:47.240, 432232769632, vstest.console.dll, TestRunRequest:SendTestRunMessage: Starting.
TpTrace Verbose: 0 : 26168, 7, 2024/03/23, 13:56:47.240, 432232770001, vstest.console.dll, MulticastDelegateUtilities.SafeInvoke: TestRun.LogMessages: Invoking callback 1/1 for Microsoft.VisualStudio.TestPlatform.CommandLine.TestRunResultAggregator., took 0 ms.
TpTrace Information: 0 : 26168, 7, 2024/03/23, 13:56:47.240, 432232770218, vstest.console.dll, TestRunRequest:SendTestRunMessage: Completed.
TpTrace Verbose: 0 : 26168, 7, 2024/03/23, 13:56:47.240, 432232770447, vstest.console.dll, MulticastDelegateUtilities.SafeInvoke: LengthPrefixCommunicationChannel: MessageReceived: Invoking callback 1/1 for Microsoft.VisualStudio.TestPlatform.CommunicationUtilities.TestRequestSender+<>c__DisplayClass34_0., took 0 ms.
TpTrace Verbose: 0 : 26168, 7, 2024/03/23, 13:56:47.240, 432232770666, vstest.console.dll, TcpClientExtensions.MessageLoopAsync: Polling on remoteEndPoint: 127.0.0.1:53174 localEndPoint: 127.0.0.1:53173 after 0 ms
TpTrace Verbose: 0 : 26168, 4, 2024/03/23, 13:56:47.242, 432232784358, vstest.console.dll, MulticastDelegateUtilities.SafeInvoke: InternalTestLoggerEvents.SendTestResult: Invoking callback 1/1 for Microsoft.VisualStudio.TestPlatform.CommandLine.Internal.ConsoleLogger., took 1 ms.
TpTrace Verbose: 0 : 26168, 4, 2024/03/23, 13:56:47.242, 432232786110, vstest.console.dll, MulticastDelegateUtilities.SafeInvoke: InternalTestLoggerEvents.SendTestResult: Invoking callback 1/1 for Microsoft.VisualStudio.TestPlatform.CommandLine.Internal.ConsoleLogger., took 0 ms.
TpTrace Verbose: 0 : 26168, 4, 2024/03/23, 13:56:47.242, 432232786638, vstest.console.dll, MulticastDelegateUtilities.SafeInvoke: InternalTestLoggerEvents.SendTestResult: Invoking callback 1/1 for Microsoft.VisualStudio.TestPlatform.CommandLine.Internal.ConsoleLogger., took 0 ms.
TpTrace Verbose: 0 : 26168, 4, 2024/03/23, 13:56:47.242, 432232786978, vstest.console.dll, MulticastDelegateUtilities.SafeInvoke: InternalTestLoggerEvents.SendTestResult: Invoking callback 1/1 for Microsoft.VisualStudio.TestPlatform.CommandLine.Internal.ConsoleLogger., took 0 ms.
TpTrace Verbose: 0 : 26168, 4, 2024/03/23, 13:56:47.242, 432232792695, vstest.console.dll, MulticastDelegateUtilities.SafeInvoke: InternalTestLoggerEvents.SendTestResult: Invoking callback 1/1 for Microsoft.VisualStudio.TestPlatform.CommandLine.Internal.ConsoleLogger., took 0 ms.
TpTrace Verbose: 0 : 26168, 4, 2024/03/23, 13:56:47.242, 432232793327, vstest.console.dll, MulticastDelegateUtilities.SafeInvoke: InternalTestLoggerEvents.SendTestResult: Invoking callback 1/1 for Microsoft.VisualStudio.TestPlatform.CommandLine.Internal.ConsoleLogger., took 0 ms.
TpTrace Verbose: 0 : 26168, 4, 2024/03/23, 13:56:47.243, 432232793850, vstest.console.dll, MulticastDelegateUtilities.SafeInvoke: InternalTestLoggerEvents.SendTestResult: Invoking callback 1/1 for Microsoft.VisualStudio.TestPlatform.CommandLine.Internal.ConsoleLogger., took 0 ms.
TpTrace Verbose: 0 : 26168, 4, 2024/03/23, 13:56:47.243, 432232794212, vstest.console.dll, MulticastDelegateUtilities.SafeInvoke: InternalTestLoggerEvents.SendTestResult: Invoking callback 1/1 for Microsoft.VisualStudio.TestPlatform.CommandLine.Internal.ConsoleLogger., took 0 ms.
TpTrace Verbose: 0 : 26168, 4, 2024/03/23, 13:56:47.243, 432232794535, vstest.console.dll, MulticastDelegateUtilities.SafeInvoke: InternalTestLoggerEvents.SendTestResult: Invoking callback 1/1 for Microsoft.VisualStudio.TestPlatform.CommandLine.Internal.ConsoleLogger., took 0 ms.
TpTrace Verbose: 0 : 26168, 4, 2024/03/23, 13:56:47.243, 432232794814, vstest.console.dll, MulticastDelegateUtilities.SafeInvoke: InternalTestLoggerEvents.SendTestRunMessage: Invoking callback 1/1 for Microsoft.VisualStudio.TestPlatform.CommandLine.Internal.ConsoleLogger., took 0 ms.
TpTrace Verbose: 0 : 26168, 7, 2024/03/23, 13:56:47.252, 432232891665, vstest.console.dll, TcpClientExtensions.MessageLoopAsync: NotifyDataAvailable remoteEndPoint: 127.0.0.1:53174 localEndPoint: 127.0.0.1:53173
TpTrace Verbose: 0 : 26168, 7, 2024/03/23, 13:56:47.252, 432232893455, vstest.console.dll, TestRequestSender.OnExecutionMessageReceived: Received message: {"Version":7,"MessageType":"TestExecution.Completed","Payload":{"TestRunCompleteArgs":{"TestRunStatistics":{"ExecutedTests":13,"Stats":{"Passed":13}},"IsCanceled":false,"IsAborted":false,"Error":null,"AttachmentSets":[],"InvokedDataCollectors":[],"ElapsedTimeInRunningTests":"00:00:00.9779469","Metrics":{},"DiscoveredExtensions":{"TestDiscoverers":["Xunit.Runner.VisualStudio.VsTestRunner, xunit.runner.visualstudio.dotnetcore.testadapter, Version=2.5.0.0, Culture=neutral, PublicKeyToken=null"],"TestExecutors":["executor://xunit/VsTestRunner2/netcoreapp"],"TestExecutors2":[],"TestSettingsProviders":[]}},"LastRunTests":{"NewTestResults":[{"TestCase":{"Id":"92d8263b-853e-0efb-e163-a5d5b468d87c","FullyQualifiedName":"BusinessWebsite.Tests.HomeControllerTests.Index_ReturnsViewWithInquiryModel","DisplayName":"BusinessWebsite.Tests.HomeControllerTests.Index_ReturnsViewWithInquiryModel","ExecutorUri":"executor://xunit/VsTestRunner2/netcoreapp","Source":"C:\\Users\\Angel\\OneDrive\\Desktop\\repos\\BusinessSolution\\BusinessWebsite.Tests\\bin\\Release\\net8.0\\fine-code-coverage\\build-output\\BusinessWebsite.Tests.dll","CodeFilePath":null,"LineNumber":0,"Properties":[]},"Attachments":[],"Outcome":1,"ErrorMessage":null,"ErrorStackTrace":null,"DisplayName":"BusinessWebsite.Tests.HomeControllerTests.Index_ReturnsViewWithInquiryModel","Messages":[],"ComputerName":"MSI","Duration":"00:00:00.0135682","StartTime":"2024-03-23T17:56:47.227354+00:00","EndTime":"2024-03-23T17:56:47.2273542+00:00","Properties":[]},{"TestCase":{"Id":"cd36a06e-6787-7441-884c-cd89f6685a8c","FullyQualifiedName":"BusinessWebsite.Tests.HomeControllerTests.Error_ReturnsViewWithErrorViewModel_UsingActivityId","DisplayName":"BusinessWebsite.Tests.HomeControllerTests.Error_ReturnsViewWithErrorViewModel_UsingActivityId","ExecutorUri":"executor://xunit/VsTestRunner2/netcoreapp","Source":"C:\\Users\\Angel\\OneDrive\\Desktop\\repos\\BusinessSolution\\BusinessWebsite.Tests\\bin\\Release\\net8.0\\fine-code-coverage\\build-output\\BusinessWebsite.Tests.dll","CodeFilePath":null,"LineNumber":0,"Properties":[]},"Attachments":[],"Outcome":1,"ErrorMessage":null,"ErrorStackTrace":null,"DisplayName":"BusinessWebsite.Tests.HomeControllerTests.Error_ReturnsViewWithErrorViewModel_UsingActivityId","Messages":[],"ComputerName":"MSI","Duration":"00:00:00.0008664","StartTime":"2024-03-23T17:56:47.2290808+00:00","EndTime":"2024-03-23T17:56:47.2290809+00:00","Properties":[]},{"TestCase":{"Id":"3d564d3f-2bff-2335-e15b-064a3251471b","FullyQualifiedName":"BusinessWebsite.Tests.HomeControllerTests.Privacy_ReturnsView","DisplayName":"BusinessWebsite.Tests.HomeControllerTests.Privacy_ReturnsView","ExecutorUri":"executor://xunit/VsTestRunner2/netcoreapp","Source":"C:\\Users\\Angel\\OneDrive\\Desktop\\repos\\BusinessSolution\\BusinessWebsite.Tests\\bin\\Release\\net8.0\\fine-code-coverage\\build-output\\BusinessWebsite.Tests.dll","CodeFilePath":null,"LineNumber":0,"Properties":[]},"Attachments":[],"Outcome":1,"ErrorMessage":null,"ErrorStackTrace":null,"DisplayName":"BusinessWebsite.Tests.HomeControllerTests.Privacy_ReturnsView","Messages":[],"ComputerName":"MSI","Duration":"00:00:00.0002530","StartTime":"2024-03-23T17:56:47.2310926+00:00","EndTime":"2024-03-23T17:56:47.2310928+00:00","Properties":[]},{"TestCase":{"Id":"753a3592-2cc1-07af-b2a6-00085449ffd3","FullyQualifiedName":"BusinessWebsite.Tests.HomeControllerTests.FormSubmit_InsertionFails_RedirectsToError","DisplayName":"BusinessWebsite.Tests.HomeControllerTests.FormSubmit_InsertionFails_RedirectsToError","ExecutorUri":"executor://xunit/VsTestRunner2/netcoreapp","Source":"C:\\Users\\Angel\\OneDrive\\Desktop\\repos\\BusinessSolution\\BusinessWebsite.Tests\\bin\\Release\\net8.0\\fine-code-coverage\\build-output\\BusinessWebsite.Tests.dll","CodeFilePath":null,"LineNumber":0,"Properties":[]},"Attachments":[],"Outcome":1,"ErrorMessage":null,"ErrorStackTrace":null,"DisplayName":"BusinessWebsite.Tests.HomeControllerTests.FormSubmit_InsertionFails_RedirectsToError","Messages":[],"ComputerName":"MSI","Duration":"00:00:00.0008059","StartTime":"2024-03-23T17:56:47.2327925+00:00","EndTime":"2024-03-23T17:56:47.2327928+00:00","Properties":[]}],"TestRunStatistics":{"ExecutedTests":13,"Stats":{"Passed":13}},"ActiveTests":[]},"RunAttachments":[],"ExecutorUris":["executor://xunit/VsTestRunner2/netcoreapp"]}}
TpTrace Verbose: 0 : 26168, 7, 2024/03/23, 13:56:47.253, 432232894410, vstest.console.dll, TestRequestSender.EndSession: Sending end session.
TpTrace Verbose: 0 : 26168, 7, 2024/03/23, 13:56:47.253, 432232895679, vstest.console.dll, ProxyOperationManager.Close: waiting for test host to exit for 100 ms
TpTrace Verbose: 0 : 26168, 13, 2024/03/23, 13:56:47.269, 432233057480, vstest.console.dll, TestHostManagerCallbacks.ctor: Experimental forwarding output is disabled.
TpTrace Warning: 0 : 26168, 13, 2024/03/23, 13:56:47.269, 432233059632, vstest.console.dll, TestHostManagerCallbacks.ErrorReceivedCallback Test host standard error line: 
TpTrace Verbose: 0 : 26168, 13, 2024/03/23, 13:56:47.276, 432233126484, vstest.console.dll, TestHostProvider.ExitCallBack: Host exited starting callback.
TpTrace Information: 0 : 26168, 13, 2024/03/23, 13:56:47.276, 432233127782, vstest.console.dll, TestHostManagerCallbacks.ExitCallBack: Testhost processId: 18864 exited with exitcode: 0 error: ''
TpTrace Verbose: 0 : 26168, 13, 2024/03/23, 13:56:47.276, 432233128140, vstest.console.dll, DotnetTestHostManager.OnHostExited: invoking OnHostExited callback
TpTrace Verbose: 0 : 26168, 13, 2024/03/23, 13:56:47.276, 432233128583, vstest.console.dll, CrossPlatEngine.TestHostManagerHostExited: calling on client process exit callback.
TpTrace Information: 0 : 26168, 13, 2024/03/23, 13:56:47.276, 432233129010, vstest.console.dll, TestRequestSender.OnClientProcessExit: Test host process exited. Standard error: 
TpTrace Information: 0 : 26168, 13, 2024/03/23, 13:56:47.276, 432233129322, vstest.console.dll, SocketServer.Stop: Stop server endPoint: 127.0.0.1:53173
TpTrace Information: 0 : 26168, 13, 2024/03/23, 13:56:47.276, 432233129549, vstest.console.dll, SocketServer.Stop: Cancellation requested. Stopping message loop.
TpTrace Information: 0 : 26168, 7, 2024/03/23, 13:56:47.276, 432233129307, vstest.console.dll, SocketServer.Stop: Stop server endPoint: 127.0.0.1:53173
TpTrace Information: 0 : 26168, 7, 2024/03/23, 13:56:47.276, 432233130151, vstest.console.dll, SocketServer.Stop: Cancellation requested. Stopping message loop.
TpTrace Information: 0 : 26168, 7, 2024/03/23, 13:56:47.276, 432233130523, vstest.console.dll, Closing the connection
TpTrace Verbose: 0 : 26168, 13, 2024/03/23, 13:56:47.276, 432233130728, vstest.console.dll, MulticastDelegateUtilities.SafeInvoke: HostProviderEvents.OnHostExited: Invoking callback 1/1 for Microsoft.VisualStudio.TestPlatform.CrossPlatEngine.Client.ProxyOperationManager., took 0 ms.
TpTrace Verbose: 0 : 26168, 7, 2024/03/23, 13:56:47.276, 432233132467, vstest.console.dll, ProxyDataCollectionManager.InvokeDataCollectionServiceAction: Starting.
TpTrace Information: 0 : 26168, 7, 2024/03/23, 13:56:47.276, 432233132902, vstest.console.dll, ProxyDataCollectionManager.AfterTestRunEnd: Get attachment set and invoked data collectors processId: 300 port: 53170
TpTrace Verbose: 0 : 26168, 7, 2024/03/23, 13:56:47.276, 432233133291, vstest.console.dll, DataCollectionRequestSender.SendAfterTestRunStartAndGetResult: Send AfterTestRunEnd message with isCancelled: False
TpTrace Verbose: 0 : 26168, 7, 2024/03/23, 13:56:47.281, 432233177994, vstest.console.dll, DataCollectionRequestSender.SendAfterTestRunStartAndGetResult: Received message: (DataCollection.AfterTestRunEndResult) -> {"MessageType":"DataCollection.AfterTestRunEndResult","Payload":{"AttachmentSets":[],"InvokedDataCollectors":[{"Uri":"datacollector://Microsoft/TestPlatform/Extensions/Blame/v1","FriendlyName":"Blame","AssemblyQualifiedName":"Microsoft.TestPlatform.Extensions.BlameDataCollector.BlameCollector, Microsoft.TestPlatform.Extensions.BlameDataCollector, Version=15.0.0.0, Culture=neutral, PublicKeyToken=b03f5f7f11d50a3a","FilePath":"C:\\Program Files\\dotnet\\sdk\\8.0.202\\Extensions\\Microsoft.TestPlatform.Extensions.BlameDataCollector.dll","HasAttachmentProcessor":false}],"Metrics":{}}}
TpTrace Information: 0 : 26168, 7, 2024/03/23, 13:56:47.284, 432233211491, vstest.console.dll, ProxyDataCollectionManager.InvokeDataCollectionServiceAction: Completed.
TpTrace Warning: 0 : 26168, 11, 2024/03/23, 13:56:47.285, 432233217451, vstest.console.dll, DataCollectionLauncher.ErrorReceivedCallback datacollector standard error line: 
TpTrace Information: 0 : 26168, 11, 2024/03/23, 13:56:47.289, 432233254612, vstest.console.dll, DataCollectionLauncher.ExitCallBack: Data collector exited with exitcode: 0 error: ''
TpTrace Verbose: 0 : 26168, 7, 2024/03/23, 13:56:47.306, 432233429740, vstest.console.dll, TestRunRequest:SendTestRunStatsChange: Starting.
TpTrace Verbose: 0 : 26168, 7, 2024/03/23, 13:56:47.306, 432233430919, vstest.console.dll, MulticastDelegateUtilities.SafeInvoke: TestRun.RunStatsChanged: Invoking callbacks was skipped because there are no subscribers.
TpTrace Information: 0 : 26168, 7, 2024/03/23, 13:56:47.306, 432233431180, vstest.console.dll, TestRunRequest:SendTestRunStatsChange: Completed.
TpTrace Verbose: 0 : 26168, 4, 2024/03/23, 13:56:47.306, 432233431446, vstest.console.dll, MulticastDelegateUtilities.SafeInvoke: InternalTestLoggerEvents.SendTestResult: Invoking callback 1/1 for Microsoft.VisualStudio.TestPlatform.CommandLine.Internal.ConsoleLogger., took 0 ms.
TpTrace Verbose: 0 : 26168, 4, 2024/03/23, 13:56:47.306, 432233432030, vstest.console.dll, MulticastDelegateUtilities.SafeInvoke: InternalTestLoggerEvents.SendTestResult: Invoking callback 1/1 for Microsoft.VisualStudio.TestPlatform.CommandLine.Internal.ConsoleLogger., took 0 ms.
TpTrace Verbose: 0 : 26168, 4, 2024/03/23, 13:56:47.306, 432233432351, vstest.console.dll, MulticastDelegateUtilities.SafeInvoke: InternalTestLoggerEvents.SendTestResult: Invoking callback 1/1 for Microsoft.VisualStudio.TestPlatform.CommandLine.Internal.ConsoleLogger., took 0 ms.
TpTrace Verbose: 0 : 26168, 4, 2024/03/23, 13:56:47.306, 432233432703, vstest.console.dll, MulticastDelegateUtilities.SafeInvoke: InternalTestLoggerEvents.SendTestResult: Invoking callback 1/1 for Microsoft.VisualStudio.TestPlatform.CommandLine.Internal.ConsoleLogger., took 0 ms.
TpTrace Verbose: 0 : 26168, 7, 2024/03/23, 13:56:47.306, 432233433250, vstest.console.dll, ParallelProxyExecutionManager: HandlePartialRunComplete: Total workloads = 1, Total started clients = 1 Total completed clients = 1, Run complete = True, Run canceled: False.
TpTrace Verbose: 0 : 26168, 7, 2024/03/23, 13:56:47.306, 432233433577, vstest.console.dll, ParallelProxyExecutionManager: HandlePartialRunComplete: All runs completed stopping all managers.
TpTrace Verbose: 0 : 26168, 7, 2024/03/23, 13:56:47.307, 432233433829, vstest.console.dll, ParallelOperationManager.StopAllManagers: Stopping all managers.
TpTrace Verbose: 0 : 26168, 7, 2024/03/23, 13:56:47.307, 432233434088, vstest.console.dll, ParallelOperationManager.ClearSlots: Clearing all slots. Slots should accept more work: False
TpTrace Verbose: 0 : 26168, 7, 2024/03/23, 13:56:47.307, 432233434360, vstest.console.dll, ParallelOperationManager.SetOccupiedSlotCount: Setting slot counts AvailableSlotCount = 1, OccupiedSlotCount = 0.
TpTrace Verbose: 0 : 26168, 7, 2024/03/23, 13:56:47.307, 432233434626, vstest.console.dll, Occupied slots:

TpTrace Verbose: 0 : 26168, 4, 2024/03/23, 13:56:47.312, 432233487210, vstest.console.dll, MulticastDelegateUtilities.SafeInvoke: InternalTestLoggerEvents.SendTestRunComplete: Invoking callback 1/2 for Microsoft.TestPlatform.Extensions.BlameDataCollector.BlameLogger., took 0 ms.
TpTrace Verbose: 0 : 26168, 4, 2024/03/23, 13:56:47.315, 432233521163, vstest.console.dll, MulticastDelegateUtilities.SafeInvoke: InternalTestLoggerEvents.SendTestRunComplete: Invoking callback 2/2 for Microsoft.VisualStudio.TestPlatform.CommandLine.Internal.ConsoleLogger., took 3 ms.
TpTrace Verbose: 0 : 26168, 7, 2024/03/23, 13:56:47.316, 432233523896, vstest.console.dll, TestRunRequest:TestRunComplete: Starting. IsAborted:False IsCanceled:False.
TpTrace Verbose: 0 : 26168, 7, 2024/03/23, 13:56:47.316, 432233525292, vstest.console.dll, ParallelOperationManager.DoActionOnAllManagers: Calling an action on all managers.
TpTrace Verbose: 0 : 26168, 7, 2024/03/23, 13:56:47.317, 432233534457, vstest.console.dll, TestLoggerManager.HandleTestRunComplete: Ignoring as the object is disposed.
TpTrace Verbose: 0 : 26168, 7, 2024/03/23, 13:56:47.317, 432233535805, vstest.console.dll, MulticastDelegateUtilities.SafeInvoke: TestRun.TestRunComplete: Invoking callback 1/2 for Microsoft.VisualStudio.TestPlatform.CommandLine.TestRunResultAggregator., took 0 ms.
TpTrace Verbose: 0 : 26168, 7, 2024/03/23, 13:56:47.317, 432233536704, vstest.console.dll, MulticastDelegateUtilities.SafeInvoke: TestRun.TestRunComplete: Invoking callback 2/2 for Microsoft.VisualStudio.TestPlatform.CommandLine.Processors.RunTestsArgumentExecutor+TestRunRequestEventsRegistrar., took 0 ms.
TpTrace Information: 0 : 26168, 7, 2024/03/23, 13:56:47.317, 432233537511, vstest.console.dll, TestRunRequest:TestRunComplete: Completed.
TpTrace Verbose: 0 : 26168, 1, 2024/03/23, 13:56:47.317, 432233537654, vstest.console.dll, TestRunRequest.Dispose: Starting.
TpTrace Verbose: 0 : 26168, 7, 2024/03/23, 13:56:47.317, 432233537828, vstest.console.dll, TestRequestSender.SetOperationComplete: Setting operation complete.
TpTrace Information: 0 : 26168, 1, 2024/03/23, 13:56:47.317, 432233538288, vstest.console.dll, TestRunRequest.Dispose: Completed.
TpTrace Information: 0 : 26168, 7, 2024/03/23, 13:56:47.317, 432233538656, vstest.console.dll, SocketServer.Stop: Stop server endPoint: 127.0.0.1:53173
TpTrace Information: 0 : 26168, 1, 2024/03/23, 13:56:47.317, 432233539081, vstest.console.dll, TestRequestManager.RunTests: run tests completed.
TpTrace Information: 0 : 26168, 7, 2024/03/23, 13:56:47.317, 432233539441, vstest.console.dll, SocketServer.Stop: Cancellation requested. Stopping message loop.
TpTrace Information: 0 : 26168, 1, 2024/03/23, 13:56:47.317, 432233539734, vstest.console.dll, RunTestsArgumentProcessor:Execute: Test run is completed.
TpTrace Verbose: 0 : 26168, 7, 2024/03/23, 13:56:47.317, 432233539776, vstest.console.dll, MulticastDelegateUtilities.SafeInvoke: LengthPrefixCommunicationChannel: MessageReceived: Invoking callback 1/1 for Microsoft.VisualStudio.TestPlatform.CommunicationUtilities.TestRequestSender+<>c__DisplayClass34_0., took 64 ms.
TpTrace Information: 0 : 26168, 7, 2024/03/23, 13:56:47.317, 432233540932, vstest.console.dll, SocketServer.PrivateStop: Stopping server endPoint: 127.0.0.1:53173 error: 
TpTrace Verbose: 0 : 26168, 1, 2024/03/23, 13:56:47.317, 432233541546, vstest.console.dll, Executor.Execute: Exiting with exit code of 0
