TpTrace Verbose: 0 : 15212, 1, 2024/03/23, 09:51:48.882, 285137860242, vstest.console.dll, Version: 17.9.0-release-24072-02 Current process architecture: X64
TpTrace Verbose: 0 : 15212, 1, 2024/03/23, 09:51:48.885, 285137885815, vstest.console.dll, Runtime location: C:\Program Files\dotnet\shared\Microsoft.NETCore.App\8.0.3
TpTrace Verbose: 0 : 15212, 1, 2024/03/23, 09:51:48.887, 285137908323, vstest.console.dll, ArtifactProcessingPostProcessModeProcessorExecutor.Initialize: ArtifactProcessingMode.Collect
TpTrace Verbose: 0 : 15212, 1, 2024/03/23, 09:51:48.887, 285137909459, vstest.console.dll, TestSessionCorrelationIdProcessorModeProcessorExecutor.Initialize: TestSessionCorrelationId '17616_78664526-8f6a-44e7-9187-68e2e9e8c8cb'
TpTrace Information: 0 : 15212, 1, 2024/03/23, 09:51:48.893, 285137963424, vstest.console.dll, FilePatternParser: The given file C:\Users\Angel\OneDrive\Desktop\repos\BusinessSolution\InquiryApp.Tests\bin\Release\net8.0\fine-code-coverage\build-output\InquiryApp.Tests.dll is a full path.
TpTrace Verbose: 0 : 15212, 1, 2024/03/23, 09:51:48.897, 285138010268, vstest.console.dll, TestPluginCache.DiscoverTestExtensions: finding test extensions in assemblies ends with: RuntimeProvider.dll TPluginInfo: Microsoft.VisualStudio.TestPlatform.Common.ExtensionFramework.Utilities.TestRuntimePluginInformation TExtension: Microsoft.VisualStudio.TestPlatform.ObjectModel.Host.ITestRuntimeProvider
TpTrace Verbose: 0 : 15212, 1, 2024/03/23, 09:51:48.898, 285138013266, vstest.console.dll, TestPluginCache.GetExtensionPaths: Filtered extension paths: 
TpTrace Verbose: 0 : 15212, 1, 2024/03/23, 09:51:48.898, 285138013963, vstest.console.dll, TestPluginCache.GetExtensionPaths: Added default extension paths: C:\Program Files\dotnet\sdk\8.0.202\Extensions\Microsoft.Diagnostics.NETCore.Client.dll
C:\Program Files\dotnet\sdk\8.0.202\Extensions\Microsoft.TestPlatform.Extensions.BlameDataCollector.dll
C:\Program Files\dotnet\sdk\8.0.202\Extensions\Microsoft.TestPlatform.Extensions.EventLogCollector.dll
C:\Program Files\dotnet\sdk\8.0.202\Extensions\Microsoft.TestPlatform.TestHostRuntimeProvider.dll
C:\Program Files\dotnet\sdk\8.0.202\Extensions\Microsoft.VisualStudio.TestPlatform.Extensions.Html.TestLogger.dll
C:\Program Files\dotnet\sdk\8.0.202\Extensions\Microsoft.VisualStudio.TestPlatform.Extensions.Trx.TestLogger.dll
TpTrace Verbose: 0 : 15212, 1, 2024/03/23, 09:51:48.898, 285138014267, vstest.console.dll, TestPluginCache.GetExtensionPaths: Added unfilterableExtensionPaths: 
TpTrace Information: 0 : 15212, 1, 2024/03/23, 09:51:48.898, 285138018471, vstest.console.dll, AssemblyResolver.ctor: Creating AssemblyResolver with searchDirectories C:\Program Files\dotnet\sdk\8.0.202\Extensions,C:\Program Files\dotnet\sdk\8.0.202
TpTrace Verbose: 0 : 15212, 1, 2024/03/23, 09:51:48.899, 285138027626, vstest.console.dll, TestPluginCache.DiscoverTestExtensions: Discovering the extensions using extension path.
TpTrace Verbose: 0 : 15212, 1, 2024/03/23, 09:51:48.899, 285138028589, vstest.console.dll, TestPluginCache.GetExtensionPaths: Filtered extension paths: 
TpTrace Verbose: 0 : 15212, 1, 2024/03/23, 09:51:48.899, 285138029059, vstest.console.dll, TestPluginCache.GetExtensionPaths: Added default extension paths: C:\Program Files\dotnet\sdk\8.0.202\Extensions\Microsoft.Diagnostics.NETCore.Client.dll
C:\Program Files\dotnet\sdk\8.0.202\Extensions\Microsoft.TestPlatform.Extensions.BlameDataCollector.dll
C:\Program Files\dotnet\sdk\8.0.202\Extensions\Microsoft.TestPlatform.Extensions.EventLogCollector.dll
C:\Program Files\dotnet\sdk\8.0.202\Extensions\Microsoft.TestPlatform.TestHostRuntimeProvider.dll
C:\Program Files\dotnet\sdk\8.0.202\Extensions\Microsoft.VisualStudio.TestPlatform.Extensions.Html.TestLogger.dll
C:\Program Files\dotnet\sdk\8.0.202\Extensions\Microsoft.VisualStudio.TestPlatform.Extensions.Trx.TestLogger.dll
TpTrace Verbose: 0 : 15212, 1, 2024/03/23, 09:51:48.899, 285138029560, vstest.console.dll, TestPluginCache.GetExtensionPaths: Added unfilterableExtensionPaths: 
TpTrace Verbose: 0 : 15212, 1, 2024/03/23, 09:51:48.899, 285138030126, vstest.console.dll, TestPluginCache.DiscoverTestExtensions: Discovering the extensions using allExtensionPaths: C:\Program Files\dotnet\sdk\8.0.202\Extensions\Microsoft.Diagnostics.NETCore.Client.dll
C:\Program Files\dotnet\sdk\8.0.202\Extensions\Microsoft.TestPlatform.Extensions.BlameDataCollector.dll
C:\Program Files\dotnet\sdk\8.0.202\Extensions\Microsoft.TestPlatform.Extensions.EventLogCollector.dll
C:\Program Files\dotnet\sdk\8.0.202\Extensions\Microsoft.TestPlatform.TestHostRuntimeProvider.dll
C:\Program Files\dotnet\sdk\8.0.202\Extensions\Microsoft.VisualStudio.TestPlatform.Extensions.Html.TestLogger.dll
C:\Program Files\dotnet\sdk\8.0.202\Extensions\Microsoft.VisualStudio.TestPlatform.Extensions.Trx.TestLogger.dll
TpTrace Information: 0 : 15212, 1, 2024/03/23, 09:51:48.899, 285138031450, vstest.console.dll, AssemblyResolver.AddSearchDirectories: Adding more searchDirectories C:\Program Files\dotnet\sdk\8.0.202\Extensions,C:\Program Files\dotnet\sdk\8.0.202
TpTrace Information: 0 : 15212, 1, 2024/03/23, 09:51:48.899, 285138031906, vstest.console.dll, AssemblyResolver.AddSearchDirectories: Adding more searchDirectories C:\Program Files\dotnet\sdk\8.0.202\Extensions,C:\Program Files\dotnet\sdk\8.0.202
TpTrace Information: 0 : 15212, 1, 2024/03/23, 09:51:48.900, 285138032164, vstest.console.dll, AssemblyResolver.AddSearchDirectories: Adding more searchDirectories C:\Program Files\dotnet\sdk\8.0.202\Extensions,C:\Program Files\dotnet\sdk\8.0.202
TpTrace Information: 0 : 15212, 1, 2024/03/23, 09:51:48.900, 285138032383, vstest.console.dll, AssemblyResolver.AddSearchDirectories: Adding more searchDirectories C:\Program Files\dotnet\sdk\8.0.202\Extensions,C:\Program Files\dotnet\sdk\8.0.202
TpTrace Information: 0 : 15212, 1, 2024/03/23, 09:51:48.900, 285138032647, vstest.console.dll, AssemblyResolver.AddSearchDirectories: Adding more searchDirectories C:\Program Files\dotnet\sdk\8.0.202\Extensions,C:\Program Files\dotnet\sdk\8.0.202
TpTrace Information: 0 : 15212, 1, 2024/03/23, 09:51:48.900, 285138032853, vstest.console.dll, AssemblyResolver.AddSearchDirectories: Adding more searchDirectories C:\Program Files\dotnet\sdk\8.0.202\Extensions,C:\Program Files\dotnet\sdk\8.0.202
TpTrace Information: 0 : 15212, 1, 2024/03/23, 09:51:48.900, 285138036509, vstest.console.dll, AssemblyResolver.OnResolve: Microsoft.Diagnostics.NETCore.Client: Resolving assembly.
TpTrace Information: 0 : 15212, 1, 2024/03/23, 09:51:48.900, 285138037153, vstest.console.dll, AssemblyResolver.OnResolve: Microsoft.Diagnostics.NETCore.Client: Searching in: 'C:\Program Files\dotnet\sdk\8.0.202\Extensions'.
TpTrace Information: 0 : 15212, 1, 2024/03/23, 09:51:48.906, 285138097130, vstest.console.dll, AssemblyResolver.OnResolve: Microsoft.Diagnostics.NETCore.Client: Loading assembly 'C:\Program Files\dotnet\sdk\8.0.202\Extensions\Microsoft.Diagnostics.NETCore.Client.dll'.
TpTrace Information: 0 : 15212, 1, 2024/03/23, 09:51:48.907, 285138107113, vstest.console.dll, AssemblyResolver.OnResolve: Resolved assembly: Microsoft.Diagnostics.NETCore.Client, from path: C:\Program Files\dotnet\sdk\8.0.202\Extensions\Microsoft.Diagnostics.NETCore.Client.dll
TpTrace Verbose: 0 : 15212, 1, 2024/03/23, 09:51:48.910, 285138141775, vstest.console.dll, MetadataReaderExtensionsHelper: Discovering extensions inside assembly 'Microsoft.Diagnostics.NETCore.Client, Version=0.2.9.2401, Culture=neutral, PublicKeyToken=31bf3856ad364e35' file path 'C:\Program Files\dotnet\sdk\8.0.202\Extensions\Microsoft.Diagnostics.NETCore.Client.dll'
TpTrace Information: 0 : 15212, 1, 2024/03/23, 09:51:48.914, 285138178841, vstest.console.dll, AssemblyResolver.OnResolve: Microsoft.Bcl.AsyncInterfaces: Resolving assembly.
TpTrace Information: 0 : 15212, 1, 2024/03/23, 09:51:48.914, 285138179663, vstest.console.dll, AssemblyResolver.OnResolve: Microsoft.Bcl.AsyncInterfaces: Searching in: 'C:\Program Files\dotnet\sdk\8.0.202\Extensions'.
TpTrace Information: 0 : 15212, 1, 2024/03/23, 09:51:48.914, 285138180242, vstest.console.dll, AssemblyResolver.OnResolve: Microsoft.Bcl.AsyncInterfaces: Assembly path does not exist: 'C:\Program Files\dotnet\sdk\8.0.202\Extensions\Microsoft.Bcl.AsyncInterfaces.dll', returning.
TpTrace Information: 0 : 15212, 1, 2024/03/23, 09:51:48.914, 285138181018, vstest.console.dll, AssemblyResolver.OnResolve: Microsoft.Bcl.AsyncInterfaces: Assembly path does not exist: 'C:\Program Files\dotnet\sdk\8.0.202\Extensions\Microsoft.Bcl.AsyncInterfaces.exe', returning.
TpTrace Information: 0 : 15212, 1, 2024/03/23, 09:51:48.914, 285138181374, vstest.console.dll, AssemblyResolver.OnResolve: Microsoft.Bcl.AsyncInterfaces: Searching in: 'C:\Program Files\dotnet\sdk\8.0.202'.
TpTrace Information: 0 : 15212, 1, 2024/03/23, 09:51:48.914, 285138181833, vstest.console.dll, AssemblyResolver.OnResolve: Microsoft.Bcl.AsyncInterfaces: Assembly path does not exist: 'C:\Program Files\dotnet\sdk\8.0.202\Microsoft.Bcl.AsyncInterfaces.dll', returning.
TpTrace Information: 0 : 15212, 1, 2024/03/23, 09:51:48.915, 285138182218, vstest.console.dll, AssemblyResolver.OnResolve: Microsoft.Bcl.AsyncInterfaces: Assembly path does not exist: 'C:\Program Files\dotnet\sdk\8.0.202\Microsoft.Bcl.AsyncInterfaces.exe', returning.
TpTrace Information: 0 : 15212, 1, 2024/03/23, 09:51:48.915, 285138182439, vstest.console.dll, AssemblyResolver.OnResolve: Microsoft.Bcl.AsyncInterfaces: Failed to load assembly.
TpTrace Verbose: 0 : 15212, 1, 2024/03/23, 09:51:48.915, 285138182696, vstest.console.dll, CurrentDomainAssemblyResolve: Resolving assembly 'Microsoft.Bcl.AsyncInterfaces'.
TpTrace Information: 0 : 15212, 1, 2024/03/23, 09:51:48.915, 285138183158, vstest.console.dll, AssemblyResolver.OnResolve: Microsoft.Bcl.AsyncInterfaces: Resolving assembly.
TpTrace Information: 0 : 15212, 1, 2024/03/23, 09:51:48.915, 285138183455, vstest.console.dll, AssemblyResolver.OnResolve: Microsoft.Bcl.AsyncInterfaces: Resolved from cache.
TpTrace Verbose: 0 : 15212, 1, 2024/03/23, 09:51:48.915, 285138183655, vstest.console.dll, CurrentDomainAssemblyResolve: Resolving assembly 'Microsoft.Bcl.AsyncInterfaces'.
TpTrace Verbose: 0 : 15212, 1, 2024/03/23, 09:51:48.915, 285138183893, vstest.console.dll, CurrentDomainAssemblyResolve: Failed to resolve assembly 'Microsoft.Bcl.AsyncInterfaces'.
TpTrace Verbose: 0 : 15212, 1, 2024/03/23, 09:51:48.915, 285138190838, vstest.console.dll, CurrentDomainAssemblyResolve: Failed to resolve assembly 'Microsoft.Bcl.AsyncInterfaces'.
TpTrace Warning: 0 : 15212, 1, 2024/03/23, 09:51:48.923, 285138271503, vstest.console.dll, TestPluginDiscoverer: Failed to get types from assembly 'Microsoft.Diagnostics.NETCore.Client, Version=0.2.9.2401, Culture=neutral, PublicKeyToken=31bf3856ad364e35'. Error: System.Reflection.ReflectionTypeLoadException: Unable to load one or more of the requested types.
Could not load file or assembly 'Microsoft.Bcl.AsyncInterfaces, Version=6.0.0.0, Culture=neutral, PublicKeyToken=cc7b13ffcd2ddd51'. The system cannot find the file specified.
   at System.Reflection.RuntimeModule.GetTypes(RuntimeModule module)
   at System.Reflection.RuntimeModule.GetTypes()
   at Microsoft.VisualStudio.TestPlatform.Common.ExtensionFramework.TestPluginDiscoverer.GetTestExtensionsFromAssembly[TPluginInfo,TExtension](Assembly assembly, Dictionary`2 pluginInfos, String filePath) in /_/src/Microsoft.TestPlatform.Common/ExtensionFramework/TestPluginDiscoverer.cs:line 158
System.IO.FileNotFoundException: Could not load file or assembly 'Microsoft.Bcl.AsyncInterfaces, Version=6.0.0.0, Culture=neutral, PublicKeyToken=cc7b13ffcd2ddd51'. The system cannot find the file specified.
File name: 'Microsoft.Bcl.AsyncInterfaces, Version=6.0.0.0, Culture=neutral, PublicKeyToken=cc7b13ffcd2ddd51'
 ---> System.IO.FileNotFoundException: Could not load file or assembly 'Microsoft.Bcl.AsyncInterfaces, Culture=neutral, PublicKeyToken=null'. The system cannot find the file specified.
File name: 'Microsoft.Bcl.AsyncInterfaces, Culture=neutral, PublicKeyToken=null'
   at System.Reflection.RuntimeAssembly.InternalLoad(AssemblyName assemblyName, StackCrawlMark& stackMark, AssemblyLoadContext assemblyLoadContext, RuntimeAssembly requestingAssembly, Boolean throwOnFileNotFound)
   at System.Reflection.Assembly.Load(AssemblyName assemblyRef)
   at Microsoft.VisualStudio.TestPlatform.Common.ExtensionFramework.TestPluginCache.CurrentDomainAssemblyResolve(Object sender, AssemblyResolveEventArgs args) in /_/src/Microsoft.TestPlatform.Common/ExtensionFramework/TestPluginCache.cs:line 513
   at System.Runtime.Loader.AssemblyLoadContext.GetFirstResolvedAssemblyFromResolvingEvent(AssemblyName assemblyName)
   at System.Runtime.Loader.AssemblyLoadContext.ResolveUsingEvent(AssemblyName assemblyName)
   at System.Runtime.Loader.AssemblyLoadContext.ResolveUsingResolvingEvent(IntPtr gchManagedAssemblyLoadContext, AssemblyName assemblyName)
TpTrace Warning: 0 : 15212, 1, 2024/03/23, 09:51:48.924, 285138274561, vstest.console.dll, LoaderExceptions: System.IO.FileNotFoundException: Could not load file or assembly 'Microsoft.Bcl.AsyncInterfaces, Version=6.0.0.0, Culture=neutral, PublicKeyToken=cc7b13ffcd2ddd51'. The system cannot find the file specified.
File name: 'Microsoft.Bcl.AsyncInterfaces, Version=6.0.0.0, Culture=neutral, PublicKeyToken=cc7b13ffcd2ddd51'
 ---> System.IO.FileNotFoundException: Could not load file or assembly 'Microsoft.Bcl.AsyncInterfaces, Culture=neutral, PublicKeyToken=null'. The system cannot find the file specified.
File name: 'Microsoft.Bcl.AsyncInterfaces, Culture=neutral, PublicKeyToken=null'
   at System.Reflection.RuntimeAssembly.InternalLoad(AssemblyName assemblyName, StackCrawlMark& stackMark, AssemblyLoadContext assemblyLoadContext, RuntimeAssembly requestingAssembly, Boolean throwOnFileNotFound)
   at System.Reflection.Assembly.Load(AssemblyName assemblyRef)
   at Microsoft.VisualStudio.TestPlatform.Common.ExtensionFramework.TestPluginCache.CurrentDomainAssemblyResolve(Object sender, AssemblyResolveEventArgs args) in /_/src/Microsoft.TestPlatform.Common/ExtensionFramework/TestPluginCache.cs:line 513
   at System.Runtime.Loader.AssemblyLoadContext.GetFirstResolvedAssemblyFromResolvingEvent(AssemblyName assemblyName)
   at System.Runtime.Loader.AssemblyLoadContext.ResolveUsingEvent(AssemblyName assemblyName)
   at System.Runtime.Loader.AssemblyLoadContext.ResolveUsingResolvingEvent(IntPtr gchManagedAssemblyLoadContext, AssemblyName assemblyName)
TpTrace Information: 0 : 15212, 1, 2024/03/23, 09:51:48.924, 285138275987, vstest.console.dll, AssemblyResolver.OnResolve: Microsoft.TestPlatform.Extensions.BlameDataCollector: Resolving assembly.
TpTrace Information: 0 : 15212, 1, 2024/03/23, 09:51:48.924, 285138276369, vstest.console.dll, AssemblyResolver.OnResolve: Microsoft.TestPlatform.Extensions.BlameDataCollector: Searching in: 'C:\Program Files\dotnet\sdk\8.0.202\Extensions'.
TpTrace Information: 0 : 15212, 1, 2024/03/23, 09:51:48.924, 285138281113, vstest.console.dll, AssemblyResolver.OnResolve: Microsoft.TestPlatform.Extensions.BlameDataCollector: Loading assembly 'C:\Program Files\dotnet\sdk\8.0.202\Extensions\Microsoft.TestPlatform.Extensions.BlameDataCollector.dll'.
TpTrace Information: 0 : 15212, 1, 2024/03/23, 09:51:48.925, 285138287342, vstest.console.dll, AssemblyResolver.OnResolve: Resolved assembly: Microsoft.TestPlatform.Extensions.BlameDataCollector, from path: C:\Program Files\dotnet\sdk\8.0.202\Extensions\Microsoft.TestPlatform.Extensions.BlameDataCollector.dll
TpTrace Verbose: 0 : 15212, 1, 2024/03/23, 09:51:48.925, 285138288085, vstest.console.dll, MetadataReaderExtensionsHelper: Discovering extensions inside assembly 'Microsoft.TestPlatform.Extensions.BlameDataCollector, Version=15.0.0.0, Culture=neutral, PublicKeyToken=b03f5f7f11d50a3a' file path 'C:\Program Files\dotnet\sdk\8.0.202\Extensions\Microsoft.TestPlatform.Extensions.BlameDataCollector.dll'
TpTrace Information: 0 : 15212, 1, 2024/03/23, 09:51:48.926, 285138299515, vstest.console.dll, AssemblyResolver.OnResolve: Microsoft.TestPlatform.Extensions.EventLogCollector: Resolving assembly.
TpTrace Information: 0 : 15212, 1, 2024/03/23, 09:51:48.926, 285138300008, vstest.console.dll, AssemblyResolver.OnResolve: Microsoft.TestPlatform.Extensions.EventLogCollector: Searching in: 'C:\Program Files\dotnet\sdk\8.0.202\Extensions'.
TpTrace Information: 0 : 15212, 1, 2024/03/23, 09:51:48.927, 285138304453, vstest.console.dll, AssemblyResolver.OnResolve: Microsoft.TestPlatform.Extensions.EventLogCollector: Loading assembly 'C:\Program Files\dotnet\sdk\8.0.202\Extensions\Microsoft.TestPlatform.Extensions.EventLogCollector.dll'.
TpTrace Information: 0 : 15212, 1, 2024/03/23, 09:51:48.927, 285138308800, vstest.console.dll, AssemblyResolver.OnResolve: Resolved assembly: Microsoft.TestPlatform.Extensions.EventLogCollector, from path: C:\Program Files\dotnet\sdk\8.0.202\Extensions\Microsoft.TestPlatform.Extensions.EventLogCollector.dll
TpTrace Verbose: 0 : 15212, 1, 2024/03/23, 09:51:48.927, 285138309331, vstest.console.dll, MetadataReaderExtensionsHelper: Discovering extensions inside assembly 'Microsoft.TestPlatform.Extensions.EventLogCollector, Version=15.0.0.0, Culture=neutral, PublicKeyToken=b03f5f7f11d50a3a' file path 'C:\Program Files\dotnet\sdk\8.0.202\Extensions\Microsoft.TestPlatform.Extensions.EventLogCollector.dll'
TpTrace Information: 0 : 15212, 1, 2024/03/23, 09:51:48.929, 285138331720, vstest.console.dll, AssemblyResolver.OnResolve: Microsoft.TestPlatform.TestHostRuntimeProvider: Resolving assembly.
TpTrace Information: 0 : 15212, 1, 2024/03/23, 09:51:48.930, 285138332763, vstest.console.dll, AssemblyResolver.OnResolve: Microsoft.TestPlatform.TestHostRuntimeProvider: Searching in: 'C:\Program Files\dotnet\sdk\8.0.202\Extensions'.
TpTrace Information: 0 : 15212, 1, 2024/03/23, 09:51:48.930, 285138338933, vstest.console.dll, AssemblyResolver.OnResolve: Microsoft.TestPlatform.TestHostRuntimeProvider: Loading assembly 'C:\Program Files\dotnet\sdk\8.0.202\Extensions\Microsoft.TestPlatform.TestHostRuntimeProvider.dll'.
TpTrace Information: 0 : 15212, 1, 2024/03/23, 09:51:48.931, 285138345897, vstest.console.dll, AssemblyResolver.OnResolve: Resolved assembly: Microsoft.TestPlatform.TestHostRuntimeProvider, from path: C:\Program Files\dotnet\sdk\8.0.202\Extensions\Microsoft.TestPlatform.TestHostRuntimeProvider.dll
TpTrace Verbose: 0 : 15212, 1, 2024/03/23, 09:51:48.931, 285138346560, vstest.console.dll, MetadataReaderExtensionsHelper: Discovering extensions inside assembly 'Microsoft.TestPlatform.TestHostRuntimeProvider, Version=15.0.0.0, Culture=neutral, PublicKeyToken=b03f5f7f11d50a3a' file path 'C:\Program Files\dotnet\sdk\8.0.202\Extensions\Microsoft.TestPlatform.TestHostRuntimeProvider.dll'
TpTrace Information: 0 : 15212, 1, 2024/03/23, 09:51:48.932, 285138360399, vstest.console.dll, GetTestExtensionFromType: Register extension with identifier data 'HostProvider://DefaultTestHost' and type 'Microsoft.VisualStudio.TestPlatform.CrossPlatEngine.Hosting.DefaultTestHostManager, Microsoft.TestPlatform.TestHostRuntimeProvider, Version=15.0.0.0, Culture=neutral, PublicKeyToken=b03f5f7f11d50a3a' inside file 'C:\Program Files\dotnet\sdk\8.0.202\Extensions\Microsoft.TestPlatform.TestHostRuntimeProvider.dll'
TpTrace Information: 0 : 15212, 1, 2024/03/23, 09:51:48.933, 285138362687, vstest.console.dll, GetTestExtensionFromType: Register extension with identifier data 'HostProvider://DotnetTestHost' and type 'Microsoft.VisualStudio.TestPlatform.CrossPlatEngine.Hosting.DotnetTestHostManager, Microsoft.TestPlatform.TestHostRuntimeProvider, Version=15.0.0.0, Culture=neutral, PublicKeyToken=b03f5f7f11d50a3a' inside file 'C:\Program Files\dotnet\sdk\8.0.202\Extensions\Microsoft.TestPlatform.TestHostRuntimeProvider.dll'
TpTrace Information: 0 : 15212, 1, 2024/03/23, 09:51:48.933, 285138363358, vstest.console.dll, AssemblyResolver.OnResolve: Microsoft.VisualStudio.TestPlatform.Extensions.Html.TestLogger: Resolving assembly.
TpTrace Information: 0 : 15212, 1, 2024/03/23, 09:51:48.933, 285138363645, vstest.console.dll, AssemblyResolver.OnResolve: Microsoft.VisualStudio.TestPlatform.Extensions.Html.TestLogger: Searching in: 'C:\Program Files\dotnet\sdk\8.0.202\Extensions'.
TpTrace Information: 0 : 15212, 1, 2024/03/23, 09:51:48.933, 285138367781, vstest.console.dll, AssemblyResolver.OnResolve: Microsoft.VisualStudio.TestPlatform.Extensions.Html.TestLogger: Loading assembly 'C:\Program Files\dotnet\sdk\8.0.202\Extensions\Microsoft.VisualStudio.TestPlatform.Extensions.Html.TestLogger.dll'.
TpTrace Information: 0 : 15212, 1, 2024/03/23, 09:51:48.934, 285138374155, vstest.console.dll, AssemblyResolver.OnResolve: Resolved assembly: Microsoft.VisualStudio.TestPlatform.Extensions.Html.TestLogger, from path: C:\Program Files\dotnet\sdk\8.0.202\Extensions\Microsoft.VisualStudio.TestPlatform.Extensions.Html.TestLogger.dll
TpTrace Verbose: 0 : 15212, 1, 2024/03/23, 09:51:48.934, 285138374723, vstest.console.dll, MetadataReaderExtensionsHelper: Discovering extensions inside assembly 'Microsoft.VisualStudio.TestPlatform.Extensions.Html.TestLogger, Version=15.0.0.0, Culture=neutral, PublicKeyToken=b03f5f7f11d50a3a' file path 'C:\Program Files\dotnet\sdk\8.0.202\Extensions\Microsoft.VisualStudio.TestPlatform.Extensions.Html.TestLogger.dll'
TpTrace Information: 0 : 15212, 1, 2024/03/23, 09:51:48.935, 285138382344, vstest.console.dll, AssemblyResolver.OnResolve: Microsoft.VisualStudio.TestPlatform.Extensions.Trx.TestLogger: Resolving assembly.
TpTrace Information: 0 : 15212, 1, 2024/03/23, 09:51:48.935, 285138382980, vstest.console.dll, AssemblyResolver.OnResolve: Microsoft.VisualStudio.TestPlatform.Extensions.Trx.TestLogger: Searching in: 'C:\Program Files\dotnet\sdk\8.0.202\Extensions'.
TpTrace Information: 0 : 15212, 1, 2024/03/23, 09:51:48.935, 285138386491, vstest.console.dll, AssemblyResolver.OnResolve: Microsoft.VisualStudio.TestPlatform.Extensions.Trx.TestLogger: Loading assembly 'C:\Program Files\dotnet\sdk\8.0.202\Extensions\Microsoft.VisualStudio.TestPlatform.Extensions.Trx.TestLogger.dll'.
TpTrace Information: 0 : 15212, 1, 2024/03/23, 09:51:48.935, 285138391999, vstest.console.dll, AssemblyResolver.OnResolve: Resolved assembly: Microsoft.VisualStudio.TestPlatform.Extensions.Trx.TestLogger, from path: C:\Program Files\dotnet\sdk\8.0.202\Extensions\Microsoft.VisualStudio.TestPlatform.Extensions.Trx.TestLogger.dll
TpTrace Verbose: 0 : 15212, 1, 2024/03/23, 09:51:48.936, 285138392655, vstest.console.dll, MetadataReaderExtensionsHelper: Discovering extensions inside assembly 'Microsoft.VisualStudio.TestPlatform.Extensions.Trx.TestLogger, Version=15.0.0.0, Culture=neutral, PublicKeyToken=b03f5f7f11d50a3a' file path 'C:\Program Files\dotnet\sdk\8.0.202\Extensions\Microsoft.VisualStudio.TestPlatform.Extensions.Trx.TestLogger.dll'
TpTrace Verbose: 0 : 15212, 1, 2024/03/23, 09:51:48.936, 285138401768, vstest.console.dll, TestPluginCache: Discovered the extensions using extension path ''.
TpTrace Verbose: 0 : 15212, 1, 2024/03/23, 09:51:48.937, 285138402283, vstest.console.dll, TestPluginCache: Discoverers are ''.
TpTrace Verbose: 0 : 15212, 1, 2024/03/23, 09:51:48.937, 285138402499, vstest.console.dll, TestPluginCache: Executors are ''.
TpTrace Verbose: 0 : 15212, 1, 2024/03/23, 09:51:48.937, 285138402669, vstest.console.dll, TestPluginCache: Executors2 are ''.
TpTrace Verbose: 0 : 15212, 1, 2024/03/23, 09:51:48.937, 285138402831, vstest.console.dll, TestPluginCache: Setting providers are ''.
TpTrace Verbose: 0 : 15212, 1, 2024/03/23, 09:51:48.937, 285138402991, vstest.console.dll, TestPluginCache: Loggers are ''.
TpTrace Verbose: 0 : 15212, 1, 2024/03/23, 09:51:48.937, 285138404335, vstest.console.dll, TestPluginCache: TestHosts are 'HostProvider://DefaultTestHost,HostProvider://DotnetTestHost'.
TpTrace Verbose: 0 : 15212, 1, 2024/03/23, 09:51:48.937, 285138404670, vstest.console.dll, TestPluginCache: DataCollectors are ''.
TpTrace Information: 0 : 15212, 1, 2024/03/23, 09:51:48.947, 285138504878, vstest.console.dll, RunTestsArgumentProcessor:Execute: Test run is starting.
TpTrace Verbose: 0 : 15212, 1, 2024/03/23, 09:51:48.947, 285138505705, vstest.console.dll, RunTestsArgumentProcessor:Execute: Queuing Test run.
TpTrace Information: 0 : 15212, 1, 2024/03/23, 09:51:48.947, 285138507341, vstest.console.dll, TestRequestManager.RunTests: run tests started.
TpTrace Information: 0 : 15212, 1, 2024/03/23, 09:51:48.948, 285138516631, vstest.console.dll, AssemblyMetadataProvider.GetFrameworkName: Determined framework:'.NETCoreApp,Version=v8.0' for source: 'C:\Users\Angel\OneDrive\Desktop\repos\BusinessSolution\InquiryApp.Tests\bin\Release\net8.0\fine-code-coverage\build-output\InquiryApp.Tests.dll'
TpTrace Information: 0 : 15212, 1, 2024/03/23, 09:51:48.948, 285138517832, vstest.console.dll, Determined framework for all sources: .NETCoreApp,Version=v8.0
TpTrace Verbose: 0 : 15212, 1, 2024/03/23, 09:51:48.948, 285138520353, vstest.console.dll, TestRequestManager.UpdateRunSettingsIfRequired: Default architecture: X64 IsDefaultTargetArchitecture: True, Current process architecture: X64 OperatingSystem: Windows.
TpTrace Information: 0 : 15212, 1, 2024/03/23, 09:51:48.949, 285138531674, vstest.console.dll, AssemblyMetadataProvider.GetArchitecture: Determined architecture:AnyCPU info for assembly: C:\Users\Angel\OneDrive\Desktop\repos\BusinessSolution\InquiryApp.Tests\bin\Release\net8.0\fine-code-coverage\build-output\InquiryApp.Tests.dll
TpTrace Information: 0 : 15212, 1, 2024/03/23, 09:51:48.950, 285138532113, vstest.console.dll, Determined platform for source 'C:\Users\Angel\OneDrive\Desktop\repos\BusinessSolution\InquiryApp.Tests\bin\Release\net8.0\fine-code-coverage\build-output\InquiryApp.Tests.dll' was AnyCPU and it will use the default plaform X64.
TpTrace Information: 0 : 15212, 1, 2024/03/23, 09:51:48.950, 285138532332, vstest.console.dll, None of the sources provided any runnable platform, using the default platform: X64
TpTrace Information: 0 : 15212, 1, 2024/03/23, 09:51:48.950, 285138533057, vstest.console.dll, Platform was updated to 'X64'.
TpTrace Information: 0 : 15212, 1, 2024/03/23, 09:51:48.952, 285138555538, vstest.console.dll, InferRunSettingsHelper.IsTestSettingsEnabled: Unable to navigate to RunSettings/MSTest. Current node: RunSettings
TpTrace Information: 0 : 15212, 1, 2024/03/23, 09:51:48.952, 285138560099, vstest.console.dll, AssemblyResolver.OnResolve: Microsoft.VisualStudio.TestPlatform.Fakes: Resolving assembly.
TpTrace Information: 0 : 15212, 1, 2024/03/23, 09:51:48.952, 285138560616, vstest.console.dll, AssemblyResolver.OnResolve: Microsoft.VisualStudio.TestPlatform.Fakes: Searching in: 'C:\Program Files\dotnet\sdk\8.0.202\Extensions'.
TpTrace Information: 0 : 15212, 1, 2024/03/23, 09:51:48.952, 285138561297, vstest.console.dll, AssemblyResolver.OnResolve: Microsoft.VisualStudio.TestPlatform.Fakes: Assembly path does not exist: 'C:\Program Files\dotnet\sdk\8.0.202\Extensions\Microsoft.VisualStudio.TestPlatform.Fakes.dll', returning.
TpTrace Information: 0 : 15212, 1, 2024/03/23, 09:51:48.952, 285138561829, vstest.console.dll, AssemblyResolver.OnResolve: Microsoft.VisualStudio.TestPlatform.Fakes: Assembly path does not exist: 'C:\Program Files\dotnet\sdk\8.0.202\Extensions\Microsoft.VisualStudio.TestPlatform.Fakes.exe', returning.
TpTrace Information: 0 : 15212, 1, 2024/03/23, 09:51:48.953, 285138562074, vstest.console.dll, AssemblyResolver.OnResolve: Microsoft.VisualStudio.TestPlatform.Fakes: Searching in: 'C:\Program Files\dotnet\sdk\8.0.202'.
TpTrace Information: 0 : 15212, 1, 2024/03/23, 09:51:48.953, 285138562630, vstest.console.dll, AssemblyResolver.OnResolve: Microsoft.VisualStudio.TestPlatform.Fakes: Assembly path does not exist: 'C:\Program Files\dotnet\sdk\8.0.202\Microsoft.VisualStudio.TestPlatform.Fakes.dll', returning.
TpTrace Information: 0 : 15212, 1, 2024/03/23, 09:51:48.953, 285138563493, vstest.console.dll, AssemblyResolver.OnResolve: Microsoft.VisualStudio.TestPlatform.Fakes: Assembly path does not exist: 'C:\Program Files\dotnet\sdk\8.0.202\Microsoft.VisualStudio.TestPlatform.Fakes.exe', returning.
TpTrace Information: 0 : 15212, 1, 2024/03/23, 09:51:48.953, 285138563777, vstest.console.dll, AssemblyResolver.OnResolve: Microsoft.VisualStudio.TestPlatform.Fakes: Failed to load assembly.
TpTrace Information: 0 : 15212, 1, 2024/03/23, 09:51:48.953, 285138565920, vstest.console.dll, Failed to load assembly Microsoft.VisualStudio.TestPlatform.Fakes, Version=17.0.0.0, Culture=neutral. Reason:System.IO.FileNotFoundException: Could not load file or assembly 'Microsoft.VisualStudio.TestPlatform.Fakes, Version=17.0.0.0, Culture=neutral, PublicKeyToken=null'. The system cannot find the file specified.
File name: 'Microsoft.VisualStudio.TestPlatform.Fakes, Version=17.0.0.0, Culture=neutral, PublicKeyToken=null'
   at System.Reflection.RuntimeAssembly.InternalLoad(AssemblyName assemblyName, StackCrawlMark& stackMark, AssemblyLoadContext assemblyLoadContext, RuntimeAssembly requestingAssembly, Boolean throwOnFileNotFound)
   at System.Reflection.Assembly.Load(AssemblyName assemblyRef)
   at Microsoft.VisualStudio.TestPlatform.Common.Utilities.FakesUtilities.LoadTestPlatformAssembly() in /_/src/Microsoft.TestPlatform.Common/Utilities/FakesUtilities.cs:line 272
TpTrace Verbose: 0 : 15212, 1, 2024/03/23, 09:51:48.955, 285138590311, vstest.console.dll, TestPluginCache.DiscoverTestExtensions: finding test extensions in assemblies ends with: TestLogger.dll TPluginInfo: Microsoft.VisualStudio.TestPlatform.Common.ExtensionFramework.Utilities.TestLoggerPluginInformation TExtension: Microsoft.VisualStudio.TestPlatform.ObjectModel.Client.ITestLogger
TpTrace Verbose: 0 : 15212, 1, 2024/03/23, 09:51:48.955, 285138591355, vstest.console.dll, TestPluginCache.GetExtensionPaths: Filtered extension paths: 
TpTrace Verbose: 0 : 15212, 1, 2024/03/23, 09:51:48.955, 285138591680, vstest.console.dll, TestPluginCache.GetExtensionPaths: Added default extension paths: C:\Program Files\dotnet\sdk\8.0.202\Extensions\Microsoft.Diagnostics.NETCore.Client.dll
C:\Program Files\dotnet\sdk\8.0.202\Extensions\Microsoft.TestPlatform.Extensions.BlameDataCollector.dll
C:\Program Files\dotnet\sdk\8.0.202\Extensions\Microsoft.TestPlatform.Extensions.EventLogCollector.dll
C:\Program Files\dotnet\sdk\8.0.202\Extensions\Microsoft.TestPlatform.TestHostRuntimeProvider.dll
C:\Program Files\dotnet\sdk\8.0.202\Extensions\Microsoft.VisualStudio.TestPlatform.Extensions.Html.TestLogger.dll
C:\Program Files\dotnet\sdk\8.0.202\Extensions\Microsoft.VisualStudio.TestPlatform.Extensions.Trx.TestLogger.dll
TpTrace Verbose: 0 : 15212, 1, 2024/03/23, 09:51:48.955, 285138591935, vstest.console.dll, TestPluginCache.GetExtensionPaths: Added unfilterableExtensionPaths: 
TpTrace Information: 0 : 15212, 1, 2024/03/23, 09:51:48.956, 285138592996, vstest.console.dll, AssemblyResolver.AddSearchDirectories: Adding more searchDirectories C:\Program Files\dotnet\sdk\8.0.202\Extensions,C:\Program Files\dotnet\sdk\8.0.202
TpTrace Verbose: 0 : 15212, 1, 2024/03/23, 09:51:48.956, 285138593422, vstest.console.dll, TestPluginCache.DiscoverTestExtensions: Discovering the extensions using extension path.
TpTrace Verbose: 0 : 15212, 1, 2024/03/23, 09:51:48.956, 285138593727, vstest.console.dll, TestPluginCache.GetExtensionPaths: Filtered extension paths: 
TpTrace Verbose: 0 : 15212, 1, 2024/03/23, 09:51:48.956, 285138594009, vstest.console.dll, TestPluginCache.GetExtensionPaths: Added default extension paths: C:\Program Files\dotnet\sdk\8.0.202\Extensions\Microsoft.Diagnostics.NETCore.Client.dll
C:\Program Files\dotnet\sdk\8.0.202\Extensions\Microsoft.TestPlatform.Extensions.BlameDataCollector.dll
C:\Program Files\dotnet\sdk\8.0.202\Extensions\Microsoft.TestPlatform.Extensions.EventLogCollector.dll
C:\Program Files\dotnet\sdk\8.0.202\Extensions\Microsoft.TestPlatform.TestHostRuntimeProvider.dll
C:\Program Files\dotnet\sdk\8.0.202\Extensions\Microsoft.VisualStudio.TestPlatform.Extensions.Html.TestLogger.dll
C:\Program Files\dotnet\sdk\8.0.202\Extensions\Microsoft.VisualStudio.TestPlatform.Extensions.Trx.TestLogger.dll
TpTrace Verbose: 0 : 15212, 1, 2024/03/23, 09:51:48.956, 285138594257, vstest.console.dll, TestPluginCache.GetExtensionPaths: Added unfilterableExtensionPaths: 
TpTrace Verbose: 0 : 15212, 1, 2024/03/23, 09:51:48.956, 285138594531, vstest.console.dll, TestPluginCache.DiscoverTestExtensions: Discovering the extensions using allExtensionPaths: C:\Program Files\dotnet\sdk\8.0.202\Extensions\Microsoft.Diagnostics.NETCore.Client.dll
C:\Program Files\dotnet\sdk\8.0.202\Extensions\Microsoft.TestPlatform.Extensions.BlameDataCollector.dll
C:\Program Files\dotnet\sdk\8.0.202\Extensions\Microsoft.TestPlatform.Extensions.EventLogCollector.dll
C:\Program Files\dotnet\sdk\8.0.202\Extensions\Microsoft.TestPlatform.TestHostRuntimeProvider.dll
C:\Program Files\dotnet\sdk\8.0.202\Extensions\Microsoft.VisualStudio.TestPlatform.Extensions.Html.TestLogger.dll
C:\Program Files\dotnet\sdk\8.0.202\Extensions\Microsoft.VisualStudio.TestPlatform.Extensions.Trx.TestLogger.dll
TpTrace Information: 0 : 15212, 1, 2024/03/23, 09:51:48.956, 285138595327, vstest.console.dll, AssemblyResolver.AddSearchDirectories: Adding more searchDirectories C:\Program Files\dotnet\sdk\8.0.202\Extensions,C:\Program Files\dotnet\sdk\8.0.202
TpTrace Information: 0 : 15212, 1, 2024/03/23, 09:51:48.956, 285138595726, vstest.console.dll, AssemblyResolver.AddSearchDirectories: Adding more searchDirectories C:\Program Files\dotnet\sdk\8.0.202\Extensions,C:\Program Files\dotnet\sdk\8.0.202
TpTrace Information: 0 : 15212, 1, 2024/03/23, 09:51:48.956, 285138595994, vstest.console.dll, AssemblyResolver.AddSearchDirectories: Adding more searchDirectories C:\Program Files\dotnet\sdk\8.0.202\Extensions,C:\Program Files\dotnet\sdk\8.0.202
TpTrace Information: 0 : 15212, 1, 2024/03/23, 09:51:48.956, 285138596244, vstest.console.dll, AssemblyResolver.AddSearchDirectories: Adding more searchDirectories C:\Program Files\dotnet\sdk\8.0.202\Extensions,C:\Program Files\dotnet\sdk\8.0.202
TpTrace Information: 0 : 15212, 1, 2024/03/23, 09:51:48.956, 285138596490, vstest.console.dll, AssemblyResolver.AddSearchDirectories: Adding more searchDirectories C:\Program Files\dotnet\sdk\8.0.202\Extensions,C:\Program Files\dotnet\sdk\8.0.202
TpTrace Information: 0 : 15212, 1, 2024/03/23, 09:51:48.956, 285138597029, vstest.console.dll, AssemblyResolver.AddSearchDirectories: Adding more searchDirectories C:\Program Files\dotnet\sdk\8.0.202\Extensions,C:\Program Files\dotnet\sdk\8.0.202
TpTrace Verbose: 0 : 15212, 1, 2024/03/23, 09:51:48.956, 285138598207, vstest.console.dll, MetadataReaderExtensionsHelper: Discovering extensions inside assembly 'Microsoft.Diagnostics.NETCore.Client, Version=0.2.9.2401, Culture=neutral, PublicKeyToken=31bf3856ad364e35' file path 'C:\Program Files\dotnet\sdk\8.0.202\Extensions\Microsoft.Diagnostics.NETCore.Client.dll'
TpTrace Information: 0 : 15212, 1, 2024/03/23, 09:51:48.957, 285138607492, vstest.console.dll, AssemblyResolver.OnResolve: Microsoft.Bcl.AsyncInterfaces: Resolving assembly.
TpTrace Information: 0 : 15212, 1, 2024/03/23, 09:51:48.957, 285138608040, vstest.console.dll, AssemblyResolver.OnResolve: Microsoft.Bcl.AsyncInterfaces: Resolved from cache.
TpTrace Verbose: 0 : 15212, 1, 2024/03/23, 09:51:48.957, 285138608312, vstest.console.dll, CurrentDomainAssemblyResolve: Resolving assembly 'Microsoft.Bcl.AsyncInterfaces'.
TpTrace Information: 0 : 15212, 1, 2024/03/23, 09:51:48.957, 285138608682, vstest.console.dll, AssemblyResolver.OnResolve: Microsoft.Bcl.AsyncInterfaces: Resolving assembly.
TpTrace Information: 0 : 15212, 1, 2024/03/23, 09:51:48.957, 285138609013, vstest.console.dll, AssemblyResolver.OnResolve: Microsoft.Bcl.AsyncInterfaces: Resolved from cache.
TpTrace Verbose: 0 : 15212, 1, 2024/03/23, 09:51:48.957, 285138609240, vstest.console.dll, CurrentDomainAssemblyResolve: Resolving assembly 'Microsoft.Bcl.AsyncInterfaces'.
TpTrace Verbose: 0 : 15212, 1, 2024/03/23, 09:51:48.957, 285138609449, vstest.console.dll, CurrentDomainAssemblyResolve: Failed to resolve assembly 'Microsoft.Bcl.AsyncInterfaces'.
TpTrace Verbose: 0 : 15212, 1, 2024/03/23, 09:51:48.957, 285138610568, vstest.console.dll, CurrentDomainAssemblyResolve: Failed to resolve assembly 'Microsoft.Bcl.AsyncInterfaces'.
TpTrace Warning: 0 : 15212, 1, 2024/03/23, 09:51:48.958, 285138613217, vstest.console.dll, TestPluginDiscoverer: Failed to get types from assembly 'Microsoft.Diagnostics.NETCore.Client, Version=0.2.9.2401, Culture=neutral, PublicKeyToken=31bf3856ad364e35'. Error: System.Reflection.ReflectionTypeLoadException: Unable to load one or more of the requested types.
Could not load file or assembly 'Microsoft.Bcl.AsyncInterfaces, Version=6.0.0.0, Culture=neutral, PublicKeyToken=cc7b13ffcd2ddd51'. The system cannot find the file specified.
   at System.Reflection.RuntimeModule.GetTypes(RuntimeModule module)
   at System.Reflection.RuntimeModule.GetTypes()
   at Microsoft.VisualStudio.TestPlatform.Common.ExtensionFramework.TestPluginDiscoverer.GetTestExtensionsFromAssembly[TPluginInfo,TExtension](Assembly assembly, Dictionary`2 pluginInfos, String filePath) in /_/src/Microsoft.TestPlatform.Common/ExtensionFramework/TestPluginDiscoverer.cs:line 158
System.IO.FileNotFoundException: Could not load file or assembly 'Microsoft.Bcl.AsyncInterfaces, Version=6.0.0.0, Culture=neutral, PublicKeyToken=cc7b13ffcd2ddd51'. The system cannot find the file specified.
File name: 'Microsoft.Bcl.AsyncInterfaces, Version=6.0.0.0, Culture=neutral, PublicKeyToken=cc7b13ffcd2ddd51'
 ---> System.IO.FileNotFoundException: Could not load file or assembly 'Microsoft.Bcl.AsyncInterfaces, Culture=neutral, PublicKeyToken=null'. The system cannot find the file specified.
File name: 'Microsoft.Bcl.AsyncInterfaces, Culture=neutral, PublicKeyToken=null'
   at System.Reflection.RuntimeAssembly.InternalLoad(AssemblyName assemblyName, StackCrawlMark& stackMark, AssemblyLoadContext assemblyLoadContext, RuntimeAssembly requestingAssembly, Boolean throwOnFileNotFound)
   at System.Reflection.Assembly.Load(AssemblyName assemblyRef)
   at Microsoft.VisualStudio.TestPlatform.Common.ExtensionFramework.TestPluginCache.CurrentDomainAssemblyResolve(Object sender, AssemblyResolveEventArgs args) in /_/src/Microsoft.TestPlatform.Common/ExtensionFramework/TestPluginCache.cs:line 513
   at System.Runtime.Loader.AssemblyLoadContext.GetFirstResolvedAssemblyFromResolvingEvent(AssemblyName assemblyName)
   at System.Runtime.Loader.AssemblyLoadContext.ResolveUsingEvent(AssemblyName assemblyName)
   at System.Runtime.Loader.AssemblyLoadContext.ResolveUsingResolvingEvent(IntPtr gchManagedAssemblyLoadContext, AssemblyName assemblyName)
TpTrace Warning: 0 : 15212, 1, 2024/03/23, 09:51:48.958, 285138614539, vstest.console.dll, LoaderExceptions: System.IO.FileNotFoundException: Could not load file or assembly 'Microsoft.Bcl.AsyncInterfaces, Version=6.0.0.0, Culture=neutral, PublicKeyToken=cc7b13ffcd2ddd51'. The system cannot find the file specified.
File name: 'Microsoft.Bcl.AsyncInterfaces, Version=6.0.0.0, Culture=neutral, PublicKeyToken=cc7b13ffcd2ddd51'
 ---> System.IO.FileNotFoundException: Could not load file or assembly 'Microsoft.Bcl.AsyncInterfaces, Culture=neutral, PublicKeyToken=null'. The system cannot find the file specified.
File name: 'Microsoft.Bcl.AsyncInterfaces, Culture=neutral, PublicKeyToken=null'
   at System.Reflection.RuntimeAssembly.InternalLoad(AssemblyName assemblyName, StackCrawlMark& stackMark, AssemblyLoadContext assemblyLoadContext, RuntimeAssembly requestingAssembly, Boolean throwOnFileNotFound)
   at System.Reflection.Assembly.Load(AssemblyName assemblyRef)
   at Microsoft.VisualStudio.TestPlatform.Common.ExtensionFramework.TestPluginCache.CurrentDomainAssemblyResolve(Object sender, AssemblyResolveEventArgs args) in /_/src/Microsoft.TestPlatform.Common/ExtensionFramework/TestPluginCache.cs:line 513
   at System.Runtime.Loader.AssemblyLoadContext.GetFirstResolvedAssemblyFromResolvingEvent(AssemblyName assemblyName)
   at System.Runtime.Loader.AssemblyLoadContext.ResolveUsingEvent(AssemblyName assemblyName)
   at System.Runtime.Loader.AssemblyLoadContext.ResolveUsingResolvingEvent(IntPtr gchManagedAssemblyLoadContext, AssemblyName assemblyName)
TpTrace Verbose: 0 : 15212, 1, 2024/03/23, 09:51:48.958, 285138615097, vstest.console.dll, MetadataReaderExtensionsHelper: Discovering extensions inside assembly 'Microsoft.TestPlatform.Extensions.BlameDataCollector, Version=15.0.0.0, Culture=neutral, PublicKeyToken=b03f5f7f11d50a3a' file path 'C:\Program Files\dotnet\sdk\8.0.202\Extensions\Microsoft.TestPlatform.Extensions.BlameDataCollector.dll'
TpTrace Information: 0 : 15212, 1, 2024/03/23, 09:51:48.958, 285138620300, vstest.console.dll, GetTestExtensionFromType: Register extension with identifier data 'logger://Microsoft/TestPlatform/Extensions/Blame/v1' and type 'Microsoft.TestPlatform.Extensions.BlameDataCollector.BlameLogger, Microsoft.TestPlatform.Extensions.BlameDataCollector, Version=15.0.0.0, Culture=neutral, PublicKeyToken=b03f5f7f11d50a3a' inside file 'C:\Program Files\dotnet\sdk\8.0.202\Extensions\Microsoft.TestPlatform.Extensions.BlameDataCollector.dll'
TpTrace Verbose: 0 : 15212, 1, 2024/03/23, 09:51:48.958, 285138620860, vstest.console.dll, MetadataReaderExtensionsHelper: Discovering extensions inside assembly 'Microsoft.TestPlatform.Extensions.EventLogCollector, Version=15.0.0.0, Culture=neutral, PublicKeyToken=b03f5f7f11d50a3a' file path 'C:\Program Files\dotnet\sdk\8.0.202\Extensions\Microsoft.TestPlatform.Extensions.EventLogCollector.dll'
TpTrace Verbose: 0 : 15212, 1, 2024/03/23, 09:51:48.959, 285138625129, vstest.console.dll, MetadataReaderExtensionsHelper: Discovering extensions inside assembly 'Microsoft.TestPlatform.TestHostRuntimeProvider, Version=15.0.0.0, Culture=neutral, PublicKeyToken=b03f5f7f11d50a3a' file path 'C:\Program Files\dotnet\sdk\8.0.202\Extensions\Microsoft.TestPlatform.TestHostRuntimeProvider.dll'
TpTrace Verbose: 0 : 15212, 1, 2024/03/23, 09:51:48.959, 285138628999, vstest.console.dll, MetadataReaderExtensionsHelper: Discovering extensions inside assembly 'Microsoft.VisualStudio.TestPlatform.Extensions.Html.TestLogger, Version=15.0.0.0, Culture=neutral, PublicKeyToken=b03f5f7f11d50a3a' file path 'C:\Program Files\dotnet\sdk\8.0.202\Extensions\Microsoft.VisualStudio.TestPlatform.Extensions.Html.TestLogger.dll'
TpTrace Information: 0 : 15212, 1, 2024/03/23, 09:51:48.960, 285138634551, vstest.console.dll, GetTestExtensionFromType: Register extension with identifier data 'logger://Microsoft/TestPlatform/HtmlLogger/v1' and type 'Microsoft.VisualStudio.TestPlatform.Extensions.HtmlLogger.HtmlLogger, Microsoft.VisualStudio.TestPlatform.Extensions.Html.TestLogger, Version=15.0.0.0, Culture=neutral, PublicKeyToken=b03f5f7f11d50a3a' inside file 'C:\Program Files\dotnet\sdk\8.0.202\Extensions\Microsoft.VisualStudio.TestPlatform.Extensions.Html.TestLogger.dll'
TpTrace Verbose: 0 : 15212, 1, 2024/03/23, 09:51:48.960, 285138635079, vstest.console.dll, MetadataReaderExtensionsHelper: Discovering extensions inside assembly 'Microsoft.VisualStudio.TestPlatform.Extensions.Trx.TestLogger, Version=15.0.0.0, Culture=neutral, PublicKeyToken=b03f5f7f11d50a3a' file path 'C:\Program Files\dotnet\sdk\8.0.202\Extensions\Microsoft.VisualStudio.TestPlatform.Extensions.Trx.TestLogger.dll'
TpTrace Information: 0 : 15212, 1, 2024/03/23, 09:51:48.960, 285138639034, vstest.console.dll, GetTestExtensionFromType: Register extension with identifier data 'logger://Microsoft/TestPlatform/TrxLogger/v1' and type 'Microsoft.VisualStudio.TestPlatform.Extensions.TrxLogger.TrxLogger, Microsoft.VisualStudio.TestPlatform.Extensions.Trx.TestLogger, Version=15.0.0.0, Culture=neutral, PublicKeyToken=b03f5f7f11d50a3a' inside file 'C:\Program Files\dotnet\sdk\8.0.202\Extensions\Microsoft.VisualStudio.TestPlatform.Extensions.Trx.TestLogger.dll'
TpTrace Verbose: 0 : 15212, 1, 2024/03/23, 09:51:48.960, 285138639624, vstest.console.dll, TestPluginCache: Discovered the extensions using extension path ''.
TpTrace Verbose: 0 : 15212, 1, 2024/03/23, 09:51:48.960, 285138639898, vstest.console.dll, TestPluginCache: Discoverers are ''.
TpTrace Verbose: 0 : 15212, 1, 2024/03/23, 09:51:48.960, 285138640084, vstest.console.dll, TestPluginCache: Executors are ''.
TpTrace Verbose: 0 : 15212, 1, 2024/03/23, 09:51:48.960, 285138640252, vstest.console.dll, TestPluginCache: Executors2 are ''.
TpTrace Verbose: 0 : 15212, 1, 2024/03/23, 09:51:48.960, 285138640415, vstest.console.dll, TestPluginCache: Setting providers are ''.
TpTrace Verbose: 0 : 15212, 1, 2024/03/23, 09:51:48.960, 285138641019, vstest.console.dll, TestPluginCache: Loggers are 'logger://Microsoft/TestPlatform/Extensions/Blame/v1,logger://Microsoft/TestPlatform/HtmlLogger/v1,logger://Microsoft/TestPlatform/TrxLogger/v1'.
TpTrace Verbose: 0 : 15212, 1, 2024/03/23, 09:51:48.960, 285138641538, vstest.console.dll, TestPluginCache: TestHosts are 'HostProvider://DefaultTestHost,HostProvider://DotnetTestHost'.
TpTrace Verbose: 0 : 15212, 1, 2024/03/23, 09:51:48.960, 285138641770, vstest.console.dll, TestPluginCache: DataCollectors are ''.
TpTrace Information: 0 : 15212, 1, 2024/03/23, 09:51:48.961, 285138649024, vstest.console.dll, TestPluginManager.CreateTestExtension: Attempting to load test extension: Microsoft.TestPlatform.Extensions.BlameDataCollector.BlameLogger
TpTrace Verbose: 0 : 15212, 1, 2024/03/23, 09:51:48.967, 285138703132, vstest.console.dll, TestEngine: Initializing Parallel Execution as MaxCpuCount is set to: 1
TpTrace Information: 0 : 15212, 1, 2024/03/23, 09:51:48.968, 285138713539, vstest.console.dll, TestPluginManager.CreateTestExtension: Attempting to load test extension: Microsoft.VisualStudio.TestPlatform.CrossPlatEngine.Hosting.DefaultTestHostManager
TpTrace Information: 0 : 15212, 1, 2024/03/23, 09:51:48.969, 285138725646, vstest.console.dll, TestPluginManager.CreateTestExtension: Attempting to load test extension: Microsoft.VisualStudio.TestPlatform.CrossPlatEngine.Hosting.DotnetTestHostManager
TpTrace Information: 0 : 15212, 1, 2024/03/23, 09:51:48.969, 285138730623, vstest.console.dll, InferRunSettingsHelper.IsTestSettingsEnabled: Unable to navigate to RunSettings/MSTest. Current node: RunSettings
TpTrace Verbose: 0 : 15212, 1, 2024/03/23, 09:51:48.970, 285138735020, vstest.console.dll, ParallelOperationManager.ClearSlots: Clearing all slots. Slots should accept more work: True
TpTrace Verbose: 0 : 15212, 1, 2024/03/23, 09:51:48.970, 285138739215, vstest.console.dll, ParallelOperationManager.SetOccupiedSlotCount: Setting slot counts AvailableSlotCount = 1, OccupiedSlotCount = 0.
TpTrace Verbose: 0 : 15212, 1, 2024/03/23, 09:51:48.970, 285138741600, vstest.console.dll, Occupied slots:

TpTrace Verbose: 0 : 15212, 1, 2024/03/23, 09:51:48.973, 285138763744, vstest.console.dll, TestEngine.GetExecutionManager: Chosen execution manager 'Microsoft.VisualStudio.TestPlatform.CrossPlatEngine.Client.Parallel.ParallelProxyExecutionManager, Microsoft.TestPlatform.CrossPlatEngine, Version=15.0.0.0, Culture=neutral, PublicKeyToken=b03f5f7f11d50a3a' ParallelLevel '1'.
TpTrace Verbose: 0 : 15212, 1, 2024/03/23, 09:51:48.973, 285138764702, vstest.console.dll, TestRunRequest.ExecuteAsync: Creating test run request.
TpTrace Verbose: 0 : 15212, 1, 2024/03/23, 09:51:48.973, 285138766384, vstest.console.dll, TestRunRequest.ExecuteAsync: Starting.
TpTrace Information: 0 : 15212, 1, 2024/03/23, 09:51:48.974, 285138773909, vstest.console.dll, TestRunRequest.ExecuteAsync: Starting run with settings:TestRunCriteria:
   KeepAlive=False,FrequencyOfRunStatsChangeEvent=10,RunStatsChangeEventTimeout=00:00:01.5000000,TestCaseFilter=,TestExecutorLauncher=
   Settingsxml=<RunSettings>
  <RunConfiguration>
    <ResultsDirectory>C:\Users\Angel\OneDrive\Desktop\repos\BusinessSolution\InquiryApp.Tests\bin\Release\net8.0\fine-code-coverage\coverage-tool-output</ResultsDirectory>
    <TargetPlatform>X64</TargetPlatform>
    <TargetFrameworkVersion>.NETCoreApp,Version=v8.0</TargetFrameworkVersion>
    <DesignMode>False</DesignMode>
    <CollectSourceInformation>False</CollectSourceInformation>
  </RunConfiguration>
  <LoggerRunSettings>
    <Loggers>
      <Logger friendlyName="blame" enabled="True" />
      <Logger friendlyName="Console" uri="logger://microsoft/TestPlatform/ConsoleLogger/v1" assemblyQualifiedName="Microsoft.VisualStudio.TestPlatform.CommandLine.Internal.ConsoleLogger, vstest.console, Version=15.0.0.0, Culture=neutral, PublicKeyToken=b03f5f7f11d50a3a" codeBase="C:\Program Files\dotnet\sdk\8.0.202\vstest.console.dll" enabled="True" />
    </Loggers>
  </LoggerRunSettings>
  <DataCollectionRunSettings>
    <DataCollectors>
      <DataCollector friendlyName="blame" enabled="True">
        <Configuration>
          <ResultsDirectory>C:\Users\Angel\OneDrive\Desktop\repos\BusinessSolution\InquiryApp.Tests\bin\Release\net8.0\fine-code-coverage\coverage-tool-output</ResultsDirectory>
        </Configuration>
      </DataCollector>
    </DataCollectors>
  </DataCollectionRunSettings>
</RunSettings>

TpTrace Verbose: 0 : 15212, 1, 2024/03/23, 09:51:48.974, 285138774361, vstest.console.dll, TestRunRequest.ExecuteAsync: Wait for the first run request is over.
TpTrace Verbose: 0 : 15212, 1, 2024/03/23, 09:51:48.974, 285138776925, vstest.console.dll, MulticastDelegateUtilities.SafeInvoke: TestRun.TestRunStart: Invoking callbacks was skipped because there are no subscribers.
TpTrace Verbose: 0 : 15212, 4, 2024/03/23, 09:51:48.974, 285138778596, vstest.console.dll, MulticastDelegateUtilities.SafeInvoke: InternalTestLoggerEvents.SendTestRunStart: Invoking callback 1/1 for Microsoft.VisualStudio.TestPlatform.CommandLine.Internal.ConsoleLogger., took 0 ms.
TpTrace Verbose: 0 : 15212, 1, 2024/03/23, 09:51:48.975, 285138784036, vstest.console.dll, ParallelProxyExecutionManager: Start execution. Total sources: 1
TpTrace Verbose: 0 : 15212, 1, 2024/03/23, 09:51:48.975, 285138786618, vstest.console.dll, ParallelOperationManager.StartWork: Starting adding 1 workloads.
TpTrace Verbose: 0 : 15212, 1, 2024/03/23, 09:51:48.975, 285138787154, vstest.console.dll, ParallelOperationManager.ClearSlots: Clearing all slots. Slots should accept more work: True
TpTrace Verbose: 0 : 15212, 1, 2024/03/23, 09:51:48.975, 285138787667, vstest.console.dll, ParallelOperationManager.SetOccupiedSlotCount: Setting slot counts AvailableSlotCount = 1, OccupiedSlotCount = 0.
TpTrace Verbose: 0 : 15212, 1, 2024/03/23, 09:51:48.975, 285138787960, vstest.console.dll, Occupied slots:

TpTrace Verbose: 0 : 15212, 1, 2024/03/23, 09:51:48.976, 285138797735, vstest.console.dll, TestRequestSender is acting as server.
TpTrace Verbose: 0 : 15212, 1, 2024/03/23, 09:51:48.977, 285138806611, vstest.console.dll, ParallelOperationManager.RunWorkInParallel: Adding 1 workload to slot, remaining workloads 0.
TpTrace Verbose: 0 : 15212, 1, 2024/03/23, 09:51:48.977, 285138807095, vstest.console.dll, ParallelOperationManager.SetOccupiedSlotCount: Setting slot counts AvailableSlotCount = 0, OccupiedSlotCount = 1.
TpTrace Verbose: 0 : 15212, 1, 2024/03/23, 09:51:48.977, 285138807893, vstest.console.dll, Occupied slots:
0: C:\Users\Angel\OneDrive\Desktop\repos\BusinessSolution\InquiryApp.Tests\bin\Release\net8.0\fine-code-coverage\build-output\InquiryApp.Tests.dll
TpTrace Verbose: 0 : 15212, 1, 2024/03/23, 09:51:48.978, 285138816657, vstest.console.dll, ParallelOperationManager.RunWorkInParallel: Started host in slot number 0 for work (source): C:\Users\Angel\OneDrive\Desktop\repos\BusinessSolution\InquiryApp.Tests\bin\Release\net8.0\fine-code-coverage\build-output\InquiryApp.Tests.dll.
TpTrace Verbose: 0 : 15212, 1, 2024/03/23, 09:51:48.979, 285138823871, vstest.console.dll, ParallelOperationManager.RunWorkInParallel: We started 1 work items, which is the max parallel level. Won't start more work.
TpTrace Verbose: 0 : 15212, 1, 2024/03/23, 09:51:48.979, 285138824409, vstest.console.dll, ParallelOperationManager.RunWorkInParallel: We started 1 work items in here, returning True.
TpTrace Information: 0 : 15212, 1, 2024/03/23, 09:51:48.979, 285138824919, vstest.console.dll, TestRunRequest.ExecuteAsync: Started.
TpTrace Verbose: 0 : 15212, 5, 2024/03/23, 09:51:48.979, 285138825232, vstest.console.dll, ParallelProxyExecutionManager.StartTestRunOnConcurrentManager: Initializing uninitialized client. Started clients: 0
TpTrace Verbose: 0 : 15212, 5, 2024/03/23, 09:51:48.979, 285138826399, vstest.console.dll, DataCollectionRequestSender.InitializeCommunication : Initialize communication. 
TpTrace Verbose: 0 : 15212, 1, 2024/03/23, 09:51:48.979, 285138829582, vstest.console.dll, TestRunRequest.WaitForCompletion: Waiting with timeout -1.
TpTrace Information: 0 : 15212, 5, 2024/03/23, 09:51:48.984, 285138879554, vstest.console.dll, Listening on Endpoint : 127.0.0.1:51605
TpTrace Verbose: 0 : 15212, 5, 2024/03/23, 09:51:48.989, 285138922164, vstest.console.dll, DotnetDataCollectionLauncher: Adding  --runtimeconfig "C:\Program Files\dotnet\sdk\8.0.202\datacollector.runtimeconfig.json" in args
TpTrace Verbose: 0 : 15212, 5, 2024/03/23, 09:51:48.989, 285138923198, vstest.console.dll, DotnetDataCollectionLauncher: Adding  --depsfile "C:\Program Files\dotnet\sdk\8.0.202\datacollector.deps.json" in args
TpTrace Verbose: 0 : 15212, 5, 2024/03/23, 09:51:48.989, 285138924662, vstest.console.dll, DotnetDataCollectionLauncher: Full path of dotnet.exe is C:\Program Files\dotnet\dotnet.exe
TpTrace Information: 0 : 15212, 5, 2024/03/23, 09:51:48.996, 285139000138, vstest.console.dll, ProxyDataCollectionManager.Initialize: Launched datacollector processId: 19176 port: 51605
TpTrace Information: 0 : 15212, 5, 2024/03/23, 09:51:48.996, 285139001356, vstest.console.dll, ProxyDataCollectionManager.Initialize: waiting for connection with timeout: 90 seconds
TpTrace Verbose: 0 : 15212, 5, 2024/03/23, 09:51:48.996, 285139001766, vstest.console.dll, DataCollectionRequestSender.WaitForRequestHandlerConnection : Waiting for connection with timeout: 90000
TpTrace Information: 0 : 15212, 7, 2024/03/23, 09:51:49.099, 285140025185, vstest.console.dll, Using the buffer size of 16384 bytes
TpTrace Verbose: 0 : 15212, 5, 2024/03/23, 09:51:49.099, 285140025302, vstest.console.dll, SocketCommunicationManager.WaitForClientConnection took: 102 ms, with 90000 ms timeout, and finished with True.
TpTrace Information: 0 : 15212, 7, 2024/03/23, 09:51:49.099, 285140026189, vstest.console.dll, Accepted Client request and set the flag
TpTrace Verbose: 0 : 15212, 5, 2024/03/23, 09:51:49.099, 285140027286, vstest.console.dll, ProxyDataCollectionManager.InvokeDataCollectionServiceAction: Starting.
TpTrace Information: 0 : 15212, 5, 2024/03/23, 09:51:49.099, 285140027946, vstest.console.dll, ProxyDataCollectionManager.BeforeTestRunStart: Get environment variable and port for datacollector processId: 19176 port: 51605
TpTrace Verbose: 0 : 15212, 5, 2024/03/23, 09:51:49.099, 285140028817, vstest.console.dll, DataCollectionRequestSender.SendBeforeTestRunStartAndGetResult: Send BeforeTestRunStart message with settingsXml <RunSettings><RunConfiguration><ResultsDirectory>C:\Users\Angel\OneDrive\Desktop\repos\BusinessSolution\InquiryApp.Tests\bin\Release\net8.0\fine-code-coverage\coverage-tool-output</ResultsDirectory><TargetPlatform>X64</TargetPlatform><TargetFrameworkVersion>.NETCoreApp,Version=v8.0</TargetFrameworkVersion><DesignMode>False</DesignMode><CollectSourceInformation>False</CollectSourceInformation><TestAdaptersPaths>C:\Program Files\dotnet\sdk\8.0.202\Extensions</TestAdaptersPaths></RunConfiguration><LoggerRunSettings><Loggers><Logger friendlyName="blame" enabled="True" /><Logger friendlyName="Console" uri="logger://microsoft/TestPlatform/ConsoleLogger/v1" assemblyQualifiedName="Microsoft.VisualStudio.TestPlatform.CommandLine.Internal.ConsoleLogger, vstest.console, Version=15.0.0.0, Culture=neutral, PublicKeyToken=b03f5f7f11d50a3a" codeBase="C:\Program Files\dotnet\sdk\8.0.202\vstest.console.dll" enabled="True" /></Loggers></LoggerRunSettings><DataCollectionRunSettings><DataCollectors><DataCollector friendlyName="blame" enabled="True"><Configuration><ResultsDirectory>C:\Users\Angel\OneDrive\Desktop\repos\BusinessSolution\InquiryApp.Tests\bin\Release\net8.0\fine-code-coverage\coverage-tool-output</ResultsDirectory></Configuration></DataCollector></DataCollectors></DataCollectionRunSettings></RunSettings> and sources System.Collections.Generic.List`1[System.String]: 
TpTrace Verbose: 0 : 15212, 5, 2024/03/23, 09:51:49.133, 285140366779, vstest.console.dll, DataCollectionRequestSender.SendBeforeTestRunStartAndGetResult: Received message: (DataCollection.SendMessage) -> {"MessageType":"DataCollection.SendMessage","Payload":{"FriendlyName":null,"Uri":null,"TestCaseId":"00000000-0000-0000-0000-000000000000","Message":"Logging DataCollector Diagnostics in file: C:\\Users\\Angel\\OneDrive\\Desktop\\repos\\BusinessSolution\\InquiryApp.Tests\\bin\\Release\\net8.0\\fine-code-coverage\\coverage-tool-output\\diagnostics.datacollector.24-03-23_09-51-48_98883_5.log","Level":0}}
TpTrace Verbose: 0 : 15212, 5, 2024/03/23, 09:51:49.192, 285140958867, vstest.console.dll, DataCollectionRequestSender.SendBeforeTestRunStartAndGetResult: Received message: (DataCollection.BeforeTestRunStartResult) -> {"MessageType":"DataCollection.BeforeTestRunStartResult","Payload":{"EnvironmentVariables":{},"DataCollectionEventsPort":51609}}
TpTrace Information: 0 : 15212, 5, 2024/03/23, 09:51:49.195, 285140991459, vstest.console.dll, ProxyDataCollectionManager.BeforeTestRunStart: SendBeforeTestRunStartAndGetResult successful, env variable from datacollector:   and testhost port: 51609
TpTrace Information: 0 : 15212, 5, 2024/03/23, 09:51:49.196, 285140992283, vstest.console.dll, ProxyDataCollectionManager.InvokeDataCollectionServiceAction: Completed.
TpTrace Verbose: 0 : 15212, 5, 2024/03/23, 09:51:49.196, 285140992578, vstest.console.dll, ParallelProxyExecutionManager.StartTestRunOnConcurrentManager: Initializing test run. Started clients: 0
TpTrace Verbose: 0 : 15212, 5, 2024/03/23, 09:51:49.196, 285140993238, vstest.console.dll, ProxyExecutionManager: Test host is always Lazy initialize.
TpTrace Verbose: 0 : 15212, 5, 2024/03/23, 09:51:49.196, 285140994847, vstest.console.dll, TestRequestSender.InitializeCommunication: initialize communication. 
TpTrace Information: 0 : 15212, 5, 2024/03/23, 09:51:49.196, 285140998775, vstest.console.dll, SocketServer.Start: Listening on endpoint : 127.0.0.1:51610
TpTrace Verbose: 0 : 15212, 5, 2024/03/23, 09:51:49.197, 285141004108, vstest.console.dll, DotnetTestHostmanager.GetTestHostProcessStartInfo: Platform environment 'X64' target architecture 'X64' framework '.NETCoreApp,Version=v8.0' OS 'Windows'
TpTrace Verbose: 0 : 15212, 5, 2024/03/23, 09:51:49.197, 285141005623, vstest.console.dll, DotnetTestHostmanager: Adding  --runtimeconfig "C:\Users\Angel\OneDrive\Desktop\repos\BusinessSolution\InquiryApp.Tests\bin\Release\net8.0\fine-code-coverage\build-output\InquiryApp.Tests.runtimeconfig.json" in args
TpTrace Verbose: 0 : 15212, 5, 2024/03/23, 09:51:49.197, 285141006379, vstest.console.dll, DotnetTestHostmanager: Adding  --depsfile "C:\Users\Angel\OneDrive\Desktop\repos\BusinessSolution\InquiryApp.Tests\bin\Release\net8.0\fine-code-coverage\build-output\InquiryApp.Tests.deps.json" in args
TpTrace Verbose: 0 : 15212, 5, 2024/03/23, 09:51:49.197, 285141007561, vstest.console.dll, DotnetTestHostmanager.IsWinOnArm: Current PROCESSOR_ARCHITECTURE from environment variable 'AMD64'
TpTrace Verbose: 0 : 15212, 5, 2024/03/23, 09:51:49.197, 285141008013, vstest.console.dll, DotnetTestHostmanager.IsWinOnArm: Is Windows on ARM 'False'
TpTrace Verbose: 0 : 15212, 5, 2024/03/23, 09:51:49.197, 285141008714, vstest.console.dll, DotnetTestHostManager: testhost.exe found at path: C:\Users\Angel\OneDrive\Desktop\repos\BusinessSolution\InquiryApp.Tests\bin\Release\net8.0\fine-code-coverage\build-output\testhost.exe
TpTrace Verbose: 0 : 15212, 5, 2024/03/23, 09:51:49.197, 285141009089, vstest.console.dll, DotnetTestHostmanager: Full path of host exe is C:\Users\Angel\OneDrive\Desktop\repos\BusinessSolution\InquiryApp.Tests\bin\Release\net8.0\fine-code-coverage\build-output\testhost.exe
TpTrace Verbose: 0 : 15212, 5, 2024/03/23, 09:51:49.197, 285141009919, vstest.console.dll, DotnetTestHostmanager.LaunchTestHostAsync: Found 'VSTEST_WINAPPHOST_DOTNET_ROOT' in env variables, value 'C:\Program Files\dotnet', forwarding to 'DOTNET_ROOT'
TpTrace Verbose: 0 : 15212, 5, 2024/03/23, 09:51:49.197, 285141010896, vstest.console.dll, DotnetTestHostManager: Starting process 'C:\Users\Angel\OneDrive\Desktop\repos\BusinessSolution\InquiryApp.Tests\bin\Release\net8.0\fine-code-coverage\build-output\testhost.exe' with command line ' --runtimeconfig "C:\Users\Angel\OneDrive\Desktop\repos\BusinessSolution\InquiryApp.Tests\bin\Release\net8.0\fine-code-coverage\build-output\InquiryApp.Tests.runtimeconfig.json" --depsfile "C:\Users\Angel\OneDrive\Desktop\repos\BusinessSolution\InquiryApp.Tests\bin\Release\net8.0\fine-code-coverage\build-output\InquiryApp.Tests.deps.json" --port 51610 --endpoint 127.0.0.1:051610 --role client --parentprocessid 15212 --diag "C:\Users\Angel\OneDrive\Desktop\repos\BusinessSolution\InquiryApp.Tests\bin\Release\net8.0\fine-code-coverage\coverage-tool-output\diagnostics.host.24-03-23_09-51-49_19694_5.log" --tracelevel 4 --datacollectionport 51609 --telemetryoptedin false'
TpTrace Verbose: 0 : 15212, 5, 2024/03/23, 09:51:49.207, 285141109529, vstest.console.dll, MulticastDelegateUtilities.SafeInvoke: HostProviderEvents.OnHostLaunched: Invoking callback 1/2 for Microsoft.VisualStudio.TestPlatform.CrossPlatEngine.Client.ProxyExecutionManagerWithDataCollection., took 0 ms.
TpTrace Verbose: 0 : 15212, 5, 2024/03/23, 09:51:49.207, 285141111545, vstest.console.dll, Test Runtime launched
TpTrace Verbose: 0 : 15212, 5, 2024/03/23, 09:51:49.208, 285141112093, vstest.console.dll, MulticastDelegateUtilities.SafeInvoke: HostProviderEvents.OnHostLaunched: Invoking callback 2/2 for Microsoft.VisualStudio.TestPlatform.CrossPlatEngine.Client.ProxyOperationManager., took 0 ms.
TpTrace Verbose: 0 : 15212, 5, 2024/03/23, 09:51:49.208, 285141113011, vstest.console.dll, TestRequestSender.WaitForRequestHandlerConnection: waiting for connection with timeout: 90000.
TpTrace Verbose: 0 : 15212, 7, 2024/03/23, 09:51:49.329, 285142324223, vstest.console.dll, MulticastDelegateUtilities.SafeInvoke: SocketServer: ClientConnected: Invoking callback 1/1 for Microsoft.VisualStudio.TestPlatform.CommunicationUtilities.TestRequestSender., took 0 ms.
TpTrace Verbose: 0 : 15212, 5, 2024/03/23, 09:51:49.329, 285142324222, vstest.console.dll, TestRequestSender.WaitForRequestHandlerConnection: waiting took 121 ms, with timeout 90000 ms, and result 0, which is success.
TpTrace Verbose: 0 : 15212, 7, 2024/03/23, 09:51:49.329, 285142325917, vstest.console.dll, SocketServer.OnClientConnected: Client connected for endPoint: 127.0.0.1:51610, starting MessageLoopAsync:
TpTrace Verbose: 0 : 15212, 14, 2024/03/23, 09:51:49.329, 285142329814, vstest.console.dll, TcpClientExtensions.MessageLoopAsync: Polling on remoteEndPoint: 127.0.0.1:51611 localEndPoint: 127.0.0.1:51610 after 0 ms
TpTrace Verbose: 0 : 15212, 5, 2024/03/23, 09:51:49.330, 285142332098, vstest.console.dll, TestRequestSender.CheckVersionWithTestHost: Sending check version message: {"MessageType":"ProtocolVersion","Payload":7}
TpTrace Verbose: 0 : 15212, 14, 2024/03/23, 09:51:49.398, 285143012563, vstest.console.dll, TcpClientExtensions.MessageLoopAsync: NotifyDataAvailable remoteEndPoint: 127.0.0.1:51611 localEndPoint: 127.0.0.1:51610
TpTrace Verbose: 0 : 15212, 14, 2024/03/23, 09:51:49.398, 285143014615, vstest.console.dll, TestRequestSender.CheckVersionWithTestHost: onMessageReceived received message: (ProtocolVersion) -> {"MessageType":"ProtocolVersion","Payload":7}
TpTrace Verbose: 0 : 15212, 14, 2024/03/23, 09:51:49.398, 285143019203, vstest.console.dll, MulticastDelegateUtilities.SafeInvoke: LengthPrefixCommunicationChannel: MessageReceived: Invoking callback 1/1 for Microsoft.VisualStudio.TestPlatform.CommunicationUtilities.TestRequestSender+<>c__DisplayClass29_0., took 0 ms.
TpTrace Verbose: 0 : 15212, 14, 2024/03/23, 09:51:49.398, 285143019860, vstest.console.dll, TcpClientExtensions.MessageLoopAsync: Polling on remoteEndPoint: 127.0.0.1:51611 localEndPoint: 127.0.0.1:51610 after 68 ms
TpTrace Verbose: 0 : 15212, 5, 2024/03/23, 09:51:49.398, 285143020227, vstest.console.dll, TestPluginCache.GetExtensionPaths: Filtered extension paths: 
TpTrace Verbose: 0 : 15212, 5, 2024/03/23, 09:51:49.398, 285143020864, vstest.console.dll, TestPluginCache.GetExtensionPaths: Added default extension paths: C:\Program Files\dotnet\sdk\8.0.202\Extensions\Microsoft.Diagnostics.NETCore.Client.dll
C:\Program Files\dotnet\sdk\8.0.202\Extensions\Microsoft.TestPlatform.Extensions.BlameDataCollector.dll
C:\Program Files\dotnet\sdk\8.0.202\Extensions\Microsoft.TestPlatform.Extensions.EventLogCollector.dll
C:\Program Files\dotnet\sdk\8.0.202\Extensions\Microsoft.TestPlatform.TestHostRuntimeProvider.dll
C:\Program Files\dotnet\sdk\8.0.202\Extensions\Microsoft.VisualStudio.TestPlatform.Extensions.Html.TestLogger.dll
C:\Program Files\dotnet\sdk\8.0.202\Extensions\Microsoft.VisualStudio.TestPlatform.Extensions.Trx.TestLogger.dll
TpTrace Verbose: 0 : 15212, 5, 2024/03/23, 09:51:49.398, 285143021625, vstest.console.dll, TestPluginCache.GetExtensionPaths: Added unfilterableExtensionPaths: 
TpTrace Verbose: 0 : 15212, 5, 2024/03/23, 09:51:49.400, 285143040058, vstest.console.dll, TestRequestSender.InitializeExecution: Sending initialize execution with message: {"Version":7,"MessageType":"TestExecution.Initialize","Payload":["C:\\Users\\Angel\\OneDrive\\Desktop\\repos\\BusinessSolution\\InquiryApp.Tests\\bin\\Release\\net8.0\\fine-code-coverage\\build-output\\xunit.runner.visualstudio.dotnetcore.testadapter.dll"]}
TpTrace Verbose: 0 : 15212, 5, 2024/03/23, 09:51:49.400, 285143041609, vstest.console.dll, ParallelProxyExecutionManager.StartTestRunOnConcurrentManager: Execution starting. Started clients: 1
TpTrace Verbose: 0 : 15212, 5, 2024/03/23, 09:51:49.401, 285143043303, vstest.console.dll, TestRunRequest:SendTestRunMessage: Starting.
TpTrace Verbose: 0 : 15212, 5, 2024/03/23, 09:51:49.401, 285143044464, vstest.console.dll, MulticastDelegateUtilities.SafeInvoke: TestRun.LogMessages: Invoking callback 1/1 for Microsoft.VisualStudio.TestPlatform.CommandLine.TestRunResultAggregator., took 0 ms.
TpTrace Information: 0 : 15212, 5, 2024/03/23, 09:51:49.401, 285143044769, vstest.console.dll, TestRunRequest:SendTestRunMessage: Completed.
TpTrace Verbose: 0 : 15212, 4, 2024/03/23, 09:51:49.401, 285143046051, vstest.console.dll, MulticastDelegateUtilities.SafeInvoke: InternalTestLoggerEvents.SendTestRunMessage: Invoking callback 1/1 for Microsoft.VisualStudio.TestPlatform.CommandLine.Internal.ConsoleLogger., took 0 ms.
TpTrace Warning: 0 : 15212, 5, 2024/03/23, 09:51:49.401, 285143047064, vstest.console.dll, InferRunSettingsHelper.MakeRunsettingsCompatible: Removing the following settings: TargetPlatform from RunSettings file. To use those settings please move to latest version of Microsoft.NET.Test.Sdk
TpTrace Verbose: 0 : 15212, 14, 2024/03/23, 09:51:49.401, 285143048018, vstest.console.dll, TcpClientExtensions.MessageLoopAsync: NotifyDataAvailable remoteEndPoint: 127.0.0.1:51611 localEndPoint: 127.0.0.1:51610
TpTrace Verbose: 0 : 15212, 14, 2024/03/23, 09:51:49.401, 285143051208, vstest.console.dll, TestRequestSender.OnExecutionMessageReceived: Received message: {"Version":7,"MessageType":"TestSession.Message","Payload":{"MessageLevel":0,"Message":"Logging TestHost Diagnostics in file: C:\\Users\\Angel\\OneDrive\\Desktop\\repos\\BusinessSolution\\InquiryApp.Tests\\bin\\Release\\net8.0\\fine-code-coverage\\coverage-tool-output\\diagnostics.host.24-03-23_09-51-49_19694_5.log"}}
TpTrace Verbose: 0 : 15212, 14, 2024/03/23, 09:51:49.403, 285143070366, vstest.console.dll, TestRunRequest:SendTestRunMessage: Starting.
TpTrace Verbose: 0 : 15212, 14, 2024/03/23, 09:51:49.403, 285143071384, vstest.console.dll, MulticastDelegateUtilities.SafeInvoke: TestRun.LogMessages: Invoking callback 1/1 for Microsoft.VisualStudio.TestPlatform.CommandLine.TestRunResultAggregator., took 0 ms.
TpTrace Information: 0 : 15212, 14, 2024/03/23, 09:51:49.403, 285143071648, vstest.console.dll, TestRunRequest:SendTestRunMessage: Completed.
TpTrace Verbose: 0 : 15212, 4, 2024/03/23, 09:51:49.403, 285143071678, vstest.console.dll, MulticastDelegateUtilities.SafeInvoke: InternalTestLoggerEvents.SendTestRunMessage: Invoking callback 1/1 for Microsoft.VisualStudio.TestPlatform.CommandLine.Internal.ConsoleLogger., took 0 ms.
TpTrace Verbose: 0 : 15212, 14, 2024/03/23, 09:51:49.404, 285143072776, vstest.console.dll, MulticastDelegateUtilities.SafeInvoke: LengthPrefixCommunicationChannel: MessageReceived: Invoking callback 1/1 for Microsoft.VisualStudio.TestPlatform.CommunicationUtilities.TestRequestSender+<>c__DisplayClass34_0., took 2 ms.
TpTrace Verbose: 0 : 15212, 14, 2024/03/23, 09:51:49.404, 285143073959, vstest.console.dll, TcpClientExtensions.MessageLoopAsync: Polling on remoteEndPoint: 127.0.0.1:51611 localEndPoint: 127.0.0.1:51610 after 5 ms
TpTrace Verbose: 0 : 15212, 5, 2024/03/23, 09:51:49.405, 285143084210, vstest.console.dll, TestRequestSender.StartTestRun: Sending test run with message: {"Version":7,"MessageType":"TestExecution.StartWithSources","Payload":{"AdapterSourceMap":{"_none_":["C:\\Users\\Angel\\OneDrive\\Desktop\\repos\\BusinessSolution\\InquiryApp.Tests\\bin\\Release\\net8.0\\fine-code-coverage\\build-output\\InquiryApp.Tests.dll"]},"RunSettings":"<RunSettings>\r\n  <RunConfiguration>\r\n    <ResultsDirectory>C:\\Users\\Angel\\OneDrive\\Desktop\\repos\\BusinessSolution\\InquiryApp.Tests\\bin\\Release\\net8.0\\fine-code-coverage\\coverage-tool-output</ResultsDirectory>\r\n    <TargetFrameworkVersion>.NETCoreApp,Version=v8.0</TargetFrameworkVersion>\r\n    <DesignMode>False</DesignMode>\r\n    <CollectSourceInformation>False</CollectSourceInformation>\r\n  </RunConfiguration>\r\n  <LoggerRunSettings>\r\n    <Loggers>\r\n      <Logger friendlyName=\"blame\" enabled=\"True\" />\r\n      <Logger friendlyName=\"Console\" uri=\"logger://microsoft/TestPlatform/ConsoleLogger/v1\" assemblyQualifiedName=\"Microsoft.VisualStudio.TestPlatform.CommandLine.Internal.ConsoleLogger, vstest.console, Version=15.0.0.0, Culture=neutral, PublicKeyToken=b03f5f7f11d50a3a\" codeBase=\"C:\\Program Files\\dotnet\\sdk\\8.0.202\\vstest.console.dll\" enabled=\"True\" />\r\n    </Loggers>\r\n  </LoggerRunSettings>\r\n  <DataCollectionRunSettings>\r\n    <DataCollectors>\r\n      <DataCollector friendlyName=\"blame\" enabled=\"True\">\r\n        <Configuration>\r\n          <ResultsDirectory>C:\\Users\\Angel\\OneDrive\\Desktop\\repos\\BusinessSolution\\InquiryApp.Tests\\bin\\Release\\net8.0\\fine-code-coverage\\coverage-tool-output</ResultsDirectory>\r\n        </Configuration>\r\n      </DataCollector>\r\n    </DataCollectors>\r\n  </DataCollectionRunSettings>\r\n</RunSettings>","TestExecutionContext":{"FrequencyOfRunStatsChangeEvent":10,"RunStatsChangeEventTimeout":"00:00:01.5000000","InIsolation":false,"KeepAlive":false,"AreTestCaseLevelEventsRequired":false,"IsDebug":false,"TestCaseFilter":null,"FilterOptions":null},"Package":null}}
TpTrace Verbose: 0 : 15212, 5, 2024/03/23, 09:51:49.405, 285143085841, vstest.console.dll, ParallelProxyExecutionManager.StartTestRunOnConcurrentManager: Execution started. Started clients: 1
TpTrace Verbose: 0 : 15212, 14, 2024/03/23, 09:51:49.488, 285143917002, vstest.console.dll, TcpClientExtensions.MessageLoopAsync: NotifyDataAvailable remoteEndPoint: 127.0.0.1:51611 localEndPoint: 127.0.0.1:51610
TpTrace Verbose: 0 : 15212, 14, 2024/03/23, 09:51:49.488, 285143918330, vstest.console.dll, TestRequestSender.OnExecutionMessageReceived: Received message: {"Version":7,"MessageType":"TestSession.Message","Payload":{"MessageLevel":0,"Message":"[xUnit.net 00:00:00.00] xUnit.net VSTest Adapter v2.5.3.1+6b60a9e56a (64-bit .NET 8.0.3)"}}
TpTrace Verbose: 0 : 15212, 14, 2024/03/23, 09:51:49.488, 285143920036, vstest.console.dll, TestRunRequest:SendTestRunMessage: Starting.
TpTrace Verbose: 0 : 15212, 14, 2024/03/23, 09:51:49.488, 285143920599, vstest.console.dll, MulticastDelegateUtilities.SafeInvoke: TestRun.LogMessages: Invoking callback 1/1 for Microsoft.VisualStudio.TestPlatform.CommandLine.TestRunResultAggregator., took 0 ms.
TpTrace Information: 0 : 15212, 14, 2024/03/23, 09:51:49.488, 285143920869, vstest.console.dll, TestRunRequest:SendTestRunMessage: Completed.
TpTrace Verbose: 0 : 15212, 4, 2024/03/23, 09:51:49.488, 285143921004, vstest.console.dll, MulticastDelegateUtilities.SafeInvoke: InternalTestLoggerEvents.SendTestRunMessage: Invoking callback 1/1 for Microsoft.VisualStudio.TestPlatform.CommandLine.Internal.ConsoleLogger., took 0 ms.
TpTrace Verbose: 0 : 15212, 14, 2024/03/23, 09:51:49.488, 285143921102, vstest.console.dll, MulticastDelegateUtilities.SafeInvoke: LengthPrefixCommunicationChannel: MessageReceived: Invoking callback 1/1 for Microsoft.VisualStudio.TestPlatform.CommunicationUtilities.TestRequestSender+<>c__DisplayClass34_0., took 0 ms.
TpTrace Verbose: 0 : 15212, 14, 2024/03/23, 09:51:49.489, 285143922640, vstest.console.dll, TcpClientExtensions.MessageLoopAsync: Polling on remoteEndPoint: 127.0.0.1:51611 localEndPoint: 127.0.0.1:51610 after 84 ms
TpTrace Verbose: 0 : 15212, 14, 2024/03/23, 09:51:49.801, 285147050970, vstest.console.dll, TcpClientExtensions.MessageLoopAsync: NotifyDataAvailable remoteEndPoint: 127.0.0.1:51611 localEndPoint: 127.0.0.1:51610
TpTrace Verbose: 0 : 15212, 14, 2024/03/23, 09:51:49.802, 285147052679, vstest.console.dll, TestRequestSender.OnExecutionMessageReceived: Received message: {"Version":7,"MessageType":"TestSession.Message","Payload":{"MessageLevel":0,"Message":"[xUnit.net 00:00:00.31]   Discovering: InquiryApp.Tests"}}
TpTrace Verbose: 0 : 15212, 14, 2024/03/23, 09:51:49.802, 285147053981, vstest.console.dll, TestRunRequest:SendTestRunMessage: Starting.
TpTrace Verbose: 0 : 15212, 14, 2024/03/23, 09:51:49.802, 285147054631, vstest.console.dll, MulticastDelegateUtilities.SafeInvoke: TestRun.LogMessages: Invoking callback 1/1 for Microsoft.VisualStudio.TestPlatform.CommandLine.TestRunResultAggregator., took 0 ms.
TpTrace Information: 0 : 15212, 14, 2024/03/23, 09:51:49.802, 285147054931, vstest.console.dll, TestRunRequest:SendTestRunMessage: Completed.
TpTrace Verbose: 0 : 15212, 4, 2024/03/23, 09:51:49.802, 285147055084, vstest.console.dll, MulticastDelegateUtilities.SafeInvoke: InternalTestLoggerEvents.SendTestRunMessage: Invoking callback 1/1 for Microsoft.VisualStudio.TestPlatform.CommandLine.Internal.ConsoleLogger., took 0 ms.
TpTrace Verbose: 0 : 15212, 14, 2024/03/23, 09:51:49.802, 285147055252, vstest.console.dll, MulticastDelegateUtilities.SafeInvoke: LengthPrefixCommunicationChannel: MessageReceived: Invoking callback 1/1 for Microsoft.VisualStudio.TestPlatform.CommunicationUtilities.TestRequestSender+<>c__DisplayClass34_0., took 0 ms.
TpTrace Verbose: 0 : 15212, 14, 2024/03/23, 09:51:49.802, 285147056704, vstest.console.dll, TcpClientExtensions.MessageLoopAsync: Polling on remoteEndPoint: 127.0.0.1:51611 localEndPoint: 127.0.0.1:51610 after 313 ms
TpTrace Verbose: 0 : 15212, 14, 2024/03/23, 09:51:49.826, 285147297484, vstest.console.dll, TcpClientExtensions.MessageLoopAsync: NotifyDataAvailable remoteEndPoint: 127.0.0.1:51611 localEndPoint: 127.0.0.1:51610
TpTrace Verbose: 0 : 15212, 14, 2024/03/23, 09:51:49.826, 285147299446, vstest.console.dll, TestRequestSender.OnExecutionMessageReceived: Received message: {"Version":7,"MessageType":"TestSession.Message","Payload":{"MessageLevel":0,"Message":"[xUnit.net 00:00:00.34]   Discovered:  InquiryApp.Tests"}}
TpTrace Verbose: 0 : 15212, 14, 2024/03/23, 09:51:49.826, 285147300769, vstest.console.dll, TestRunRequest:SendTestRunMessage: Starting.
TpTrace Verbose: 0 : 15212, 14, 2024/03/23, 09:51:49.826, 285147301415, vstest.console.dll, MulticastDelegateUtilities.SafeInvoke: TestRun.LogMessages: Invoking callback 1/1 for Microsoft.VisualStudio.TestPlatform.CommandLine.TestRunResultAggregator., took 0 ms.
TpTrace Information: 0 : 15212, 14, 2024/03/23, 09:51:49.826, 285147301741, vstest.console.dll, TestRunRequest:SendTestRunMessage: Completed.
TpTrace Verbose: 0 : 15212, 4, 2024/03/23, 09:51:49.826, 285147301892, vstest.console.dll, MulticastDelegateUtilities.SafeInvoke: InternalTestLoggerEvents.SendTestRunMessage: Invoking callback 1/1 for Microsoft.VisualStudio.TestPlatform.CommandLine.Internal.ConsoleLogger., took 0 ms.
TpTrace Verbose: 0 : 15212, 14, 2024/03/23, 09:51:49.827, 285147302131, vstest.console.dll, MulticastDelegateUtilities.SafeInvoke: LengthPrefixCommunicationChannel: MessageReceived: Invoking callback 1/1 for Microsoft.VisualStudio.TestPlatform.CommunicationUtilities.TestRequestSender+<>c__DisplayClass34_0., took 0 ms.
TpTrace Verbose: 0 : 15212, 14, 2024/03/23, 09:51:49.827, 285147303456, vstest.console.dll, TcpClientExtensions.MessageLoopAsync: Polling on remoteEndPoint: 127.0.0.1:51611 localEndPoint: 127.0.0.1:51610 after 24 ms
TpTrace Verbose: 0 : 15212, 14, 2024/03/23, 09:51:49.828, 285147318596, vstest.console.dll, TcpClientExtensions.MessageLoopAsync: NotifyDataAvailable remoteEndPoint: 127.0.0.1:51611 localEndPoint: 127.0.0.1:51610
TpTrace Verbose: 0 : 15212, 14, 2024/03/23, 09:51:49.828, 285147319620, vstest.console.dll, TestRequestSender.OnExecutionMessageReceived: Received message: {"Version":7,"MessageType":"TestSession.Message","Payload":{"MessageLevel":0,"Message":"[xUnit.net 00:00:00.34]   Starting:    InquiryApp.Tests"}}
TpTrace Verbose: 0 : 15212, 14, 2024/03/23, 09:51:49.828, 285147320496, vstest.console.dll, TestRunRequest:SendTestRunMessage: Starting.
TpTrace Verbose: 0 : 15212, 14, 2024/03/23, 09:51:49.828, 285147321012, vstest.console.dll, MulticastDelegateUtilities.SafeInvoke: TestRun.LogMessages: Invoking callback 1/1 for Microsoft.VisualStudio.TestPlatform.CommandLine.TestRunResultAggregator., took 0 ms.
TpTrace Information: 0 : 15212, 14, 2024/03/23, 09:51:49.828, 285147321262, vstest.console.dll, TestRunRequest:SendTestRunMessage: Completed.
TpTrace Verbose: 0 : 15212, 14, 2024/03/23, 09:51:49.828, 285147321531, vstest.console.dll, MulticastDelegateUtilities.SafeInvoke: LengthPrefixCommunicationChannel: MessageReceived: Invoking callback 1/1 for Microsoft.VisualStudio.TestPlatform.CommunicationUtilities.TestRequestSender+<>c__DisplayClass34_0., took 0 ms.
TpTrace Verbose: 0 : 15212, 4, 2024/03/23, 09:51:49.828, 285147321323, vstest.console.dll, MulticastDelegateUtilities.SafeInvoke: InternalTestLoggerEvents.SendTestRunMessage: Invoking callback 1/1 for Microsoft.VisualStudio.TestPlatform.CommandLine.Internal.ConsoleLogger., took 0 ms.
TpTrace Verbose: 0 : 15212, 14, 2024/03/23, 09:51:49.828, 285147321770, vstest.console.dll, TcpClientExtensions.MessageLoopAsync: Polling on remoteEndPoint: 127.0.0.1:51611 localEndPoint: 127.0.0.1:51610 after 1 ms
TpTrace Verbose: 0 : 15212, 14, 2024/03/23, 09:51:50.448, 285153513998, vstest.console.dll, TcpClientExtensions.MessageLoopAsync: NotifyDataAvailable remoteEndPoint: 127.0.0.1:51611 localEndPoint: 127.0.0.1:51610
TpTrace Verbose: 0 : 15212, 14, 2024/03/23, 09:51:50.448, 285153516507, vstest.console.dll, TestRequestSender.OnExecutionMessageReceived: Received message: {"Version":7,"MessageType":"TestExecution.StatsChange","Payload":{"NewTestResults":[{"TestCase":{"Id":"2ce6d48f-ba6d-1fc2-ef40-78e88b44fc14","FullyQualifiedName":"InquiryApp.Tests.ErrorViewModelTests.ShowRequestId_IsFalse_WhenRequestIdIsNull","DisplayName":"InquiryApp.Tests.ErrorViewModelTests.ShowRequestId_IsFalse_WhenRequestIdIsNull","ExecutorUri":"executor://xunit/VsTestRunner2/netcoreapp","Source":"C:\\Users\\Angel\\OneDrive\\Desktop\\repos\\BusinessSolution\\InquiryApp.Tests\\bin\\Release\\net8.0\\fine-code-coverage\\build-output\\InquiryApp.Tests.dll","CodeFilePath":null,"LineNumber":0,"Properties":[]},"Attachments":[],"Outcome":1,"ErrorMessage":null,"ErrorStackTrace":null,"DisplayName":"InquiryApp.Tests.ErrorViewModelTests.ShowRequestId_IsFalse_WhenRequestIdIsNull","Messages":[],"ComputerName":"MSI","Duration":"00:00:00.5076209","StartTime":"2024-03-23T13:51:50.3716301+00:00","EndTime":"2024-03-23T13:51:50.3716457+00:00","Properties":[]},{"TestCase":{"Id":"0266fd92-5559-d0cc-ad89-ec1932d709b3","FullyQualifiedName":"InquiryApp.Tests.ErrorViewModelTests.ShowRequestId_IsTrue_WhenRequestIdIsNotEmpty","DisplayName":"InquiryApp.Tests.ErrorViewModelTests.ShowRequestId_IsTrue_WhenRequestIdIsNotEmpty","ExecutorUri":"executor://xunit/VsTestRunner2/netcoreapp","Source":"C:\\Users\\Angel\\OneDrive\\Desktop\\repos\\BusinessSolution\\InquiryApp.Tests\\bin\\Release\\net8.0\\fine-code-coverage\\build-output\\InquiryApp.Tests.dll","CodeFilePath":null,"LineNumber":0,"Properties":[]},"Attachments":[],"Outcome":1,"ErrorMessage":null,"ErrorStackTrace":null,"DisplayName":"InquiryApp.Tests.ErrorViewModelTests.ShowRequestId_IsTrue_WhenRequestIdIsNotEmpty","Messages":[],"ComputerName":"MSI","Duration":"00:00:00.0001442","StartTime":"2024-03-23T13:51:50.3858024+00:00","EndTime":"2024-03-23T13:51:50.3858025+00:00","Properties":[]},{"TestCase":{"Id":"1e94dac8-8280-fd7d-76d2-7bf7d24e5e18","FullyQualifiedName":"InquiryApp.Tests.ErrorViewModelTests.ShowRequestId_IsFalse_WhenRequestIdIsEmpty","DisplayName":"InquiryApp.Tests.ErrorViewModelTests.ShowRequestId_IsFalse_WhenRequestIdIsEmpty","ExecutorUri":"executor://xunit/VsTestRunner2/netcoreapp","Source":"C:\\Users\\Angel\\OneDrive\\Desktop\\repos\\BusinessSolution\\InquiryApp.Tests\\bin\\Release\\net8.0\\fine-code-coverage\\build-output\\InquiryApp.Tests.dll","CodeFilePath":null,"LineNumber":0,"Properties":[]},"Attachments":[],"Outcome":1,"ErrorMessage":null,"ErrorStackTrace":null,"DisplayName":"InquiryApp.Tests.ErrorViewModelTests.ShowRequestId_IsFalse_WhenRequestIdIsEmpty","Messages":[],"ComputerName":"MSI","Duration":"00:00:00.0000427","StartTime":"2024-03-23T13:51:50.3887273+00:00","EndTime":"2024-03-23T13:51:50.3887274+00:00","Properties":[]},{"TestCase":{"Id":"f8fc3b1d-6b61-bd4d-c08b-af212a9a5df2","FullyQualifiedName":"InquiryApp.Tests.HomeControllerTests.DeleteInquiry_RedirectsToIndex","DisplayName":"InquiryApp.Tests.HomeControllerTests.DeleteInquiry_RedirectsToIndex","ExecutorUri":"executor://xunit/VsTestRunner2/netcoreapp","Source":"C:\\Users\\Angel\\OneDrive\\Desktop\\repos\\BusinessSolution\\InquiryApp.Tests\\bin\\Release\\net8.0\\fine-code-coverage\\build-output\\InquiryApp.Tests.dll","CodeFilePath":null,"LineNumber":0,"Properties":[]},"Attachments":[],"Outcome":1,"ErrorMessage":null,"ErrorStackTrace":null,"DisplayName":"InquiryApp.Tests.HomeControllerTests.DeleteInquiry_RedirectsToIndex","Messages":[],"ComputerName":"MSI","Duration":"00:00:00.5604360","StartTime":"2024-03-23T13:51:50.419954+00:00","EndTime":"2024-03-23T13:51:50.4199543+00:00","Properties":[]},{"TestCase":{"Id":"7ed2c35c-fadb-3dbc-e2a7-1bebb3295865","FullyQualifiedName":"InquiryApp.Tests.InquiryAppRepositoryTests.GetInquiry_FailureLogsErrorAndReturnsNull","DisplayName":"InquiryApp.Tests.InquiryAppRepositoryTests.GetInquiry_FailureLogsErrorAndReturnsNull","ExecutorUri":"executor://xunit/VsTestRunner2/netcoreapp","Source":"C:\\Users\\Angel\\OneDrive\\Desktop\\repos\\BusinessSolution\\InquiryApp.Tests\\bin\\Release\\net8.0\\fine-code-coverage\\build-output\\InquiryApp.Tests.dll","CodeFilePath":null,"LineNumber":0,"Properties":[]},"Attachments":[],"Outcome":1,"ErrorMessage":null,"ErrorStackTrace":null,"DisplayName":"InquiryApp.Tests.InquiryAppRepositoryTests.GetInquiry_FailureLogsErrorAndReturnsNull","Messages":[],"ComputerName":"MSI","Duration":"00:00:00.5657488","StartTime":"2024-03-23T13:51:50.4252751+00:00","EndTime":"2024-03-23T13:51:50.4252753+00:00","Properties":[]},{"TestCase":{"Id":"c4b954d0-541d-1f8a-86c6-29e7826c1c76","FullyQualifiedName":"InquiryApp.Tests.InquiryAppRepositoryTests.UpdateInquiry_SuccessReturnsTrue","DisplayName":"InquiryApp.Tests.InquiryAppRepositoryTests.UpdateInquiry_SuccessReturnsTrue","ExecutorUri":"executor://xunit/VsTestRunner2/netcoreapp","Source":"C:\\Users\\Angel\\OneDrive\\Desktop\\repos\\BusinessSolution\\InquiryApp.Tests\\bin\\Release\\net8.0\\fine-code-coverage\\build-output\\InquiryApp.Tests.dll","CodeFilePath":null,"LineNumber":0,"Properties":[]},"Attachments":[],"Outcome":1,"ErrorMessage":null,"ErrorStackTrace":null,"DisplayName":"InquiryApp.Tests.InquiryAppRepositoryTests.UpdateInquiry_SuccessReturnsTrue","Messages":[],"ComputerName":"MSI","Duration":"00:00:00.0019630","StartTime":"2024-03-23T13:51:50.4274245+00:00","EndTime":"2024-03-23T13:51:50.4274246+00:00","Properties":[]},{"TestCase":{"Id":"652c8009-96c7-2dbc-2e9d-0cbd2c801d5b","FullyQualifiedName":"InquiryApp.Tests.HomeControllerTests.Error_ReturnsViewWithErrorViewModel_UsingTraceIdentifier","DisplayName":"InquiryApp.Tests.HomeControllerTests.Error_ReturnsViewWithErrorViewModel_UsingTraceIdentifier","ExecutorUri":"executor://xunit/VsTestRunner2/netcoreapp","Source":"C:\\Users\\Angel\\OneDrive\\Desktop\\repos\\BusinessSolution\\InquiryApp.Tests\\bin\\Release\\net8.0\\fine-code-coverage\\build-output\\InquiryApp.Tests.dll","CodeFilePath":null,"LineNumber":0,"Properties":[]},"Attachments":[],"Outcome":1,"ErrorMessage":null,"ErrorStackTrace":null,"DisplayName":"InquiryApp.Tests.HomeControllerTests.Error_ReturnsViewWithErrorViewModel_UsingTraceIdentifier","Messages":[],"ComputerName":"MSI","Duration":"00:00:00.0080495","StartTime":"2024-03-23T13:51:50.429352+00:00","EndTime":"2024-03-23T13:51:50.4293522+00:00","Properties":[]},{"TestCase":{"Id":"74cf243e-21e0-d252-a972-d19d7a3af2ab","FullyQualifiedName":"InquiryApp.Tests.HomeControllerTests.Privacy_ReturnsView","DisplayName":"InquiryApp.Tests.HomeControllerTests.Privacy_ReturnsView","ExecutorUri":"executor://xunit/VsTestRunner2/netcoreapp","Source":"C:\\Users\\Angel\\OneDrive\\Desktop\\repos\\BusinessSolution\\InquiryApp.Tests\\bin\\Release\\net8.0\\fine-code-coverage\\build-output\\InquiryApp.Tests.dll","CodeFilePath":null,"LineNumber":0,"Properties":[]},"Attachments":[],"Outcome":1,"ErrorMessage":null,"ErrorStackTrace":null,"DisplayName":"InquiryApp.Tests.HomeControllerTests.Privacy_ReturnsView","Messages":[],"ComputerName":"MSI","Duration":"00:00:00.0005181","StartTime":"2024-03-23T13:51:50.4312583+00:00","EndTime":"2024-03-23T13:51:50.4312583+00:00","Properties":[]}],"TestRunStatistics":{"ExecutedTests":8,"Stats":{"Passed":8}},"ActiveTests":[{"Id":"832b50e2-70a3-9fd7-9818-4485e201c828","FullyQualifiedName":"InquiryApp.Tests.InquiryAppRepositoryTests.DeleteInquiry_SuccessReturnsTrue","DisplayName":"InquiryApp.Tests.InquiryAppRepositoryTests.DeleteInquiry_SuccessReturnsTrue","ExecutorUri":"executor://xunit/VsTestRunner2/netcoreapp","Source":"C:\\Users\\Angel\\OneDrive\\Desktop\\repos\\BusinessSolution\\InquiryApp.Tests\\bin\\Release\\net8.0\\fine-code-coverage\\build-output\\InquiryApp.Tests.dll","CodeFilePath":null,"LineNumber":0,"Properties":[]},{"Id":"fa0413eb-9121-a40f-1def-27eebcc2e104","FullyQualifiedName":"InquiryApp.Tests.HomeControllerTests.UpdateInquiryToDatabase_RedirectsToViewInquiry","DisplayName":"InquiryApp.Tests.HomeControllerTests.UpdateInquiryToDatabase_RedirectsToViewInquiry","ExecutorUri":"executor://xunit/VsTestRunner2/netcoreapp","Source":"C:\\Users\\Angel\\OneDrive\\Desktop\\repos\\BusinessSolution\\InquiryApp.Tests\\bin\\Release\\net8.0\\fine-code-coverage\\build-output\\InquiryApp.Tests.dll","CodeFilePath":null,"LineNumber":0,"Properties":[]}]}}
TpTrace Verbose: 0 : 15212, 14, 2024/03/23, 09:51:50.461, 285153644514, vstest.console.dll, TestRunRequest:SendTestRunStatsChange: Starting.
TpTrace Verbose: 0 : 15212, 14, 2024/03/23, 09:51:50.461, 285153646097, vstest.console.dll, InProgress is InquiryApp.Tests.InquiryAppRepositoryTests.DeleteInquiry_SuccessReturnsTrue
TpTrace Verbose: 0 : 15212, 14, 2024/03/23, 09:51:50.461, 285153646558, vstest.console.dll, InProgress is InquiryApp.Tests.HomeControllerTests.UpdateInquiryToDatabase_RedirectsToViewInquiry
TpTrace Verbose: 0 : 15212, 14, 2024/03/23, 09:51:50.461, 285153648075, vstest.console.dll, MulticastDelegateUtilities.SafeInvoke: TestRun.RunStatsChanged: Invoking callbacks was skipped because there are no subscribers.
TpTrace Information: 0 : 15212, 14, 2024/03/23, 09:51:50.461, 285153648525, vstest.console.dll, TestRunRequest:SendTestRunStatsChange: Completed.
TpTrace Verbose: 0 : 15212, 14, 2024/03/23, 09:51:50.461, 285153648811, vstest.console.dll, MulticastDelegateUtilities.SafeInvoke: LengthPrefixCommunicationChannel: MessageReceived: Invoking callback 1/1 for Microsoft.VisualStudio.TestPlatform.CommunicationUtilities.TestRequestSender+<>c__DisplayClass34_0., took 13 ms.
TpTrace Verbose: 0 : 15212, 14, 2024/03/23, 09:51:50.461, 285153649073, vstest.console.dll, TcpClientExtensions.MessageLoopAsync: Polling on remoteEndPoint: 127.0.0.1:51611 localEndPoint: 127.0.0.1:51610 after 632 ms
TpTrace Verbose: 0 : 15212, 4, 2024/03/23, 09:51:50.463, 285153669315, vstest.console.dll, MulticastDelegateUtilities.SafeInvoke: InternalTestLoggerEvents.SendTestResult: Invoking callback 1/1 for Microsoft.VisualStudio.TestPlatform.CommandLine.Internal.ConsoleLogger., took 2 ms.
TpTrace Verbose: 0 : 15212, 4, 2024/03/23, 09:51:50.463, 285153671714, vstest.console.dll, MulticastDelegateUtilities.SafeInvoke: InternalTestLoggerEvents.SendTestResult: Invoking callback 1/1 for Microsoft.VisualStudio.TestPlatform.CommandLine.Internal.ConsoleLogger., took 0 ms.
TpTrace Verbose: 0 : 15212, 4, 2024/03/23, 09:51:50.464, 285153672289, vstest.console.dll, MulticastDelegateUtilities.SafeInvoke: InternalTestLoggerEvents.SendTestResult: Invoking callback 1/1 for Microsoft.VisualStudio.TestPlatform.CommandLine.Internal.ConsoleLogger., took 0 ms.
TpTrace Verbose: 0 : 15212, 4, 2024/03/23, 09:51:50.464, 285153672713, vstest.console.dll, MulticastDelegateUtilities.SafeInvoke: InternalTestLoggerEvents.SendTestResult: Invoking callback 1/1 for Microsoft.VisualStudio.TestPlatform.CommandLine.Internal.ConsoleLogger., took 0 ms.
TpTrace Verbose: 0 : 15212, 4, 2024/03/23, 09:51:50.464, 285153673116, vstest.console.dll, MulticastDelegateUtilities.SafeInvoke: InternalTestLoggerEvents.SendTestResult: Invoking callback 1/1 for Microsoft.VisualStudio.TestPlatform.CommandLine.Internal.ConsoleLogger., took 0 ms.
TpTrace Verbose: 0 : 15212, 4, 2024/03/23, 09:51:50.464, 285153673532, vstest.console.dll, MulticastDelegateUtilities.SafeInvoke: InternalTestLoggerEvents.SendTestResult: Invoking callback 1/1 for Microsoft.VisualStudio.TestPlatform.CommandLine.Internal.ConsoleLogger., took 0 ms.
TpTrace Verbose: 0 : 15212, 4, 2024/03/23, 09:51:50.464, 285153673925, vstest.console.dll, MulticastDelegateUtilities.SafeInvoke: InternalTestLoggerEvents.SendTestResult: Invoking callback 1/1 for Microsoft.VisualStudio.TestPlatform.CommandLine.Internal.ConsoleLogger., took 0 ms.
TpTrace Verbose: 0 : 15212, 4, 2024/03/23, 09:51:50.464, 285153674296, vstest.console.dll, MulticastDelegateUtilities.SafeInvoke: InternalTestLoggerEvents.SendTestResult: Invoking callback 1/1 for Microsoft.VisualStudio.TestPlatform.CommandLine.Internal.ConsoleLogger., took 0 ms.
TpTrace Verbose: 0 : 15212, 14, 2024/03/23, 09:51:50.470, 285153733452, vstest.console.dll, TcpClientExtensions.MessageLoopAsync: NotifyDataAvailable remoteEndPoint: 127.0.0.1:51611 localEndPoint: 127.0.0.1:51610
TpTrace Verbose: 0 : 15212, 14, 2024/03/23, 09:51:50.470, 285153735292, vstest.console.dll, TestRequestSender.OnExecutionMessageReceived: Received message: {"Version":7,"MessageType":"TestExecution.StatsChange","Payload":{"NewTestResults":[{"TestCase":{"Id":"832b50e2-70a3-9fd7-9818-4485e201c828","FullyQualifiedName":"InquiryApp.Tests.InquiryAppRepositoryTests.DeleteInquiry_SuccessReturnsTrue","DisplayName":"InquiryApp.Tests.InquiryAppRepositoryTests.DeleteInquiry_SuccessReturnsTrue","ExecutorUri":"executor://xunit/VsTestRunner2/netcoreapp","Source":"C:\\Users\\Angel\\OneDrive\\Desktop\\repos\\BusinessSolution\\InquiryApp.Tests\\bin\\Release\\net8.0\\fine-code-coverage\\build-output\\InquiryApp.Tests.dll","CodeFilePath":null,"LineNumber":0,"Properties":[]},"Attachments":[],"Outcome":1,"ErrorMessage":null,"ErrorStackTrace":null,"DisplayName":"InquiryApp.Tests.InquiryAppRepositoryTests.DeleteInquiry_SuccessReturnsTrue","Messages":[],"ComputerName":"MSI","Duration":"00:00:00.0021342","StartTime":"2024-03-23T13:51:50.4493991+00:00","EndTime":"2024-03-23T13:51:50.4493993+00:00","Properties":[]},{"TestCase":{"Id":"ef22498f-1175-3cce-7705-eb9ca69ca23d","FullyQualifiedName":"InquiryApp.Tests.InquiryAppRepositoryTests.GetInquiry_SuccessReturnsInquiry","DisplayName":"InquiryApp.Tests.InquiryAppRepositoryTests.GetInquiry_SuccessReturnsInquiry","ExecutorUri":"executor://xunit/VsTestRunner2/netcoreapp","Source":"C:\\Users\\Angel\\OneDrive\\Desktop\\repos\\BusinessSolution\\InquiryApp.Tests\\bin\\Release\\net8.0\\fine-code-coverage\\build-output\\InquiryApp.Tests.dll","CodeFilePath":null,"LineNumber":0,"Properties":[]},"Attachments":[],"Outcome":1,"ErrorMessage":null,"ErrorStackTrace":null,"DisplayName":"InquiryApp.Tests.InquiryAppRepositoryTests.GetInquiry_SuccessReturnsInquiry","Messages":[],"ComputerName":"MSI","Duration":"00:00:00.0026321","StartTime":"2024-03-23T13:51:50.4516447+00:00","EndTime":"2024-03-23T13:51:50.4516448+00:00","Properties":[]},{"TestCase":{"Id":"fa0413eb-9121-a40f-1def-27eebcc2e104","FullyQualifiedName":"InquiryApp.Tests.HomeControllerTests.UpdateInquiryToDatabase_RedirectsToViewInquiry","DisplayName":"InquiryApp.Tests.HomeControllerTests.UpdateInquiryToDatabase_RedirectsToViewInquiry","ExecutorUri":"executor://xunit/VsTestRunner2/netcoreapp","Source":"C:\\Users\\Angel\\OneDrive\\Desktop\\repos\\BusinessSolution\\InquiryApp.Tests\\bin\\Release\\net8.0\\fine-code-coverage\\build-output\\InquiryApp.Tests.dll","CodeFilePath":null,"LineNumber":0,"Properties":[]},"Attachments":[],"Outcome":1,"ErrorMessage":null,"ErrorStackTrace":null,"DisplayName":"InquiryApp.Tests.HomeControllerTests.UpdateInquiryToDatabase_RedirectsToViewInquiry","Messages":[],"ComputerName":"MSI","Duration":"00:00:00.0034705","StartTime":"2024-03-23T13:51:50.4535333+00:00","EndTime":"2024-03-23T13:51:50.4535334+00:00","Properties":[]},{"TestCase":{"Id":"bb43b215-ec09-5fac-dfcc-fee57440e3d0","FullyQualifiedName":"InquiryApp.Tests.HomeControllerTests.Error_ReturnsViewWithErrorViewModel_UsingActivityId","DisplayName":"InquiryApp.Tests.HomeControllerTests.Error_ReturnsViewWithErrorViewModel_UsingActivityId","ExecutorUri":"executor://xunit/VsTestRunner2/netcoreapp","Source":"C:\\Users\\Angel\\OneDrive\\Desktop\\repos\\BusinessSolution\\InquiryApp.Tests\\bin\\Release\\net8.0\\fine-code-coverage\\build-output\\InquiryApp.Tests.dll","CodeFilePath":null,"LineNumber":0,"Properties":[]},"Attachments":[],"Outcome":1,"ErrorMessage":null,"ErrorStackTrace":null,"DisplayName":"InquiryApp.Tests.HomeControllerTests.Error_ReturnsViewWithErrorViewModel_UsingActivityId","Messages":[],"ComputerName":"MSI","Duration":"00:00:00.0009617","StartTime":"2024-03-23T13:51:50.4553735+00:00","EndTime":"2024-03-23T13:51:50.4553736+00:00","Properties":[]},{"TestCase":{"Id":"53c6122b-0e14-671e-76c5-2fddb95c12a0","FullyQualifiedName":"InquiryApp.Tests.HomeControllerTests.UpdateInquiry_ReturnsViewWithInquiry","DisplayName":"InquiryApp.Tests.HomeControllerTests.UpdateInquiry_ReturnsViewWithInquiry","ExecutorUri":"executor://xunit/VsTestRunner2/netcoreapp","Source":"C:\\Users\\Angel\\OneDrive\\Desktop\\repos\\BusinessSolution\\InquiryApp.Tests\\bin\\Release\\net8.0\\fine-code-coverage\\build-output\\InquiryApp.Tests.dll","CodeFilePath":null,"LineNumber":0,"Properties":[]},"Attachments":[],"Outcome":1,"ErrorMessage":null,"ErrorStackTrace":null,"DisplayName":"InquiryApp.Tests.HomeControllerTests.UpdateInquiry_ReturnsViewWithInquiry","Messages":[],"ComputerName":"MSI","Duration":"00:00:00.0007908","StartTime":"2024-03-23T13:51:50.4572255+00:00","EndTime":"2024-03-23T13:51:50.4572256+00:00","Properties":[]},{"TestCase":{"Id":"31f0bea7-23f1-47e8-2aee-9dae64de69af","FullyQualifiedName":"InquiryApp.Tests.InquiryAppRepositoryTests.GetAllInquiries_FailureReturnsEmptyCollection","DisplayName":"InquiryApp.Tests.InquiryAppRepositoryTests.GetAllInquiries_FailureReturnsEmptyCollection","ExecutorUri":"executor://xunit/VsTestRunner2/netcoreapp","Source":"C:\\Users\\Angel\\OneDrive\\Desktop\\repos\\BusinessSolution\\InquiryApp.Tests\\bin\\Release\\net8.0\\fine-code-coverage\\build-output\\InquiryApp.Tests.dll","CodeFilePath":null,"LineNumber":0,"Properties":[]},"Attachments":[],"Outcome":1,"ErrorMessage":null,"ErrorStackTrace":null,"DisplayName":"InquiryApp.Tests.InquiryAppRepositoryTests.GetAllInquiries_FailureReturnsEmptyCollection","Messages":[],"ComputerName":"MSI","Duration":"00:00:00.0020069","StartTime":"2024-03-23T13:51:50.4640021+00:00","EndTime":"2024-03-23T13:51:50.4640023+00:00","Properties":[]},{"TestCase":{"Id":"94d5e639-9466-e6c3-2d7c-81c5a1a6d873","FullyQualifiedName":"InquiryApp.Tests.HomeControllerTests.Index_ReturnsViewWithInquiries","DisplayName":"InquiryApp.Tests.HomeControllerTests.Index_ReturnsViewWithInquiries","ExecutorUri":"executor://xunit/VsTestRunner2/netcoreapp","Source":"C:\\Users\\Angel\\OneDrive\\Desktop\\repos\\BusinessSolution\\InquiryApp.Tests\\bin\\Release\\net8.0\\fine-code-coverage\\build-output\\InquiryApp.Tests.dll","CodeFilePath":null,"LineNumber":0,"Properties":[]},"Attachments":[],"Outcome":1,"ErrorMessage":null,"ErrorStackTrace":null,"DisplayName":"InquiryApp.Tests.HomeControllerTests.Index_ReturnsViewWithInquiries","Messages":[],"ComputerName":"MSI","Duration":"00:00:00.0009437","StartTime":"2024-03-23T13:51:50.4661496+00:00","EndTime":"2024-03-23T13:51:50.4661497+00:00","Properties":[]},{"TestCase":{"Id":"85889486-5ee6-02d6-16ed-1d110629542c","FullyQualifiedName":"InquiryApp.Tests.InquiryAppRepositoryTests.DeleteInquiry_FailureReturnsFalse","DisplayName":"InquiryApp.Tests.InquiryAppRepositoryTests.DeleteInquiry_FailureReturnsFalse","ExecutorUri":"executor://xunit/VsTestRunner2/netcoreapp","Source":"C:\\Users\\Angel\\OneDrive\\Desktop\\repos\\BusinessSolution\\InquiryApp.Tests\\bin\\Release\\net8.0\\fine-code-coverage\\build-output\\InquiryApp.Tests.dll","CodeFilePath":null,"LineNumber":0,"Properties":[]},"Attachments":[],"Outcome":1,"ErrorMessage":null,"ErrorStackTrace":null,"DisplayName":"InquiryApp.Tests.InquiryAppRepositoryTests.DeleteInquiry_FailureReturnsFalse","Messages":[],"ComputerName":"MSI","Duration":"00:00:00.0009247","StartTime":"2024-03-23T13:51:50.4679799+00:00","EndTime":"2024-03-23T13:51:50.46798+00:00","Properties":[]}],"TestRunStatistics":{"ExecutedTests":16,"Stats":{"Passed":16}},"ActiveTests":[{"Id":"3f87c8d2-b5a6-217f-e649-ae1a87098d99","FullyQualifiedName":"InquiryApp.Tests.HomeControllerTests.ViewInquiry_ReturnsViewWithInquiry","DisplayName":"InquiryApp.Tests.HomeControllerTests.ViewInquiry_ReturnsViewWithInquiry","ExecutorUri":"executor://xunit/VsTestRunner2/netcoreapp","Source":"C:\\Users\\Angel\\OneDrive\\Desktop\\repos\\BusinessSolution\\InquiryApp.Tests\\bin\\Release\\net8.0\\fine-code-coverage\\build-output\\InquiryApp.Tests.dll","CodeFilePath":null,"LineNumber":0,"Properties":[]},{"Id":"b0947787-4322-3d9c-2d9a-a99a1fefbcfc","FullyQualifiedName":"InquiryApp.Tests.InquiryAppRepositoryTests.UpdateInquiry_FailureReturnsFalse","DisplayName":"InquiryApp.Tests.InquiryAppRepositoryTests.UpdateInquiry_FailureReturnsFalse","ExecutorUri":"executor://xunit/VsTestRunner2/netcoreapp","Source":"C:\\Users\\Angel\\OneDrive\\Desktop\\repos\\BusinessSolution\\InquiryApp.Tests\\bin\\Release\\net8.0\\fine-code-coverage\\build-output\\InquiryApp.Tests.dll","CodeFilePath":null,"LineNumber":0,"Properties":[]}]}}
TpTrace Verbose: 0 : 15212, 14, 2024/03/23, 09:51:50.471, 285153744430, vstest.console.dll, TestRunRequest:SendTestRunStatsChange: Starting.
TpTrace Verbose: 0 : 15212, 14, 2024/03/23, 09:51:50.471, 285153744965, vstest.console.dll, InProgress is InquiryApp.Tests.HomeControllerTests.ViewInquiry_ReturnsViewWithInquiry
TpTrace Verbose: 0 : 15212, 14, 2024/03/23, 09:51:50.471, 285153745227, vstest.console.dll, InProgress is InquiryApp.Tests.InquiryAppRepositoryTests.UpdateInquiry_FailureReturnsFalse
TpTrace Verbose: 0 : 15212, 14, 2024/03/23, 09:51:50.471, 285153745715, vstest.console.dll, MulticastDelegateUtilities.SafeInvoke: TestRun.RunStatsChanged: Invoking callbacks was skipped because there are no subscribers.
TpTrace Information: 0 : 15212, 14, 2024/03/23, 09:51:50.471, 285153746022, vstest.console.dll, TestRunRequest:SendTestRunStatsChange: Completed.
TpTrace Verbose: 0 : 15212, 4, 2024/03/23, 09:51:50.471, 285153746095, vstest.console.dll, MulticastDelegateUtilities.SafeInvoke: InternalTestLoggerEvents.SendTestResult: Invoking callback 1/1 for Microsoft.VisualStudio.TestPlatform.CommandLine.Internal.ConsoleLogger., took 0 ms.
TpTrace Verbose: 0 : 15212, 14, 2024/03/23, 09:51:50.471, 285153746366, vstest.console.dll, MulticastDelegateUtilities.SafeInvoke: LengthPrefixCommunicationChannel: MessageReceived: Invoking callback 1/1 for Microsoft.VisualStudio.TestPlatform.CommunicationUtilities.TestRequestSender+<>c__DisplayClass34_0., took 1 ms.
TpTrace Verbose: 0 : 15212, 4, 2024/03/23, 09:51:50.471, 285153746993, vstest.console.dll, MulticastDelegateUtilities.SafeInvoke: InternalTestLoggerEvents.SendTestResult: Invoking callback 1/1 for Microsoft.VisualStudio.TestPlatform.CommandLine.Internal.ConsoleLogger., took 0 ms.
TpTrace Verbose: 0 : 15212, 14, 2024/03/23, 09:51:50.471, 285153747186, vstest.console.dll, TcpClientExtensions.MessageLoopAsync: Polling on remoteEndPoint: 127.0.0.1:51611 localEndPoint: 127.0.0.1:51610 after 9 ms
TpTrace Verbose: 0 : 15212, 4, 2024/03/23, 09:51:50.471, 285153747481, vstest.console.dll, MulticastDelegateUtilities.SafeInvoke: InternalTestLoggerEvents.SendTestResult: Invoking callback 1/1 for Microsoft.VisualStudio.TestPlatform.CommandLine.Internal.ConsoleLogger., took 0 ms.
TpTrace Verbose: 0 : 15212, 4, 2024/03/23, 09:51:50.471, 285153748554, vstest.console.dll, MulticastDelegateUtilities.SafeInvoke: InternalTestLoggerEvents.SendTestResult: Invoking callback 1/1 for Microsoft.VisualStudio.TestPlatform.CommandLine.Internal.ConsoleLogger., took 0 ms.
TpTrace Verbose: 0 : 15212, 4, 2024/03/23, 09:51:50.471, 285153748883, vstest.console.dll, MulticastDelegateUtilities.SafeInvoke: InternalTestLoggerEvents.SendTestResult: Invoking callback 1/1 for Microsoft.VisualStudio.TestPlatform.CommandLine.Internal.ConsoleLogger., took 0 ms.
TpTrace Verbose: 0 : 15212, 4, 2024/03/23, 09:51:50.472, 285153755277, vstest.console.dll, MulticastDelegateUtilities.SafeInvoke: InternalTestLoggerEvents.SendTestResult: Invoking callback 1/1 for Microsoft.VisualStudio.TestPlatform.CommandLine.Internal.ConsoleLogger., took 0 ms.
TpTrace Verbose: 0 : 15212, 4, 2024/03/23, 09:51:50.472, 285153755848, vstest.console.dll, MulticastDelegateUtilities.SafeInvoke: InternalTestLoggerEvents.SendTestResult: Invoking callback 1/1 for Microsoft.VisualStudio.TestPlatform.CommandLine.Internal.ConsoleLogger., took 0 ms.
TpTrace Verbose: 0 : 15212, 4, 2024/03/23, 09:51:50.472, 285153756206, vstest.console.dll, MulticastDelegateUtilities.SafeInvoke: InternalTestLoggerEvents.SendTestResult: Invoking callback 1/1 for Microsoft.VisualStudio.TestPlatform.CommandLine.Internal.ConsoleLogger., took 0 ms.
TpTrace Verbose: 0 : 15212, 14, 2024/03/23, 09:51:50.476, 285153792531, vstest.console.dll, TcpClientExtensions.MessageLoopAsync: NotifyDataAvailable remoteEndPoint: 127.0.0.1:51611 localEndPoint: 127.0.0.1:51610
TpTrace Verbose: 0 : 15212, 14, 2024/03/23, 09:51:50.476, 285153793525, vstest.console.dll, TestRequestSender.OnExecutionMessageReceived: Received message: {"Version":7,"MessageType":"TestSession.Message","Payload":{"MessageLevel":0,"Message":"[xUnit.net 00:00:00.99]   Finished:    InquiryApp.Tests"}}
TpTrace Verbose: 0 : 15212, 14, 2024/03/23, 09:51:50.476, 285153794735, vstest.console.dll, TestRunRequest:SendTestRunMessage: Starting.
TpTrace Verbose: 0 : 15212, 14, 2024/03/23, 09:51:50.476, 285153795537, vstest.console.dll, MulticastDelegateUtilities.SafeInvoke: TestRun.LogMessages: Invoking callback 1/1 for Microsoft.VisualStudio.TestPlatform.CommandLine.TestRunResultAggregator., took 0 ms.
TpTrace Information: 0 : 15212, 14, 2024/03/23, 09:51:50.476, 285153795878, vstest.console.dll, TestRunRequest:SendTestRunMessage: Completed.
TpTrace Verbose: 0 : 15212, 4, 2024/03/23, 09:51:50.476, 285153795937, vstest.console.dll, MulticastDelegateUtilities.SafeInvoke: InternalTestLoggerEvents.SendTestRunMessage: Invoking callback 1/1 for Microsoft.VisualStudio.TestPlatform.CommandLine.Internal.ConsoleLogger., took 0 ms.
TpTrace Verbose: 0 : 15212, 14, 2024/03/23, 09:51:50.476, 285153796303, vstest.console.dll, MulticastDelegateUtilities.SafeInvoke: LengthPrefixCommunicationChannel: MessageReceived: Invoking callback 1/1 for Microsoft.VisualStudio.TestPlatform.CommunicationUtilities.TestRequestSender+<>c__DisplayClass34_0., took 0 ms.
TpTrace Verbose: 0 : 15212, 14, 2024/03/23, 09:51:50.476, 285153797742, vstest.console.dll, TcpClientExtensions.MessageLoopAsync: Polling on remoteEndPoint: 127.0.0.1:51611 localEndPoint: 127.0.0.1:51610 after 4 ms
TpTrace Verbose: 0 : 15212, 14, 2024/03/23, 09:51:50.487, 285153909751, vstest.console.dll, TcpClientExtensions.MessageLoopAsync: NotifyDataAvailable remoteEndPoint: 127.0.0.1:51611 localEndPoint: 127.0.0.1:51610
TpTrace Verbose: 0 : 15212, 14, 2024/03/23, 09:51:50.487, 285153911421, vstest.console.dll, TestRequestSender.OnExecutionMessageReceived: Received message: {"Version":7,"MessageType":"TestExecution.Completed","Payload":{"TestRunCompleteArgs":{"TestRunStatistics":{"ExecutedTests":19,"Stats":{"Passed":19}},"IsCanceled":false,"IsAborted":false,"Error":null,"AttachmentSets":[],"InvokedDataCollectors":[],"ElapsedTimeInRunningTests":"00:00:00.9970072","Metrics":{},"DiscoveredExtensions":{"TestDiscoverers":["Xunit.Runner.VisualStudio.VsTestRunner, xunit.runner.visualstudio.dotnetcore.testadapter, Version=2.5.0.0, Culture=neutral, PublicKeyToken=null"],"TestExecutors":["executor://xunit/VsTestRunner2/netcoreapp"],"TestExecutors2":[],"TestSettingsProviders":[]}},"LastRunTests":{"NewTestResults":[{"TestCase":{"Id":"3f87c8d2-b5a6-217f-e649-ae1a87098d99","FullyQualifiedName":"InquiryApp.Tests.HomeControllerTests.ViewInquiry_ReturnsViewWithInquiry","DisplayName":"InquiryApp.Tests.HomeControllerTests.ViewInquiry_ReturnsViewWithInquiry","ExecutorUri":"executor://xunit/VsTestRunner2/netcoreapp","Source":"C:\\Users\\Angel\\OneDrive\\Desktop\\repos\\BusinessSolution\\InquiryApp.Tests\\bin\\Release\\net8.0\\fine-code-coverage\\build-output\\InquiryApp.Tests.dll","CodeFilePath":null,"LineNumber":0,"Properties":[]},"Attachments":[],"Outcome":1,"ErrorMessage":null,"ErrorStackTrace":null,"DisplayName":"InquiryApp.Tests.HomeControllerTests.ViewInquiry_ReturnsViewWithInquiry","Messages":[],"ComputerName":"MSI","Duration":"00:00:00.0004969","StartTime":"2024-03-23T13:51:50.4710649+00:00","EndTime":"2024-03-23T13:51:50.471065+00:00","Properties":[]},{"TestCase":{"Id":"b0947787-4322-3d9c-2d9a-a99a1fefbcfc","FullyQualifiedName":"InquiryApp.Tests.InquiryAppRepositoryTests.UpdateInquiry_FailureReturnsFalse","DisplayName":"InquiryApp.Tests.InquiryAppRepositoryTests.UpdateInquiry_FailureReturnsFalse","ExecutorUri":"executor://xunit/VsTestRunner2/netcoreapp","Source":"C:\\Users\\Angel\\OneDrive\\Desktop\\repos\\BusinessSolution\\InquiryApp.Tests\\bin\\Release\\net8.0\\fine-code-coverage\\build-output\\InquiryApp.Tests.dll","CodeFilePath":null,"LineNumber":0,"Properties":[]},"Attachments":[],"Outcome":1,"ErrorMessage":null,"ErrorStackTrace":null,"DisplayName":"InquiryApp.Tests.InquiryAppRepositoryTests.UpdateInquiry_FailureReturnsFalse","Messages":[],"ComputerName":"MSI","Duration":"00:00:00.0008246","StartTime":"2024-03-23T13:51:50.4723006+00:00","EndTime":"2024-03-23T13:51:50.4723007+00:00","Properties":[]},{"TestCase":{"Id":"0367742f-ac0c-cccb-f910-984cf6abe943","FullyQualifiedName":"InquiryApp.Tests.InquiryAppRepositoryTests.GetAllInquiries_SuccessReturnsAllInquiries","DisplayName":"InquiryApp.Tests.InquiryAppRepositoryTests.GetAllInquiries_SuccessReturnsAllInquiries","ExecutorUri":"executor://xunit/VsTestRunner2/netcoreapp","Source":"C:\\Users\\Angel\\OneDrive\\Desktop\\repos\\BusinessSolution\\InquiryApp.Tests\\bin\\Release\\net8.0\\fine-code-coverage\\build-output\\InquiryApp.Tests.dll","CodeFilePath":null,"LineNumber":0,"Properties":[]},"Attachments":[],"Outcome":1,"ErrorMessage":null,"ErrorStackTrace":null,"DisplayName":"InquiryApp.Tests.InquiryAppRepositoryTests.GetAllInquiries_SuccessReturnsAllInquiries","Messages":[],"ComputerName":"MSI","Duration":"00:00:00.0028746","StartTime":"2024-03-23T13:51:50.4741093+00:00","EndTime":"2024-03-23T13:51:50.4741094+00:00","Properties":[]}],"TestRunStatistics":{"ExecutedTests":19,"Stats":{"Passed":19}},"ActiveTests":[]},"RunAttachments":[],"ExecutorUris":["executor://xunit/VsTestRunner2/netcoreapp"]}}
TpTrace Verbose: 0 : 15212, 14, 2024/03/23, 09:51:50.488, 285153912258, vstest.console.dll, TestRequestSender.EndSession: Sending end session.
TpTrace Verbose: 0 : 15212, 14, 2024/03/23, 09:51:50.488, 285153913750, vstest.console.dll, ProxyOperationManager.Close: waiting for test host to exit for 100 ms
TpTrace Verbose: 0 : 15212, 13, 2024/03/23, 09:51:50.504, 285154075528, vstest.console.dll, TestHostManagerCallbacks.ctor: Experimental forwarding output is disabled.
TpTrace Warning: 0 : 15212, 13, 2024/03/23, 09:51:50.504, 285154077421, vstest.console.dll, TestHostManagerCallbacks.ErrorReceivedCallback Test host standard error line: 
TpTrace Verbose: 0 : 15212, 13, 2024/03/23, 09:51:50.511, 285154144857, vstest.console.dll, TestHostProvider.ExitCallBack: Host exited starting callback.
TpTrace Information: 0 : 15212, 13, 2024/03/23, 09:51:50.511, 285154146016, vstest.console.dll, TestHostManagerCallbacks.ExitCallBack: Testhost processId: 16960 exited with exitcode: 0 error: ''
TpTrace Verbose: 0 : 15212, 13, 2024/03/23, 09:51:50.511, 285154146592, vstest.console.dll, DotnetTestHostManager.OnHostExited: invoking OnHostExited callback
TpTrace Verbose: 0 : 15212, 13, 2024/03/23, 09:51:50.511, 285154147075, vstest.console.dll, CrossPlatEngine.TestHostManagerHostExited: calling on client process exit callback.
TpTrace Information: 0 : 15212, 13, 2024/03/23, 09:51:50.511, 285154147544, vstest.console.dll, TestRequestSender.OnClientProcessExit: Test host process exited. Standard error: 
TpTrace Information: 0 : 15212, 14, 2024/03/23, 09:51:50.511, 285154147773, vstest.console.dll, SocketServer.Stop: Stop server endPoint: 127.0.0.1:51610
TpTrace Information: 0 : 15212, 14, 2024/03/23, 09:51:50.511, 285154148267, vstest.console.dll, SocketServer.Stop: Cancellation requested. Stopping message loop.
TpTrace Information: 0 : 15212, 13, 2024/03/23, 09:51:50.511, 285154147908, vstest.console.dll, SocketServer.Stop: Stop server endPoint: 127.0.0.1:51610
TpTrace Information: 0 : 15212, 13, 2024/03/23, 09:51:50.511, 285154149297, vstest.console.dll, SocketServer.Stop: Cancellation requested. Stopping message loop.
TpTrace Information: 0 : 15212, 14, 2024/03/23, 09:51:50.511, 285154149411, vstest.console.dll, Closing the connection
TpTrace Verbose: 0 : 15212, 13, 2024/03/23, 09:51:50.511, 285154149680, vstest.console.dll, MulticastDelegateUtilities.SafeInvoke: HostProviderEvents.OnHostExited: Invoking callback 1/1 for Microsoft.VisualStudio.TestPlatform.CrossPlatEngine.Client.ProxyOperationManager., took 0 ms.
TpTrace Verbose: 0 : 15212, 14, 2024/03/23, 09:51:50.511, 285154151515, vstest.console.dll, ProxyDataCollectionManager.InvokeDataCollectionServiceAction: Starting.
TpTrace Information: 0 : 15212, 14, 2024/03/23, 09:51:50.511, 285154151925, vstest.console.dll, ProxyDataCollectionManager.AfterTestRunEnd: Get attachment set and invoked data collectors processId: 19176 port: 51605
TpTrace Verbose: 0 : 15212, 14, 2024/03/23, 09:51:50.512, 285154152267, vstest.console.dll, DataCollectionRequestSender.SendAfterTestRunStartAndGetResult: Send AfterTestRunEnd message with isCancelled: False
TpTrace Verbose: 0 : 15212, 14, 2024/03/23, 09:51:50.516, 285154195613, vstest.console.dll, DataCollectionRequestSender.SendAfterTestRunStartAndGetResult: Received message: (DataCollection.AfterTestRunEndResult) -> {"MessageType":"DataCollection.AfterTestRunEndResult","Payload":{"AttachmentSets":[],"InvokedDataCollectors":[{"Uri":"datacollector://Microsoft/TestPlatform/Extensions/Blame/v1","FriendlyName":"Blame","AssemblyQualifiedName":"Microsoft.TestPlatform.Extensions.BlameDataCollector.BlameCollector, Microsoft.TestPlatform.Extensions.BlameDataCollector, Version=15.0.0.0, Culture=neutral, PublicKeyToken=b03f5f7f11d50a3a","FilePath":"C:\\Program Files\\dotnet\\sdk\\8.0.202\\Extensions\\Microsoft.TestPlatform.Extensions.BlameDataCollector.dll","HasAttachmentProcessor":false}],"Metrics":{}}}
TpTrace Information: 0 : 15212, 14, 2024/03/23, 09:51:50.520, 285154235018, vstest.console.dll, ProxyDataCollectionManager.InvokeDataCollectionServiceAction: Completed.
TpTrace Warning: 0 : 15212, 11, 2024/03/23, 09:51:50.521, 285154247202, vstest.console.dll, DataCollectionLauncher.ErrorReceivedCallback datacollector standard error line: 
TpTrace Information: 0 : 15212, 11, 2024/03/23, 09:51:50.525, 285154290394, vstest.console.dll, DataCollectionLauncher.ExitCallBack: Data collector exited with exitcode: 0 error: ''
TpTrace Verbose: 0 : 15212, 14, 2024/03/23, 09:51:50.541, 285154448012, vstest.console.dll, TestRunRequest:SendTestRunStatsChange: Starting.
TpTrace Verbose: 0 : 15212, 14, 2024/03/23, 09:51:50.541, 285154449430, vstest.console.dll, MulticastDelegateUtilities.SafeInvoke: TestRun.RunStatsChanged: Invoking callbacks was skipped because there are no subscribers.
TpTrace Information: 0 : 15212, 14, 2024/03/23, 09:51:50.541, 285154449694, vstest.console.dll, TestRunRequest:SendTestRunStatsChange: Completed.
TpTrace Verbose: 0 : 15212, 4, 2024/03/23, 09:51:50.541, 285154450083, vstest.console.dll, MulticastDelegateUtilities.SafeInvoke: InternalTestLoggerEvents.SendTestResult: Invoking callback 1/1 for Microsoft.VisualStudio.TestPlatform.CommandLine.Internal.ConsoleLogger., took 0 ms.
TpTrace Verbose: 0 : 15212, 4, 2024/03/23, 09:51:50.541, 285154450800, vstest.console.dll, MulticastDelegateUtilities.SafeInvoke: InternalTestLoggerEvents.SendTestResult: Invoking callback 1/1 for Microsoft.VisualStudio.TestPlatform.CommandLine.Internal.ConsoleLogger., took 0 ms.
TpTrace Verbose: 0 : 15212, 4, 2024/03/23, 09:51:50.541, 285154451215, vstest.console.dll, MulticastDelegateUtilities.SafeInvoke: InternalTestLoggerEvents.SendTestResult: Invoking callback 1/1 for Microsoft.VisualStudio.TestPlatform.CommandLine.Internal.ConsoleLogger., took 0 ms.
TpTrace Verbose: 0 : 15212, 14, 2024/03/23, 09:51:50.541, 285154451538, vstest.console.dll, ParallelProxyExecutionManager: HandlePartialRunComplete: Total workloads = 1, Total started clients = 1 Total completed clients = 1, Run complete = True, Run canceled: False.
TpTrace Verbose: 0 : 15212, 14, 2024/03/23, 09:51:50.541, 285154451887, vstest.console.dll, ParallelProxyExecutionManager: HandlePartialRunComplete: All runs completed stopping all managers.
TpTrace Verbose: 0 : 15212, 14, 2024/03/23, 09:51:50.542, 285154452268, vstest.console.dll, ParallelOperationManager.StopAllManagers: Stopping all managers.
TpTrace Verbose: 0 : 15212, 14, 2024/03/23, 09:51:50.542, 285154452487, vstest.console.dll, ParallelOperationManager.ClearSlots: Clearing all slots. Slots should accept more work: False
TpTrace Verbose: 0 : 15212, 14, 2024/03/23, 09:51:50.542, 285154452745, vstest.console.dll, ParallelOperationManager.SetOccupiedSlotCount: Setting slot counts AvailableSlotCount = 1, OccupiedSlotCount = 0.
TpTrace Verbose: 0 : 15212, 14, 2024/03/23, 09:51:50.542, 285154452985, vstest.console.dll, Occupied slots:

TpTrace Verbose: 0 : 15212, 4, 2024/03/23, 09:51:50.547, 285154503672, vstest.console.dll, MulticastDelegateUtilities.SafeInvoke: InternalTestLoggerEvents.SendTestRunComplete: Invoking callback 1/2 for Microsoft.TestPlatform.Extensions.BlameDataCollector.BlameLogger., took 0 ms.
TpTrace Verbose: 0 : 15212, 4, 2024/03/23, 09:51:50.550, 285154541473, vstest.console.dll, MulticastDelegateUtilities.SafeInvoke: InternalTestLoggerEvents.SendTestRunComplete: Invoking callback 2/2 for Microsoft.VisualStudio.TestPlatform.CommandLine.Internal.ConsoleLogger., took 3 ms.
TpTrace Verbose: 0 : 15212, 14, 2024/03/23, 09:51:50.551, 285154548708, vstest.console.dll, TestRunRequest:TestRunComplete: Starting. IsAborted:False IsCanceled:False.
TpTrace Verbose: 0 : 15212, 14, 2024/03/23, 09:51:50.551, 285154550229, vstest.console.dll, ParallelOperationManager.DoActionOnAllManagers: Calling an action on all managers.
TpTrace Verbose: 0 : 15212, 14, 2024/03/23, 09:51:50.552, 285154556471, vstest.console.dll, TestLoggerManager.HandleTestRunComplete: Ignoring as the object is disposed.
TpTrace Verbose: 0 : 15212, 14, 2024/03/23, 09:51:50.552, 285154557923, vstest.console.dll, MulticastDelegateUtilities.SafeInvoke: TestRun.TestRunComplete: Invoking callback 1/2 for Microsoft.VisualStudio.TestPlatform.CommandLine.TestRunResultAggregator., took 0 ms.
TpTrace Verbose: 0 : 15212, 14, 2024/03/23, 09:51:50.552, 285154558963, vstest.console.dll, MulticastDelegateUtilities.SafeInvoke: TestRun.TestRunComplete: Invoking callback 2/2 for Microsoft.VisualStudio.TestPlatform.CommandLine.Processors.RunTestsArgumentExecutor+TestRunRequestEventsRegistrar., took 0 ms.
TpTrace Information: 0 : 15212, 14, 2024/03/23, 09:51:50.552, 285154559724, vstest.console.dll, TestRunRequest:TestRunComplete: Completed.
TpTrace Verbose: 0 : 15212, 14, 2024/03/23, 09:51:50.552, 285154560077, vstest.console.dll, TestRequestSender.SetOperationComplete: Setting operation complete.
TpTrace Information: 0 : 15212, 14, 2024/03/23, 09:51:50.552, 285154560401, vstest.console.dll, SocketServer.Stop: Stop server endPoint: 127.0.0.1:51610
TpTrace Information: 0 : 15212, 14, 2024/03/23, 09:51:50.552, 285154560936, vstest.console.dll, SocketServer.Stop: Cancellation requested. Stopping message loop.
TpTrace Verbose: 0 : 15212, 1, 2024/03/23, 09:51:50.552, 285154560041, vstest.console.dll, TestRunRequest.Dispose: Starting.
TpTrace Verbose: 0 : 15212, 14, 2024/03/23, 09:51:50.552, 285154561220, vstest.console.dll, MulticastDelegateUtilities.SafeInvoke: LengthPrefixCommunicationChannel: MessageReceived: Invoking callback 1/1 for Microsoft.VisualStudio.TestPlatform.CommunicationUtilities.TestRequestSender+<>c__DisplayClass34_0., took 65 ms.
TpTrace Information: 0 : 15212, 1, 2024/03/23, 09:51:50.552, 285154561724, vstest.console.dll, TestRunRequest.Dispose: Completed.
TpTrace Information: 0 : 15212, 14, 2024/03/23, 09:51:50.553, 285154562506, vstest.console.dll, SocketServer.PrivateStop: Stopping server endPoint: 127.0.0.1:51610 error: 
TpTrace Information: 0 : 15212, 1, 2024/03/23, 09:51:50.553, 285154562847, vstest.console.dll, TestRequestManager.RunTests: run tests completed.
TpTrace Information: 0 : 15212, 1, 2024/03/23, 09:51:50.553, 285154563463, vstest.console.dll, RunTestsArgumentProcessor:Execute: Test run is completed.
TpTrace Verbose: 0 : 15212, 1, 2024/03/23, 09:51:50.553, 285154564900, vstest.console.dll, Executor.Execute: Exiting with exit code of 0
TpTrace Verbose: 0 : 15212, 14, 2024/03/23, 09:51:50.553, 285154566725, vstest.console.dll, LengthPrefixCommunicationChannel.Dispose: Dispose reader and writer.
TpTrace Information: 0 : 15212, 14, 2024/03/23, 09:51:50.553, 285154567543, vstest.console.dll, SocketServer.Stop: Raise disconnected event endPoint: 127.0.0.1:51610 error: 
TpTrace Verbose: 0 : 15212, 14, 2024/03/23, 09:51:50.553, 285154568634, vstest.console.dll, TestRequestSender: OnTestRunAbort: Operation is already complete. Skip error message.
