<?xml version="1.0" encoding="utf-8"?>
<coverage line-rate="0.7701" branch-rate="0.21420000000000003" version="1.9" timestamp="1711216610" lines-covered="268" lines-valid="348" branches-covered="12" branches-valid="56">
  <sources>
    <source>C:\Users\Angel\</source>
  </sources>
  <packages>
    <package name="BusinessSolutionShared" line-rate="0.2857" branch-rate="1" complexity="8">
      <classes>
        <class name="BusinessSolutionShared.DapperWrapper" filename="OneDrive\Desktop\repos\BusinessSolution\BusinessSolutionShared\DapperWrapper.cs" line-rate="0" branch-rate="1" complexity="3">
          <methods>
            <method name="Execute" signature="(System.Data.IDbConnection,System.String,System.Object,System.Data.IDbTransaction,System.Nullable`1&lt;System.Int32&gt;,System.Nullable`1&lt;System.Data.CommandType&gt;)" line-rate="0" branch-rate="1" complexity="1">
              <lines>
                <line number="16" hits="0" branch="False" />
                <line number="18" hits="0" branch="False" />
                <line number="20" hits="0" branch="False" />
              </lines>
            </method>
            <method name="Query" signature="(System.Data.IDbConnection,System.String,System.Object,System.Data.IDbTransaction,System.Boolean,System.Nullable`1&lt;System.Int32&gt;,System.Nullable`1&lt;System.Data.CommandType&gt;)" line-rate="0" branch-rate="1" complexity="1">
              <lines>
                <line number="32" hits="0" branch="False" />
                <line number="34" hits="0" branch="False" />
                <line number="36" hits="0" branch="False" />
              </lines>
            </method>
            <method name="QuerySingle" signature="(System.Data.IDbConnection,System.String,System.Object,System.Data.IDbTransaction,System.Nullable`1&lt;System.Int32&gt;,System.Nullable`1&lt;System.Data.CommandType&gt;)" line-rate="0" branch-rate="1" complexity="1">
              <lines>
                <line number="47" hits="0" branch="False" />
                <line number="49" hits="0" branch="False" />
                <line number="51" hits="0" branch="False" />
              </lines>
            </method>
          </methods>
          <lines>
            <line number="16" hits="0" branch="False" />
            <line number="18" hits="0" branch="False" />
            <line number="20" hits="0" branch="False" />
            <line number="32" hits="0" branch="False" />
            <line number="34" hits="0" branch="False" />
            <line number="36" hits="0" branch="False" />
            <line number="47" hits="0" branch="False" />
            <line number="49" hits="0" branch="False" />
            <line number="51" hits="0" branch="False" />
          </lines>
        </class>
        <class name="BusinessSolutionShared.InquiryModel" filename="OneDrive\Desktop\repos\BusinessSolution\BusinessSolutionShared\InquiryModel.cs" line-rate="0.8" branch-rate="1" complexity="5">
          <methods>
            <method name="get_Inquiry_ID" signature="()" line-rate="1" branch-rate="1" complexity="1">
              <lines>
                <line number="5" hits="16" branch="False" />
              </lines>
            </method>
            <method name="get_Date" signature="()" line-rate="0" branch-rate="1" complexity="1">
              <lines>
                <line number="6" hits="0" branch="False" />
              </lines>
            </method>
            <method name="get_Name" signature="()" line-rate="1" branch-rate="1" complexity="1">
              <lines>
                <line number="7" hits="14" branch="False" />
              </lines>
            </method>
            <method name="get_Phone" signature="()" line-rate="1" branch-rate="1" complexity="1">
              <lines>
                <line number="8" hits="14" branch="False" />
              </lines>
            </method>
            <method name="get_Email" signature="()" line-rate="1" branch-rate="1" complexity="1">
              <lines>
                <line number="9" hits="14" branch="False" />
              </lines>
            </method>
          </methods>
          <lines>
            <line number="5" hits="16" branch="False" />
            <line number="6" hits="0" branch="False" />
            <line number="7" hits="14" branch="False" />
            <line number="8" hits="14" branch="False" />
            <line number="9" hits="14" branch="False" />
          </lines>
        </class>
      </classes>
    </package>
    <package name="InquiryApp" line-rate="0.42969999999999997" branch-rate="0.17300000000000001" complexity="63">
      <classes>
        <class name="Program" filename="OneDrive\Desktop\repos\BusinessSolution\InquiryApp\Program.cs" line-rate="0" branch-rate="0" complexity="2">
          <methods>
            <method name="&lt;Main&gt;$" signature="(System.String[])" line-rate="0" branch-rate="0" complexity="2">
              <lines>
                <line number="7" hits="0" branch="False" />
                <line number="9" hits="0" branch="False" />
                <line number="10" hits="0" branch="False" />
                <line number="12" hits="0" branch="False" />
                <line number="14" hits="0" branch="False" />
                <line number="15" hits="0" branch="False" />
                <line number="16" hits="0" branch="False" />
                <line number="17" hits="0" branch="False" />
                <line number="18" hits="0" branch="False" />
                <line number="19" hits="0" branch="False" />
                <line number="20" hits="0" branch="False" />
                <line number="21" hits="0" branch="False" />
                <line number="22" hits="0" branch="False" />
                <line number="23" hits="0" branch="False" />
                <line number="25" hits="0" branch="False" />
                <line number="27" hits="0" branch="False" />
                <line number="29" hits="0" branch="False" />
                <line number="31" hits="0" branch="True" condition-coverage="0% (0/2)">
                  <conditions>
                    <condition number="165" type="jump" coverage="0%" />
                  </conditions>
                </line>
                <line number="33" hits="0" branch="False" />
                <line number="34" hits="0" branch="False" />
                <line number="37" hits="0" branch="False" />
                <line number="38" hits="0" branch="False" />
                <line number="39" hits="0" branch="False" />
                <line number="40" hits="0" branch="False" />
                <line number="42" hits="0" branch="False" />
                <line number="44" hits="0" branch="False" />
              </lines>
            </method>
          </methods>
          <lines>
            <line number="7" hits="0" branch="False" />
            <line number="9" hits="0" branch="False" />
            <line number="10" hits="0" branch="False" />
            <line number="12" hits="0" branch="False" />
            <line number="14" hits="0" branch="False" />
            <line number="15" hits="0" branch="False" />
            <line number="16" hits="0" branch="False" />
            <line number="17" hits="0" branch="False" />
            <line number="18" hits="0" branch="False" />
            <line number="19" hits="0" branch="False" />
            <line number="20" hits="0" branch="False" />
            <line number="21" hits="0" branch="False" />
            <line number="22" hits="0" branch="False" />
            <line number="23" hits="0" branch="False" />
            <line number="25" hits="0" branch="False" />
            <line number="27" hits="0" branch="False" />
            <line number="29" hits="0" branch="False" />
            <line number="31" hits="0" branch="True" condition-coverage="0% (0/2)">
              <conditions>
                <condition number="165" type="jump" coverage="0%" />
              </conditions>
            </line>
            <line number="33" hits="0" branch="False" />
            <line number="34" hits="0" branch="False" />
            <line number="37" hits="0" branch="False" />
            <line number="38" hits="0" branch="False" />
            <line number="39" hits="0" branch="False" />
            <line number="40" hits="0" branch="False" />
            <line number="42" hits="0" branch="False" />
            <line number="44" hits="0" branch="False" />
          </lines>
        </class>
        <class name="AspNetCoreGeneratedDocument.Views_Home_Index/&lt;ExecuteAsync&gt;d__0" filename="OneDrive\Desktop\repos\BusinessSolution\InquiryApp\Views\Home\Index.cshtml" line-rate="0" branch-rate="0" complexity="2">
          <methods>
            <method name="MoveNext" signature="()" line-rate="0" branch-rate="0" complexity="2">
              <lines>
                <line number="16" hits="0" branch="True" condition-coverage="0% (0/2)">
                  <conditions>
                    <condition number="324" type="jump" coverage="0%" />
                  </conditions>
                </line>
                <line number="19" hits="0" branch="False" />
                <line number="20" hits="0" branch="False" />
                <line number="21" hits="0" branch="False" />
                <line number="22" hits="0" branch="False" />
                <line number="23" hits="0" branch="False" />
              </lines>
            </method>
          </methods>
          <lines>
            <line number="16" hits="0" branch="True" condition-coverage="0% (0/2)">
              <conditions>
                <condition number="324" type="jump" coverage="0%" />
              </conditions>
            </line>
            <line number="19" hits="0" branch="False" />
            <line number="20" hits="0" branch="False" />
            <line number="21" hits="0" branch="False" />
            <line number="22" hits="0" branch="False" />
            <line number="23" hits="0" branch="False" />
          </lines>
        </class>
        <class name="AspNetCoreGeneratedDocument.Views_Home_Privacy/&lt;ExecuteAsync&gt;d__0" filename="OneDrive\Desktop\repos\BusinessSolution\InquiryApp\Views\Home\Privacy.cshtml" line-rate="0" branch-rate="1" complexity="1">
          <methods>
            <method name="MoveNext" signature="()" line-rate="0" branch-rate="1" complexity="1">
              <lines>
                <line number="2" hits="0" branch="False" />
                <line number="4" hits="0" branch="False" />
              </lines>
            </method>
          </methods>
          <lines>
            <line number="2" hits="0" branch="False" />
            <line number="4" hits="0" branch="False" />
          </lines>
        </class>
        <class name="AspNetCoreGeneratedDocument.Views_Home_UpdateInquiry/&lt;ExecuteAsync&gt;d__10" filename="OneDrive\Desktop\repos\BusinessSolution\InquiryApp\Views\Home\UpdateInquiry.cshtml" line-rate="0" branch-rate="0" complexity="10">
          <methods>
            <method name="MoveNext" signature="()" line-rate="0" branch-rate="0" complexity="10">
              <lines>
                <line number="6" hits="0" branch="False" />
                <line number="8" hits="0" branch="False" />
                <line number="10" hits="0" branch="True" condition-coverage="0% (0/2)">
                  <conditions>
                    <condition number="605" type="jump" coverage="0%" />
                  </conditions>
                </line>
                <line number="11" hits="0" branch="True" condition-coverage="0% (0/2)">
                  <conditions>
                    <condition number="1200" type="jump" coverage="0%" />
                  </conditions>
                </line>
                <line number="13" hits="0" branch="True" condition-coverage="0% (0/2)">
                  <conditions>
                    <condition number="1676" type="jump" coverage="0%" />
                  </conditions>
                </line>
                <line number="14" hits="0" branch="False" />
                <line number="16" hits="0" branch="True" condition-coverage="0% (0/2)">
                  <conditions>
                    <condition number="2236" type="jump" coverage="0%" />
                  </conditions>
                </line>
                <line number="17" hits="0" branch="False" />
                <line number="19" hits="0" branch="True" condition-coverage="0% (0/2)">
                  <conditions>
                    <condition number="2796" type="jump" coverage="0%" />
                  </conditions>
                </line>
                <line number="20" hits="0" branch="False" />
                <line number="23" hits="0" branch="False" />
              </lines>
            </method>
          </methods>
          <lines>
            <line number="6" hits="0" branch="False" />
            <line number="8" hits="0" branch="False" />
            <line number="10" hits="0" branch="True" condition-coverage="0% (0/2)">
              <conditions>
                <condition number="605" type="jump" coverage="0%" />
              </conditions>
            </line>
            <line number="11" hits="0" branch="True" condition-coverage="0% (0/2)">
              <conditions>
                <condition number="1200" type="jump" coverage="0%" />
              </conditions>
            </line>
            <line number="13" hits="0" branch="True" condition-coverage="0% (0/2)">
              <conditions>
                <condition number="1676" type="jump" coverage="0%" />
              </conditions>
            </line>
            <line number="14" hits="0" branch="False" />
            <line number="16" hits="0" branch="True" condition-coverage="0% (0/2)">
              <conditions>
                <condition number="2236" type="jump" coverage="0%" />
              </conditions>
            </line>
            <line number="17" hits="0" branch="False" />
            <line number="19" hits="0" branch="True" condition-coverage="0% (0/2)">
              <conditions>
                <condition number="2796" type="jump" coverage="0%" />
              </conditions>
            </line>
            <line number="20" hits="0" branch="False" />
            <line number="23" hits="0" branch="False" />
          </lines>
        </class>
        <class name="AspNetCoreGeneratedDocument.Views_Home_ViewInquiry/&lt;ExecuteAsync&gt;d__8" filename="OneDrive\Desktop\repos\BusinessSolution\InquiryApp\Views\Home\ViewInquiry.cshtml" line-rate="0" branch-rate="0" complexity="2">
          <methods>
            <method name="MoveNext" signature="()" line-rate="0" branch-rate="0" complexity="2">
              <lines>
                <line number="6" hits="0" branch="False" />
                <line number="16" hits="0" branch="False" />
                <line number="17" hits="0" branch="False" />
                <line number="18" hits="0" branch="False" />
                <line number="19" hits="0" branch="False" />
                <line number="24" hits="0" branch="False" />
                <line number="28" hits="0" branch="False" />
                <line number="30" hits="0" branch="True" condition-coverage="0% (0/2)">
                  <conditions>
                    <condition number="825" type="jump" coverage="0%" />
                  </conditions>
                </line>
                <line number="32" hits="0" branch="False" />
              </lines>
            </method>
          </methods>
          <lines>
            <line number="6" hits="0" branch="False" />
            <line number="16" hits="0" branch="False" />
            <line number="17" hits="0" branch="False" />
            <line number="18" hits="0" branch="False" />
            <line number="19" hits="0" branch="False" />
            <line number="24" hits="0" branch="False" />
            <line number="28" hits="0" branch="False" />
            <line number="30" hits="0" branch="True" condition-coverage="0% (0/2)">
              <conditions>
                <condition number="825" type="jump" coverage="0%" />
              </conditions>
            </line>
            <line number="32" hits="0" branch="False" />
          </lines>
        </class>
        <class name="AspNetCoreGeneratedDocument.Views_Shared_Error/&lt;ExecuteAsync&gt;d__0" filename="OneDrive\Desktop\repos\BusinessSolution\InquiryApp\Views\Shared\Error.cshtml" line-rate="0" branch-rate="0" complexity="2">
          <methods>
            <method name="MoveNext" signature="()" line-rate="0" branch-rate="0" complexity="2">
              <lines>
                <line number="4" hits="0" branch="False" />
                <line number="10" hits="0" branch="True" condition-coverage="0% (0/2)">
                  <conditions>
                    <condition number="68" type="jump" coverage="0%" />
                  </conditions>
                </line>
                <line number="13" hits="0" branch="False" />
              </lines>
            </method>
          </methods>
          <lines>
            <line number="4" hits="0" branch="False" />
            <line number="10" hits="0" branch="True" condition-coverage="0% (0/2)">
              <conditions>
                <condition number="68" type="jump" coverage="0%" />
              </conditions>
            </line>
            <line number="13" hits="0" branch="False" />
          </lines>
        </class>
        <class name="AspNetCoreGeneratedDocument.Views__ViewStart/&lt;ExecuteAsync&gt;d__0" filename="OneDrive\Desktop\repos\BusinessSolution\InquiryApp\Views\_ViewStart.cshtml" line-rate="0" branch-rate="1" complexity="1">
          <methods>
            <method name="MoveNext" signature="()" line-rate="0" branch-rate="1" complexity="1">
              <lines>
                <line number="2" hits="0" branch="False" />
              </lines>
            </method>
          </methods>
          <lines>
            <line number="2" hits="0" branch="False" />
          </lines>
        </class>
        <class name="AspNetCoreGeneratedDocument.Views_Shared__Layout/&lt;&lt;ExecuteAsync&gt;b__25_0&gt;d" filename="OneDrive\Desktop\repos\BusinessSolution\InquiryApp\Views\Shared\_Layout.cshtml" line-rate="0" branch-rate="0" complexity="6">
          <methods>
            <method name="MoveNext" signature="()" line-rate="0" branch-rate="0" complexity="6">
              <lines>
                <line number="6" hits="0" branch="True" condition-coverage="0% (0/2)">
                  <conditions>
                    <condition number="326" type="jump" coverage="0%" />
                  </conditions>
                </line>
                <line number="8" hits="0" branch="True" condition-coverage="0% (0/2)">
                  <conditions>
                    <condition number="815" type="jump" coverage="0%" />
                  </conditions>
                </line>
                <line number="9" hits="0" branch="True" condition-coverage="0% (0/2)">
                  <conditions>
                    <condition number="1307" type="jump" coverage="0%" />
                  </conditions>
                </line>
              </lines>
            </method>
          </methods>
          <lines>
            <line number="6" hits="0" branch="True" condition-coverage="0% (0/2)">
              <conditions>
                <condition number="326" type="jump" coverage="0%" />
              </conditions>
            </line>
            <line number="8" hits="0" branch="True" condition-coverage="0% (0/2)">
              <conditions>
                <condition number="815" type="jump" coverage="0%" />
              </conditions>
            </line>
            <line number="9" hits="0" branch="True" condition-coverage="0% (0/2)">
              <conditions>
                <condition number="1307" type="jump" coverage="0%" />
              </conditions>
            </line>
          </lines>
        </class>
        <class name="AspNetCoreGeneratedDocument.Views_Shared__Layout/&lt;&lt;ExecuteAsync&gt;b__25_1&gt;d" filename="OneDrive\Desktop\repos\BusinessSolution\InquiryApp\Views\Shared\_Layout.cshtml" line-rate="0" branch-rate="0" complexity="14">
          <methods>
            <method name="MoveNext" signature="()" line-rate="0" branch-rate="0" complexity="14">
              <lines>
                <line number="35" hits="0" branch="True" condition-coverage="0% (0/12)">
                  <conditions>
                    <condition number="420" type="jump" coverage="0%" />
                    <condition number="895" type="jump" coverage="0%" />
                    <condition number="1373" type="jump" coverage="0%" />
                    <condition number="1858" type="jump" coverage="0%" />
                    <condition number="2229" type="jump" coverage="0%" />
                    <condition number="2602" type="jump" coverage="0%" />
                  </conditions>
                </line>
                <line number="46" hits="0" branch="True" condition-coverage="0% (0/2)">
                  <conditions>
                    <condition number="3080" type="jump" coverage="0%" />
                  </conditions>
                </line>
                <line number="47" hits="0" branch="False" />
              </lines>
            </method>
          </methods>
          <lines>
            <line number="35" hits="0" branch="True" condition-coverage="0% (0/12)">
              <conditions>
                <condition number="420" type="jump" coverage="0%" />
                <condition number="895" type="jump" coverage="0%" />
                <condition number="1373" type="jump" coverage="0%" />
                <condition number="1858" type="jump" coverage="0%" />
                <condition number="2229" type="jump" coverage="0%" />
                <condition number="2602" type="jump" coverage="0%" />
              </conditions>
            </line>
            <line number="46" hits="0" branch="True" condition-coverage="0% (0/2)">
              <conditions>
                <condition number="3080" type="jump" coverage="0%" />
              </conditions>
            </line>
            <line number="47" hits="0" branch="False" />
          </lines>
        </class>
        <class name="InquiryApp.InquiryAppRepository" filename="OneDrive\Desktop\repos\BusinessSolution\InquiryApp\InquiryAppRepository.cs" line-rate="1" branch-rate="1" complexity="5">
          <methods>
            <method name="GetAllInquiries" signature="()" line-rate="1" branch-rate="1" complexity="1">
              <lines>
                <line number="21" hits="2" branch="False" />
                <line number="23" hits="1" branch="False" />
                <line number="25" hits="1" branch="False" />
                <line number="27" hits="1" branch="False" />
                <line number="29" hits="2" branch="False" />
              </lines>
            </method>
            <method name="GetInquiry" signature="(System.Int32)" line-rate="1" branch-rate="1" complexity="1">
              <lines>
                <line number="35" hits="2" branch="False" />
                <line number="37" hits="1" branch="False" />
                <line number="39" hits="1" branch="False" />
                <line number="41" hits="1" branch="False" />
                <line number="43" hits="2" branch="False" />
              </lines>
            </method>
            <method name="UpdateInquiry" signature="(BusinessSolutionShared.InquiryModel)" line-rate="1" branch-rate="1" complexity="1">
              <lines>
                <line number="49" hits="2" branch="False" />
                <line number="50" hits="2" branch="False" />
                <line number="51" hits="2" branch="False" />
                <line number="52" hits="2" branch="False" />
                <line number="53" hits="2" branch="False" />
                <line number="55" hits="1" branch="False" />
                <line number="57" hits="1" branch="False" />
                <line number="59" hits="1" branch="False" />
                <line number="61" hits="1" branch="False" />
                <line number="63" hits="2" branch="False" />
              </lines>
            </method>
            <method name="DeleteInquiry" signature="(BusinessSolutionShared.InquiryModel)" line-rate="1" branch-rate="1" complexity="1">
              <lines>
                <line number="69" hits="2" branch="False" />
                <line number="71" hits="1" branch="False" />
                <line number="73" hits="1" branch="False" />
                <line number="75" hits="1" branch="False" />
                <line number="77" hits="1" branch="False" />
                <line number="79" hits="2" branch="False" />
              </lines>
            </method>
            <method name=".ctor" signature="(BusinessSolutionShared.IDapperWrapper,Microsoft.Extensions.Logging.ILogger`1&lt;InquiryApp.InquiryAppRepository&gt;,System.Data.IDbConnection)" line-rate="1" branch-rate="1" complexity="1">
              <lines>
                <line number="6" hits="8" branch="False" />
                <line number="7" hits="8" branch="False" />
                <line number="8" hits="8" branch="False" />
                <line number="9" hits="8" branch="False" />
                <line number="11" hits="8" branch="False" />
                <line number="13" hits="8" branch="False" />
                <line number="15" hits="8" branch="False" />
              </lines>
            </method>
          </methods>
          <lines>
            <line number="21" hits="2" branch="False" />
            <line number="23" hits="1" branch="False" />
            <line number="25" hits="1" branch="False" />
            <line number="27" hits="1" branch="False" />
            <line number="29" hits="2" branch="False" />
            <line number="35" hits="2" branch="False" />
            <line number="37" hits="1" branch="False" />
            <line number="39" hits="1" branch="False" />
            <line number="41" hits="1" branch="False" />
            <line number="43" hits="2" branch="False" />
            <line number="49" hits="2" branch="False" />
            <line number="50" hits="2" branch="False" />
            <line number="51" hits="2" branch="False" />
            <line number="52" hits="2" branch="False" />
            <line number="53" hits="2" branch="False" />
            <line number="55" hits="1" branch="False" />
            <line number="57" hits="1" branch="False" />
            <line number="59" hits="1" branch="False" />
            <line number="61" hits="1" branch="False" />
            <line number="63" hits="2" branch="False" />
            <line number="69" hits="2" branch="False" />
            <line number="71" hits="1" branch="False" />
            <line number="73" hits="1" branch="False" />
            <line number="75" hits="1" branch="False" />
            <line number="77" hits="1" branch="False" />
            <line number="79" hits="2" branch="False" />
            <line number="6" hits="8" branch="False" />
            <line number="7" hits="8" branch="False" />
            <line number="8" hits="8" branch="False" />
            <line number="9" hits="8" branch="False" />
            <line number="11" hits="8" branch="False" />
            <line number="13" hits="8" branch="False" />
            <line number="15" hits="8" branch="False" />
          </lines>
        </class>
        <class name="InquiryApp.Models.ErrorViewModel" filename="OneDrive\Desktop\repos\BusinessSolution\InquiryApp\Models\ErrorViewModel.cs" line-rate="1" branch-rate="1" complexity="2">
          <methods>
            <method name="get_RequestId" signature="()" line-rate="1" branch-rate="1" complexity="1">
              <lines>
                <line number="5" hits="10" branch="False" />
              </lines>
            </method>
            <method name="get_ShowRequestId" signature="()" line-rate="1" branch-rate="1" complexity="1">
              <lines>
                <line number="7" hits="3" branch="False" />
              </lines>
            </method>
          </methods>
          <lines>
            <line number="5" hits="10" branch="False" />
            <line number="7" hits="3" branch="False" />
          </lines>
        </class>
        <class name="InquiryApp.Controllers.HomeController" filename="OneDrive\Desktop\repos\BusinessSolution\InquiryApp\Controllers\HomeController.cs" line-rate="0.7726999999999999" branch-rate="0.6428" complexity="16">
          <methods>
            <method name="Index" signature="()" line-rate="0.75" branch-rate="0.5" complexity="2">
              <lines>
                <line number="15" hits="1" branch="False" />
                <line number="17" hits="1" branch="True" condition-coverage="50% (1/2)">
                  <conditions>
                    <condition number="18" type="jump" coverage="50%" />
                  </conditions>
                </line>
                <line number="19" hits="1" branch="False" />
                <line number="22" hits="0" branch="False" />
              </lines>
            </method>
            <method name="ViewInquiry" signature="(System.Int32)" line-rate="0.75" branch-rate="0.5" complexity="2">
              <lines>
                <line number="28" hits="1" branch="False" />
                <line number="30" hits="1" branch="True" condition-coverage="50% (1/2)">
                  <conditions>
                    <condition number="14" type="jump" coverage="50%" />
                  </conditions>
                </line>
                <line number="32" hits="1" branch="False" />
                <line number="35" hits="0" branch="False" />
              </lines>
            </method>
            <method name="UpdateInquiry" signature="(System.Int32)" line-rate="0.75" branch-rate="0.5" complexity="2">
              <lines>
                <line number="41" hits="1" branch="False" />
                <line number="43" hits="1" branch="True" condition-coverage="50% (1/2)">
                  <conditions>
                    <condition number="14" type="jump" coverage="50%" />
                  </conditions>
                </line>
                <line number="45" hits="1" branch="False" />
                <line number="48" hits="0" branch="False" />
              </lines>
            </method>
            <method name="UpdateInquiryToDatabase" signature="(BusinessSolutionShared.InquiryModel)" line-rate="0.6666" branch-rate="0.5" complexity="2">
              <lines>
                <line number="55" hits="1" branch="True" condition-coverage="50% (1/2)">
                  <conditions>
                    <condition number="12" type="jump" coverage="50%" />
                  </conditions>
                </line>
                <line number="57" hits="1" branch="False" />
                <line number="60" hits="0" branch="False" />
              </lines>
            </method>
            <method name="DeleteInquiry" signature="(BusinessSolutionShared.InquiryModel)" line-rate="0.6666" branch-rate="0.5" complexity="2">
              <lines>
                <line number="67" hits="1" branch="True" condition-coverage="50% (1/2)">
                  <conditions>
                    <condition number="12" type="jump" coverage="50%" />
                  </conditions>
                </line>
                <line number="69" hits="1" branch="False" />
                <line number="72" hits="0" branch="False" />
              </lines>
            </method>
            <method name="Privacy" signature="()" line-rate="1" branch-rate="1" complexity="1">
              <lines>
                <line number="75" hits="1" branch="False" />
              </lines>
            </method>
            <method name="Error" signature="()" line-rate="1" branch-rate="1" complexity="4">
              <lines>
                <line number="79" hits="2" branch="True" condition-coverage="100% (4/4)">
                  <conditions>
                    <condition number="13" type="jump" coverage="100%" />
                    <condition number="25" type="jump" coverage="100%" />
                  </conditions>
                </line>
              </lines>
            </method>
            <method name=".ctor" signature="(InquiryApp.IInquiryAppRepository)" line-rate="1" branch-rate="1" complexity="1">
              <lines>
                <line number="8" hits="8" branch="False" />
                <line number="10" hits="8" branch="False" />
              </lines>
            </method>
          </methods>
          <lines>
            <line number="15" hits="1" branch="False" />
            <line number="17" hits="1" branch="True" condition-coverage="50% (1/2)">
              <conditions>
                <condition number="18" type="jump" coverage="50%" />
              </conditions>
            </line>
            <line number="19" hits="1" branch="False" />
            <line number="22" hits="0" branch="False" />
            <line number="28" hits="1" branch="False" />
            <line number="30" hits="1" branch="True" condition-coverage="50% (1/2)">
              <conditions>
                <condition number="14" type="jump" coverage="50%" />
              </conditions>
            </line>
            <line number="32" hits="1" branch="False" />
            <line number="35" hits="0" branch="False" />
            <line number="41" hits="1" branch="False" />
            <line number="43" hits="1" branch="True" condition-coverage="50% (1/2)">
              <conditions>
                <condition number="14" type="jump" coverage="50%" />
              </conditions>
            </line>
            <line number="45" hits="1" branch="False" />
            <line number="48" hits="0" branch="False" />
            <line number="55" hits="1" branch="True" condition-coverage="50% (1/2)">
              <conditions>
                <condition number="12" type="jump" coverage="50%" />
              </conditions>
            </line>
            <line number="57" hits="1" branch="False" />
            <line number="60" hits="0" branch="False" />
            <line number="67" hits="1" branch="True" condition-coverage="50% (1/2)">
              <conditions>
                <condition number="12" type="jump" coverage="50%" />
              </conditions>
            </line>
            <line number="69" hits="1" branch="False" />
            <line number="72" hits="0" branch="False" />
            <line number="75" hits="1" branch="False" />
            <line number="79" hits="2" branch="True" condition-coverage="100% (4/4)">
              <conditions>
                <condition number="13" type="jump" coverage="100%" />
                <condition number="25" type="jump" coverage="100%" />
              </conditions>
            </line>
            <line number="8" hits="8" branch="False" />
            <line number="10" hits="8" branch="False" />
          </lines>
        </class>
      </classes>
    </package>
    <package name="InquiryApp.Tests" line-rate="0.9953" branch-rate="0.75" complexity="27">
      <classes>
        <class name="AutoGeneratedProgram" filename=".nuget\packages\microsoft.net.test.sdk\17.8.0\build\netcoreapp3.1\Microsoft.NET.Test.Sdk.Program.cs" line-rate="0" branch-rate="1" complexity="1">
          <methods>
            <method name="Main" signature="(System.String[])" line-rate="0" branch-rate="1" complexity="1">
              <lines>
                <line number="4" hits="0" branch="False" />
              </lines>
            </method>
          </methods>
          <lines>
            <line number="4" hits="0" branch="False" />
          </lines>
        </class>
        <class name="InquiryApp.Tests.ErrorViewModelTests" filename="OneDrive\Desktop\repos\BusinessSolution\InquiryApp.Tests\ErrorViewModelTests.cs" line-rate="1" branch-rate="1" complexity="3">
          <methods>
            <method name="ShowRequestId_IsFalse_WhenRequestIdIsNull" signature="()" line-rate="1" branch-rate="1" complexity="1">
              <lines>
                <line number="11" hits="1" branch="False" />
                <line number="14" hits="1" branch="False" />
                <line number="17" hits="1" branch="False" />
                <line number="18" hits="1" branch="False" />
              </lines>
            </method>
            <method name="ShowRequestId_IsFalse_WhenRequestIdIsEmpty" signature="()" line-rate="1" branch-rate="1" complexity="1">
              <lines>
                <line number="24" hits="1" branch="False" />
                <line number="27" hits="1" branch="False" />
                <line number="30" hits="1" branch="False" />
                <line number="31" hits="1" branch="False" />
              </lines>
            </method>
            <method name="ShowRequestId_IsTrue_WhenRequestIdIsNotEmpty" signature="()" line-rate="1" branch-rate="1" complexity="1">
              <lines>
                <line number="37" hits="1" branch="False" />
                <line number="40" hits="1" branch="False" />
                <line number="43" hits="1" branch="False" />
                <line number="44" hits="1" branch="False" />
              </lines>
            </method>
          </methods>
          <lines>
            <line number="11" hits="1" branch="False" />
            <line number="14" hits="1" branch="False" />
            <line number="17" hits="1" branch="False" />
            <line number="18" hits="1" branch="False" />
            <line number="24" hits="1" branch="False" />
            <line number="27" hits="1" branch="False" />
            <line number="30" hits="1" branch="False" />
            <line number="31" hits="1" branch="False" />
            <line number="37" hits="1" branch="False" />
            <line number="40" hits="1" branch="False" />
            <line number="43" hits="1" branch="False" />
            <line number="44" hits="1" branch="False" />
          </lines>
        </class>
        <class name="InquiryApp.Tests.HomeControllerTests" filename="OneDrive\Desktop\repos\BusinessSolution\InquiryApp.Tests\HomeControllerTests.cs" line-rate="1" branch-rate="0.5" complexity="13">
          <methods>
            <method name="GetTempData" signature="()" line-rate="1" branch-rate="1" complexity="1">
              <lines>
                <line number="37" hits="8" branch="False" />
                <line number="39" hits="8" branch="False" />
                <line number="41" hits="8" branch="False" />
              </lines>
            </method>
            <method name="CreateController" signature="(InquiryApp.IInquiryAppRepository,Microsoft.AspNetCore.Mvc.ViewFeatures.ITempDataDictionary)" line-rate="1" branch-rate="1" complexity="1">
              <lines>
                <line number="46" hits="8" branch="False" />
                <line number="47" hits="8" branch="False" />
                <line number="48" hits="8" branch="False" />
                <line number="49" hits="8" branch="False" />
                <line number="50" hits="8" branch="False" />
                <line number="51" hits="8" branch="False" />
                <line number="52" hits="8" branch="False" />
                <line number="53" hits="8" branch="False" />
                <line number="55" hits="8" branch="False" />
                <line number="57" hits="8" branch="False" />
                <line number="58" hits="8" branch="False" />
                <line number="59" hits="8" branch="False" />
                <line number="61" hits="8" branch="False" />
                <line number="63" hits="8" branch="False" />
              </lines>
            </method>
            <method name="SetupUrlHelper" signature="(Moq.Mock`1&lt;Microsoft.AspNetCore.Mvc.IUrlHelper&gt;,Microsoft.AspNetCore.Mvc.Controller)" line-rate="1" branch-rate="1" complexity="1">
              <lines>
                <line number="68" hits="8" branch="False" />
                <line number="70" hits="8" branch="False" />
                <line number="72" hits="8" branch="False" />
                <line number="73" hits="8" branch="False" />
              </lines>
            </method>
            <method name="Index_ReturnsViewWithInquiries" signature="()" line-rate="1" branch-rate="1" complexity="1">
              <lines>
                <line number="79" hits="1" branch="False" />
                <line number="81" hits="1" branch="False" />
                <line number="84" hits="1" branch="False" />
                <line number="87" hits="1" branch="False" />
                <line number="89" hits="1" branch="False" />
                <line number="90" hits="1" branch="False" />
              </lines>
            </method>
            <method name="ViewInquiry_ReturnsViewWithInquiry" signature="()" line-rate="1" branch-rate="1" complexity="1">
              <lines>
                <line number="96" hits="1" branch="False" />
                <line number="98" hits="1" branch="False" />
                <line number="101" hits="1" branch="False" />
                <line number="104" hits="1" branch="False" />
                <line number="106" hits="1" branch="False" />
                <line number="107" hits="1" branch="False" />
              </lines>
            </method>
            <method name="UpdateInquiry_ReturnsViewWithInquiry" signature="()" line-rate="1" branch-rate="1" complexity="1">
              <lines>
                <line number="113" hits="1" branch="False" />
                <line number="115" hits="1" branch="False" />
                <line number="118" hits="1" branch="False" />
                <line number="121" hits="1" branch="False" />
                <line number="123" hits="1" branch="False" />
                <line number="124" hits="1" branch="False" />
              </lines>
            </method>
            <method name="UpdateInquiryToDatabase_RedirectsToViewInquiry" signature="()" line-rate="1" branch-rate="0.5" complexity="2">
              <lines>
                <line number="130" hits="1" branch="False" />
                <line number="132" hits="1" branch="False" />
                <line number="135" hits="1" branch="False" />
                <line number="137" hits="1" branch="False" />
                <line number="139" hits="1" branch="False" />
                <line number="140" hits="1" branch="False" />
                <line number="141" hits="1" branch="False" />
                <line number="144" hits="1" branch="False" />
                <line number="147" hits="1" branch="False" />
                <line number="149" hits="1" branch="False" />
                <line number="151" hits="1" branch="True" condition-coverage="50% (1/2)">
                  <conditions>
                    <condition number="390" type="jump" coverage="50%" />
                  </conditions>
                </line>
                <line number="153" hits="1" branch="False" />
                <line number="154" hits="1" branch="False" />
              </lines>
            </method>
            <method name="DeleteInquiry_RedirectsToIndex" signature="()" line-rate="1" branch-rate="1" complexity="1">
              <lines>
                <line number="161" hits="1" branch="False" />
                <line number="163" hits="1" branch="False" />
                <line number="166" hits="1" branch="False" />
                <line number="169" hits="1" branch="False" />
                <line number="171" hits="1" branch="False" />
                <line number="172" hits="1" branch="False" />
              </lines>
            </method>
            <method name="Privacy_ReturnsView" signature="()" line-rate="1" branch-rate="1" complexity="1">
              <lines>
                <line number="178" hits="1" branch="False" />
                <line number="181" hits="1" branch="False" />
                <line number="182" hits="1" branch="False" />
              </lines>
            </method>
            <method name="Error_ReturnsViewWithErrorViewModel_UsingActivityId" signature="()" line-rate="1" branch-rate="1" complexity="1">
              <lines>
                <line number="188" hits="1" branch="False" />
                <line number="191" hits="1" branch="False" />
                <line number="194" hits="1" branch="False" />
                <line number="196" hits="1" branch="False" />
                <line number="198" hits="1" branch="False" />
                <line number="200" hits="1" branch="False" />
                <line number="201" hits="1" branch="False" />
              </lines>
            </method>
            <method name="Error_ReturnsViewWithErrorViewModel_UsingTraceIdentifier" signature="()" line-rate="1" branch-rate="1" complexity="1">
              <lines>
                <line number="207" hits="1" branch="False" />
                <line number="208" hits="1" branch="False" />
                <line number="211" hits="1" branch="False" />
                <line number="214" hits="1" branch="False" />
                <line number="216" hits="1" branch="False" />
                <line number="218" hits="1" branch="False" />
                <line number="219" hits="1" branch="False" />
              </lines>
            </method>
            <method name=".ctor" signature="()" line-rate="1" branch-rate="1" complexity="1">
              <lines>
                <line number="18" hits="8" branch="False" />
                <line number="20" hits="8" branch="False" />
                <line number="22" hits="8" branch="False" />
                <line number="26" hits="8" branch="False" />
                <line number="28" hits="8" branch="False" />
                <line number="30" hits="8" branch="False" />
                <line number="32" hits="8" branch="False" />
                <line number="33" hits="8" branch="False" />
              </lines>
            </method>
          </methods>
          <lines>
            <line number="37" hits="8" branch="False" />
            <line number="39" hits="8" branch="False" />
            <line number="41" hits="8" branch="False" />
            <line number="46" hits="8" branch="False" />
            <line number="47" hits="8" branch="False" />
            <line number="48" hits="8" branch="False" />
            <line number="49" hits="8" branch="False" />
            <line number="50" hits="8" branch="False" />
            <line number="51" hits="8" branch="False" />
            <line number="52" hits="8" branch="False" />
            <line number="53" hits="8" branch="False" />
            <line number="55" hits="8" branch="False" />
            <line number="57" hits="8" branch="False" />
            <line number="58" hits="8" branch="False" />
            <line number="59" hits="8" branch="False" />
            <line number="61" hits="8" branch="False" />
            <line number="63" hits="8" branch="False" />
            <line number="68" hits="8" branch="False" />
            <line number="70" hits="8" branch="False" />
            <line number="72" hits="8" branch="False" />
            <line number="73" hits="8" branch="False" />
            <line number="79" hits="1" branch="False" />
            <line number="81" hits="1" branch="False" />
            <line number="84" hits="1" branch="False" />
            <line number="87" hits="1" branch="False" />
            <line number="89" hits="1" branch="False" />
            <line number="90" hits="1" branch="False" />
            <line number="96" hits="1" branch="False" />
            <line number="98" hits="1" branch="False" />
            <line number="101" hits="1" branch="False" />
            <line number="104" hits="1" branch="False" />
            <line number="106" hits="1" branch="False" />
            <line number="107" hits="1" branch="False" />
            <line number="113" hits="1" branch="False" />
            <line number="115" hits="1" branch="False" />
            <line number="118" hits="1" branch="False" />
            <line number="121" hits="1" branch="False" />
            <line number="123" hits="1" branch="False" />
            <line number="124" hits="1" branch="False" />
            <line number="130" hits="1" branch="False" />
            <line number="132" hits="1" branch="False" />
            <line number="135" hits="1" branch="False" />
            <line number="137" hits="1" branch="False" />
            <line number="139" hits="1" branch="False" />
            <line number="140" hits="1" branch="False" />
            <line number="141" hits="1" branch="False" />
            <line number="144" hits="1" branch="False" />
            <line number="147" hits="1" branch="False" />
            <line number="149" hits="1" branch="False" />
            <line number="151" hits="1" branch="True" condition-coverage="50% (1/2)">
              <conditions>
                <condition number="390" type="jump" coverage="50%" />
              </conditions>
            </line>
            <line number="153" hits="1" branch="False" />
            <line number="154" hits="1" branch="False" />
            <line number="161" hits="1" branch="False" />
            <line number="163" hits="1" branch="False" />
            <line number="166" hits="1" branch="False" />
            <line number="169" hits="1" branch="False" />
            <line number="171" hits="1" branch="False" />
            <line number="172" hits="1" branch="False" />
            <line number="178" hits="1" branch="False" />
            <line number="181" hits="1" branch="False" />
            <line number="182" hits="1" branch="False" />
            <line number="188" hits="1" branch="False" />
            <line number="191" hits="1" branch="False" />
            <line number="194" hits="1" branch="False" />
            <line number="196" hits="1" branch="False" />
            <line number="198" hits="1" branch="False" />
            <line number="200" hits="1" branch="False" />
            <line number="201" hits="1" branch="False" />
            <line number="207" hits="1" branch="False" />
            <line number="208" hits="1" branch="False" />
            <line number="211" hits="1" branch="False" />
            <line number="214" hits="1" branch="False" />
            <line number="216" hits="1" branch="False" />
            <line number="218" hits="1" branch="False" />
            <line number="219" hits="1" branch="False" />
            <line number="18" hits="8" branch="False" />
            <line number="20" hits="8" branch="False" />
            <line number="22" hits="8" branch="False" />
            <line number="26" hits="8" branch="False" />
            <line number="28" hits="8" branch="False" />
            <line number="30" hits="8" branch="False" />
            <line number="32" hits="8" branch="False" />
            <line number="33" hits="8" branch="False" />
          </lines>
        </class>
        <class name="InquiryApp.Tests.InquiryAppRepositoryTests" filename="OneDrive\Desktop\repos\BusinessSolution\InquiryApp.Tests\InquiryAppTests.cs" line-rate="1" branch-rate="1" complexity="10">
          <methods>
            <method name="GetAllInquiries_SuccessReturnsAllInquiries" signature="()" line-rate="1" branch-rate="1" complexity="1">
              <lines>
                <line number="27" hits="1" branch="False" />
                <line number="29" hits="1" branch="False" />
                <line number="30" hits="1" branch="False" />
                <line number="33" hits="1" branch="False" />
                <line number="36" hits="1" branch="False" />
                <line number="37" hits="1" branch="False" />
              </lines>
            </method>
            <method name="GetAllInquiries_FailureReturnsEmptyCollection" signature="()" line-rate="1" branch-rate="1" complexity="1">
              <lines>
                <line number="43" hits="1" branch="False" />
                <line number="44" hits="1" branch="False" />
                <line number="47" hits="1" branch="False" />
                <line number="50" hits="1" branch="False" />
                <line number="51" hits="1" branch="False" />
              </lines>
            </method>
            <method name="GetInquiry_SuccessReturnsInquiry" signature="()" line-rate="1" branch-rate="1" complexity="1">
              <lines>
                <line number="57" hits="1" branch="False" />
                <line number="58" hits="1" branch="False" />
                <line number="59" hits="1" branch="False" />
                <line number="60" hits="1" branch="False" />
                <line number="61" hits="1" branch="False" />
                <line number="62" hits="1" branch="False" />
                <line number="63" hits="1" branch="False" />
                <line number="64" hits="1" branch="False" />
                <line number="65" hits="1" branch="False" />
                <line number="66" hits="1" branch="False" />
                <line number="68" hits="1" branch="False" />
                <line number="69" hits="1" branch="False" />
                <line number="70" hits="1" branch="False" />
                <line number="71" hits="1" branch="False" />
                <line number="72" hits="1" branch="False" />
                <line number="73" hits="1" branch="False" />
                <line number="74" hits="1" branch="False" />
                <line number="77" hits="1" branch="False" />
                <line number="80" hits="1" branch="False" />
                <line number="81" hits="1" branch="False" />
              </lines>
            </method>
            <method name="GetInquiry_FailureLogsErrorAndReturnsNull" signature="()" line-rate="1" branch-rate="1" complexity="2">
              <lines>
                <line number="87" hits="1" branch="False" />
                <line number="89" hits="1" branch="False" />
                <line number="91" hits="1" branch="False" />
                <line number="92" hits="1" branch="False" />
                <line number="93" hits="1" branch="False" />
                <line number="94" hits="1" branch="False" />
                <line number="95" hits="1" branch="False" />
                <line number="96" hits="1" branch="False" />
                <line number="97" hits="1" branch="False" />
                <line number="99" hits="1" branch="False" />
                <line number="100" hits="1" branch="False" />
                <line number="101" hits="1" branch="False" />
                <line number="102" hits="1" branch="False" />
                <line number="103" hits="1" branch="False" />
                <line number="104" hits="1" branch="False" />
                <line number="105" hits="1" branch="False" />
                <line number="106" hits="1" branch="False" />
                <line number="109" hits="1" branch="False" />
                <line number="112" hits="1" branch="False" />
                <line number="113" hits="1" branch="True" condition-coverage="100% (2/2)">
                  <conditions>
                    <condition number="969" type="jump" coverage="100%" />
                  </conditions>
                </line>
                <line number="114" hits="1" branch="False" />
                <line number="115" hits="1" branch="False" />
                <line number="116" hits="1" branch="False" />
                <line number="117" hits="1" branch="False" />
                <line number="118" hits="1" branch="False" />
                <line number="119" hits="1" branch="False" />
                <line number="120" hits="1" branch="False" />
                <line number="121" hits="1" branch="False" />
              </lines>
            </method>
            <method name="UpdateInquiry_SuccessReturnsTrue" signature="()" line-rate="1" branch-rate="1" complexity="1">
              <lines>
                <line number="127" hits="1" branch="False" />
                <line number="129" hits="1" branch="False" />
                <line number="130" hits="1" branch="False" />
                <line number="131" hits="1" branch="False" />
                <line number="132" hits="1" branch="False" />
                <line number="133" hits="1" branch="False" />
                <line number="134" hits="1" branch="False" />
                <line number="135" hits="1" branch="False" />
                <line number="136" hits="1" branch="False" />
                <line number="137" hits="1" branch="False" />
                <line number="138" hits="1" branch="False" />
                <line number="139" hits="1" branch="False" />
                <line number="142" hits="1" branch="False" />
                <line number="145" hits="1" branch="False" />
                <line number="146" hits="1" branch="False" />
              </lines>
            </method>
            <method name="UpdateInquiry_FailureReturnsFalse" signature="()" line-rate="1" branch-rate="1" complexity="1">
              <lines>
                <line number="152" hits="1" branch="False" />
                <line number="154" hits="1" branch="False" />
                <line number="155" hits="1" branch="False" />
                <line number="156" hits="1" branch="False" />
                <line number="157" hits="1" branch="False" />
                <line number="158" hits="1" branch="False" />
                <line number="159" hits="1" branch="False" />
                <line number="160" hits="1" branch="False" />
                <line number="161" hits="1" branch="False" />
                <line number="162" hits="1" branch="False" />
                <line number="163" hits="1" branch="False" />
                <line number="164" hits="1" branch="False" />
                <line number="167" hits="1" branch="False" />
                <line number="170" hits="1" branch="False" />
                <line number="171" hits="1" branch="False" />
              </lines>
            </method>
            <method name="DeleteInquiry_SuccessReturnsTrue" signature="()" line-rate="1" branch-rate="1" complexity="1">
              <lines>
                <line number="177" hits="1" branch="False" />
                <line number="179" hits="1" branch="False" />
                <line number="180" hits="1" branch="False" />
                <line number="181" hits="1" branch="False" />
                <line number="182" hits="1" branch="False" />
                <line number="183" hits="1" branch="False" />
                <line number="184" hits="1" branch="False" />
                <line number="185" hits="1" branch="False" />
                <line number="188" hits="1" branch="False" />
                <line number="191" hits="1" branch="False" />
                <line number="192" hits="1" branch="False" />
              </lines>
            </method>
            <method name="DeleteInquiry_FailureReturnsFalse" signature="()" line-rate="1" branch-rate="1" complexity="1">
              <lines>
                <line number="198" hits="1" branch="False" />
                <line number="200" hits="1" branch="False" />
                <line number="201" hits="1" branch="False" />
                <line number="202" hits="1" branch="False" />
                <line number="203" hits="1" branch="False" />
                <line number="204" hits="1" branch="False" />
                <line number="205" hits="1" branch="False" />
                <line number="206" hits="1" branch="False" />
                <line number="209" hits="1" branch="False" />
                <line number="212" hits="1" branch="False" />
                <line number="213" hits="1" branch="False" />
              </lines>
            </method>
            <method name=".ctor" signature="()" line-rate="1" branch-rate="1" complexity="1">
              <lines>
                <line number="10" hits="8" branch="False" />
                <line number="12" hits="8" branch="False" />
                <line number="14" hits="8" branch="False" />
                <line number="18" hits="8" branch="False" />
                <line number="20" hits="8" branch="False" />
                <line number="21" hits="8" branch="False" />
              </lines>
            </method>
          </methods>
          <lines>
            <line number="27" hits="1" branch="False" />
            <line number="29" hits="1" branch="False" />
            <line number="30" hits="1" branch="False" />
            <line number="33" hits="1" branch="False" />
            <line number="36" hits="1" branch="False" />
            <line number="37" hits="1" branch="False" />
            <line number="43" hits="1" branch="False" />
            <line number="44" hits="1" branch="False" />
            <line number="47" hits="1" branch="False" />
            <line number="50" hits="1" branch="False" />
            <line number="51" hits="1" branch="False" />
            <line number="57" hits="1" branch="False" />
            <line number="58" hits="1" branch="False" />
            <line number="59" hits="1" branch="False" />
            <line number="60" hits="1" branch="False" />
            <line number="61" hits="1" branch="False" />
            <line number="62" hits="1" branch="False" />
            <line number="63" hits="1" branch="False" />
            <line number="64" hits="1" branch="False" />
            <line number="65" hits="1" branch="False" />
            <line number="66" hits="1" branch="False" />
            <line number="68" hits="1" branch="False" />
            <line number="69" hits="1" branch="False" />
            <line number="70" hits="1" branch="False" />
            <line number="71" hits="1" branch="False" />
            <line number="72" hits="1" branch="False" />
            <line number="73" hits="1" branch="False" />
            <line number="74" hits="1" branch="False" />
            <line number="77" hits="1" branch="False" />
            <line number="80" hits="1" branch="False" />
            <line number="81" hits="1" branch="False" />
            <line number="87" hits="1" branch="False" />
            <line number="89" hits="1" branch="False" />
            <line number="91" hits="1" branch="False" />
            <line number="92" hits="1" branch="False" />
            <line number="93" hits="1" branch="False" />
            <line number="94" hits="1" branch="False" />
            <line number="95" hits="1" branch="False" />
            <line number="96" hits="1" branch="False" />
            <line number="97" hits="1" branch="False" />
            <line number="99" hits="1" branch="False" />
            <line number="100" hits="1" branch="False" />
            <line number="101" hits="1" branch="False" />
            <line number="102" hits="1" branch="False" />
            <line number="103" hits="1" branch="False" />
            <line number="104" hits="1" branch="False" />
            <line number="105" hits="1" branch="False" />
            <line number="106" hits="1" branch="False" />
            <line number="109" hits="1" branch="False" />
            <line number="112" hits="1" branch="False" />
            <line number="113" hits="1" branch="True" condition-coverage="100% (2/2)">
              <conditions>
                <condition number="969" type="jump" coverage="100%" />
              </conditions>
            </line>
            <line number="114" hits="1" branch="False" />
            <line number="115" hits="1" branch="False" />
            <line number="116" hits="1" branch="False" />
            <line number="117" hits="1" branch="False" />
            <line number="118" hits="1" branch="False" />
            <line number="119" hits="1" branch="False" />
            <line number="120" hits="1" branch="False" />
            <line number="121" hits="1" branch="False" />
            <line number="127" hits="1" branch="False" />
            <line number="129" hits="1" branch="False" />
            <line number="130" hits="1" branch="False" />
            <line number="131" hits="1" branch="False" />
            <line number="132" hits="1" branch="False" />
            <line number="133" hits="1" branch="False" />
            <line number="134" hits="1" branch="False" />
            <line number="135" hits="1" branch="False" />
            <line number="136" hits="1" branch="False" />
            <line number="137" hits="1" branch="False" />
            <line number="138" hits="1" branch="False" />
            <line number="139" hits="1" branch="False" />
            <line number="142" hits="1" branch="False" />
            <line number="145" hits="1" branch="False" />
            <line number="146" hits="1" branch="False" />
            <line number="152" hits="1" branch="False" />
            <line number="154" hits="1" branch="False" />
            <line number="155" hits="1" branch="False" />
            <line number="156" hits="1" branch="False" />
            <line number="157" hits="1" branch="False" />
            <line number="158" hits="1" branch="False" />
            <line number="159" hits="1" branch="False" />
            <line number="160" hits="1" branch="False" />
            <line number="161" hits="1" branch="False" />
            <line number="162" hits="1" branch="False" />
            <line number="163" hits="1" branch="False" />
            <line number="164" hits="1" branch="False" />
            <line number="167" hits="1" branch="False" />
            <line number="170" hits="1" branch="False" />
            <line number="171" hits="1" branch="False" />
            <line number="177" hits="1" branch="False" />
            <line number="179" hits="1" branch="False" />
            <line number="180" hits="1" branch="False" />
            <line number="181" hits="1" branch="False" />
            <line number="182" hits="1" branch="False" />
            <line number="183" hits="1" branch="False" />
            <line number="184" hits="1" branch="False" />
            <line number="185" hits="1" branch="False" />
            <line number="188" hits="1" branch="False" />
            <line number="191" hits="1" branch="False" />
            <line number="192" hits="1" branch="False" />
            <line number="198" hits="1" branch="False" />
            <line number="200" hits="1" branch="False" />
            <line number="201" hits="1" branch="False" />
            <line number="202" hits="1" branch="False" />
            <line number="203" hits="1" branch="False" />
            <line number="204" hits="1" branch="False" />
            <line number="205" hits="1" branch="False" />
            <line number="206" hits="1" branch="False" />
            <line number="209" hits="1" branch="False" />
            <line number="212" hits="1" branch="False" />
            <line number="213" hits="1" branch="False" />
            <line number="10" hits="8" branch="False" />
            <line number="12" hits="8" branch="False" />
            <line number="14" hits="8" branch="False" />
            <line number="18" hits="8" branch="False" />
            <line number="20" hits="8" branch="False" />
            <line number="21" hits="8" branch="False" />
          </lines>
        </class>
      </classes>
    </package>
  </packages>
</coverage>